2024-01-15 18:22:32,227 [INFO] Activator:176 - 


2024-01-15 18:22:32,232 [INFO] Activator:177 - !SESSION log4j initialized
2024-01-15 18:22:36,509 [INFO] LogOutputStream:77 - [STDOUT_REDIRECT] 
2024-01-15 18:22:38,341 [INFO] ApplicationProperties:184 - Using Application install path: C:\ST\STM32CubeIDE_1.14.0\STM32CubeIDE\plugins\com.st.stm32cube.common.mx_6.10.0.202311202037
2024-01-15 18:22:38,367 [INFO] DbMcusXml:78 - Set database path to: C:\ST\STM32CubeIDE_1.14.0\STM32CubeIDE\plugins\com.st.stm32cube.common.mx_6.10.0.202311202037\\db\/mcu/
2024-01-15 18:22:38,367 [INFO] ApiDb:274 - Set plugin database path to: C:\ST\STM32CubeIDE_1.14.0\STM32CubeIDE\plugins\com.st.stm32cube.common.mx_6.10.0.202311202037\\db\/plugins/boardmanager/
2024-01-15 18:22:38,368 [WARN] ApiDb:259 - Overriding images path with different value:  => C:\ST\STM32CubeIDE_1.14.0\STM32CubeIDE\plugins\com.st.stm32cube.common.mx_6.10.0.202311202037\\db\/plugins/mcufinder/images/
2024-01-15 18:22:38,381 [INFO] ApiDb:250 - Set database path to: C:\Users\5164580\.stmcufinder\plugins\mcufinder//mcu/
2024-01-15 18:22:38,382 [INFO] DbMcusAds:125 - Set database path to: C:\Users\5164580\.stmcufinder\plugins\mcufinder//mcu/
2024-01-15 18:22:38,384 [INFO] CrossReferenceDbSqlite:203 - Set database path to: C:\Users\5164580\.stmcufinder\plugins\mcufinder//mcu/cs/
2024-01-15 18:22:38,500 [INFO] RulesReader:64 - Compatibility file has been processed (297 Rules)
2024-01-15 18:22:38,583 [INFO] DbMcusXml:78 - Set database path to: C:\ST\STM32CubeIDE_1.14.0\STM32CubeIDE\plugins\com.st.stm32cube.common.mx_6.10.0.202311202037\\db\/mcu/
2024-01-15 18:22:38,583 [INFO] ApiDb:274 - Set plugin database path to: C:\ST\STM32CubeIDE_1.14.0\STM32CubeIDE\plugins\com.st.stm32cube.common.mx_6.10.0.202311202037\\db\/plugins/boardmanager/
2024-01-15 18:22:38,583 [INFO] ApiDb:261 - Set plugin images path to: C:\ST\STM32CubeIDE_1.14.0\STM32CubeIDE\plugins\com.st.stm32cube.common.mx_6.10.0.202311202037\\db\/plugins/mcufinder/images/
2024-01-15 18:22:38,583 [WARN] DbFile:41 - Overriding database path with different value: C:\Users\5164580\.stmcufinder\plugins\mcufinder/ => C:\Users\5164580\.stmcufinder\plugins\mcufinder
2024-01-15 18:22:38,583 [INFO] ApiDb:250 - Set database path to: C:\Users\5164580\.stmcufinder\plugins\mcufinder//mcu/
2024-01-15 18:22:38,583 [WARN] DbFile:41 - Overriding database path with different value: C:\Users\5164580\.stmcufinder\plugins\mcufinder/ => C:\Users\5164580\.stmcufinder\plugins\mcufinder
2024-01-15 18:22:38,583 [INFO] DbMcusAds:125 - Set database path to: C:\Users\5164580\.stmcufinder\plugins\mcufinder//mcu/
2024-01-15 18:22:38,583 [WARN] DbFile:41 - Overriding database path with different value: C:\Users\5164580\.stmcufinder\plugins\mcufinder/ => C:\Users\5164580\.stmcufinder\plugins\mcufinder
2024-01-15 18:22:38,583 [WARN] DbFile:41 - Overriding database path with different value: C:\Users\5164580\.stmcufinder\plugins\mcufinder/ => C:\Users\5164580\.stmcufinder\plugins\mcufinder
2024-01-15 18:22:38,584 [INFO] CrossReferenceDbSqlite:203 - Set database path to: C:\Users\5164580\.stmcufinder\plugins\mcufinder//mcu/cs/
2024-01-15 18:22:38,655 [INFO] MainPanel:264 - HeapMemory: 268435456
2024-01-15 18:22:38,752 [INFO] DbMcusXml:78 - Set database path to: C:\ST\STM32CubeIDE_1.14.0\STM32CubeIDE\plugins\com.st.stm32cube.common.mx_6.10.0.202311202037\\db\/mcu/
2024-01-15 18:22:38,753 [INFO] ApiDb:274 - Set plugin database path to: C:\ST\STM32CubeIDE_1.14.0\STM32CubeIDE\plugins\com.st.stm32cube.common.mx_6.10.0.202311202037\\db\/plugins/boardmanager/
2024-01-15 18:22:38,753 [INFO] ApiDb:261 - Set plugin images path to: C:\ST\STM32CubeIDE_1.14.0\STM32CubeIDE\plugins\com.st.stm32cube.common.mx_6.10.0.202311202037\\db\/plugins/mcufinder/images/
2024-01-15 18:22:38,753 [WARN] DbFile:41 - Overriding database path with different value: C:\Users\5164580\.stmcufinder\plugins\mcufinder/ => C:\Users\5164580\.stmcufinder\plugins\mcufinder
2024-01-15 18:22:38,753 [INFO] ApiDb:250 - Set database path to: C:\Users\5164580\.stmcufinder\plugins\mcufinder//mcu/
2024-01-15 18:22:38,753 [WARN] DbFile:41 - Overriding database path with different value: C:\Users\5164580\.stmcufinder\plugins\mcufinder/ => C:\Users\5164580\.stmcufinder\plugins\mcufinder
2024-01-15 18:22:38,753 [INFO] DbMcusAds:125 - Set database path to: C:\Users\5164580\.stmcufinder\plugins\mcufinder//mcu/
2024-01-15 18:22:38,753 [WARN] DbFile:41 - Overriding database path with different value: C:\Users\5164580\.stmcufinder\plugins\mcufinder/ => C:\Users\5164580\.stmcufinder\plugins\mcufinder
2024-01-15 18:22:38,753 [WARN] DbFile:41 - Overriding database path with different value: C:\Users\5164580\.stmcufinder\plugins\mcufinder/ => C:\Users\5164580\.stmcufinder\plugins\mcufinder
2024-01-15 18:22:38,753 [INFO] CrossReferenceDbSqlite:203 - Set database path to: C:\Users\5164580\.stmcufinder\plugins\mcufinder//mcu/cs/
2024-01-15 18:22:38,773 [INFO] ApplicationProperties:184 - Using Application install path: C:\ST\STM32CubeIDE_1.14.0\STM32CubeIDE\plugins\com.st.stm32cube.common.mx_6.10.0.202311202037
2024-01-15 18:22:38,776 [INFO] PluginManage:196 - Search for loadable plugins [exclusion list=, ]
2024-01-15 18:22:38,778 [INFO] PluginManage:310 - Check plugin analytics
2024-01-15 18:22:38,946 [INFO] AnalyticsPlugin:253 - Accepted Software Licenses: 
2024-01-15 18:22:38,947 [INFO] AnalyticsPlugin:255 - Accepted CMSIS Pack Licenses: 
2024-01-15 18:22:38,947 [INFO] AnalyticsPlugin:257 - Accepted Firmware Licenses: FW.F4.1.28.0
2024-01-15 18:22:38,949 [INFO] PluginManage:359 - Loaded plugin analytics (category:tool,tabindex:-1)
2024-01-15 18:22:38,949 [INFO] PluginManage:310 - Check plugin cadmodel
2024-01-15 18:22:38,956 [INFO] CADModel:105 - Init CAD model plugin
2024-01-15 18:22:38,956 [INFO] PluginManage:359 - Loaded plugin cadmodel (category:power,tabindex:5)
2024-01-15 18:22:38,956 [INFO] PluginManage:310 - Check plugin clock
2024-01-15 18:22:38,970 [INFO] PluginManage:359 - Loaded plugin clock (category:base,tabindex:2)
2024-01-15 18:22:38,971 [INFO] PluginManage:310 - Check plugin ddr
2024-01-15 18:22:38,973 [INFO] PluginManage:359 - Loaded plugin ddr (category:tool,tabindex:6)
2024-01-15 18:22:38,974 [INFO] PluginManage:310 - Check plugin filemanager
2024-01-15 18:22:39,118 [INFO] PluginManage:359 - Loaded plugin filemanager (category:base,tabindex:10)
2024-01-15 18:22:39,118 [INFO] PluginManage:310 - Check plugin ipmanager
2024-01-15 18:22:39,125 [INFO] PluginManage:359 - Loaded plugin ipmanager (category:base,tabindex:5)
2024-01-15 18:22:39,125 [INFO] PluginManage:310 - Check plugin lpbam
2024-01-15 18:22:39,143 [INFO] PluginManage:359 - Loaded plugin lpbam (category:base,tabindex:0)
2024-01-15 18:22:39,143 [INFO] PluginManage:310 - Check plugin memorymap
2024-01-15 18:22:39,163 [INFO] PluginManage:359 - Loaded plugin memorymap (category:base,tabindex:4)
2024-01-15 18:22:39,164 [INFO] PluginManage:310 - Check plugin pinoutandconfiguration
2024-01-15 18:22:39,172 [INFO] PluginManage:359 - Loaded plugin pinoutandconfiguration (category:base,tabindex:1)
2024-01-15 18:22:39,172 [INFO] PluginManage:310 - Check plugin pinoutconfig
2024-01-15 18:22:39,278 [WARN] SupportedApi:132 - Cannot load RTOS API schema: s4s-elt-must-match.1: The content of 'definitions' must match (annotation?, (simpleType | complexType)?, (unique | key | keyref)*)). A problem was found starting at: attribute.
2024-01-15 18:22:39,427 [INFO] PluginManage:359 - Loaded plugin pinoutconfig (category:base,tabindex:0)
2024-01-15 18:22:39,427 [INFO] PluginManage:310 - Check plugin power
2024-01-15 18:22:39,443 [INFO] PluginManage:359 - Loaded plugin power (category:power,tabindex:4)
2024-01-15 18:22:39,443 [INFO] PluginManage:310 - Check plugin projectmanager
2024-01-15 18:22:39,458 [INFO] PluginManage:359 - Loaded plugin projectmanager (category:projectmanager,tabindex:3)
2024-01-15 18:22:39,459 [INFO] PluginManage:310 - Check plugin thirdparty
2024-01-15 18:22:39,615 [INFO] PluginManage:359 - Loaded plugin thirdparty (category:base,tabindex:-1)
2024-01-15 18:22:39,615 [INFO] PluginManage:310 - Check plugin tools
2024-01-15 18:22:39,615 [WARN] IntegrityCheckThread:84 - waiting for thirdparty lock release [integrity check]
2024-01-15 18:22:39,615 [INFO] IntegrityCheckThread:86 - entering critical section [integrity check]
2024-01-15 18:22:39,615 [INFO] ThirdPartyUpdaterWithRetryManager:70 - Updater plugin not ready yet. [1/15]
2024-01-15 18:22:39,618 [INFO] PluginManage:359 - Loaded plugin tools (category:base,tabindex:7)
2024-01-15 18:22:39,618 [INFO] PluginManage:310 - Check plugin tutovideos
2024-01-15 18:22:39,827 [INFO] PluginManage:359 - Loaded plugin tutovideos (category:base,tabindex:-1)
2024-01-15 18:22:39,827 [INFO] PluginManage:310 - Check plugin updater
2024-01-15 18:22:39,844 [INFO] PluginManage:359 - Loaded plugin updater (category:base,tabindex:12)
2024-01-15 18:22:39,844 [INFO] PluginManage:310 - Check plugin userauth
2024-01-15 18:22:39,851 [INFO] UserAuth:114 - Init User Auth plugin
2024-01-15 18:22:39,852 [INFO] PluginManage:359 - Loaded plugin userauth (category:base,tabindex:14)
2024-01-15 18:22:39,852 [INFO] PluginManage:283 - PluginManage : Loaded plugins [17]
2024-01-15 18:22:40,063 [INFO] PinOutPanel:1499 - setPackage(No Configuration,No Configuration)
2024-01-15 18:22:40,138 [INFO] CADModel:165 - CPN selected for project level
2024-01-15 18:22:40,139 [INFO] CADModel:114 - Register for checkConnection events
2024-01-15 18:22:40,158 [INFO] IPUIPlugin:80 - create IPUIPlugin
2024-01-15 18:22:40,158 [INFO] PluginManager:220 - loadIPPluginJar : add adc
2024-01-15 18:22:40,161 [INFO] IPUIPlugin:80 - create IPUIPlugin
2024-01-15 18:22:40,161 [INFO] PluginManager:220 - loadIPPluginJar : add aes
2024-01-15 18:22:40,164 [INFO] IPUIPlugin:80 - create IPUIPlugin
2024-01-15 18:22:40,165 [INFO] PluginManager:220 - loadIPPluginJar : add can
2024-01-15 18:22:40,166 [INFO] IPUIPlugin:80 - create IPUIPlugin
2024-01-15 18:22:40,167 [INFO] PluginManager:220 - loadIPPluginJar : add comp
2024-01-15 18:22:40,169 [INFO] IPUIPlugin:80 - create IPUIPlugin
2024-01-15 18:22:40,170 [INFO] PluginManager:220 - loadIPPluginJar : add cryp
2024-01-15 18:22:40,172 [INFO] IPUIPlugin:80 - create IPUIPlugin
2024-01-15 18:22:40,172 [INFO] PluginManager:220 - loadIPPluginJar : add dfsdm
2024-01-15 18:22:40,179 [INFO] IPUIPlugin:80 - create IPUIPlugin
2024-01-15 18:22:40,179 [INFO] PluginManager:220 - loadIPPluginJar : add dma
2024-01-15 18:22:40,183 [INFO] IPUIPlugin:80 - create IPUIPlugin
2024-01-15 18:22:40,183 [INFO] PluginManager:220 - loadIPPluginJar : add dma3
2024-01-15 18:22:40,185 [INFO] IPUIPlugin:80 - create IPUIPlugin
2024-01-15 18:22:40,185 [INFO] PluginManager:220 - loadIPPluginJar : add fatfs
2024-01-15 18:22:40,189 [INFO] IPUIPlugin:80 - create IPUIPlugin
2024-01-15 18:22:40,189 [INFO] PluginManager:220 - loadIPPluginJar : add fmc
2024-01-15 18:22:40,197 [INFO] IPUIPlugin:80 - create IPUIPlugin
2024-01-15 18:22:40,198 [INFO] PluginManager:220 - loadIPPluginJar : add freertos
2024-01-15 18:22:40,200 [INFO] IPUIPlugin:80 - create IPUIPlugin
2024-01-15 18:22:40,200 [INFO] PluginManager:220 - loadIPPluginJar : add genericplugin
2024-01-15 18:22:40,203 [INFO] IPUIPlugin:80 - create IPUIPlugin
2024-01-15 18:22:40,203 [INFO] PluginManager:220 - loadIPPluginJar : add gfxmmu
2024-01-15 18:22:40,209 [INFO] IPUIPlugin:80 - create IPUIPlugin
2024-01-15 18:22:40,209 [INFO] PluginManager:220 - loadIPPluginJar : add gic
2024-01-15 18:22:40,214 [INFO] IPUIPlugin:80 - create IPUIPlugin
2024-01-15 18:22:40,214 [INFO] PluginManager:220 - loadIPPluginJar : add gpio
2024-01-15 18:22:40,219 [INFO] IPUIPlugin:80 - create IPUIPlugin
2024-01-15 18:22:40,219 [INFO] PluginManager:220 - loadIPPluginJar : add gtzc
2024-01-15 18:22:40,221 [INFO] IPUIPlugin:80 - create IPUIPlugin
2024-01-15 18:22:40,221 [INFO] PluginManager:220 - loadIPPluginJar : add hash
2024-01-15 18:22:40,225 [INFO] IPUIPlugin:80 - create IPUIPlugin
2024-01-15 18:22:40,225 [INFO] PluginManager:220 - loadIPPluginJar : add i2c
2024-01-15 18:22:40,228 [INFO] IPUIPlugin:80 - create IPUIPlugin
2024-01-15 18:22:40,228 [INFO] PluginManager:220 - loadIPPluginJar : add i2s
2024-01-15 18:22:40,231 [INFO] IPUIPlugin:80 - create IPUIPlugin
2024-01-15 18:22:40,231 [INFO] PluginManager:220 - loadIPPluginJar : add i3c
2024-01-15 18:22:40,236 [INFO] IPUIPlugin:80 - create IPUIPlugin
2024-01-15 18:22:40,236 [INFO] PluginManager:220 - loadIPPluginJar : add ipddr
2024-01-15 18:22:40,244 [INFO] IPUIPlugin:80 - create IPUIPlugin
2024-01-15 18:22:40,245 [INFO] PluginManager:220 - loadIPPluginJar : add linkedlist
2024-01-15 18:22:40,248 [INFO] IPUIPlugin:80 - create IPUIPlugin
2024-01-15 18:22:40,248 [INFO] PluginManager:220 - loadIPPluginJar : add lorawan
2024-01-15 18:22:40,251 [INFO] IPUIPlugin:80 - create IPUIPlugin
2024-01-15 18:22:40,251 [INFO] PluginManager:220 - loadIPPluginJar : add ltdc
2024-01-15 18:22:40,258 [INFO] IPUIPlugin:80 - create IPUIPlugin
2024-01-15 18:22:40,258 [INFO] PluginManager:220 - loadIPPluginJar : add mdma
2024-01-15 18:22:40,263 [INFO] IPUIPlugin:80 - create IPUIPlugin
2024-01-15 18:22:40,263 [INFO] PluginManager:220 - loadIPPluginJar : add nvic
2024-01-15 18:22:40,266 [INFO] IPUIPlugin:80 - create IPUIPlugin
2024-01-15 18:22:40,266 [INFO] PluginManager:220 - loadIPPluginJar : add opamp
2024-01-15 18:22:40,269 [INFO] IPUIPlugin:80 - create IPUIPlugin
2024-01-15 18:22:40,269 [INFO] PluginManager:220 - loadIPPluginJar : add openamp
2024-01-15 18:22:40,272 [INFO] IPUIPlugin:80 - create IPUIPlugin
2024-01-15 18:22:40,272 [INFO] PluginManager:220 - loadIPPluginJar : add pdm2pcm
2024-01-15 18:22:40,278 [INFO] IPUIPlugin:80 - create IPUIPlugin
2024-01-15 18:22:40,280 [INFO] PluginManager:220 - loadIPPluginJar : add plateformsettings
2024-01-15 18:22:40,283 [INFO] IPUIPlugin:80 - create IPUIPlugin
2024-01-15 18:22:40,283 [INFO] PluginManager:220 - loadIPPluginJar : add quadspi
2024-01-15 18:22:40,288 [INFO] IPUIPlugin:80 - create IPUIPlugin
2024-01-15 18:22:40,288 [INFO] PluginManager:220 - loadIPPluginJar : add resmgrutility
2024-01-15 18:22:40,293 [INFO] IPUIPlugin:80 - create IPUIPlugin
2024-01-15 18:22:40,293 [INFO] PluginManager:220 - loadIPPluginJar : add sai
2024-01-15 18:22:40,295 [INFO] IPUIPlugin:80 - create IPUIPlugin
2024-01-15 18:22:40,296 [INFO] PluginManager:220 - loadIPPluginJar : add spi
2024-01-15 18:22:40,301 [INFO] IPUIPlugin:80 - create IPUIPlugin
2024-01-15 18:22:40,301 [INFO] PluginManager:220 - loadIPPluginJar : add stm32_wpan
2024-01-15 18:22:40,303 [INFO] IPUIPlugin:80 - create IPUIPlugin
2024-01-15 18:22:40,304 [INFO] PluginManager:220 - loadIPPluginJar : add tim
2024-01-15 18:22:40,307 [INFO] IPUIPlugin:80 - create IPUIPlugin
2024-01-15 18:22:40,307 [INFO] PluginManager:220 - loadIPPluginJar : add touchsensing
2024-01-15 18:22:40,309 [INFO] IPUIPlugin:80 - create IPUIPlugin
2024-01-15 18:22:40,310 [INFO] PluginManager:220 - loadIPPluginJar : add tracer_emb
2024-01-15 18:22:40,313 [INFO] IPUIPlugin:80 - create IPUIPlugin
2024-01-15 18:22:40,313 [INFO] PluginManager:220 - loadIPPluginJar : add ts
2024-01-15 18:22:40,315 [INFO] IPUIPlugin:80 - create IPUIPlugin
2024-01-15 18:22:40,315 [INFO] PluginManager:220 - loadIPPluginJar : add tsc
2024-01-15 18:22:40,318 [INFO] IPUIPlugin:80 - create IPUIPlugin
2024-01-15 18:22:40,318 [INFO] PluginManager:220 - loadIPPluginJar : add ucpd
2024-01-15 18:22:40,321 [INFO] IPUIPlugin:80 - create IPUIPlugin
2024-01-15 18:22:40,321 [INFO] PluginManager:220 - loadIPPluginJar : add usart
2024-01-15 18:22:40,324 [INFO] IPUIPlugin:80 - create IPUIPlugin
2024-01-15 18:22:40,324 [INFO] PluginManager:220 - loadIPPluginJar : add usbx
2024-01-15 18:22:40,445 [INFO] CADModel:165 - CPN selected for project level
2024-01-15 18:22:40,446 [INFO] CADModel:114 - Register for checkConnection events
2024-01-15 18:22:40,446 [FATAL] Updater:308 - Updater called before beeing initialized
2024-01-15 18:22:40,446 [ERROR] CADModel:125 - Updater not yet initialized, retry later 
2024-01-15 18:22:40,590 [INFO] CADModel:165 - CPN selected for project level
2024-01-15 18:22:40,590 [INFO] CADModel:114 - Register for checkConnection events
2024-01-15 18:22:40,591 [FATAL] Updater:308 - Updater called before beeing initialized
2024-01-15 18:22:40,591 [ERROR] CADModel:125 - Updater not yet initialized, retry later 
2024-01-15 18:22:40,593 [FATAL] Updater:308 - Updater called before beeing initialized
2024-01-15 18:22:40,685 [FATAL] Updater:308 - Updater called before beeing initialized
2024-01-15 18:22:40,689 [INFO] DbMcusAds:53 - JSON generation date=Wed Nov 29 19:52:27 JST 2023 (1701255147349)
2024-01-15 18:22:40,689 [FATAL] Updater:308 - Updater called before beeing initialized
2024-01-15 18:22:40,732 [WARN] DetailPanel:346 - Failed to get advertising image, set to default
2024-01-15 18:22:40,802 [FATAL] Updater:308 - Updater called before beeing initialized
2024-01-15 18:22:40,805 [FATAL] Updater:308 - Updater called before beeing initialized
2024-01-15 18:22:40,805 [FATAL] Updater:308 - Updater called before beeing initialized
2024-01-15 18:22:40,805 [WARN] DetailPanel:346 - Failed to get advertising image, set to default
2024-01-15 18:22:40,806 [FATAL] Updater:308 - Updater called before beeing initialized
2024-01-15 18:22:40,852 [ERROR] Updater:1120 - MainUpdater not yet initialized. External WinMGr cannot be set.
2024-01-15 18:22:40,854 [INFO] Updater:1056 - Updater Version found : 6.10.0
2024-01-15 18:22:40,876 [INFO] ApplicationProperties:184 - Using Application install path: C:\ST\STM32CubeIDE_1.14.0\STM32CubeIDE\plugins\com.st.stm32cube.common.mx_6.10.0.202311202037
2024-01-15 18:22:42,455 [ERROR] LogOutputStream:75 - [STDERR_REDIRECT] Jan 15, 2024 6:22:42 PM java.util.prefs.WindowsPreferences <init>
2024-01-15 18:22:42,457 [ERROR] LogOutputStream:75 - [STDERR_REDIRECT] WARNING: Could not open/create prefs root node Software\JavaSoft\Prefs at root 0xffffffff80000002. Windows RegCreateKeyEx(...) returned error code 5.
2024-01-15 18:22:42,457 [ERROR] LogOutputStream:75 - [STDERR_REDIRECT] 
2024-01-15 18:22:42,617 [INFO] ThirdPartyUpdaterWithRetryManager:70 - Updater plugin not ready yet. [2/15]
2024-01-15 18:22:42,711 [INFO] MainUpdater:2873 - connection check result : 10
2024-01-15 18:22:42,711 [INFO] MainUpdater:3567 - Updater definition file requires update
2024-01-15 18:22:42,712 [INFO] MainUpdater:290 - Updater Check For Update Now.
2024-01-15 18:22:42,712 [INFO] MicroXplorer:498 - Change Database Version : DB.6.0.100
2024-01-15 18:22:42,720 [INFO] McuFinderGlobals:63 - Set McuFinder mode to 2 (CubeIDE integrated)
2024-01-15 18:22:42,755 [INFO] ServerAccessManage:473 - Download File updaters.zip
2024-01-15 18:22:42,820 [INFO] FileExtend:240 - Unzip File : updaters.zip
2024-01-15 18:22:42,820 [INFO] FileExtend:255 - Standard Zip Deflate
2024-01-15 18:22:42,964 [INFO] UserAuth:404 - Internet connection configuration mode: 1
2024-01-15 18:22:42,982 [INFO] JxBrowserEngine:152 - Initiate JxBrowser Engine with user profile folder
2024-01-15 18:22:43,108 [INFO] ServerAccessManage:473 - Download File PacksControlFlags.xml
2024-01-15 18:22:43,157 [INFO] ServerAccessManage:473 - Download File cubemx.pidx
2024-01-15 18:22:43,232 [INFO] LoadServerUpdatesThread:375 - End of LoadServerUpdate Thread
2024-01-15 18:22:43,383 [INFO] CheckServerUpdateThread:120 - End of CheckServer Thread
2024-01-15 18:22:43,760 [INFO] WebApp:161 - Instantiating new browser for Auth
2024-01-15 18:22:44,320 [INFO] WebApp:780 - Register for checkConnection events
2024-01-15 18:22:44,320 [INFO] WebApp:414 - Apply proxy settings
2024-01-15 18:22:44,321 [INFO] WebApp:459 - Chromium authenticates against Manually configured proxy
2024-01-15 18:22:44,327 [INFO] WebApp:467 - Username used for proxy authentication: 
2024-01-15 18:22:44,466 [INFO] WebApp:192 - Starting web application
2024-01-15 18:22:44,466 [INFO] WebApp:544 - Web application path used C:\ST\STM32CubeIDE_1.14.0\STM32CubeIDE\plugins\com.st.stm32cube.common.mx_6.10.0.202311202037\db\plugins\mcufinder\reactClient1\index.html
2024-01-15 18:22:45,784 [WARN] PackLoader:240 - Cannot read IP mode file for STMicroelectronics.X-CUBE-SMBUS.2.1.0
2024-01-15 18:22:45,791 [WARN] PackLoader:240 - Cannot read IP mode file for STMicroelectronics.X-CUBE-TOUCHGFX.4.23.0
2024-01-15 18:22:45,818 [WARN] PackLoader:240 - Cannot read IP mode file for STMicroelectronics.X-CUBE-AZRTOS-F7.1.1.0
2024-01-15 18:22:45,825 [WARN] PackLoader:240 - Cannot read IP mode file for STMicroelectronics.FP-SNS-MOTENV1.4.3.2
2024-01-15 18:22:45,831 [WARN] PackLoader:240 - Cannot read IP mode file for STMicroelectronics.FP-SNS-FLIGHT1.5.0.2
2024-01-15 18:22:45,839 [WARN] PackLoader:240 - Cannot read IP mode file for STMicroelectronics.X-CUBE-DISPLAY.3.0.0
2024-01-15 18:22:45,851 [WARN] PackLoader:240 - Cannot read IP mode file for STMicroelectronics.X-CUBE-BLE1.7.0.0
2024-01-15 18:22:45,857 [WARN] PackLoader:240 - Cannot read IP mode file for emotas.I-CUBE-CANOPEN.1.3.0
2024-01-15 18:22:45,861 [WARN] PackLoader:240 - Cannot read IP mode file for STMicroelectronics.X-CUBE-TOUCHGFX.4.22.1
2024-01-15 18:22:45,867 [WARN] PackLoader:240 - Cannot read IP mode file for STMicroelectronics.FP-SNS-SMARTAG2.1.2.0
2024-01-15 18:22:45,881 [INFO] LogOutputStream:77 - [STDOUT_REDIRECT] 1 : Invalid condition id : UX_CORESTACK_Condition cause : null
2024-01-15 18:22:45,882 [INFO] LogOutputStream:77 - [STDOUT_REDIRECT] 1 : Invalid condition id : UX_CORESTACK_Condition cause : null
2024-01-15 18:22:45,883 [INFO] LogOutputStream:77 - [STDOUT_REDIRECT] 1 : Invalid condition id : UX_CORESTACK_Condition cause : null
2024-01-15 18:22:45,884 [INFO] LogOutputStream:77 - [STDOUT_REDIRECT] 1 : Invalid condition id : UX_CORESTACK_Condition cause : null
2024-01-15 18:22:45,885 [INFO] LogOutputStream:77 - [STDOUT_REDIRECT] 1 : Invalid condition id : UX_CORESTACK_Condition cause : null
2024-01-15 18:22:45,889 [WARN] PackLoader:240 - Cannot read IP mode file for STMicroelectronics.X-CUBE-AZRTOS-WL.2.0.0
2024-01-15 18:22:45,899 [WARN] PackLoader:240 - Cannot read IP mode file for WES.I-CUBE-Cesium.1.3.0
2024-01-15 18:22:45,904 [WARN] PackLoader:240 - Cannot read IP mode file for STMicroelectronics.X-CUBE-BLE2.3.3.0
2024-01-15 18:22:45,911 [WARN] PackLoader:240 - Cannot read IP mode file for STMicroelectronics.X-CUBE-ALGOBUILD.1.3.0
2024-01-15 18:22:45,927 [WARN] PackLoader:240 - Cannot read IP mode file for STMicroelectronics.X-CUBE-AZRTOS-G0.1.1.0
2024-01-15 18:22:45,937 [WARN] PackLoader:240 - Cannot read IP mode file for STMicroelectronics.X-CUBE-NFC4.3.0.0
2024-01-15 18:22:45,945 [WARN] PackLoader:240 - Cannot read IP mode file for STMicroelectronics.X-CUBE-BLEMGR.3.0.0
2024-01-15 18:22:45,951 [WARN] PackLoader:240 - Cannot read IP mode file for STMicroelectronics.FP-ATR-SIGFOX1.3.2.0
2024-01-15 18:22:45,955 [WARN] PackLoader:240 - Cannot read IP mode file for STMicroelectronics.X-CUBE-GNSS1.6.0.0
2024-01-15 18:22:45,969 [WARN] PackLoader:240 - Cannot read IP mode file for STMicroelectronics.X-CUBE-AZRTOS-F4.1.1.0
2024-01-15 18:22:45,975 [WARN] PackLoader:240 - Cannot read IP mode file for wolfSSL.I-CUBE-wolfSSL.5.6.4
2024-01-15 18:22:45,987 [WARN] PackLoader:240 - Cannot read IP mode file for STMicroelectronics.X-CUBE-AZRTOS-L5.2.0.0
2024-01-15 18:22:45,994 [WARN] PackLoader:240 - Cannot read IP mode file for STMicroelectronics.X-CUBE-EEPRMA1.4.2.0
2024-01-15 18:22:46,000 [WARN] PackLoader:240 - Cannot read IP mode file for ITTIA_DB.I-CUBE-ITTIADB.8.8.0
2024-01-15 18:22:46,004 [WARN] PackLoader:240 - Cannot read IP mode file for STMicroelectronics.X-CUBE-NFC7.1.0.1
2024-01-15 18:22:46,010 [WARN] PackLoader:240 - Cannot read IP mode file for STMicroelectronics.X-CUBE-NFC6.3.0.0
2024-01-15 18:22:46,016 [WARN] PackLoader:240 - Cannot read IP mode file for STMicroelectronics.X-CUBE-AI.8.1.0
2024-01-15 18:22:46,028 [WARN] ConditionMgr:438 - getConditionDescription Invalid condition id : LAN8742 Phy interface Condition cause : null
2024-01-15 18:22:46,029 [WARN] PackLoader:240 - Cannot read IP mode file for STMicroelectronics.X-CUBE-AZRTOS-L4.2.0.0
2024-01-15 18:22:46,030 [WARN] ConditionMgr:1039 - genDependencies : Invalid condition id : LAN8742 Phy interface Condition cause : null
2024-01-15 18:22:46,030 [WARN] ConditionMgr:1039 - genDependencies : Invalid condition id : LAN8742 Phy interface Condition cause : null
2024-01-15 18:22:46,031 [WARN] ConditionMgr:1039 - genDependencies : Invalid condition id : LAN8742 Phy interface Condition cause : null
2024-01-15 18:22:46,037 [WARN] PackLoader:240 - Cannot read IP mode file for STMicroelectronics.X-CUBE-SFXS2LP1.4.0.0
2024-01-15 18:22:46,042 [WARN] PackLoader:240 - Cannot read IP mode file for STMicroelectronics.X-CUBE-ISPU.1.1.0
2024-01-15 18:22:46,052 [WARN] ConditionMgr:438 - getConditionDescription Invalid condition id : UX DEVICE CLASS RTOS Condition cause : null
2024-01-15 18:22:46,052 [WARN] ConditionMgr:438 - getConditionDescription Invalid condition id : UX DEVICE CLASS RTOS Condition cause : null
2024-01-15 18:22:46,053 [WARN] PackLoader:240 - Cannot read IP mode file for STMicroelectronics.X-CUBE-AZRTOS-WB.2.0.0
2024-01-15 18:22:46,054 [WARN] ConditionMgr:1039 - genDependencies : Invalid condition id : UX DEVICE CLASS RTOS Condition cause : null
2024-01-15 18:22:46,054 [WARN] ConditionMgr:1039 - genDependencies : Invalid condition id : UX DEVICE CLASS RTOS Condition cause : null
2024-01-15 18:22:46,054 [WARN] ConditionMgr:1039 - genDependencies : Invalid condition id : UX DEVICE CLASS RTOS Condition cause : null
2024-01-15 18:22:46,054 [WARN] ConditionMgr:1039 - genDependencies : Invalid condition id : UX DEVICE CLASS RTOS Condition cause : null
2024-01-15 18:22:46,054 [WARN] ConditionMgr:1039 - genDependencies : Invalid condition id : UX DEVICE CLASS RTOS Condition cause : null
2024-01-15 18:22:46,062 [WARN] PackLoader:240 - Cannot read IP mode file for STMicroelectronics.X-CUBE-SUBG2.5.0.0
2024-01-15 18:22:46,076 [WARN] PackLoader:240 - Cannot read IP mode file for STMicroelectronics.X-CUBE-AZRTOS-G4.2.0.0
2024-01-15 18:22:46,089 [WARN] PackLoader:240 - Cannot read IP mode file for Infineon.AIROC-Wi-Fi-Bluetooth-STM32.1.5.1
2024-01-15 18:22:46,101 [WARN] PackLoader:240 - Cannot read IP mode file for STMicroelectronics.X-CUBE-ISPU.2.0.0
2024-01-15 18:22:46,124 [WARN] PackLoader:240 - Cannot read IP mode file for STMicroelectronics.X-CUBE-MEMS1.10.0.0
2024-01-15 18:22:46,211 [WARN] PackLoader:240 - Cannot read IP mode file for STMicroelectronics.X-CUBE-FREERTOS.1.1.0
2024-01-15 18:22:46,218 [WARN] PackLoader:240 - Cannot read IP mode file for portGmbH.I-Cube-SoM-uGOAL.1.1.0
2024-01-15 18:22:46,222 [WARN] PackLoader:240 - Cannot read IP mode file for STMicroelectronics.X-CUBE-ALS.1.0.1
2024-01-15 18:22:46,226 [WARN] PackLoader:240 - Cannot read IP mode file for STMicroelectronics.FP-ATR-ASTRA1.2.0.0
2024-01-15 18:22:46,242 [WARN] PackLoader:240 - Cannot read IP mode file for STMicroelectronics.X-CUBE-AZRTOS-H7.3.2.0
2024-01-15 18:22:46,244 [INFO] ThirdParty:978 - Integrity check success = true
2024-01-15 18:22:46,244 [INFO] IntegrityCheckThread:100 - exiting critical section [integrity check]
2024-01-15 18:22:46,245 [INFO] IntegrityCheckThread:103 - End integrity checks thread
2024-01-15 18:23:05,024 [ERROR] LogOutputStream:75 - [STDERR_REDIRECT] SLF4J: Failed to load class "org.slf4j.impl.StaticLoggerBinder".
2024-01-15 18:23:05,025 [ERROR] LogOutputStream:75 - [STDERR_REDIRECT] SLF4J: Defaulting to no-operation (NOP) logger implementation
2024-01-15 18:23:05,026 [ERROR] LogOutputStream:75 - [STDERR_REDIRECT] SLF4J: See http://www.slf4j.org/codes.html#StaticLoggerBinder for further details.
2024-01-15 19:58:08,353 [ERROR] LogOutputStream:75 - [STDERR_REDIRECT] 
2024-01-15 19:58:20,692 [INFO] Activator:176 - 


2024-01-15 19:58:20,693 [INFO] Activator:177 - !SESSION log4j initialized
2024-01-15 19:58:24,039 [INFO] LogOutputStream:77 - [STDOUT_REDIRECT] 
2024-01-15 19:58:25,291 [INFO] ApplicationProperties:184 - Using Application install path: C:\ST\STM32CubeIDE_1.14.0\STM32CubeIDE\plugins\com.st.stm32cube.common.mx_6.10.0.202311202037
2024-01-15 19:58:25,302 [INFO] DbMcusXml:78 - Set database path to: C:\ST\STM32CubeIDE_1.14.0\STM32CubeIDE\plugins\com.st.stm32cube.common.mx_6.10.0.202311202037\\db\/mcu/
2024-01-15 19:58:25,302 [INFO] ApiDb:274 - Set plugin database path to: C:\ST\STM32CubeIDE_1.14.0\STM32CubeIDE\plugins\com.st.stm32cube.common.mx_6.10.0.202311202037\\db\/plugins/boardmanager/
2024-01-15 19:58:25,302 [WARN] ApiDb:259 - Overriding images path with different value:  => C:\ST\STM32CubeIDE_1.14.0\STM32CubeIDE\plugins\com.st.stm32cube.common.mx_6.10.0.202311202037\\db\/plugins/mcufinder/images/
2024-01-15 19:58:25,309 [INFO] ApiDb:250 - Set database path to: C:\Users\5164580\.stmcufinder\plugins\mcufinder//mcu/
2024-01-15 19:58:25,310 [INFO] DbMcusAds:125 - Set database path to: C:\Users\5164580\.stmcufinder\plugins\mcufinder//mcu/
2024-01-15 19:58:25,311 [INFO] CrossReferenceDbSqlite:203 - Set database path to: C:\Users\5164580\.stmcufinder\plugins\mcufinder//mcu/cs/
2024-01-15 19:58:25,387 [INFO] RulesReader:64 - Compatibility file has been processed (297 Rules)
2024-01-15 19:58:25,449 [INFO] DbMcusXml:78 - Set database path to: C:\ST\STM32CubeIDE_1.14.0\STM32CubeIDE\plugins\com.st.stm32cube.common.mx_6.10.0.202311202037\\db\/mcu/
2024-01-15 19:58:25,450 [INFO] ApiDb:274 - Set plugin database path to: C:\ST\STM32CubeIDE_1.14.0\STM32CubeIDE\plugins\com.st.stm32cube.common.mx_6.10.0.202311202037\\db\/plugins/boardmanager/
2024-01-15 19:58:25,450 [INFO] ApiDb:261 - Set plugin images path to: C:\ST\STM32CubeIDE_1.14.0\STM32CubeIDE\plugins\com.st.stm32cube.common.mx_6.10.0.202311202037\\db\/plugins/mcufinder/images/
2024-01-15 19:58:25,450 [WARN] DbFile:41 - Overriding database path with different value: C:\Users\5164580\.stmcufinder\plugins\mcufinder/ => C:\Users\5164580\.stmcufinder\plugins\mcufinder
2024-01-15 19:58:25,450 [INFO] ApiDb:250 - Set database path to: C:\Users\5164580\.stmcufinder\plugins\mcufinder//mcu/
2024-01-15 19:58:25,450 [WARN] DbFile:41 - Overriding database path with different value: C:\Users\5164580\.stmcufinder\plugins\mcufinder/ => C:\Users\5164580\.stmcufinder\plugins\mcufinder
2024-01-15 19:58:25,450 [INFO] DbMcusAds:125 - Set database path to: C:\Users\5164580\.stmcufinder\plugins\mcufinder//mcu/
2024-01-15 19:58:25,450 [WARN] DbFile:41 - Overriding database path with different value: C:\Users\5164580\.stmcufinder\plugins\mcufinder/ => C:\Users\5164580\.stmcufinder\plugins\mcufinder
2024-01-15 19:58:25,450 [WARN] DbFile:41 - Overriding database path with different value: C:\Users\5164580\.stmcufinder\plugins\mcufinder/ => C:\Users\5164580\.stmcufinder\plugins\mcufinder
2024-01-15 19:58:25,450 [INFO] CrossReferenceDbSqlite:203 - Set database path to: C:\Users\5164580\.stmcufinder\plugins\mcufinder//mcu/cs/
2024-01-15 19:58:25,498 [INFO] MainPanel:264 - HeapMemory: 268435456
2024-01-15 19:58:25,558 [INFO] DbMcusXml:78 - Set database path to: C:\ST\STM32CubeIDE_1.14.0\STM32CubeIDE\plugins\com.st.stm32cube.common.mx_6.10.0.202311202037\\db\/mcu/
2024-01-15 19:58:25,558 [INFO] ApiDb:274 - Set plugin database path to: C:\ST\STM32CubeIDE_1.14.0\STM32CubeIDE\plugins\com.st.stm32cube.common.mx_6.10.0.202311202037\\db\/plugins/boardmanager/
2024-01-15 19:58:25,558 [INFO] ApiDb:261 - Set plugin images path to: C:\ST\STM32CubeIDE_1.14.0\STM32CubeIDE\plugins\com.st.stm32cube.common.mx_6.10.0.202311202037\\db\/plugins/mcufinder/images/
2024-01-15 19:58:25,559 [WARN] DbFile:41 - Overriding database path with different value: C:\Users\5164580\.stmcufinder\plugins\mcufinder/ => C:\Users\5164580\.stmcufinder\plugins\mcufinder
2024-01-15 19:58:25,559 [INFO] ApiDb:250 - Set database path to: C:\Users\5164580\.stmcufinder\plugins\mcufinder//mcu/
2024-01-15 19:58:25,559 [WARN] DbFile:41 - Overriding database path with different value: C:\Users\5164580\.stmcufinder\plugins\mcufinder/ => C:\Users\5164580\.stmcufinder\plugins\mcufinder
2024-01-15 19:58:25,559 [INFO] DbMcusAds:125 - Set database path to: C:\Users\5164580\.stmcufinder\plugins\mcufinder//mcu/
2024-01-15 19:58:25,559 [WARN] DbFile:41 - Overriding database path with different value: C:\Users\5164580\.stmcufinder\plugins\mcufinder/ => C:\Users\5164580\.stmcufinder\plugins\mcufinder
2024-01-15 19:58:25,559 [WARN] DbFile:41 - Overriding database path with different value: C:\Users\5164580\.stmcufinder\plugins\mcufinder/ => C:\Users\5164580\.stmcufinder\plugins\mcufinder
2024-01-15 19:58:25,559 [INFO] CrossReferenceDbSqlite:203 - Set database path to: C:\Users\5164580\.stmcufinder\plugins\mcufinder//mcu/cs/
2024-01-15 19:58:25,575 [INFO] ApplicationProperties:184 - Using Application install path: C:\ST\STM32CubeIDE_1.14.0\STM32CubeIDE\plugins\com.st.stm32cube.common.mx_6.10.0.202311202037
2024-01-15 19:58:25,577 [INFO] PluginManage:196 - Search for loadable plugins [exclusion list=, ]
2024-01-15 19:58:25,578 [INFO] PluginManage:310 - Check plugin analytics
2024-01-15 19:58:25,735 [INFO] AnalyticsPlugin:253 - Accepted Software Licenses: 
2024-01-15 19:58:25,735 [INFO] AnalyticsPlugin:255 - Accepted CMSIS Pack Licenses: 
2024-01-15 19:58:25,736 [INFO] AnalyticsPlugin:257 - Accepted Firmware Licenses: FW.F4.1.28.0
2024-01-15 19:58:25,738 [INFO] PluginManage:359 - Loaded plugin analytics (category:tool,tabindex:-1)
2024-01-15 19:58:25,738 [INFO] PluginManage:310 - Check plugin cadmodel
2024-01-15 19:58:25,741 [INFO] CADModel:105 - Init CAD model plugin
2024-01-15 19:58:25,741 [INFO] PluginManage:359 - Loaded plugin cadmodel (category:power,tabindex:5)
2024-01-15 19:58:25,741 [INFO] PluginManage:310 - Check plugin clock
2024-01-15 19:58:25,748 [INFO] PluginManage:359 - Loaded plugin clock (category:base,tabindex:2)
2024-01-15 19:58:25,748 [INFO] PluginManage:310 - Check plugin ddr
2024-01-15 19:58:25,750 [INFO] PluginManage:359 - Loaded plugin ddr (category:tool,tabindex:6)
2024-01-15 19:58:25,750 [INFO] PluginManage:310 - Check plugin filemanager
2024-01-15 19:58:25,873 [INFO] PluginManage:359 - Loaded plugin filemanager (category:base,tabindex:10)
2024-01-15 19:58:25,873 [INFO] PluginManage:310 - Check plugin ipmanager
2024-01-15 19:58:25,879 [INFO] PluginManage:359 - Loaded plugin ipmanager (category:base,tabindex:5)
2024-01-15 19:58:25,879 [INFO] PluginManage:310 - Check plugin lpbam
2024-01-15 19:58:25,885 [INFO] PluginManage:359 - Loaded plugin lpbam (category:base,tabindex:0)
2024-01-15 19:58:25,885 [INFO] PluginManage:310 - Check plugin memorymap
2024-01-15 19:58:25,897 [INFO] PluginManage:359 - Loaded plugin memorymap (category:base,tabindex:4)
2024-01-15 19:58:25,897 [INFO] PluginManage:310 - Check plugin pinoutandconfiguration
2024-01-15 19:58:25,902 [INFO] PluginManage:359 - Loaded plugin pinoutandconfiguration (category:base,tabindex:1)
2024-01-15 19:58:25,902 [INFO] PluginManage:310 - Check plugin pinoutconfig
2024-01-15 19:58:25,968 [WARN] SupportedApi:132 - Cannot load RTOS API schema: s4s-elt-must-match.1: The content of 'definitions' must match (annotation?, (simpleType | complexType)?, (unique | key | keyref)*)). A problem was found starting at: attribute.
2024-01-15 19:58:26,061 [INFO] PluginManage:359 - Loaded plugin pinoutconfig (category:base,tabindex:0)
2024-01-15 19:58:26,061 [INFO] PluginManage:310 - Check plugin power
2024-01-15 19:58:26,068 [INFO] PluginManage:359 - Loaded plugin power (category:power,tabindex:4)
2024-01-15 19:58:26,068 [INFO] PluginManage:310 - Check plugin projectmanager
2024-01-15 19:58:26,080 [INFO] PluginManage:359 - Loaded plugin projectmanager (category:projectmanager,tabindex:3)
2024-01-15 19:58:26,080 [INFO] PluginManage:310 - Check plugin thirdparty
2024-01-15 19:58:26,191 [INFO] PluginManage:359 - Loaded plugin thirdparty (category:base,tabindex:-1)
2024-01-15 19:58:26,191 [INFO] PluginManage:310 - Check plugin tools
2024-01-15 19:58:26,191 [WARN] IntegrityCheckThread:84 - waiting for thirdparty lock release [integrity check]
2024-01-15 19:58:26,191 [INFO] IntegrityCheckThread:86 - entering critical section [integrity check]
2024-01-15 19:58:26,192 [INFO] ThirdPartyUpdaterWithRetryManager:70 - Updater plugin not ready yet. [1/15]
2024-01-15 19:58:26,194 [INFO] PluginManage:359 - Loaded plugin tools (category:base,tabindex:7)
2024-01-15 19:58:26,194 [INFO] PluginManage:310 - Check plugin tutovideos
2024-01-15 19:58:26,314 [INFO] PluginManage:359 - Loaded plugin tutovideos (category:base,tabindex:-1)
2024-01-15 19:58:26,314 [INFO] PluginManage:310 - Check plugin updater
2024-01-15 19:58:26,322 [INFO] PluginManage:359 - Loaded plugin updater (category:base,tabindex:12)
2024-01-15 19:58:26,322 [INFO] PluginManage:310 - Check plugin userauth
2024-01-15 19:58:26,326 [INFO] UserAuth:114 - Init User Auth plugin
2024-01-15 19:58:26,326 [INFO] PluginManage:359 - Loaded plugin userauth (category:base,tabindex:14)
2024-01-15 19:58:26,326 [INFO] PluginManage:283 - PluginManage : Loaded plugins [17]
2024-01-15 19:58:26,509 [INFO] PinOutPanel:1499 - setPackage(No Configuration,No Configuration)
2024-01-15 19:58:26,577 [INFO] CADModel:165 - CPN selected for project level
2024-01-15 19:58:26,578 [INFO] CADModel:114 - Register for checkConnection events
2024-01-15 19:58:26,593 [INFO] IPUIPlugin:80 - create IPUIPlugin
2024-01-15 19:58:26,594 [INFO] PluginManager:220 - loadIPPluginJar : add adc
2024-01-15 19:58:26,596 [INFO] IPUIPlugin:80 - create IPUIPlugin
2024-01-15 19:58:26,596 [INFO] PluginManager:220 - loadIPPluginJar : add aes
2024-01-15 19:58:26,598 [INFO] IPUIPlugin:80 - create IPUIPlugin
2024-01-15 19:58:26,598 [INFO] PluginManager:220 - loadIPPluginJar : add can
2024-01-15 19:58:26,600 [INFO] IPUIPlugin:80 - create IPUIPlugin
2024-01-15 19:58:26,600 [INFO] PluginManager:220 - loadIPPluginJar : add comp
2024-01-15 19:58:26,602 [INFO] IPUIPlugin:80 - create IPUIPlugin
2024-01-15 19:58:26,602 [INFO] PluginManager:220 - loadIPPluginJar : add cryp
2024-01-15 19:58:26,604 [INFO] IPUIPlugin:80 - create IPUIPlugin
2024-01-15 19:58:26,604 [INFO] PluginManager:220 - loadIPPluginJar : add dfsdm
2024-01-15 19:58:26,609 [INFO] IPUIPlugin:80 - create IPUIPlugin
2024-01-15 19:58:26,610 [INFO] PluginManager:220 - loadIPPluginJar : add dma
2024-01-15 19:58:26,611 [INFO] IPUIPlugin:80 - create IPUIPlugin
2024-01-15 19:58:26,612 [INFO] PluginManager:220 - loadIPPluginJar : add dma3
2024-01-15 19:58:26,615 [INFO] IPUIPlugin:80 - create IPUIPlugin
2024-01-15 19:58:26,615 [INFO] PluginManager:220 - loadIPPluginJar : add fatfs
2024-01-15 19:58:26,619 [INFO] IPUIPlugin:80 - create IPUIPlugin
2024-01-15 19:58:26,619 [INFO] PluginManager:220 - loadIPPluginJar : add fmc
2024-01-15 19:58:26,624 [INFO] IPUIPlugin:80 - create IPUIPlugin
2024-01-15 19:58:26,624 [INFO] PluginManager:220 - loadIPPluginJar : add freertos
2024-01-15 19:58:26,625 [INFO] IPUIPlugin:80 - create IPUIPlugin
2024-01-15 19:58:26,625 [INFO] PluginManager:220 - loadIPPluginJar : add genericplugin
2024-01-15 19:58:26,627 [INFO] IPUIPlugin:80 - create IPUIPlugin
2024-01-15 19:58:26,627 [INFO] PluginManager:220 - loadIPPluginJar : add gfxmmu
2024-01-15 19:58:26,631 [INFO] IPUIPlugin:80 - create IPUIPlugin
2024-01-15 19:58:26,631 [INFO] PluginManager:220 - loadIPPluginJar : add gic
2024-01-15 19:58:26,635 [INFO] IPUIPlugin:80 - create IPUIPlugin
2024-01-15 19:58:26,635 [INFO] PluginManager:220 - loadIPPluginJar : add gpio
2024-01-15 19:58:26,638 [INFO] IPUIPlugin:80 - create IPUIPlugin
2024-01-15 19:58:26,638 [INFO] PluginManager:220 - loadIPPluginJar : add gtzc
2024-01-15 19:58:26,642 [INFO] IPUIPlugin:80 - create IPUIPlugin
2024-01-15 19:58:26,642 [INFO] PluginManager:220 - loadIPPluginJar : add hash
2024-01-15 19:58:26,644 [INFO] IPUIPlugin:80 - create IPUIPlugin
2024-01-15 19:58:26,644 [INFO] PluginManager:220 - loadIPPluginJar : add i2c
2024-01-15 19:58:26,648 [INFO] IPUIPlugin:80 - create IPUIPlugin
2024-01-15 19:58:26,648 [INFO] PluginManager:220 - loadIPPluginJar : add i2s
2024-01-15 19:58:26,651 [INFO] IPUIPlugin:80 - create IPUIPlugin
2024-01-15 19:58:26,651 [INFO] PluginManager:220 - loadIPPluginJar : add i3c
2024-01-15 19:58:26,653 [INFO] IPUIPlugin:80 - create IPUIPlugin
2024-01-15 19:58:26,653 [INFO] PluginManager:220 - loadIPPluginJar : add ipddr
2024-01-15 19:58:26,659 [INFO] IPUIPlugin:80 - create IPUIPlugin
2024-01-15 19:58:26,659 [INFO] PluginManager:220 - loadIPPluginJar : add linkedlist
2024-01-15 19:58:26,661 [INFO] IPUIPlugin:80 - create IPUIPlugin
2024-01-15 19:58:26,661 [INFO] PluginManager:220 - loadIPPluginJar : add lorawan
2024-01-15 19:58:26,662 [INFO] IPUIPlugin:80 - create IPUIPlugin
2024-01-15 19:58:26,662 [INFO] PluginManager:220 - loadIPPluginJar : add ltdc
2024-01-15 19:58:26,666 [INFO] IPUIPlugin:80 - create IPUIPlugin
2024-01-15 19:58:26,666 [INFO] PluginManager:220 - loadIPPluginJar : add mdma
2024-01-15 19:58:26,670 [INFO] IPUIPlugin:80 - create IPUIPlugin
2024-01-15 19:58:26,670 [INFO] PluginManager:220 - loadIPPluginJar : add nvic
2024-01-15 19:58:26,672 [INFO] IPUIPlugin:80 - create IPUIPlugin
2024-01-15 19:58:26,672 [INFO] PluginManager:220 - loadIPPluginJar : add opamp
2024-01-15 19:58:26,674 [INFO] IPUIPlugin:80 - create IPUIPlugin
2024-01-15 19:58:26,674 [INFO] PluginManager:220 - loadIPPluginJar : add openamp
2024-01-15 19:58:26,676 [INFO] IPUIPlugin:80 - create IPUIPlugin
2024-01-15 19:58:26,676 [INFO] PluginManager:220 - loadIPPluginJar : add pdm2pcm
2024-01-15 19:58:26,680 [INFO] IPUIPlugin:80 - create IPUIPlugin
2024-01-15 19:58:26,682 [INFO] PluginManager:220 - loadIPPluginJar : add plateformsettings
2024-01-15 19:58:26,683 [INFO] IPUIPlugin:80 - create IPUIPlugin
2024-01-15 19:58:26,683 [INFO] PluginManager:220 - loadIPPluginJar : add quadspi
2024-01-15 19:58:26,686 [INFO] IPUIPlugin:80 - create IPUIPlugin
2024-01-15 19:58:26,686 [INFO] PluginManager:220 - loadIPPluginJar : add resmgrutility
2024-01-15 19:58:26,688 [INFO] IPUIPlugin:80 - create IPUIPlugin
2024-01-15 19:58:26,688 [INFO] PluginManager:220 - loadIPPluginJar : add sai
2024-01-15 19:58:26,689 [INFO] IPUIPlugin:80 - create IPUIPlugin
2024-01-15 19:58:26,689 [INFO] PluginManager:220 - loadIPPluginJar : add spi
2024-01-15 19:58:26,693 [INFO] IPUIPlugin:80 - create IPUIPlugin
2024-01-15 19:58:26,693 [INFO] PluginManager:220 - loadIPPluginJar : add stm32_wpan
2024-01-15 19:58:26,694 [INFO] IPUIPlugin:80 - create IPUIPlugin
2024-01-15 19:58:26,694 [INFO] PluginManager:220 - loadIPPluginJar : add tim
2024-01-15 19:58:26,696 [INFO] IPUIPlugin:80 - create IPUIPlugin
2024-01-15 19:58:26,696 [INFO] PluginManager:220 - loadIPPluginJar : add touchsensing
2024-01-15 19:58:26,698 [INFO] IPUIPlugin:80 - create IPUIPlugin
2024-01-15 19:58:26,698 [INFO] PluginManager:220 - loadIPPluginJar : add tracer_emb
2024-01-15 19:58:26,699 [INFO] IPUIPlugin:80 - create IPUIPlugin
2024-01-15 19:58:26,699 [INFO] PluginManager:220 - loadIPPluginJar : add ts
2024-01-15 19:58:26,700 [INFO] IPUIPlugin:80 - create IPUIPlugin
2024-01-15 19:58:26,700 [INFO] PluginManager:220 - loadIPPluginJar : add tsc
2024-01-15 19:58:26,702 [INFO] IPUIPlugin:80 - create IPUIPlugin
2024-01-15 19:58:26,702 [INFO] PluginManager:220 - loadIPPluginJar : add ucpd
2024-01-15 19:58:26,703 [INFO] IPUIPlugin:80 - create IPUIPlugin
2024-01-15 19:58:26,704 [INFO] PluginManager:220 - loadIPPluginJar : add usart
2024-01-15 19:58:26,706 [INFO] IPUIPlugin:80 - create IPUIPlugin
2024-01-15 19:58:26,706 [INFO] PluginManager:220 - loadIPPluginJar : add usbx
2024-01-15 19:58:26,826 [INFO] CADModel:165 - CPN selected for project level
2024-01-15 19:58:26,826 [INFO] CADModel:114 - Register for checkConnection events
2024-01-15 19:58:26,826 [FATAL] Updater:308 - Updater called before beeing initialized
2024-01-15 19:58:26,827 [ERROR] CADModel:125 - Updater not yet initialized, retry later 
2024-01-15 19:58:26,946 [INFO] CADModel:165 - CPN selected for project level
2024-01-15 19:58:26,947 [INFO] CADModel:114 - Register for checkConnection events
2024-01-15 19:58:26,947 [FATAL] Updater:308 - Updater called before beeing initialized
2024-01-15 19:58:26,947 [ERROR] CADModel:125 - Updater not yet initialized, retry later 
2024-01-15 19:58:26,949 [FATAL] Updater:308 - Updater called before beeing initialized
2024-01-15 19:58:27,041 [FATAL] Updater:308 - Updater called before beeing initialized
2024-01-15 19:58:27,045 [INFO] DbMcusAds:53 - JSON generation date=Wed Nov 29 19:52:27 JST 2023 (1701255147349)
2024-01-15 19:58:27,045 [FATAL] Updater:308 - Updater called before beeing initialized
2024-01-15 19:58:27,078 [WARN] DetailPanel:346 - Failed to get advertising image, set to default
2024-01-15 19:58:27,148 [FATAL] Updater:308 - Updater called before beeing initialized
2024-01-15 19:58:27,150 [FATAL] Updater:308 - Updater called before beeing initialized
2024-01-15 19:58:27,150 [FATAL] Updater:308 - Updater called before beeing initialized
2024-01-15 19:58:27,150 [WARN] DetailPanel:346 - Failed to get advertising image, set to default
2024-01-15 19:58:27,150 [FATAL] Updater:308 - Updater called before beeing initialized
2024-01-15 19:58:27,187 [ERROR] Updater:1120 - MainUpdater not yet initialized. External WinMGr cannot be set.
2024-01-15 19:58:27,190 [INFO] Updater:1056 - Updater Version found : 6.10.0
2024-01-15 19:58:27,208 [INFO] ApplicationProperties:184 - Using Application install path: C:\ST\STM32CubeIDE_1.14.0\STM32CubeIDE\plugins\com.st.stm32cube.common.mx_6.10.0.202311202037
2024-01-15 19:58:28,808 [ERROR] LogOutputStream:75 - [STDERR_REDIRECT] Jan 15, 2024 7:58:28 PM java.util.prefs.WindowsPreferences <init>
2024-01-15 19:58:28,809 [ERROR] LogOutputStream:75 - [STDERR_REDIRECT] WARNING: Could not open/create prefs root node Software\JavaSoft\Prefs at root 0xffffffff80000002. Windows RegCreateKeyEx(...) returned error code 5.
2024-01-15 19:58:28,809 [ERROR] LogOutputStream:75 - [STDERR_REDIRECT] 
2024-01-15 19:58:29,008 [INFO] MainUpdater:2873 - connection check result : 10
2024-01-15 19:58:29,009 [INFO] MainUpdater:290 - Updater Check For Update Now.
2024-01-15 19:58:29,009 [INFO] MicroXplorer:498 - Change Database Version : DB.6.0.100
2024-01-15 19:58:29,014 [INFO] McuFinderGlobals:63 - Set McuFinder mode to 2 (CubeIDE integrated)
2024-01-15 19:58:29,151 [INFO] UserAuth:404 - Internet connection configuration mode: 1
2024-01-15 19:58:29,161 [INFO] JxBrowserEngine:152 - Initiate JxBrowser Engine with user profile folder
2024-01-15 19:58:29,170 [INFO] CheckServerUpdateThread:120 - End of CheckServer Thread
2024-01-15 19:58:29,300 [WARN] PackLoader:240 - Cannot read IP mode file for STMicroelectronics.X-CUBE-SMBUS.2.1.0
2024-01-15 19:58:29,306 [WARN] PackLoader:240 - Cannot read IP mode file for STMicroelectronics.X-CUBE-TOUCHGFX.4.23.0
2024-01-15 19:58:29,328 [WARN] PackLoader:240 - Cannot read IP mode file for STMicroelectronics.X-CUBE-AZRTOS-F7.1.1.0
2024-01-15 19:58:29,337 [WARN] PackLoader:240 - Cannot read IP mode file for STMicroelectronics.FP-SNS-MOTENV1.4.3.2
2024-01-15 19:58:29,343 [WARN] PackLoader:240 - Cannot read IP mode file for STMicroelectronics.FP-SNS-FLIGHT1.5.0.2
2024-01-15 19:58:29,351 [WARN] PackLoader:240 - Cannot read IP mode file for STMicroelectronics.X-CUBE-DISPLAY.3.0.0
2024-01-15 19:58:29,362 [WARN] PackLoader:240 - Cannot read IP mode file for STMicroelectronics.X-CUBE-BLE1.7.0.0
2024-01-15 19:58:29,366 [WARN] PackLoader:240 - Cannot read IP mode file for emotas.I-CUBE-CANOPEN.1.3.0
2024-01-15 19:58:29,368 [WARN] PackLoader:240 - Cannot read IP mode file for STMicroelectronics.X-CUBE-TOUCHGFX.4.22.1
2024-01-15 19:58:29,372 [WARN] PackLoader:240 - Cannot read IP mode file for STMicroelectronics.FP-SNS-SMARTAG2.1.2.0
2024-01-15 19:58:29,383 [INFO] LogOutputStream:77 - [STDOUT_REDIRECT] 1 : Invalid condition id : UX_CORESTACK_Condition cause : null
2024-01-15 19:58:29,384 [INFO] LogOutputStream:77 - [STDOUT_REDIRECT] 1 : Invalid condition id : UX_CORESTACK_Condition cause : null
2024-01-15 19:58:29,385 [INFO] LogOutputStream:77 - [STDOUT_REDIRECT] 1 : Invalid condition id : UX_CORESTACK_Condition cause : null
2024-01-15 19:58:29,386 [INFO] LogOutputStream:77 - [STDOUT_REDIRECT] 1 : Invalid condition id : UX_CORESTACK_Condition cause : null
2024-01-15 19:58:29,386 [INFO] LogOutputStream:77 - [STDOUT_REDIRECT] 1 : Invalid condition id : UX_CORESTACK_Condition cause : null
2024-01-15 19:58:29,390 [WARN] PackLoader:240 - Cannot read IP mode file for STMicroelectronics.X-CUBE-AZRTOS-WL.2.0.0
2024-01-15 19:58:29,398 [WARN] PackLoader:240 - Cannot read IP mode file for WES.I-CUBE-Cesium.1.3.0
2024-01-15 19:58:29,402 [WARN] PackLoader:240 - Cannot read IP mode file for STMicroelectronics.X-CUBE-BLE2.3.3.0
2024-01-15 19:58:29,409 [WARN] PackLoader:240 - Cannot read IP mode file for STMicroelectronics.X-CUBE-ALGOBUILD.1.3.0
2024-01-15 19:58:29,423 [WARN] PackLoader:240 - Cannot read IP mode file for STMicroelectronics.X-CUBE-AZRTOS-G0.1.1.0
2024-01-15 19:58:29,431 [WARN] PackLoader:240 - Cannot read IP mode file for STMicroelectronics.X-CUBE-NFC4.3.0.0
2024-01-15 19:58:29,440 [WARN] PackLoader:240 - Cannot read IP mode file for STMicroelectronics.X-CUBE-BLEMGR.3.0.0
2024-01-15 19:58:29,446 [WARN] PackLoader:240 - Cannot read IP mode file for STMicroelectronics.FP-ATR-SIGFOX1.3.2.0
2024-01-15 19:58:29,450 [WARN] PackLoader:240 - Cannot read IP mode file for STMicroelectronics.X-CUBE-GNSS1.6.0.0
2024-01-15 19:58:29,476 [WARN] PackLoader:240 - Cannot read IP mode file for STMicroelectronics.X-CUBE-AZRTOS-F4.1.1.0
2024-01-15 19:58:29,483 [WARN] PackLoader:240 - Cannot read IP mode file for wolfSSL.I-CUBE-wolfSSL.5.6.4
2024-01-15 19:58:29,500 [WARN] PackLoader:240 - Cannot read IP mode file for STMicroelectronics.X-CUBE-AZRTOS-L5.2.0.0
2024-01-15 19:58:29,508 [WARN] PackLoader:240 - Cannot read IP mode file for STMicroelectronics.X-CUBE-EEPRMA1.4.2.0
2024-01-15 19:58:29,514 [WARN] PackLoader:240 - Cannot read IP mode file for ITTIA_DB.I-CUBE-ITTIADB.8.8.0
2024-01-15 19:58:29,518 [WARN] PackLoader:240 - Cannot read IP mode file for STMicroelectronics.X-CUBE-NFC7.1.0.1
2024-01-15 19:58:29,526 [WARN] PackLoader:240 - Cannot read IP mode file for STMicroelectronics.X-CUBE-NFC6.3.0.0
2024-01-15 19:58:29,533 [WARN] PackLoader:240 - Cannot read IP mode file for STMicroelectronics.X-CUBE-AI.8.1.0
2024-01-15 19:58:29,551 [WARN] ConditionMgr:438 - getConditionDescription Invalid condition id : LAN8742 Phy interface Condition cause : null
2024-01-15 19:58:29,551 [WARN] PackLoader:240 - Cannot read IP mode file for STMicroelectronics.X-CUBE-AZRTOS-L4.2.0.0
2024-01-15 19:58:29,553 [WARN] ConditionMgr:1039 - genDependencies : Invalid condition id : LAN8742 Phy interface Condition cause : null
2024-01-15 19:58:29,553 [WARN] ConditionMgr:1039 - genDependencies : Invalid condition id : LAN8742 Phy interface Condition cause : null
2024-01-15 19:58:29,554 [WARN] ConditionMgr:1039 - genDependencies : Invalid condition id : LAN8742 Phy interface Condition cause : null
2024-01-15 19:58:29,563 [WARN] PackLoader:240 - Cannot read IP mode file for STMicroelectronics.X-CUBE-SFXS2LP1.4.0.0
2024-01-15 19:58:29,570 [WARN] PackLoader:240 - Cannot read IP mode file for STMicroelectronics.X-CUBE-ISPU.1.1.0
2024-01-15 19:58:29,581 [WARN] ConditionMgr:438 - getConditionDescription Invalid condition id : UX DEVICE CLASS RTOS Condition cause : null
2024-01-15 19:58:29,581 [WARN] ConditionMgr:438 - getConditionDescription Invalid condition id : UX DEVICE CLASS RTOS Condition cause : null
2024-01-15 19:58:29,583 [WARN] PackLoader:240 - Cannot read IP mode file for STMicroelectronics.X-CUBE-AZRTOS-WB.2.0.0
2024-01-15 19:58:29,584 [WARN] ConditionMgr:1039 - genDependencies : Invalid condition id : UX DEVICE CLASS RTOS Condition cause : null
2024-01-15 19:58:29,584 [WARN] ConditionMgr:1039 - genDependencies : Invalid condition id : UX DEVICE CLASS RTOS Condition cause : null
2024-01-15 19:58:29,584 [WARN] ConditionMgr:1039 - genDependencies : Invalid condition id : UX DEVICE CLASS RTOS Condition cause : null
2024-01-15 19:58:29,584 [WARN] ConditionMgr:1039 - genDependencies : Invalid condition id : UX DEVICE CLASS RTOS Condition cause : null
2024-01-15 19:58:29,584 [WARN] ConditionMgr:1039 - genDependencies : Invalid condition id : UX DEVICE CLASS RTOS Condition cause : null
2024-01-15 19:58:29,596 [WARN] PackLoader:240 - Cannot read IP mode file for STMicroelectronics.X-CUBE-SUBG2.5.0.0
2024-01-15 19:58:29,614 [WARN] PackLoader:240 - Cannot read IP mode file for STMicroelectronics.X-CUBE-AZRTOS-G4.2.0.0
2024-01-15 19:58:29,628 [WARN] PackLoader:240 - Cannot read IP mode file for Infineon.AIROC-Wi-Fi-Bluetooth-STM32.1.5.1
2024-01-15 19:58:29,636 [WARN] PackLoader:240 - Cannot read IP mode file for STMicroelectronics.X-CUBE-ISPU.2.0.0
2024-01-15 19:58:29,685 [WARN] PackLoader:240 - Cannot read IP mode file for STMicroelectronics.X-CUBE-MEMS1.10.0.0
2024-01-15 19:58:29,785 [INFO] WebApp:161 - Instantiating new browser for Auth
2024-01-15 19:58:29,846 [WARN] PackLoader:240 - Cannot read IP mode file for STMicroelectronics.X-CUBE-FREERTOS.1.1.0
2024-01-15 19:58:29,851 [WARN] PackLoader:240 - Cannot read IP mode file for portGmbH.I-Cube-SoM-uGOAL.1.1.0
2024-01-15 19:58:29,856 [WARN] PackLoader:240 - Cannot read IP mode file for STMicroelectronics.X-CUBE-ALS.1.0.1
2024-01-15 19:58:29,860 [WARN] PackLoader:240 - Cannot read IP mode file for STMicroelectronics.FP-ATR-ASTRA1.2.0.0
2024-01-15 19:58:29,877 [WARN] PackLoader:240 - Cannot read IP mode file for STMicroelectronics.X-CUBE-AZRTOS-H7.3.2.0
2024-01-15 19:58:29,881 [INFO] ThirdParty:978 - Integrity check success = true
2024-01-15 19:58:29,881 [INFO] IntegrityCheckThread:100 - exiting critical section [integrity check]
2024-01-15 19:58:29,882 [INFO] IntegrityCheckThread:103 - End integrity checks thread
2024-01-15 19:58:30,324 [INFO] WebApp:780 - Register for checkConnection events
2024-01-15 19:58:30,324 [INFO] WebApp:414 - Apply proxy settings
2024-01-15 19:58:30,325 [INFO] WebApp:459 - Chromium authenticates against Manually configured proxy
2024-01-15 19:58:30,329 [INFO] WebApp:467 - Username used for proxy authentication: 
2024-01-15 19:58:30,442 [INFO] WebApp:192 - Starting web application
2024-01-15 19:58:30,442 [INFO] WebApp:544 - Web application path used C:\ST\STM32CubeIDE_1.14.0\STM32CubeIDE\plugins\com.st.stm32cube.common.mx_6.10.0.202311202037\db\plugins\mcufinder\reactClient1\index.html
2024-01-15 19:58:50,883 [ERROR] LogOutputStream:75 - [STDERR_REDIRECT] SLF4J: Failed to load class "org.slf4j.impl.StaticLoggerBinder".
2024-01-15 19:58:50,884 [ERROR] LogOutputStream:75 - [STDERR_REDIRECT] SLF4J: Defaulting to no-operation (NOP) logger implementation
2024-01-15 19:58:50,885 [ERROR] LogOutputStream:75 - [STDERR_REDIRECT] SLF4J: See http://www.slf4j.org/codes.html#StaticLoggerBinder for further details.
2024-01-15 20:02:09,851 [INFO] McuFinderGlobals:63 - Set McuFinder mode to 2 (CubeIDE integrated)
2024-01-15 20:02:09,859 [INFO] MainUpdater:2873 - connection check result : 10
2024-01-15 20:02:09,860 [INFO] MainUpdater:2873 - connection check result : 10
2024-01-15 20:02:09,915 [INFO] MicroXplorer:468 - Change Database Path : 
2024-01-15 20:02:09,915 [INFO] MicroXplorer:498 - Change Database Version : DB.6.0.100
2024-01-15 20:02:09,920 [WARN] ThirdParty:871 - waiting for thirdparty lock release [close project]
2024-01-15 20:02:09,920 [INFO] ThirdParty:873 - entering critical section [close project]
2024-01-15 20:02:09,922 [INFO] ThirdParty:883 - exiting critical section [close project]
2024-01-15 20:02:09,923 [INFO] PinOutPanel:1499 - setPackage(No Configuration,No Configuration)
2024-01-15 20:02:09,926 [INFO] UtilMem:75 - Begin LoadConfig() Used Memory: 572892520 Bytes (948961280)
2024-01-15 20:02:09,928 [INFO] MicroXplorer:468 - Change Database Path : 
2024-01-15 20:02:09,928 [INFO] MicroXplorer:498 - Change Database Version : DB.6.0.100
2024-01-15 20:02:09,928 [INFO] OpenFileManager:312 - Change cursor
2024-01-15 20:02:09,962 [INFO] Mcu:2016 - Initializing MCU STM32F407V(E-G)Tx STM32F407VGTx STM32F407VGT6
2024-01-15 20:02:11,362 [INFO] Context:659 - Trying to add GPIOservice into a context  which must be forbidden
2024-01-15 20:02:11,847 [INFO] RtosManager:555 - Registered RTOS mode: class=CMSIS, group=RTOS, mode=CMSIS_V1, owner=FREERTOS
2024-01-15 20:02:11,847 [INFO] RtosManager:555 - Registered RTOS mode: class=CMSIS, group=RTOS2, mode=CMSIS_V2, owner=FREERTOS
2024-01-15 20:02:11,847 [INFO] RtosManager:555 - Registered RTOS mode: class=RTOS, group=Core, mode=CMSIS_V1, owner=FREERTOS
2024-01-15 20:02:11,847 [INFO] RtosManager:555 - Registered RTOS mode: class=RTOS, group=Core, mode=CMSIS_V2, owner=FREERTOS
2024-01-15 20:02:11,848 [WARN] ModelIntegratedComponent:184 - Missing modes for component STMicroelectronics:FreeRTOS:0.0.1:STMicroelectronics:RTOS:FreeRTOS:Core:::10.2.0:
2024-01-15 20:02:11,865 [WARN] ModelIntegratedComponent:63 - No mode defined for component null
2024-01-15 20:02:11,865 [WARN] ModelIntegratedComponent:63 - No mode defined for component null
2024-01-15 20:02:11,865 [WARN] ModelIntegratedComponent:63 - No mode defined for component null
2024-01-15 20:02:11,865 [WARN] ModelIntegratedComponent:63 - No mode defined for component null
2024-01-15 20:02:11,865 [WARN] ModelIntegratedComponent:63 - No mode defined for component null
2024-01-15 20:02:11,865 [WARN] ModelIntegratedComponent:63 - No mode defined for component null
2024-01-15 20:02:11,865 [WARN] ModelIntegratedComponent:63 - No mode defined for component null
2024-01-15 20:02:11,865 [WARN] ModelIntegratedComponent:63 - No mode defined for component null
2024-01-15 20:02:11,866 [WARN] ModelIntegratedComponent:63 - No mode defined for component null
2024-01-15 20:02:11,866 [WARN] ModelIntegratedComponent:63 - No mode defined for component null
2024-01-15 20:02:11,866 [WARN] ModelIntegratedComponent:63 - No mode defined for component null
2024-01-15 20:02:11,866 [WARN] ModelIntegratedComponent:63 - No mode defined for component null
2024-01-15 20:02:11,866 [WARN] ModelIntegratedComponent:63 - No mode defined for component null
2024-01-15 20:02:11,866 [WARN] ModelIntegratedComponent:63 - No mode defined for component null
2024-01-15 20:02:11,866 [WARN] ModelIntegratedComponent:63 - No mode defined for component null
2024-01-15 20:02:11,866 [WARN] ModelIntegratedComponent:63 - No mode defined for component null
2024-01-15 20:02:11,866 [WARN] ModelIntegratedComponent:63 - No mode defined for component null
2024-01-15 20:02:11,866 [WARN] ModelIntegratedComponent:63 - No mode defined for component null
2024-01-15 20:02:11,866 [WARN] ModelIntegratedComponent:63 - No mode defined for component null
2024-01-15 20:02:11,866 [WARN] ModelIntegratedComponent:63 - No mode defined for component null
2024-01-15 20:02:11,866 [WARN] ModelIntegratedComponent:63 - No mode defined for component null
2024-01-15 20:02:11,866 [WARN] ModelIntegratedComponent:63 - No mode defined for component null
2024-01-15 20:02:11,866 [WARN] ModelIntegratedComponent:63 - No mode defined for component null
2024-01-15 20:02:11,866 [WARN] ModelIntegratedComponent:63 - No mode defined for component null
2024-01-15 20:02:11,866 [WARN] ModelIntegratedComponent:63 - No mode defined for component null
2024-01-15 20:02:11,866 [WARN] ModelIntegratedComponent:63 - No mode defined for component null
2024-01-15 20:02:11,866 [WARN] ModelIntegratedComponent:63 - No mode defined for component null
2024-01-15 20:02:11,866 [WARN] ModelIntegratedComponent:63 - No mode defined for component null
2024-01-15 20:02:11,866 [WARN] ModelIntegratedComponent:63 - No mode defined for component null
2024-01-15 20:02:11,866 [WARN] ModelIntegratedComponent:63 - No mode defined for component null
2024-01-15 20:02:11,866 [WARN] ModelIntegratedComponent:63 - No mode defined for component null
2024-01-15 20:02:11,866 [WARN] ModelIntegratedComponent:63 - No mode defined for component null
2024-01-15 20:02:11,866 [WARN] ModelIntegratedComponent:63 - No mode defined for component null
2024-01-15 20:02:11,955 [INFO] ThirdPartyModel:298 - Start build external matchings
2024-01-15 20:02:12,086 [INFO] ThirdPartyModel:316 - End build external matchings
2024-01-15 20:02:12,105 [INFO] ImportTextPane:194 - (OptionalMessage_ERROR) IP (RCC) : Parameter (RTCHSEDivFreq_Value) has invalid value (4000000)
2024-01-15 20:02:12,359 [INFO] UtilMem:75 - End LoadConfig() Used Memory: 756149400 Bytes (1073741824)
2024-01-15 20:02:12,459 [INFO] ApiDb:581 - Connected to CubeFinder SQLite database (C:\Users\5164580\.stmcufinder\plugins\mcufinder\mcu\cube-finder-db.db)
2024-01-15 20:02:12,519 [INFO] ApiDb:668 - CubeFinder database Data Model version=2.1
2024-01-15 20:02:12,520 [INFO] ApiDb:669 - CubeFinder database Configuration version=3.0.39
2024-01-15 20:02:12,520 [INFO] ApiDb:670 - CubeFinder database generation date=2023-11-06 (1699269565)
2024-01-15 20:02:12,520 [INFO] ApiDb:671 - CubeFinder database FW Pack versions=[FP-ATR-ASTRA1_V2.0.0, FP-SNS-FLIGHT1_V5.0.1, FP-SNS-FLIGHT1_V5.0.2, FP-SNS-MOTENV1_V4.3.1, FP-SNS-MOTENV1_V4.3.2, FP-SNS-MOTENVWB1_V1.3.0, FP-SNS-SMARTAG2_V1.2.0, STM32Cube_FW_C0_V1.1.0, STM32Cube_FW_F4_V1.28.0, STM32Cube_FW_F7_V1.17.0, STM32Cube_FW_G0_V1.6.1, STM32Cube_FW_G4_V1.5.1, STM32Cube_FW_H5_V0.5.1, STM32Cube_FW_H5_V1.1.1, STM32Cube_FW_H5_V1.2.0RC2, STM32Cube_FW_H7_V1.11.0, STM32Cube_FW_L0_V1.12.2, STM32Cube_FW_L5_V1.5.0, STM32Cube_FW_U5_V1.3.0RC4, STM32Cube_FW_U5_V1.4.0, STM32Cube_FW_WBA_V1.0.0RC1, STM32Cube_FW_WBA_V1.1.0RC1, STM32Cube_FW_WBA_V1.2.0, STM32Cube_FW_WBA_V1.2.0RC2, STM32Cube_FW_WB_V1.15.0RC1, STM32Cube_FW_WB_V1.16.0, STM32Cube_FW_WB_V1.16.0RC2, STM32Cube_FW_WB_V1.18.0, STM32Cube_FW_WL_V1.3.0, X-CUBE-ALGOBUILD_V1.3.0, X-CUBE-ALS_V1.0.1, X-CUBE-AZRTOS-F4_V1.1.0, X-CUBE-AZRTOS-F7_V1.1.0, X-CUBE-AZRTOS-G0_V1.1.0, X-CUBE-AZRTOS-G4_V2.0.0, X-CUBE-AZRTOS-H7_V3.1.0, X-CUBE-AZRTOS-L4_V1.0.0, X-CUBE-AZRTOS-L4_V2.0.0, X-CUBE-AZRTOS-L5_V1.1.0, X-CUBE-AZRTOS-WB_V2.0.0, X-CUBE-AZRTOS-WL_V2.0.0, X-CUBE-BLE1_V7.0.0, X-CUBE-BLE2_V3.3.0, X-CUBE-BLEMGR_V2.0.0, X-CUBE-EEPRMA1_V4.1.0, X-CUBE-EEPRMA1_V4.2.0, X-CUBE-FREERTOS_V1.1.0, X-CUBE-GNSS1_V6.0.0, X-CUBE-MEMS1_V10.0.0, X-CUBE-MEMS1_V9.1.0, X-CUBE-MEMS1_V9.4.0, X-CUBE-MEMS1_V9.6.0, X-CUBE-NFC4_V3.0.0, X-CUBE-NFC7_V1.0.1, X-CUBE-SFXS2LP1_V4.0.0, X-CUBE-SUBG2_V5.0.0, X-CUBE-TOF1_V3.3.1]
2024-01-15 20:02:14,435 [INFO] ApiDb:240 - Found 371 in-development CPN: [B-G473E-ZEST1S, B-WB1M-WPAN1, B-WL5M-SUBG1, NUCLEO-C031C6, NUCLEO-H503RB, NUCLEO-H563ZI, NUCLEO-U545RE-Q, NUCLEO-U5A5ZJ-Q, NUCLEO-WBA52CG, NUCLEO-WBA55CG, STEVAL-MKBOXPRO, STEVAL-PROTEUS1, STEVAL-STWINBX1, STM320518-EVAL, STM32C0116-DK, STM32C011D6Y3TR, STM32C011D6Y6TR, STM32C011F4P3, STM32C011F4P6, STM32C011F4U3, STM32C011F4U6TR, STM32C011F6P3, STM32C011F6P6, STM32C011F6U3, STM32C011F6U6TR, STM32C011J4M3, STM32C011J4M6, STM32C011J6M3, STM32C011J6M6, STM32C0316-DK, STM32C031C4T3, STM32C031C4T6, STM32C031C4U3, STM32C031C4U6, STM32C031C6T3, STM32C031C6T6, STM32C031C6U3, STM32C031C6U6, STM32C031F4P3, STM32C031F4P6, STM32C031F6P3, STM32C031F6P6, STM32C031G4U3, STM32C031G4U6, STM32C031G6U3, STM32C031G6U6, STM32C031K4T3, STM32C031K4T6, STM32C031K4U3, STM32C031K4U6, STM32C031K6T3, STM32C031K6T6, STM32C031K6U3, STM32C031K6U6, STM32G071K8TXN, STM32G071K8UXN, STM32G081GBU6N, STM32G081KBT6N, STM32G081KBUXN, STM32G0B1CCT6N, STM32G0B1KCT6, STM32G0B1NEY6TR, STM32G0B1RCT6N, STM32G0C1CCT6, STM32G0C1CCT6N, STM32G0C1CCU6N, STM32G0C1CET6N, STM32G0C1CEU6N, STM32G0C1KCT6, STM32G0C1NEY6TR, STM32G0C1RCI6N, STM32G0C1RCT6N, STM32G0C1REI6N, STM32G0C1RET6N, STM32G0C1VCI6, STM32G0C1VEI6, STM32G471CCT6, STM32G471CCU6, STM32G471CET3, STM32G471CET6, STM32G471CEU3, STM32G471CEU6, STM32G471MCT6, STM32G471MET3, STM32G471MET6, STM32G471MEY6TR, STM32G471QCT6, STM32G471QET3, STM32G471RCT6, STM32G471RET3, STM32G471RET6, STM32G471VCH6, STM32G471VCI6, STM32G471VCT6, STM32G471VEH3, STM32G471VEH6, STM32G471VEI3, STM32G471VEI6, STM32G471VET3, STM32G471VET6, STM32G474CCT6, STM32H503CBT6, STM32H503CBU6, STM32H503EBY6TR, STM32H503KBU6, STM32H503RBT6, STM32H562AGI6, STM32H562AII6, STM32H562IGK6, STM32H562IGT6, STM32H562IIK6, STM32H562IIT6, STM32H562RGT6, STM32H562RGV6, STM32H562RIT6, STM32H562RIV6, STM32H562VGT6, STM32H562VIT6, STM32H562ZGT6, STM32H562ZIT6, STM32H563AGI6, STM32H563AII3Q, STM32H563AII6, STM32H563IGK6, STM32H563IGT6, STM32H563IIK3Q, STM32H563IIK6, STM32H563IIT3Q, STM32H563IIT6, STM32H563MIY3QTR, STM32H563RGT6, STM32H563RGV6, STM32H563RIT6, STM32H563RIV6, STM32H563VGT6, STM32H563VIT3Q, STM32H563VIT6, STM32H563ZGT6, STM32H563ZIT3Q, STM32H563ZIT6, STM32H573AII3Q, STM32H573AII6, STM32H573I-DK, STM32H573IIK3Q, STM32H573IIK6, STM32H573IIT3Q, STM32H573IIT6, STM32H573MIY3QTR, STM32H573RIT6, STM32H573RIV6, STM32H573VIT3Q, STM32H573VIT6, STM32H573ZIT3Q, STM32H573ZIT6, STM32L4R5QGI6STR, STM32MP131AAE3, STM32MP131AAF3, STM32MP131AAG3, STM32MP131CAE3, STM32MP131CAF3, STM32MP131CAG3, STM32MP131DAE7, STM32MP131DAF7, STM32MP131DAG7, STM32MP131FAE7, STM32MP131FAF7, STM32MP131FAG7, STM32MP133AAE3, STM32MP133AAF3, STM32MP133AAG3, STM32MP133CAE3, STM32MP133CAF3, STM32MP133CAG3, STM32MP133DAE7, STM32MP133DAF7, STM32MP133DAG7, STM32MP133FAE7, STM32MP133FAF7, STM32MP133FAG7, STM32MP135AAE3, STM32MP135AAF3, STM32MP135AAG3, STM32MP135CAE3, STM32MP135CAF3, STM32MP135CAG3, STM32MP135DAE7, STM32MP135DAF7, STM32MP135DAG7, STM32MP135F-DK, STM32MP135FAE7, STM32MP135FAF7, STM32MP135FAF7T, STM32MP135FAF7U, STM32MP135FAG7, STM32U535CBT6, STM32U535CBT6Q, STM32U535CBU6, STM32U535CBU6Q, STM32U535CCT6, STM32U535CCT6Q, STM32U535CCU6, STM32U535CCU6Q, STM32U535CET6, STM32U535CET6Q, STM32U535CEU6, STM32U535CEU6Q, STM32U535JEY6QTR, STM32U535NCY6QTR, STM32U535NEY6QTR, STM32U535RBI6, STM32U535RBI6Q, STM32U535RBT6, STM32U535RBT6Q, STM32U535RCI6, STM32U535RCI6Q, STM32U535RCT6, STM32U535RCT6Q, STM32U535REI6, STM32U535REI6Q, STM32U535RET6, STM32U535RET6Q, STM32U535VCI6, STM32U535VCI6Q, STM32U535VCT6, STM32U535VCT6Q, STM32U535VEI6, STM32U535VEI6Q, STM32U535VET6, STM32U535VET6Q, STM32U545CET6, STM32U545CET6Q, STM32U545CEU6, STM32U545CEU6Q, STM32U545JEY6QTR, STM32U545NEY6QTR, STM32U545REI6, STM32U545REI6Q, STM32U545RET6, STM32U545RET6Q, STM32U545VEI6, STM32U545VEI6Q, STM32U545VET6, STM32U545VET6Q, STM32U595AIH6, STM32U595AIH6Q, STM32U595AJH6, STM32U595AJH6Q, STM32U595QII6, STM32U595QII6Q, STM32U595QJI6, STM32U595QJI6Q, STM32U595RIT6, STM32U595RIT6Q, STM32U595RJT6, STM32U595RJT6Q, STM32U595VIT6, STM32U595VIT6Q, STM32U595VJT6, STM32U595VJT6Q, STM32U595ZIT6, STM32U595ZIT6Q, STM32U595ZIY6QTR, STM32U595ZJT6, STM32U595ZJT6Q, STM32U595ZJY6QTR, STM32U599BJY6QTR, STM32U599NIH6Q, STM32U599NJH6Q, STM32U599VIT6Q, STM32U599VJT6, STM32U599VJT6Q, STM32U599ZIT6Q, STM32U599ZIY6QTR, STM32U599ZJT6Q, STM32U599ZJY6QTR, STM32U5A5AJH6, STM32U5A5AJH6Q, STM32U5A5QJI6, STM32U5A5QJI6Q, STM32U5A5RJT6, STM32U5A5RJT6Q, STM32U5A5VJT6, STM32U5A5VJT6Q, STM32U5A5ZJT6, STM32U5A5ZJT6Q, STM32U5A5ZJY6QTR, STM32U5A9BJY6QTR, STM32U5A9J-DK, STM32U5A9NJH6Q, STM32U5A9VJT6Q, STM32U5A9ZJT6Q, STM32U5A9ZJY6QTR, STM32U5F7VIT6, STM32U5F7VIT6Q, STM32U5F7VJT6, STM32U5F7VJT6Q, STM32U5F9BJY6QTR, STM32U5F9NJH6Q, STM32U5F9VIT6Q, STM32U5F9VJT6Q, STM32U5F9ZIJ6QTR, STM32U5F9ZIT6Q, STM32U5F9ZJJ6QTR, STM32U5F9ZJT6Q, STM32U5G7VJT6, STM32U5G7VJT6Q, STM32U5G9BJY6QTR, STM32U5G9J-DK1, STM32U5G9J-DK2, STM32U5G9NJH6Q, STM32U5G9VJT6Q, STM32U5G9ZJJ6QTR, STM32U5G9ZJT6Q, STM32WB1MMCH6, STM32WBA50KEU6, STM32WBA50KEU6TR, STM32WBA50KGU6, STM32WBA50KGU6TR, STM32WBA52CEU6, STM32WBA52CEU6TR, STM32WBA52CEU7, STM32WBA52CEU7TR, STM32WBA52CGU6, STM32WBA52CGU6TR, STM32WBA52CGU6U, STM32WBA52CGU7, STM32WBA52CGU7TR, STM32WBA52KEU6, STM32WBA52KEU6TR, STM32WBA52KGU6, STM32WBA52KGU6TR, STM32WBA54CEU6, STM32WBA54CEU6TR, STM32WBA54CEU7, STM32WBA54CEU7TR, STM32WBA54CGU6, STM32WBA54CGU6TR, STM32WBA54CGU7, STM32WBA54CGU7TR, STM32WBA54KEU6, STM32WBA54KEU6TR, STM32WBA54KEU7, STM32WBA54KEU7TR, STM32WBA54KGU6, STM32WBA54KGU6TR, STM32WBA54KGU7, STM32WBA54KGU7TR, STM32WBA55CEU6, STM32WBA55CEU6TR, STM32WBA55CEU7, STM32WBA55CEU7TR, STM32WBA55CGU6, STM32WBA55CGU6TR, STM32WBA55CGU6U, STM32WBA55CGU7, STM32WBA55CGU7TR, STM32WBA55G-DK1, STM32WBA55HEF6, STM32WBA55HEF7, STM32WBA55HGF6, STM32WBA55HGF7, STM32WBA55UEI6, STM32WBA55UEI6TR, STM32WBA55UEI7, STM32WBA55UEI7TR, STM32WBA55UGI6, STM32WBA55UGI6TR, STM32WBA55UGI7, STM32WBA55UGI7TR, STM32WL5MOCH6, STM32WL5MOCH6TR]
2024-01-15 20:02:14,438 [INFO] DbMcus:218 - Found 3930 MCUs, 3930 are supported
2024-01-15 20:02:14,439 [INFO] ApiDb:423 - Load user favorites file C:\Users\5164580/.stm32cubeide/favorites.mcus.txt: 1 item(s)
2024-01-15 20:02:14,440 [INFO] ApiDb:427 - User favorites MCUs=[STM32F407VGT6]
2024-01-15 20:02:14,440 [INFO] DbMcus:224 - Set 1 / 1 favorites MCUs
2024-01-15 20:02:14,747 [INFO] MicroXplorer:468 - Change Database Path : 
2024-01-15 20:02:14,747 [INFO] MicroXplorer:498 - Change Database Version : DB.6.0.100
2024-01-15 20:02:14,747 [WARN] ThirdParty:833 - waiting for thirdparty lock release [change project]
2024-01-15 20:02:14,747 [INFO] ThirdParty:835 - entering critical section [change project]
2024-01-15 20:02:14,747 [INFO] ThirdParty:1030 - CMSIS Pack Vendor :STMicroelectronics X-CUBE-ISPU 1.1.0
2024-01-15 20:02:14,748 [INFO] ThirdParty:1030 - CMSIS Pack Vendor :STMicroelectronics USBPD 4.1
2024-01-15 20:02:14,748 [INFO] ThirdParty:1030 - CMSIS Pack Vendor :STMicroelectronics X-CUBE-GNSS1 6.0.0
2024-01-15 20:02:14,748 [INFO] ThirdParty:1030 - CMSIS Pack Vendor :STMicroelectronics USB_HOST 2.0.0
2024-01-15 20:02:14,748 [INFO] ThirdParty:1030 - CMSIS Pack Vendor :STMicroelectronics X-CUBE-AZRTOS-F4 1.1.0
2024-01-15 20:02:14,748 [INFO] ThirdParty:1030 - CMSIS Pack Vendor :STMicroelectronics LIBJPEG 8.0.0
2024-01-15 20:02:14,748 [INFO] ThirdParty:1030 - CMSIS Pack Vendor :wolfSSL I-CUBE-wolfSSL 5.6.4
2024-01-15 20:02:14,748 [INFO] ThirdParty:1030 - CMSIS Pack Vendor :STMicroelectronics X-CUBE-SMBUS 2.1.0
2024-01-15 20:02:14,748 [INFO] ThirdParty:1030 - CMSIS Pack Vendor :STMicroelectronics USB_DEVICE 3.0.0
2024-01-15 20:02:14,748 [INFO] ThirdParty:1030 - CMSIS Pack Vendor :STMicroelectronics X-CUBE-AZRTOS-WB 2.0.0
2024-01-15 20:02:14,748 [INFO] ThirdParty:1030 - CMSIS Pack Vendor :STMicroelectronics X-CUBE-TOUCHGFX 4.23.0
2024-01-15 20:02:14,748 [INFO] ThirdParty:1030 - CMSIS Pack Vendor :STMicroelectronics X-CUBE-AZRTOS-F7 1.1.0
2024-01-15 20:02:14,748 [INFO] ThirdParty:1030 - CMSIS Pack Vendor :STMicroelectronics X-CUBE-AZRTOS-L5 2.0.0
2024-01-15 20:02:14,748 [INFO] ThirdParty:1030 - CMSIS Pack Vendor :STMicroelectronics USB_DEVICE 2.0.0
2024-01-15 20:02:14,748 [INFO] ThirdParty:1030 - CMSIS Pack Vendor :STMicroelectronics X-CUBE-EEPRMA1 4.2.0
2024-01-15 20:02:14,748 [INFO] ThirdParty:1030 - CMSIS Pack Vendor :ITTIA_DB I-CUBE-ITTIADB 8.8.0
2024-01-15 20:02:14,748 [INFO] ThirdParty:1030 - CMSIS Pack Vendor :STMicroelectronics FP-SNS-MOTENV1 4.3.2
2024-01-15 20:02:14,748 [INFO] ThirdParty:1030 - CMSIS Pack Vendor :STMicroelectronics X-CUBE-ALGOBUILD 1.3.0
2024-01-15 20:02:14,748 [INFO] ThirdParty:1030 - CMSIS Pack Vendor :STMicroelectronics FreeRTOS 0.0.1
2024-01-15 20:02:14,748 [INFO] ThirdParty:1030 - CMSIS Pack Vendor :STMicroelectronics X-CUBE-AZRTOS-G0 1.1.0
2024-01-15 20:02:14,748 [INFO] ThirdParty:1030 - CMSIS Pack Vendor :STMicroelectronics X-CUBE-NFC4 3.0.0
2024-01-15 20:02:14,748 [INFO] ThirdParty:1030 - CMSIS Pack Vendor :STMicroelectronics X-CUBE-SUBG2 5.0.0
2024-01-15 20:02:14,748 [INFO] ThirdParty:1030 - CMSIS Pack Vendor :STMicroelectronics STM32_WPAN 1.0.0
2024-01-15 20:02:14,748 [INFO] ThirdParty:1030 - CMSIS Pack Vendor :STMicroelectronics lwIP 2.0.3
2024-01-15 20:02:14,748 [INFO] ThirdParty:1030 - CMSIS Pack Vendor :STMicroelectronics FP-SNS-FLIGHT1 5.0.2
2024-01-15 20:02:14,748 [INFO] ThirdParty:1030 - CMSIS Pack Vendor :STMicroelectronics USB_HOST 1.0.0
2024-01-15 20:02:14,748 [INFO] ThirdParty:1030 - CMSIS Pack Vendor :STMicroelectronics X-CUBE-AZRTOS-G4 2.0.0
2024-01-15 20:02:14,748 [INFO] ThirdParty:1030 - CMSIS Pack Vendor :STMicroelectronics PDM2PCM 3.1.0
2024-01-15 20:02:14,748 [INFO] ThirdParty:1030 - CMSIS Pack Vendor :Infineon AIROC-Wi-Fi-Bluetooth-STM32 1.5.1
2024-01-15 20:02:14,748 [INFO] ThirdParty:1030 - CMSIS Pack Vendor :STMicroelectronics X-CUBE-BLEMGR 3.0.0
2024-01-15 20:02:14,748 [INFO] ThirdParty:1030 - CMSIS Pack Vendor :STMicroelectronics PDM2PCM 3.3.0
2024-01-15 20:02:14,748 [INFO] ThirdParty:1030 - CMSIS Pack Vendor :STMicroelectronics X-CUBE-DISPLAY 3.0.0
2024-01-15 20:02:14,748 [INFO] ThirdParty:1030 - CMSIS Pack Vendor :STMicroelectronics X-CUBE-BLE1 7.0.0
2024-01-15 20:02:14,748 [INFO] ThirdParty:1030 - CMSIS Pack Vendor :STMicroelectronics FP-ATR-SIGFOX1 3.2.0
2024-01-15 20:02:14,748 [INFO] ThirdParty:1030 - CMSIS Pack Vendor :STMicroelectronics X-CUBE-ISPU 2.0.0
2024-01-15 20:02:14,748 [INFO] ThirdParty:1030 - CMSIS Pack Vendor :STMicroelectronics HAL Drivers 0.0.0
2024-01-15 20:02:14,748 [INFO] ThirdParty:1030 - CMSIS Pack Vendor :STMicroelectronics MBEDTLS 2.16.2
2024-01-15 20:02:14,748 [INFO] ThirdParty:1030 - CMSIS Pack Vendor :emotas I-CUBE-CANOPEN 1.3.0
2024-01-15 20:02:14,749 [INFO] ThirdParty:1030 - CMSIS Pack Vendor :STMicroelectronics X-CUBE-MEMS1 10.0.0
2024-01-15 20:02:14,749 [INFO] ThirdParty:1030 - CMSIS Pack Vendor :STMicroelectronics X-CUBE-FREERTOS 1.1.0
2024-01-15 20:02:14,749 [INFO] ThirdParty:1030 - CMSIS Pack Vendor :STMicroelectronics X-CUBE-NFC7 1.0.1
2024-01-15 20:02:14,749 [INFO] ThirdParty:1030 - CMSIS Pack Vendor :STMicroelectronics MBEDTLS 2.14.1
2024-01-15 20:02:14,749 [INFO] ThirdParty:1030 - CMSIS Pack Vendor :STMicroelectronics X-CUBE-TOUCHGFX 4.22.1
2024-01-15 20:02:14,749 [INFO] ThirdParty:1030 - CMSIS Pack Vendor :STMicroelectronics X-CUBE-NFC6 3.0.0
2024-01-15 20:02:14,749 [INFO] ThirdParty:1030 - CMSIS Pack Vendor :portGmbH I-Cube-SoM-uGOAL 1.1.0
2024-01-15 20:02:14,749 [INFO] ThirdParty:1030 - CMSIS Pack Vendor :STMicroelectronics X-CUBE-ALS 1.0.1
2024-01-15 20:02:14,749 [INFO] ThirdParty:1030 - CMSIS Pack Vendor :STMicroelectronics ThreadX 1.0.0
2024-01-15 20:02:14,749 [INFO] ThirdParty:1030 - CMSIS Pack Vendor :STMicroelectronics FP-SNS-SMARTAG2 1.2.0
2024-01-15 20:02:14,749 [INFO] ThirdParty:1030 - CMSIS Pack Vendor :STMicroelectronics X-CUBE-AZRTOS-WL 2.0.0
2024-01-15 20:02:14,749 [INFO] ThirdParty:1030 - CMSIS Pack Vendor :STMicroelectronics USB_DEVICE 1.0.0
2024-01-15 20:02:14,749 [INFO] ThirdParty:1030 - CMSIS Pack Vendor :STMicroelectronics X-CUBE-AI 8.1.0
2024-01-15 20:02:14,749 [INFO] ThirdParty:1030 - CMSIS Pack Vendor :STMicroelectronics X-CUBE-AZRTOS-L4 2.0.0
2024-01-15 20:02:14,750 [INFO] ThirdParty:1030 - CMSIS Pack Vendor :STMicroelectronics ThreadX 0.0.2
2024-01-15 20:02:14,750 [INFO] ThirdParty:1030 - CMSIS Pack Vendor :WES I-CUBE-Cesium 1.3.0
2024-01-15 20:02:14,750 [INFO] ThirdParty:1030 - CMSIS Pack Vendor :STMicroelectronics FP-ATR-ASTRA1 2.0.0
2024-01-15 20:02:14,750 [INFO] ThirdParty:1030 - CMSIS Pack Vendor :STMicroelectronics lwIP 2.1.2
2024-01-15 20:02:14,750 [INFO] ThirdParty:1030 - CMSIS Pack Vendor :STMicroelectronics X-CUBE-SFXS2LP1 4.0.0
2024-01-15 20:02:14,750 [INFO] ThirdParty:1030 - CMSIS Pack Vendor :STMicroelectronics X-CUBE-BLE2 3.3.0
2024-01-15 20:02:14,750 [INFO] ThirdParty:1030 - CMSIS Pack Vendor :STMicroelectronics X-CUBE-AZRTOS-H7 3.2.0
2024-01-15 20:02:14,750 [INFO] ThirdParty:1030 - CMSIS Pack Vendor :STMicroelectronics PDM2PCM 3.2.0
2024-01-15 20:02:14,750 [INFO] ThirdParty:841 - exiting critical section [change project]
2024-01-15 20:02:15,051 [INFO] PinOutPanel:1499 - setPackage(No Configuration,No Configuration)
2024-01-15 20:02:15,053 [INFO] PinOutPanel:1499 - setPackage(STM32F407VGTx,LQFP100)
2024-01-15 20:02:15,480 [INFO] UtilMem:75 - Before build in PCC Used Memory: 694519296 Bytes (1073741824)
2024-01-15 20:02:16,190 [INFO] UtilMem:75 - After build in PCC Used Memory: 773430720 Bytes (1073741824)
2024-01-15 20:02:16,219 [INFO] IPUIPlugin:80 - create IPUIPlugin
2024-01-15 20:02:16,219 [INFO] IPUIPlugin:80 - create IPUIPlugin
2024-01-15 20:02:16,219 [INFO] IPUIPlugin:80 - create IPUIPlugin
2024-01-15 20:02:16,219 [INFO] IPUIPlugin:80 - create IPUIPlugin
2024-01-15 20:02:16,219 [INFO] IPUIPlugin:80 - create IPUIPlugin
2024-01-15 20:02:16,219 [INFO] IPUIPlugin:80 - create IPUIPlugin
2024-01-15 20:02:16,219 [INFO] IPUIPlugin:80 - create IPUIPlugin
2024-01-15 20:02:16,219 [INFO] IPUIPlugin:80 - create IPUIPlugin
2024-01-15 20:02:16,219 [INFO] IPUIPlugin:80 - create IPUIPlugin
2024-01-15 20:02:16,220 [INFO] IPUIPlugin:80 - create IPUIPlugin
2024-01-15 20:02:16,220 [INFO] IPUIPlugin:80 - create IPUIPlugin
2024-01-15 20:02:16,220 [INFO] IPUIPlugin:80 - create IPUIPlugin
2024-01-15 20:02:16,220 [INFO] IPUIPlugin:80 - create IPUIPlugin
2024-01-15 20:02:16,220 [INFO] IPUIPlugin:80 - create IPUIPlugin
2024-01-15 20:02:16,220 [INFO] IPUIPlugin:80 - create IPUIPlugin
2024-01-15 20:02:16,220 [INFO] IPUIPlugin:80 - create IPUIPlugin
2024-01-15 20:02:16,220 [INFO] IPUIPlugin:80 - create IPUIPlugin
2024-01-15 20:02:16,220 [INFO] IPUIPlugin:80 - create IPUIPlugin
2024-01-15 20:02:16,220 [INFO] IPUIPlugin:80 - create IPUIPlugin
2024-01-15 20:02:16,221 [INFO] IPUIPlugin:80 - create IPUIPlugin
2024-01-15 20:02:16,221 [INFO] IPUIPlugin:80 - create IPUIPlugin
2024-01-15 20:02:16,221 [INFO] IPUIPlugin:80 - create IPUIPlugin
2024-01-15 20:02:16,221 [INFO] IPUIPlugin:80 - create IPUIPlugin
2024-01-15 20:02:16,221 [INFO] IPUIPlugin:80 - create IPUIPlugin
2024-01-15 20:02:16,222 [INFO] IPUIPlugin:80 - create IPUIPlugin
2024-01-15 20:02:16,222 [INFO] IPUIPlugin:80 - create IPUIPlugin
2024-01-15 20:02:16,222 [INFO] IPUIPlugin:80 - create IPUIPlugin
2024-01-15 20:02:16,222 [INFO] IPUIPlugin:80 - create IPUIPlugin
2024-01-15 20:02:16,222 [INFO] IPUIPlugin:80 - create IPUIPlugin
2024-01-15 20:02:16,223 [INFO] IPUIPlugin:80 - create IPUIPlugin
2024-01-15 20:02:16,223 [INFO] IPUIPlugin:80 - create IPUIPlugin
2024-01-15 20:02:16,223 [INFO] IPUIPlugin:80 - create IPUIPlugin
2024-01-15 20:02:16,223 [INFO] IPUIPlugin:80 - create IPUIPlugin
2024-01-15 20:02:16,224 [INFO] IPUIPlugin:80 - create IPUIPlugin
2024-01-15 20:02:16,224 [INFO] IPUIPlugin:80 - create IPUIPlugin
2024-01-15 20:02:16,224 [INFO] IPUIPlugin:80 - create IPUIPlugin
2024-01-15 20:02:16,224 [INFO] IPUIPlugin:80 - create IPUIPlugin
2024-01-15 20:02:16,225 [INFO] IPUIPlugin:80 - create IPUIPlugin
2024-01-15 20:02:16,226 [INFO] IPUIPlugin:80 - create IPUIPlugin
2024-01-15 20:02:16,226 [INFO] IPUIPlugin:80 - create IPUIPlugin
2024-01-15 20:02:16,227 [INFO] IPUIPlugin:80 - create IPUIPlugin
2024-01-15 20:02:16,227 [INFO] IPUIPlugin:80 - create IPUIPlugin
2024-01-15 20:02:16,228 [INFO] IPUIPlugin:80 - create IPUIPlugin
2024-01-15 20:02:16,228 [INFO] IPUIPlugin:80 - create IPUIPlugin
2024-01-15 20:02:16,229 [INFO] IPUIPlugin:80 - create IPUIPlugin
2024-01-15 20:02:16,229 [INFO] IPUIPlugin:80 - create IPUIPlugin
2024-01-15 20:02:16,230 [INFO] IPUIPlugin:80 - create IPUIPlugin
2024-01-15 20:02:16,230 [INFO] IPUIPlugin:80 - create IPUIPlugin
2024-01-15 20:02:16,231 [INFO] IPUIPlugin:80 - create IPUIPlugin
2024-01-15 20:02:16,231 [INFO] IPUIPlugin:80 - create IPUIPlugin
2024-01-15 20:02:16,232 [INFO] IPUIPlugin:80 - create IPUIPlugin
2024-01-15 20:02:16,232 [INFO] IPUIPlugin:80 - create IPUIPlugin
2024-01-15 20:02:16,232 [INFO] IPUIPlugin:80 - create IPUIPlugin
2024-01-15 20:02:16,233 [INFO] IPUIPlugin:80 - create IPUIPlugin
2024-01-15 20:02:16,233 [INFO] IPUIPlugin:80 - create IPUIPlugin
2024-01-15 20:02:16,234 [INFO] IPUIPlugin:80 - create IPUIPlugin
2024-01-15 20:02:16,234 [INFO] IPUIPlugin:80 - create IPUIPlugin
2024-01-15 20:02:16,234 [INFO] IPUIPlugin:80 - create IPUIPlugin
2024-01-15 20:02:16,343 [INFO] ApiDbMcu:508 - Load IP Config File for PDM2PCM
2024-01-15 20:02:16,558 [INFO] CADModel:165 - CPN selected for project levelSTM32F407VGT6
2024-01-15 20:02:16,558 [INFO] CADModel:114 - Register for checkConnection events
2024-01-15 20:02:16,606 [INFO] OpenFileManager:343 - Restore cursor
2024-01-15 20:40:00,451 [ERROR] LogOutputStream:75 - [STDERR_REDIRECT] 
