2023-12-14 17:07:31,530 [INFO] Activator:176 - 


2023-12-14 17:07:31,547 [INFO] Activator:177 - !SESSION log4j initialized
2023-12-14 17:07:41,902 [INFO] LogOutputStream:77 - [STDOUT_REDIRECT] 
2023-12-14 17:07:44,136 [INFO] ApplicationProperties:184 - Using Application install path: C:\ST\STM32CubeIDE_1.14.0\STM32CubeIDE\plugins\com.st.stm32cube.common.mx_6.10.0.202311202037
2023-12-14 17:07:44,169 [INFO] DbMcusXml:78 - Set database path to: C:\ST\STM32CubeIDE_1.14.0\STM32CubeIDE\plugins\com.st.stm32cube.common.mx_6.10.0.202311202037\\db\/mcu/
2023-12-14 17:07:44,169 [INFO] ApiDb:274 - Set plugin database path to: C:\ST\STM32CubeIDE_1.14.0\STM32CubeIDE\plugins\com.st.stm32cube.common.mx_6.10.0.202311202037\\db\/plugins/boardmanager/
2023-12-14 17:07:44,170 [WARN] ApiDb:259 - Overriding images path with different value:  => C:\ST\STM32CubeIDE_1.14.0\STM32CubeIDE\plugins\com.st.stm32cube.common.mx_6.10.0.202311202037\\db\/plugins/mcufinder/images/
2023-12-14 17:07:44,191 [INFO] ApiDb:250 - Set database path to: C:\Users\5164580\.stmcufinder\plugins\mcufinder//mcu/
2023-12-14 17:07:44,195 [INFO] DbMcusAds:125 - Set database path to: C:\Users\5164580\.stmcufinder\plugins\mcufinder//mcu/
2023-12-14 17:07:44,200 [INFO] CrossReferenceDbSqlite:203 - Set database path to: C:\Users\5164580\.stmcufinder\plugins\mcufinder//mcu/cs/
2023-12-14 17:07:44,365 [INFO] RulesReader:64 - Compatibility file has been processed (297 Rules)
2023-12-14 17:07:44,460 [INFO] DbMcusXml:78 - Set database path to: C:\ST\STM32CubeIDE_1.14.0\STM32CubeIDE\plugins\com.st.stm32cube.common.mx_6.10.0.202311202037\\db\/mcu/
2023-12-14 17:07:44,461 [INFO] ApiDb:274 - Set plugin database path to: C:\ST\STM32CubeIDE_1.14.0\STM32CubeIDE\plugins\com.st.stm32cube.common.mx_6.10.0.202311202037\\db\/plugins/boardmanager/
2023-12-14 17:07:44,461 [INFO] ApiDb:261 - Set plugin images path to: C:\ST\STM32CubeIDE_1.14.0\STM32CubeIDE\plugins\com.st.stm32cube.common.mx_6.10.0.202311202037\\db\/plugins/mcufinder/images/
2023-12-14 17:07:44,461 [WARN] DbFile:41 - Overriding database path with different value: C:\Users\5164580\.stmcufinder\plugins\mcufinder/ => C:\Users\5164580\.stmcufinder\plugins\mcufinder
2023-12-14 17:07:44,461 [INFO] ApiDb:250 - Set database path to: C:\Users\5164580\.stmcufinder\plugins\mcufinder//mcu/
2023-12-14 17:07:44,461 [WARN] DbFile:41 - Overriding database path with different value: C:\Users\5164580\.stmcufinder\plugins\mcufinder/ => C:\Users\5164580\.stmcufinder\plugins\mcufinder
2023-12-14 17:07:44,461 [INFO] DbMcusAds:125 - Set database path to: C:\Users\5164580\.stmcufinder\plugins\mcufinder//mcu/
2023-12-14 17:07:44,461 [WARN] DbFile:41 - Overriding database path with different value: C:\Users\5164580\.stmcufinder\plugins\mcufinder/ => C:\Users\5164580\.stmcufinder\plugins\mcufinder
2023-12-14 17:07:44,461 [WARN] DbFile:41 - Overriding database path with different value: C:\Users\5164580\.stmcufinder\plugins\mcufinder/ => C:\Users\5164580\.stmcufinder\plugins\mcufinder
2023-12-14 17:07:44,461 [INFO] CrossReferenceDbSqlite:203 - Set database path to: C:\Users\5164580\.stmcufinder\plugins\mcufinder//mcu/cs/
2023-12-14 17:07:44,546 [INFO] MainPanel:264 - HeapMemory: 268435456
2023-12-14 17:07:44,654 [INFO] DbMcusXml:78 - Set database path to: C:\ST\STM32CubeIDE_1.14.0\STM32CubeIDE\plugins\com.st.stm32cube.common.mx_6.10.0.202311202037\\db\/mcu/
2023-12-14 17:07:44,654 [INFO] ApiDb:274 - Set plugin database path to: C:\ST\STM32CubeIDE_1.14.0\STM32CubeIDE\plugins\com.st.stm32cube.common.mx_6.10.0.202311202037\\db\/plugins/boardmanager/
2023-12-14 17:07:44,654 [INFO] ApiDb:261 - Set plugin images path to: C:\ST\STM32CubeIDE_1.14.0\STM32CubeIDE\plugins\com.st.stm32cube.common.mx_6.10.0.202311202037\\db\/plugins/mcufinder/images/
2023-12-14 17:07:44,656 [WARN] DbFile:41 - Overriding database path with different value: C:\Users\5164580\.stmcufinder\plugins\mcufinder/ => C:\Users\5164580\.stmcufinder\plugins\mcufinder
2023-12-14 17:07:44,656 [INFO] ApiDb:250 - Set database path to: C:\Users\5164580\.stmcufinder\plugins\mcufinder//mcu/
2023-12-14 17:07:44,656 [WARN] DbFile:41 - Overriding database path with different value: C:\Users\5164580\.stmcufinder\plugins\mcufinder/ => C:\Users\5164580\.stmcufinder\plugins\mcufinder
2023-12-14 17:07:44,656 [INFO] DbMcusAds:125 - Set database path to: C:\Users\5164580\.stmcufinder\plugins\mcufinder//mcu/
2023-12-14 17:07:44,656 [WARN] DbFile:41 - Overriding database path with different value: C:\Users\5164580\.stmcufinder\plugins\mcufinder/ => C:\Users\5164580\.stmcufinder\plugins\mcufinder
2023-12-14 17:07:44,656 [WARN] DbFile:41 - Overriding database path with different value: C:\Users\5164580\.stmcufinder\plugins\mcufinder/ => C:\Users\5164580\.stmcufinder\plugins\mcufinder
2023-12-14 17:07:44,656 [INFO] CrossReferenceDbSqlite:203 - Set database path to: C:\Users\5164580\.stmcufinder\plugins\mcufinder//mcu/cs/
2023-12-14 17:07:44,678 [INFO] ApplicationProperties:184 - Using Application install path: C:\ST\STM32CubeIDE_1.14.0\STM32CubeIDE\plugins\com.st.stm32cube.common.mx_6.10.0.202311202037
2023-12-14 17:07:44,680 [INFO] PluginManage:196 - Search for loadable plugins [exclusion list=, ]
2023-12-14 17:07:44,681 [INFO] PluginManage:310 - Check plugin analytics
2023-12-14 17:07:44,873 [INFO] AnalyticsPlugin:253 - Accepted Software Licenses: 
2023-12-14 17:07:44,874 [INFO] AnalyticsPlugin:255 - Accepted CMSIS Pack Licenses: 
2023-12-14 17:07:44,874 [INFO] AnalyticsPlugin:257 - Accepted Firmware Licenses: FW.F4.1.28.0
2023-12-14 17:07:44,877 [INFO] PluginManage:359 - Loaded plugin analytics (category:tool,tabindex:-1)
2023-12-14 17:07:44,877 [INFO] PluginManage:310 - Check plugin cadmodel
2023-12-14 17:07:44,885 [INFO] CADModel:105 - Init CAD model plugin
2023-12-14 17:07:44,885 [INFO] PluginManage:359 - Loaded plugin cadmodel (category:power,tabindex:5)
2023-12-14 17:07:44,885 [INFO] PluginManage:310 - Check plugin clock
2023-12-14 17:07:44,901 [INFO] PluginManage:359 - Loaded plugin clock (category:base,tabindex:2)
2023-12-14 17:07:44,901 [INFO] PluginManage:310 - Check plugin ddr
2023-12-14 17:07:44,905 [INFO] PluginManage:359 - Loaded plugin ddr (category:tool,tabindex:6)
2023-12-14 17:07:44,905 [INFO] PluginManage:310 - Check plugin filemanager
2023-12-14 17:07:45,055 [INFO] PluginManage:359 - Loaded plugin filemanager (category:base,tabindex:10)
2023-12-14 17:07:45,055 [INFO] PluginManage:310 - Check plugin ipmanager
2023-12-14 17:07:45,063 [INFO] PluginManage:359 - Loaded plugin ipmanager (category:base,tabindex:5)
2023-12-14 17:07:45,064 [INFO] PluginManage:310 - Check plugin lpbam
2023-12-14 17:07:45,074 [INFO] PluginManage:359 - Loaded plugin lpbam (category:base,tabindex:0)
2023-12-14 17:07:45,074 [INFO] PluginManage:310 - Check plugin memorymap
2023-12-14 17:07:45,093 [INFO] PluginManage:359 - Loaded plugin memorymap (category:base,tabindex:4)
2023-12-14 17:07:45,093 [INFO] PluginManage:310 - Check plugin pinoutandconfiguration
2023-12-14 17:07:45,103 [INFO] PluginManage:359 - Loaded plugin pinoutandconfiguration (category:base,tabindex:1)
2023-12-14 17:07:45,104 [INFO] PluginManage:310 - Check plugin pinoutconfig
2023-12-14 17:07:45,200 [WARN] SupportedApi:132 - Cannot load RTOS API schema: s4s-elt-must-match.1: The content of 'definitions' must match (annotation?, (simpleType | complexType)?, (unique | key | keyref)*)). A problem was found starting at: attribute.
2023-12-14 17:07:45,356 [INFO] PluginManage:359 - Loaded plugin pinoutconfig (category:base,tabindex:0)
2023-12-14 17:07:45,356 [INFO] PluginManage:310 - Check plugin power
2023-12-14 17:07:45,369 [INFO] PluginManage:359 - Loaded plugin power (category:power,tabindex:4)
2023-12-14 17:07:45,369 [INFO] PluginManage:310 - Check plugin projectmanager
2023-12-14 17:07:45,383 [INFO] PluginManage:359 - Loaded plugin projectmanager (category:projectmanager,tabindex:3)
2023-12-14 17:07:45,383 [INFO] PluginManage:310 - Check plugin thirdparty
2023-12-14 17:07:45,529 [WARN] IntegrityCheckThread:84 - waiting for thirdparty lock release [integrity check]
2023-12-14 17:07:45,529 [INFO] IntegrityCheckThread:86 - entering critical section [integrity check]
2023-12-14 17:07:45,529 [INFO] PluginManage:359 - Loaded plugin thirdparty (category:base,tabindex:-1)
2023-12-14 17:07:45,529 [INFO] PluginManage:310 - Check plugin tools
2023-12-14 17:07:45,530 [INFO] ThirdPartyUpdaterWithRetryManager:70 - Updater plugin not ready yet. [1/15]
2023-12-14 17:07:45,533 [INFO] PluginManage:359 - Loaded plugin tools (category:base,tabindex:7)
2023-12-14 17:07:45,533 [INFO] PluginManage:310 - Check plugin tutovideos
2023-12-14 17:07:45,714 [INFO] PluginManage:359 - Loaded plugin tutovideos (category:base,tabindex:-1)
2023-12-14 17:07:45,714 [INFO] PluginManage:310 - Check plugin updater
2023-12-14 17:07:45,733 [INFO] PluginManage:359 - Loaded plugin updater (category:base,tabindex:12)
2023-12-14 17:07:45,734 [INFO] PluginManage:310 - Check plugin userauth
2023-12-14 17:07:45,742 [INFO] UserAuth:114 - Init User Auth plugin
2023-12-14 17:07:45,742 [INFO] PluginManage:359 - Loaded plugin userauth (category:base,tabindex:14)
2023-12-14 17:07:45,742 [INFO] PluginManage:283 - PluginManage : Loaded plugins [17]
2023-12-14 17:07:46,015 [INFO] PinOutPanel:1499 - setPackage(No Configuration,No Configuration)
2023-12-14 17:07:46,112 [INFO] CADModel:165 - CPN selected for project level
2023-12-14 17:07:46,112 [INFO] CADModel:114 - Register for checkConnection events
2023-12-14 17:07:46,138 [INFO] IPUIPlugin:80 - create IPUIPlugin
2023-12-14 17:07:46,138 [INFO] PluginManager:220 - loadIPPluginJar : add adc
2023-12-14 17:07:46,143 [INFO] IPUIPlugin:80 - create IPUIPlugin
2023-12-14 17:07:46,143 [INFO] PluginManager:220 - loadIPPluginJar : add aes
2023-12-14 17:07:46,147 [INFO] IPUIPlugin:80 - create IPUIPlugin
2023-12-14 17:07:46,147 [INFO] PluginManager:220 - loadIPPluginJar : add can
2023-12-14 17:07:46,150 [INFO] IPUIPlugin:80 - create IPUIPlugin
2023-12-14 17:07:46,150 [INFO] PluginManager:220 - loadIPPluginJar : add comp
2023-12-14 17:07:46,154 [INFO] IPUIPlugin:80 - create IPUIPlugin
2023-12-14 17:07:46,155 [INFO] PluginManager:220 - loadIPPluginJar : add cryp
2023-12-14 17:07:46,160 [INFO] IPUIPlugin:80 - create IPUIPlugin
2023-12-14 17:07:46,160 [INFO] PluginManager:220 - loadIPPluginJar : add dfsdm
2023-12-14 17:07:46,168 [INFO] IPUIPlugin:80 - create IPUIPlugin
2023-12-14 17:07:46,168 [INFO] PluginManager:220 - loadIPPluginJar : add dma
2023-12-14 17:07:46,172 [INFO] IPUIPlugin:80 - create IPUIPlugin
2023-12-14 17:07:46,172 [INFO] PluginManager:220 - loadIPPluginJar : add dma3
2023-12-14 17:07:46,175 [INFO] IPUIPlugin:80 - create IPUIPlugin
2023-12-14 17:07:46,175 [INFO] PluginManager:220 - loadIPPluginJar : add fatfs
2023-12-14 17:07:46,180 [INFO] IPUIPlugin:80 - create IPUIPlugin
2023-12-14 17:07:46,181 [INFO] PluginManager:220 - loadIPPluginJar : add fmc
2023-12-14 17:07:46,189 [INFO] IPUIPlugin:80 - create IPUIPlugin
2023-12-14 17:07:46,190 [INFO] PluginManager:220 - loadIPPluginJar : add freertos
2023-12-14 17:07:46,192 [INFO] IPUIPlugin:80 - create IPUIPlugin
2023-12-14 17:07:46,193 [INFO] PluginManager:220 - loadIPPluginJar : add genericplugin
2023-12-14 17:07:46,196 [INFO] IPUIPlugin:80 - create IPUIPlugin
2023-12-14 17:07:46,196 [INFO] PluginManager:220 - loadIPPluginJar : add gfxmmu
2023-12-14 17:07:46,205 [INFO] IPUIPlugin:80 - create IPUIPlugin
2023-12-14 17:07:46,205 [INFO] PluginManager:220 - loadIPPluginJar : add gic
2023-12-14 17:07:46,211 [INFO] IPUIPlugin:80 - create IPUIPlugin
2023-12-14 17:07:46,211 [INFO] PluginManager:220 - loadIPPluginJar : add gpio
2023-12-14 17:07:46,216 [INFO] IPUIPlugin:80 - create IPUIPlugin
2023-12-14 17:07:46,217 [INFO] PluginManager:220 - loadIPPluginJar : add gtzc
2023-12-14 17:07:46,221 [INFO] IPUIPlugin:80 - create IPUIPlugin
2023-12-14 17:07:46,221 [INFO] PluginManager:220 - loadIPPluginJar : add hash
2023-12-14 17:07:46,226 [INFO] IPUIPlugin:80 - create IPUIPlugin
2023-12-14 17:07:46,226 [INFO] PluginManager:220 - loadIPPluginJar : add i2c
2023-12-14 17:07:46,229 [INFO] IPUIPlugin:80 - create IPUIPlugin
2023-12-14 17:07:46,229 [INFO] PluginManager:220 - loadIPPluginJar : add i2s
2023-12-14 17:07:46,234 [INFO] IPUIPlugin:80 - create IPUIPlugin
2023-12-14 17:07:46,234 [INFO] PluginManager:220 - loadIPPluginJar : add i3c
2023-12-14 17:07:46,241 [INFO] IPUIPlugin:80 - create IPUIPlugin
2023-12-14 17:07:46,241 [INFO] PluginManager:220 - loadIPPluginJar : add ipddr
2023-12-14 17:07:46,249 [INFO] IPUIPlugin:80 - create IPUIPlugin
2023-12-14 17:07:46,250 [INFO] PluginManager:220 - loadIPPluginJar : add linkedlist
2023-12-14 17:07:46,262 [INFO] IPUIPlugin:80 - create IPUIPlugin
2023-12-14 17:07:46,262 [INFO] PluginManager:220 - loadIPPluginJar : add lorawan
2023-12-14 17:07:46,265 [INFO] IPUIPlugin:80 - create IPUIPlugin
2023-12-14 17:07:46,265 [INFO] PluginManager:220 - loadIPPluginJar : add ltdc
2023-12-14 17:07:46,273 [INFO] IPUIPlugin:80 - create IPUIPlugin
2023-12-14 17:07:46,273 [INFO] PluginManager:220 - loadIPPluginJar : add mdma
2023-12-14 17:07:46,280 [INFO] IPUIPlugin:80 - create IPUIPlugin
2023-12-14 17:07:46,280 [INFO] PluginManager:220 - loadIPPluginJar : add nvic
2023-12-14 17:07:46,284 [INFO] IPUIPlugin:80 - create IPUIPlugin
2023-12-14 17:07:46,285 [INFO] PluginManager:220 - loadIPPluginJar : add opamp
2023-12-14 17:07:46,289 [INFO] IPUIPlugin:80 - create IPUIPlugin
2023-12-14 17:07:46,289 [INFO] PluginManager:220 - loadIPPluginJar : add openamp
2023-12-14 17:07:46,297 [INFO] IPUIPlugin:80 - create IPUIPlugin
2023-12-14 17:07:46,297 [INFO] PluginManager:220 - loadIPPluginJar : add pdm2pcm
2023-12-14 17:07:46,307 [INFO] IPUIPlugin:80 - create IPUIPlugin
2023-12-14 17:07:46,310 [INFO] PluginManager:220 - loadIPPluginJar : add plateformsettings
2023-12-14 17:07:46,314 [INFO] IPUIPlugin:80 - create IPUIPlugin
2023-12-14 17:07:46,314 [INFO] PluginManager:220 - loadIPPluginJar : add quadspi
2023-12-14 17:07:46,321 [INFO] IPUIPlugin:80 - create IPUIPlugin
2023-12-14 17:07:46,322 [INFO] PluginManager:220 - loadIPPluginJar : add resmgrutility
2023-12-14 17:07:46,327 [INFO] IPUIPlugin:80 - create IPUIPlugin
2023-12-14 17:07:46,327 [INFO] PluginManager:220 - loadIPPluginJar : add sai
2023-12-14 17:07:46,330 [INFO] IPUIPlugin:80 - create IPUIPlugin
2023-12-14 17:07:46,330 [INFO] PluginManager:220 - loadIPPluginJar : add spi
2023-12-14 17:07:46,337 [INFO] IPUIPlugin:80 - create IPUIPlugin
2023-12-14 17:07:46,337 [INFO] PluginManager:220 - loadIPPluginJar : add stm32_wpan
2023-12-14 17:07:46,340 [INFO] IPUIPlugin:80 - create IPUIPlugin
2023-12-14 17:07:46,340 [INFO] PluginManager:220 - loadIPPluginJar : add tim
2023-12-14 17:07:46,344 [INFO] IPUIPlugin:80 - create IPUIPlugin
2023-12-14 17:07:46,344 [INFO] PluginManager:220 - loadIPPluginJar : add touchsensing
2023-12-14 17:07:46,347 [INFO] IPUIPlugin:80 - create IPUIPlugin
2023-12-14 17:07:46,347 [INFO] PluginManager:220 - loadIPPluginJar : add tracer_emb
2023-12-14 17:07:46,350 [INFO] IPUIPlugin:80 - create IPUIPlugin
2023-12-14 17:07:46,350 [INFO] PluginManager:220 - loadIPPluginJar : add ts
2023-12-14 17:07:46,354 [INFO] IPUIPlugin:80 - create IPUIPlugin
2023-12-14 17:07:46,354 [INFO] PluginManager:220 - loadIPPluginJar : add tsc
2023-12-14 17:07:46,357 [INFO] IPUIPlugin:80 - create IPUIPlugin
2023-12-14 17:07:46,357 [INFO] PluginManager:220 - loadIPPluginJar : add ucpd
2023-12-14 17:07:46,362 [INFO] IPUIPlugin:80 - create IPUIPlugin
2023-12-14 17:07:46,362 [INFO] PluginManager:220 - loadIPPluginJar : add usart
2023-12-14 17:07:46,366 [INFO] IPUIPlugin:80 - create IPUIPlugin
2023-12-14 17:07:46,367 [INFO] PluginManager:220 - loadIPPluginJar : add usbx
2023-12-14 17:07:46,497 [INFO] CADModel:165 - CPN selected for project level
2023-12-14 17:07:46,497 [INFO] CADModel:114 - Register for checkConnection events
2023-12-14 17:07:46,497 [FATAL] Updater:308 - Updater called before beeing initialized
2023-12-14 17:07:46,497 [ERROR] CADModel:125 - Updater not yet initialized, retry later 
2023-12-14 17:07:46,676 [INFO] CADModel:165 - CPN selected for project level
2023-12-14 17:07:46,676 [INFO] CADModel:114 - Register for checkConnection events
2023-12-14 17:07:46,676 [FATAL] Updater:308 - Updater called before beeing initialized
2023-12-14 17:07:46,676 [ERROR] CADModel:125 - Updater not yet initialized, retry later 
2023-12-14 17:07:46,680 [FATAL] Updater:308 - Updater called before beeing initialized
2023-12-14 17:07:46,786 [FATAL] Updater:308 - Updater called before beeing initialized
2023-12-14 17:07:46,791 [INFO] DbMcusAds:53 - JSON generation date=Wed Nov 29 19:52:38 JST 2023 (1701255158764)
2023-12-14 17:07:46,791 [FATAL] Updater:308 - Updater called before beeing initialized
2023-12-14 17:07:46,833 [WARN] DetailPanel:346 - Failed to get advertising image, set to default
2023-12-14 17:07:46,917 [FATAL] Updater:308 - Updater called before beeing initialized
2023-12-14 17:07:46,919 [FATAL] Updater:308 - Updater called before beeing initialized
2023-12-14 17:07:46,919 [FATAL] Updater:308 - Updater called before beeing initialized
2023-12-14 17:07:46,919 [WARN] DetailPanel:346 - Failed to get advertising image, set to default
2023-12-14 17:07:46,919 [FATAL] Updater:308 - Updater called before beeing initialized
2023-12-14 17:07:46,975 [ERROR] Updater:1120 - MainUpdater not yet initialized. External WinMGr cannot be set.
2023-12-14 17:07:46,978 [INFO] Updater:1056 - Updater Version found : 6.10.0
2023-12-14 17:07:47,009 [INFO] ApplicationProperties:184 - Using Application install path: C:\ST\STM32CubeIDE_1.14.0\STM32CubeIDE\plugins\com.st.stm32cube.common.mx_6.10.0.202311202037
2023-12-14 17:07:48,531 [INFO] ThirdPartyUpdaterWithRetryManager:70 - Updater plugin not ready yet. [2/15]
2023-12-14 17:07:48,604 [ERROR] LogOutputStream:75 - [STDERR_REDIRECT] Dec 14, 2023 5:07:48 PM java.util.prefs.WindowsPreferences <init>
2023-12-14 17:07:48,605 [ERROR] LogOutputStream:75 - [STDERR_REDIRECT] WARNING: Could not open/create prefs root node Software\JavaSoft\Prefs at root 0xffffffff80000002. Windows RegCreateKeyEx(...) returned error code 5.
2023-12-14 17:07:48,605 [ERROR] LogOutputStream:75 - [STDERR_REDIRECT] 
2023-12-14 17:07:48,892 [INFO] MainUpdater:2873 - connection check result : 10
2023-12-14 17:07:48,892 [INFO] MainUpdater:3567 - Updater definition file requires update
2023-12-14 17:07:48,893 [INFO] MainUpdater:290 - Updater Check For Update Now.
2023-12-14 17:07:48,893 [INFO] MicroXplorer:498 - Change Database Version : DB.6.0.100
2023-12-14 17:07:48,906 [INFO] McuFinderGlobals:63 - Set McuFinder mode to 2 (CubeIDE integrated)
2023-12-14 17:07:48,922 [INFO] ServerAccessManage:473 - Download File updaters.zip
2023-12-14 17:07:48,985 [INFO] FileExtend:240 - Unzip File : updaters.zip
2023-12-14 17:07:48,985 [INFO] FileExtend:255 - Standard Zip Deflate
2023-12-14 17:07:49,233 [INFO] UserAuth:404 - Internet connection configuration mode: 1
2023-12-14 17:07:49,252 [INFO] JxBrowserEngine:152 - Initiate JxBrowser Engine with user profile folder
2023-12-14 17:07:49,269 [INFO] ServerAccessManage:473 - Download File PacksControlFlags.xml
2023-12-14 17:07:49,325 [INFO] ServerAccessManage:473 - Download File cubemx.pidx
2023-12-14 17:07:50,051 [INFO] ServerAccessManage:473 - Download File STMicroelectronics.X-CUBE-TOUCHGFX.pdsc
2023-12-14 17:07:50,174 [INFO] WebApp:161 - Instantiating new browser for Auth
2023-12-14 17:07:50,830 [INFO] WebApp:780 - Register for checkConnection events
2023-12-14 17:07:50,830 [INFO] WebApp:414 - Apply proxy settings
2023-12-14 17:07:50,832 [INFO] WebApp:459 - Chromium authenticates against Manually configured proxy
2023-12-14 17:07:50,845 [INFO] WebApp:467 - Username used for proxy authentication: 
2023-12-14 17:07:51,071 [INFO] WebApp:192 - Starting web application
2023-12-14 17:07:51,071 [INFO] WebApp:544 - Web application path used C:\ST\STM32CubeIDE_1.14.0\STM32CubeIDE\plugins\com.st.stm32cube.common.mx_6.10.0.202311202037\db\plugins\mcufinder\reactClient1\index.html
2023-12-14 17:07:51,532 [WARN] MainUpdater:1194 - Updater busy. Cannot search thirdparties
2023-12-14 17:07:51,532 [INFO] ThirdPartyUpdaterWithRetryManager:96 - Updater plugin is busy. [1/15]
2023-12-14 17:07:54,533 [WARN] MainUpdater:1194 - Updater busy. Cannot search thirdparties
2023-12-14 17:07:54,533 [INFO] ThirdPartyUpdaterWithRetryManager:96 - Updater plugin is busy. [2/15]
2023-12-14 17:07:55,068 [ERROR] ServerAccessManage:1096 - Problem, Http access forbiden
2023-12-14 17:07:55,069 [ERROR] ServerAccessManage:651 - Problem, Http access forbiden : RoweBots.I-CUBE-UNISONRTOS.pdsc.
2023-12-14 17:07:57,534 [WARN] MainUpdater:1194 - Updater busy. Cannot search thirdparties
2023-12-14 17:07:57,534 [INFO] ThirdPartyUpdaterWithRetryManager:96 - Updater plugin is busy. [3/15]
2023-12-14 17:07:58,232 [ERROR] ServerAccessManage:1172 - Problem during Server Connection :  IO error PKIX path building failed: sun.security.provider.certpath.SunCertPathBuilderException: unable to find valid certification path to requested target
2023-12-14 17:07:58,232 [ERROR] ServerAccessManage:651 - Problem during Server Connection :  : SEGGER.I-CUBE-embOS.pdsc.
2023-12-14 17:08:00,535 [WARN] MainUpdater:1194 - Updater busy. Cannot search thirdparties
2023-12-14 17:08:00,535 [INFO] ThirdPartyUpdaterWithRetryManager:96 - Updater plugin is busy. [4/15]
2023-12-14 17:08:01,027 [INFO] ServerAccessManage:473 - Download File portGmbH.I-Cube-SoM-uGOAL.pdsc
2023-12-14 17:08:03,536 [WARN] MainUpdater:1194 - Updater busy. Cannot search thirdparties
2023-12-14 17:08:03,536 [INFO] ThirdPartyUpdaterWithRetryManager:96 - Updater plugin is busy. [5/15]
2023-12-14 17:08:03,945 [ERROR] ServerAccessManage:1089 - Problem, file not found on Server
2023-12-14 17:08:04,256 [ERROR] ServerAccessManage:1089 - Problem, file not found on Server
2023-12-14 17:08:04,570 [ERROR] ServerAccessManage:1089 - Problem, file not found on Server
2023-12-14 17:08:04,721 [WARN] PackLoader:240 - Cannot read IP mode file for STMicroelectronics.X-CUBE-TOUCHGFX.4.23.0
2023-12-14 17:08:04,733 [WARN] PackLoader:240 - Cannot read IP mode file for portGmbH.I-Cube-SoM-uGOAL.1.1.0
2023-12-14 17:08:04,734 [INFO] PopulateThirdPartyThread:66 - Ending populate Thread
2023-12-14 17:08:04,736 [INFO] ThirdParty:1030 - CMSIS Pack Vendor :STMicroelectronics X-CUBE-TOUCHGFX 4.23.0
2023-12-14 17:08:04,736 [INFO] ThirdParty:1030 - CMSIS Pack Vendor :portGmbH I-Cube-SoM-uGOAL 1.1.0
2023-12-14 17:08:04,736 [INFO] LoadServerUpdatesThread:375 - End of LoadServerUpdate Thread
2023-12-14 17:08:04,823 [INFO] CheckServerUpdateThread:120 - End of CheckServer Thread
2023-12-14 17:08:06,687 [WARN] PackLoader:240 - Cannot read IP mode file for STMicroelectronics.X-CUBE-SMBUS.2.1.0
2023-12-14 17:08:06,690 [WARN] PackLoader:240 - Cannot read IP mode file for STMicroelectronics.X-CUBE-TOUCHGFX.4.23.0
2023-12-14 17:08:06,711 [WARN] PackLoader:240 - Cannot read IP mode file for STMicroelectronics.X-CUBE-AZRTOS-F7.1.1.0
2023-12-14 17:08:06,720 [WARN] PackLoader:240 - Cannot read IP mode file for STMicroelectronics.FP-SNS-MOTENV1.4.3.2
2023-12-14 17:08:06,726 [WARN] PackLoader:240 - Cannot read IP mode file for STMicroelectronics.FP-SNS-FLIGHT1.5.0.2
2023-12-14 17:08:06,735 [WARN] PackLoader:240 - Cannot read IP mode file for STMicroelectronics.X-CUBE-DISPLAY.3.0.0
2023-12-14 17:08:06,753 [WARN] PackLoader:240 - Cannot read IP mode file for STMicroelectronics.X-CUBE-BLE1.7.0.0
2023-12-14 17:08:06,759 [WARN] PackLoader:240 - Cannot read IP mode file for emotas.I-CUBE-CANOPEN.1.3.0
2023-12-14 17:08:06,763 [WARN] PackLoader:240 - Cannot read IP mode file for STMicroelectronics.X-CUBE-TOUCHGFX.4.22.1
2023-12-14 17:08:06,767 [WARN] PackLoader:240 - Cannot read IP mode file for STMicroelectronics.FP-SNS-SMARTAG2.1.2.0
2023-12-14 17:08:06,779 [INFO] LogOutputStream:77 - [STDOUT_REDIRECT] 1 : Invalid condition id : UX_CORESTACK_Condition cause : null
2023-12-14 17:08:06,780 [INFO] LogOutputStream:77 - [STDOUT_REDIRECT] 1 : Invalid condition id : UX_CORESTACK_Condition cause : null
2023-12-14 17:08:06,780 [INFO] LogOutputStream:77 - [STDOUT_REDIRECT] 1 : Invalid condition id : UX_CORESTACK_Condition cause : null
2023-12-14 17:08:06,781 [INFO] LogOutputStream:77 - [STDOUT_REDIRECT] 1 : Invalid condition id : UX_CORESTACK_Condition cause : null
2023-12-14 17:08:06,782 [INFO] LogOutputStream:77 - [STDOUT_REDIRECT] 1 : Invalid condition id : UX_CORESTACK_Condition cause : null
2023-12-14 17:08:06,784 [WARN] PackLoader:240 - Cannot read IP mode file for STMicroelectronics.X-CUBE-AZRTOS-WL.2.0.0
2023-12-14 17:08:06,792 [WARN] PackLoader:240 - Cannot read IP mode file for WES.I-CUBE-Cesium.1.3.0
2023-12-14 17:08:06,798 [WARN] PackLoader:240 - Cannot read IP mode file for STMicroelectronics.X-CUBE-BLE2.3.3.0
2023-12-14 17:08:06,805 [WARN] PackLoader:240 - Cannot read IP mode file for STMicroelectronics.X-CUBE-ALGOBUILD.1.3.0
2023-12-14 17:08:06,820 [WARN] PackLoader:240 - Cannot read IP mode file for STMicroelectronics.X-CUBE-AZRTOS-G0.1.1.0
2023-12-14 17:08:06,827 [WARN] PackLoader:240 - Cannot read IP mode file for STMicroelectronics.X-CUBE-NFC4.3.0.0
2023-12-14 17:08:06,835 [WARN] PackLoader:240 - Cannot read IP mode file for STMicroelectronics.X-CUBE-BLEMGR.3.0.0
2023-12-14 17:08:06,841 [WARN] PackLoader:240 - Cannot read IP mode file for STMicroelectronics.FP-ATR-SIGFOX1.3.2.0
2023-12-14 17:08:06,847 [WARN] PackLoader:240 - Cannot read IP mode file for STMicroelectronics.X-CUBE-GNSS1.6.0.0
2023-12-14 17:08:06,862 [WARN] PackLoader:240 - Cannot read IP mode file for STMicroelectronics.X-CUBE-AZRTOS-F4.1.1.0
2023-12-14 17:08:06,869 [WARN] PackLoader:240 - Cannot read IP mode file for wolfSSL.I-CUBE-wolfSSL.5.6.4
2023-12-14 17:08:06,881 [WARN] PackLoader:240 - Cannot read IP mode file for STMicroelectronics.X-CUBE-AZRTOS-L5.2.0.0
2023-12-14 17:08:06,888 [WARN] PackLoader:240 - Cannot read IP mode file for STMicroelectronics.X-CUBE-EEPRMA1.4.2.0
2023-12-14 17:08:06,894 [WARN] PackLoader:240 - Cannot read IP mode file for ITTIA_DB.I-CUBE-ITTIADB.8.8.0
2023-12-14 17:08:06,898 [WARN] PackLoader:240 - Cannot read IP mode file for STMicroelectronics.X-CUBE-NFC7.1.0.1
2023-12-14 17:08:06,905 [WARN] PackLoader:240 - Cannot read IP mode file for STMicroelectronics.X-CUBE-NFC6.3.0.0
2023-12-14 17:08:06,912 [WARN] PackLoader:240 - Cannot read IP mode file for STMicroelectronics.X-CUBE-AI.8.1.0
2023-12-14 17:08:06,923 [WARN] ConditionMgr:438 - getConditionDescription Invalid condition id : LAN8742 Phy interface Condition cause : null
2023-12-14 17:08:06,924 [WARN] PackLoader:240 - Cannot read IP mode file for STMicroelectronics.X-CUBE-AZRTOS-L4.2.0.0
2023-12-14 17:08:06,925 [WARN] ConditionMgr:1039 - genDependencies : Invalid condition id : LAN8742 Phy interface Condition cause : null
2023-12-14 17:08:06,925 [WARN] ConditionMgr:1039 - genDependencies : Invalid condition id : LAN8742 Phy interface Condition cause : null
2023-12-14 17:08:06,926 [WARN] ConditionMgr:1039 - genDependencies : Invalid condition id : LAN8742 Phy interface Condition cause : null
2023-12-14 17:08:06,931 [WARN] PackLoader:240 - Cannot read IP mode file for STMicroelectronics.X-CUBE-SFXS2LP1.4.0.0
2023-12-14 17:08:06,937 [WARN] PackLoader:240 - Cannot read IP mode file for STMicroelectronics.X-CUBE-ISPU.1.1.0
2023-12-14 17:08:06,948 [WARN] ConditionMgr:438 - getConditionDescription Invalid condition id : UX DEVICE CLASS RTOS Condition cause : null
2023-12-14 17:08:06,948 [WARN] ConditionMgr:438 - getConditionDescription Invalid condition id : UX DEVICE CLASS RTOS Condition cause : null
2023-12-14 17:08:06,950 [WARN] PackLoader:240 - Cannot read IP mode file for STMicroelectronics.X-CUBE-AZRTOS-WB.2.0.0
2023-12-14 17:08:06,950 [WARN] ConditionMgr:1039 - genDependencies : Invalid condition id : UX DEVICE CLASS RTOS Condition cause : null
2023-12-14 17:08:06,950 [WARN] ConditionMgr:1039 - genDependencies : Invalid condition id : UX DEVICE CLASS RTOS Condition cause : null
2023-12-14 17:08:06,950 [WARN] ConditionMgr:1039 - genDependencies : Invalid condition id : UX DEVICE CLASS RTOS Condition cause : null
2023-12-14 17:08:06,951 [WARN] ConditionMgr:1039 - genDependencies : Invalid condition id : UX DEVICE CLASS RTOS Condition cause : null
2023-12-14 17:08:06,951 [WARN] ConditionMgr:1039 - genDependencies : Invalid condition id : UX DEVICE CLASS RTOS Condition cause : null
2023-12-14 17:08:06,959 [WARN] PackLoader:240 - Cannot read IP mode file for STMicroelectronics.X-CUBE-SUBG2.5.0.0
2023-12-14 17:08:06,975 [WARN] PackLoader:240 - Cannot read IP mode file for STMicroelectronics.X-CUBE-AZRTOS-G4.2.0.0
2023-12-14 17:08:06,985 [WARN] PackLoader:240 - Cannot read IP mode file for Infineon.AIROC-Wi-Fi-Bluetooth-STM32.1.5.1
2023-12-14 17:08:06,992 [WARN] PackLoader:240 - Cannot read IP mode file for STMicroelectronics.X-CUBE-ISPU.2.0.0
2023-12-14 17:08:07,018 [WARN] PackLoader:240 - Cannot read IP mode file for STMicroelectronics.X-CUBE-MEMS1.10.0.0
2023-12-14 17:08:07,114 [WARN] PackLoader:240 - Cannot read IP mode file for STMicroelectronics.X-CUBE-FREERTOS.1.1.0
2023-12-14 17:08:07,119 [WARN] PackLoader:240 - Cannot read IP mode file for portGmbH.I-Cube-SoM-uGOAL.1.1.0
2023-12-14 17:08:07,123 [WARN] PackLoader:240 - Cannot read IP mode file for STMicroelectronics.X-CUBE-ALS.1.0.1
2023-12-14 17:08:07,127 [WARN] PackLoader:240 - Cannot read IP mode file for STMicroelectronics.FP-ATR-ASTRA1.2.0.0
2023-12-14 17:08:07,143 [WARN] PackLoader:240 - Cannot read IP mode file for STMicroelectronics.X-CUBE-AZRTOS-H7.3.2.0
2023-12-14 17:08:07,146 [INFO] ThirdParty:978 - Integrity check success = true
2023-12-14 17:08:07,147 [INFO] IntegrityCheckThread:100 - exiting critical section [integrity check]
2023-12-14 17:08:07,147 [INFO] IntegrityCheckThread:103 - End integrity checks thread
2023-12-14 17:08:11,861 [ERROR] LogOutputStream:75 - [STDERR_REDIRECT] SLF4J: Failed to load class "org.slf4j.impl.StaticLoggerBinder".
2023-12-14 17:08:11,862 [ERROR] LogOutputStream:75 - [STDERR_REDIRECT] SLF4J: Defaulting to no-operation (NOP) logger implementation
2023-12-14 17:08:11,864 [ERROR] LogOutputStream:75 - [STDERR_REDIRECT] SLF4J: See http://www.slf4j.org/codes.html#StaticLoggerBinder for further details.
2023-12-14 19:33:53,433 [ERROR] LogOutputStream:75 - [STDERR_REDIRECT] 
