2023-12-16 10:23:16,734 [INFO] Activator:176 - 


2023-12-16 10:23:16,739 [INFO] Activator:177 - !SESSION log4j initialized
2023-12-16 10:23:20,961 [INFO] LogOutputStream:77 - [STDOUT_REDIRECT] 
2023-12-16 10:23:22,803 [INFO] ApplicationProperties:184 - Using Application install path: C:\ST\STM32CubeIDE_1.14.0\STM32CubeIDE\plugins\com.st.stm32cube.common.mx_6.10.0.202311202037
2023-12-16 10:23:22,825 [INFO] DbMcusXml:78 - Set database path to: C:\ST\STM32CubeIDE_1.14.0\STM32CubeIDE\plugins\com.st.stm32cube.common.mx_6.10.0.202311202037\\db\/mcu/
2023-12-16 10:23:22,825 [INFO] ApiDb:274 - Set plugin database path to: C:\ST\STM32CubeIDE_1.14.0\STM32CubeIDE\plugins\com.st.stm32cube.common.mx_6.10.0.202311202037\\db\/plugins/boardmanager/
2023-12-16 10:23:22,825 [WARN] ApiDb:259 - Overriding images path with different value:  => C:\ST\STM32CubeIDE_1.14.0\STM32CubeIDE\plugins\com.st.stm32cube.common.mx_6.10.0.202311202037\\db\/plugins/mcufinder/images/
2023-12-16 10:23:22,841 [INFO] ApiDb:250 - Set database path to: C:\Users\5164580\.stmcufinder\plugins\mcufinder//mcu/
2023-12-16 10:23:22,843 [INFO] DbMcusAds:125 - Set database path to: C:\Users\5164580\.stmcufinder\plugins\mcufinder//mcu/
2023-12-16 10:23:22,844 [INFO] CrossReferenceDbSqlite:203 - Set database path to: C:\Users\5164580\.stmcufinder\plugins\mcufinder//mcu/cs/
2023-12-16 10:23:22,948 [INFO] RulesReader:64 - Compatibility file has been processed (297 Rules)
2023-12-16 10:23:23,039 [INFO] DbMcusXml:78 - Set database path to: C:\ST\STM32CubeIDE_1.14.0\STM32CubeIDE\plugins\com.st.stm32cube.common.mx_6.10.0.202311202037\\db\/mcu/
2023-12-16 10:23:23,039 [INFO] ApiDb:274 - Set plugin database path to: C:\ST\STM32CubeIDE_1.14.0\STM32CubeIDE\plugins\com.st.stm32cube.common.mx_6.10.0.202311202037\\db\/plugins/boardmanager/
2023-12-16 10:23:23,039 [INFO] ApiDb:261 - Set plugin images path to: C:\ST\STM32CubeIDE_1.14.0\STM32CubeIDE\plugins\com.st.stm32cube.common.mx_6.10.0.202311202037\\db\/plugins/mcufinder/images/
2023-12-16 10:23:23,039 [WARN] DbFile:41 - Overriding database path with different value: C:\Users\5164580\.stmcufinder\plugins\mcufinder/ => C:\Users\5164580\.stmcufinder\plugins\mcufinder
2023-12-16 10:23:23,040 [INFO] ApiDb:250 - Set database path to: C:\Users\5164580\.stmcufinder\plugins\mcufinder//mcu/
2023-12-16 10:23:23,040 [WARN] DbFile:41 - Overriding database path with different value: C:\Users\5164580\.stmcufinder\plugins\mcufinder/ => C:\Users\5164580\.stmcufinder\plugins\mcufinder
2023-12-16 10:23:23,040 [INFO] DbMcusAds:125 - Set database path to: C:\Users\5164580\.stmcufinder\plugins\mcufinder//mcu/
2023-12-16 10:23:23,040 [WARN] DbFile:41 - Overriding database path with different value: C:\Users\5164580\.stmcufinder\plugins\mcufinder/ => C:\Users\5164580\.stmcufinder\plugins\mcufinder
2023-12-16 10:23:23,040 [WARN] DbFile:41 - Overriding database path with different value: C:\Users\5164580\.stmcufinder\plugins\mcufinder/ => C:\Users\5164580\.stmcufinder\plugins\mcufinder
2023-12-16 10:23:23,040 [INFO] CrossReferenceDbSqlite:203 - Set database path to: C:\Users\5164580\.stmcufinder\plugins\mcufinder//mcu/cs/
2023-12-16 10:23:23,142 [INFO] MainPanel:264 - HeapMemory: 268435456
2023-12-16 10:23:23,268 [INFO] DbMcusXml:78 - Set database path to: C:\ST\STM32CubeIDE_1.14.0\STM32CubeIDE\plugins\com.st.stm32cube.common.mx_6.10.0.202311202037\\db\/mcu/
2023-12-16 10:23:23,268 [INFO] ApiDb:274 - Set plugin database path to: C:\ST\STM32CubeIDE_1.14.0\STM32CubeIDE\plugins\com.st.stm32cube.common.mx_6.10.0.202311202037\\db\/plugins/boardmanager/
2023-12-16 10:23:23,268 [INFO] ApiDb:261 - Set plugin images path to: C:\ST\STM32CubeIDE_1.14.0\STM32CubeIDE\plugins\com.st.stm32cube.common.mx_6.10.0.202311202037\\db\/plugins/mcufinder/images/
2023-12-16 10:23:23,268 [WARN] DbFile:41 - Overriding database path with different value: C:\Users\5164580\.stmcufinder\plugins\mcufinder/ => C:\Users\5164580\.stmcufinder\plugins\mcufinder
2023-12-16 10:23:23,268 [INFO] ApiDb:250 - Set database path to: C:\Users\5164580\.stmcufinder\plugins\mcufinder//mcu/
2023-12-16 10:23:23,268 [WARN] DbFile:41 - Overriding database path with different value: C:\Users\5164580\.stmcufinder\plugins\mcufinder/ => C:\Users\5164580\.stmcufinder\plugins\mcufinder
2023-12-16 10:23:23,268 [INFO] DbMcusAds:125 - Set database path to: C:\Users\5164580\.stmcufinder\plugins\mcufinder//mcu/
2023-12-16 10:23:23,268 [WARN] DbFile:41 - Overriding database path with different value: C:\Users\5164580\.stmcufinder\plugins\mcufinder/ => C:\Users\5164580\.stmcufinder\plugins\mcufinder
2023-12-16 10:23:23,268 [WARN] DbFile:41 - Overriding database path with different value: C:\Users\5164580\.stmcufinder\plugins\mcufinder/ => C:\Users\5164580\.stmcufinder\plugins\mcufinder
2023-12-16 10:23:23,269 [INFO] CrossReferenceDbSqlite:203 - Set database path to: C:\Users\5164580\.stmcufinder\plugins\mcufinder//mcu/cs/
2023-12-16 10:23:23,302 [INFO] ApplicationProperties:184 - Using Application install path: C:\ST\STM32CubeIDE_1.14.0\STM32CubeIDE\plugins\com.st.stm32cube.common.mx_6.10.0.202311202037
2023-12-16 10:23:23,304 [INFO] PluginManage:196 - Search for loadable plugins [exclusion list=, ]
2023-12-16 10:23:23,306 [INFO] PluginManage:310 - Check plugin analytics
2023-12-16 10:23:23,496 [INFO] AnalyticsPlugin:253 - Accepted Software Licenses: 
2023-12-16 10:23:23,496 [INFO] AnalyticsPlugin:255 - Accepted CMSIS Pack Licenses: 
2023-12-16 10:23:23,496 [INFO] AnalyticsPlugin:257 - Accepted Firmware Licenses: FW.F4.1.28.0
2023-12-16 10:23:23,501 [INFO] PluginManage:359 - Loaded plugin analytics (category:tool,tabindex:-1)
2023-12-16 10:23:23,501 [INFO] PluginManage:310 - Check plugin cadmodel
2023-12-16 10:23:23,509 [INFO] CADModel:105 - Init CAD model plugin
2023-12-16 10:23:23,509 [INFO] PluginManage:359 - Loaded plugin cadmodel (category:power,tabindex:5)
2023-12-16 10:23:23,510 [INFO] PluginManage:310 - Check plugin clock
2023-12-16 10:23:23,525 [INFO] PluginManage:359 - Loaded plugin clock (category:base,tabindex:2)
2023-12-16 10:23:23,525 [INFO] PluginManage:310 - Check plugin ddr
2023-12-16 10:23:23,528 [INFO] PluginManage:359 - Loaded plugin ddr (category:tool,tabindex:6)
2023-12-16 10:23:23,528 [INFO] PluginManage:310 - Check plugin filemanager
2023-12-16 10:23:23,671 [INFO] PluginManage:359 - Loaded plugin filemanager (category:base,tabindex:10)
2023-12-16 10:23:23,671 [INFO] PluginManage:310 - Check plugin ipmanager
2023-12-16 10:23:23,680 [INFO] PluginManage:359 - Loaded plugin ipmanager (category:base,tabindex:5)
2023-12-16 10:23:23,680 [INFO] PluginManage:310 - Check plugin lpbam
2023-12-16 10:23:23,689 [INFO] PluginManage:359 - Loaded plugin lpbam (category:base,tabindex:0)
2023-12-16 10:23:23,689 [INFO] PluginManage:310 - Check plugin memorymap
2023-12-16 10:23:23,703 [INFO] PluginManage:359 - Loaded plugin memorymap (category:base,tabindex:4)
2023-12-16 10:23:23,704 [INFO] PluginManage:310 - Check plugin pinoutandconfiguration
2023-12-16 10:23:23,716 [INFO] PluginManage:359 - Loaded plugin pinoutandconfiguration (category:base,tabindex:1)
2023-12-16 10:23:23,716 [INFO] PluginManage:310 - Check plugin pinoutconfig
2023-12-16 10:23:23,817 [WARN] SupportedApi:132 - Cannot load RTOS API schema: s4s-elt-must-match.1: The content of 'definitions' must match (annotation?, (simpleType | complexType)?, (unique | key | keyref)*)). A problem was found starting at: attribute.
2023-12-16 10:23:23,996 [INFO] PluginManage:359 - Loaded plugin pinoutconfig (category:base,tabindex:0)
2023-12-16 10:23:23,996 [INFO] PluginManage:310 - Check plugin power
2023-12-16 10:23:24,011 [INFO] PluginManage:359 - Loaded plugin power (category:power,tabindex:4)
2023-12-16 10:23:24,011 [INFO] PluginManage:310 - Check plugin projectmanager
2023-12-16 10:23:24,027 [INFO] PluginManage:359 - Loaded plugin projectmanager (category:projectmanager,tabindex:3)
2023-12-16 10:23:24,027 [INFO] PluginManage:310 - Check plugin thirdparty
2023-12-16 10:23:24,170 [INFO] PluginManage:359 - Loaded plugin thirdparty (category:base,tabindex:-1)
2023-12-16 10:23:24,169 [WARN] IntegrityCheckThread:84 - waiting for thirdparty lock release [integrity check]
2023-12-16 10:23:24,170 [INFO] PluginManage:310 - Check plugin tools
2023-12-16 10:23:24,170 [INFO] IntegrityCheckThread:86 - entering critical section [integrity check]
2023-12-16 10:23:24,170 [INFO] ThirdPartyUpdaterWithRetryManager:70 - Updater plugin not ready yet. [1/15]
2023-12-16 10:23:24,173 [INFO] PluginManage:359 - Loaded plugin tools (category:base,tabindex:7)
2023-12-16 10:23:24,173 [INFO] PluginManage:310 - Check plugin tutovideos
2023-12-16 10:23:24,345 [INFO] PluginManage:359 - Loaded plugin tutovideos (category:base,tabindex:-1)
2023-12-16 10:23:24,345 [INFO] PluginManage:310 - Check plugin updater
2023-12-16 10:23:24,359 [INFO] PluginManage:359 - Loaded plugin updater (category:base,tabindex:12)
2023-12-16 10:23:24,359 [INFO] PluginManage:310 - Check plugin userauth
2023-12-16 10:23:24,366 [INFO] UserAuth:114 - Init User Auth plugin
2023-12-16 10:23:24,366 [INFO] PluginManage:359 - Loaded plugin userauth (category:base,tabindex:14)
2023-12-16 10:23:24,366 [INFO] PluginManage:283 - PluginManage : Loaded plugins [17]
2023-12-16 10:23:24,599 [INFO] PinOutPanel:1499 - setPackage(No Configuration,No Configuration)
2023-12-16 10:23:24,673 [INFO] CADModel:165 - CPN selected for project level
2023-12-16 10:23:24,673 [INFO] CADModel:114 - Register for checkConnection events
2023-12-16 10:23:24,695 [INFO] IPUIPlugin:80 - create IPUIPlugin
2023-12-16 10:23:24,695 [INFO] PluginManager:220 - loadIPPluginJar : add adc
2023-12-16 10:23:24,698 [INFO] IPUIPlugin:80 - create IPUIPlugin
2023-12-16 10:23:24,698 [INFO] PluginManager:220 - loadIPPluginJar : add aes
2023-12-16 10:23:24,702 [INFO] IPUIPlugin:80 - create IPUIPlugin
2023-12-16 10:23:24,702 [INFO] PluginManager:220 - loadIPPluginJar : add can
2023-12-16 10:23:24,705 [INFO] IPUIPlugin:80 - create IPUIPlugin
2023-12-16 10:23:24,705 [INFO] PluginManager:220 - loadIPPluginJar : add comp
2023-12-16 10:23:24,708 [INFO] IPUIPlugin:80 - create IPUIPlugin
2023-12-16 10:23:24,708 [INFO] PluginManager:220 - loadIPPluginJar : add cryp
2023-12-16 10:23:24,711 [INFO] IPUIPlugin:80 - create IPUIPlugin
2023-12-16 10:23:24,711 [INFO] PluginManager:220 - loadIPPluginJar : add dfsdm
2023-12-16 10:23:24,718 [INFO] IPUIPlugin:80 - create IPUIPlugin
2023-12-16 10:23:24,718 [INFO] PluginManager:220 - loadIPPluginJar : add dma
2023-12-16 10:23:24,722 [INFO] IPUIPlugin:80 - create IPUIPlugin
2023-12-16 10:23:24,722 [INFO] PluginManager:220 - loadIPPluginJar : add dma3
2023-12-16 10:23:24,724 [INFO] IPUIPlugin:80 - create IPUIPlugin
2023-12-16 10:23:24,725 [INFO] PluginManager:220 - loadIPPluginJar : add fatfs
2023-12-16 10:23:24,730 [INFO] IPUIPlugin:80 - create IPUIPlugin
2023-12-16 10:23:24,730 [INFO] PluginManager:220 - loadIPPluginJar : add fmc
2023-12-16 10:23:24,737 [INFO] IPUIPlugin:80 - create IPUIPlugin
2023-12-16 10:23:24,737 [INFO] PluginManager:220 - loadIPPluginJar : add freertos
2023-12-16 10:23:24,740 [INFO] IPUIPlugin:80 - create IPUIPlugin
2023-12-16 10:23:24,741 [INFO] PluginManager:220 - loadIPPluginJar : add genericplugin
2023-12-16 10:23:24,744 [INFO] IPUIPlugin:80 - create IPUIPlugin
2023-12-16 10:23:24,744 [INFO] PluginManager:220 - loadIPPluginJar : add gfxmmu
2023-12-16 10:23:24,750 [INFO] IPUIPlugin:80 - create IPUIPlugin
2023-12-16 10:23:24,750 [INFO] PluginManager:220 - loadIPPluginJar : add gic
2023-12-16 10:23:24,755 [INFO] IPUIPlugin:80 - create IPUIPlugin
2023-12-16 10:23:24,755 [INFO] PluginManager:220 - loadIPPluginJar : add gpio
2023-12-16 10:23:24,759 [INFO] IPUIPlugin:80 - create IPUIPlugin
2023-12-16 10:23:24,759 [INFO] PluginManager:220 - loadIPPluginJar : add gtzc
2023-12-16 10:23:24,761 [INFO] IPUIPlugin:80 - create IPUIPlugin
2023-12-16 10:23:24,761 [INFO] PluginManager:220 - loadIPPluginJar : add hash
2023-12-16 10:23:24,764 [INFO] IPUIPlugin:80 - create IPUIPlugin
2023-12-16 10:23:24,764 [INFO] PluginManager:220 - loadIPPluginJar : add i2c
2023-12-16 10:23:24,766 [INFO] IPUIPlugin:80 - create IPUIPlugin
2023-12-16 10:23:24,766 [INFO] PluginManager:220 - loadIPPluginJar : add i2s
2023-12-16 10:23:24,769 [INFO] IPUIPlugin:80 - create IPUIPlugin
2023-12-16 10:23:24,769 [INFO] PluginManager:220 - loadIPPluginJar : add i3c
2023-12-16 10:23:24,772 [INFO] IPUIPlugin:80 - create IPUIPlugin
2023-12-16 10:23:24,773 [INFO] PluginManager:220 - loadIPPluginJar : add ipddr
2023-12-16 10:23:24,780 [INFO] IPUIPlugin:80 - create IPUIPlugin
2023-12-16 10:23:24,780 [INFO] PluginManager:220 - loadIPPluginJar : add linkedlist
2023-12-16 10:23:24,782 [INFO] IPUIPlugin:80 - create IPUIPlugin
2023-12-16 10:23:24,782 [INFO] PluginManager:220 - loadIPPluginJar : add lorawan
2023-12-16 10:23:24,784 [INFO] IPUIPlugin:80 - create IPUIPlugin
2023-12-16 10:23:24,784 [INFO] PluginManager:220 - loadIPPluginJar : add ltdc
2023-12-16 10:23:24,791 [INFO] IPUIPlugin:80 - create IPUIPlugin
2023-12-16 10:23:24,791 [INFO] PluginManager:220 - loadIPPluginJar : add mdma
2023-12-16 10:23:24,795 [INFO] IPUIPlugin:80 - create IPUIPlugin
2023-12-16 10:23:24,795 [INFO] PluginManager:220 - loadIPPluginJar : add nvic
2023-12-16 10:23:24,797 [INFO] IPUIPlugin:80 - create IPUIPlugin
2023-12-16 10:23:24,797 [INFO] PluginManager:220 - loadIPPluginJar : add opamp
2023-12-16 10:23:24,802 [INFO] IPUIPlugin:80 - create IPUIPlugin
2023-12-16 10:23:24,802 [INFO] PluginManager:220 - loadIPPluginJar : add openamp
2023-12-16 10:23:24,805 [INFO] IPUIPlugin:80 - create IPUIPlugin
2023-12-16 10:23:24,805 [INFO] PluginManager:220 - loadIPPluginJar : add pdm2pcm
2023-12-16 10:23:24,812 [INFO] IPUIPlugin:80 - create IPUIPlugin
2023-12-16 10:23:24,813 [INFO] PluginManager:220 - loadIPPluginJar : add plateformsettings
2023-12-16 10:23:24,815 [INFO] IPUIPlugin:80 - create IPUIPlugin
2023-12-16 10:23:24,815 [INFO] PluginManager:220 - loadIPPluginJar : add quadspi
2023-12-16 10:23:24,819 [INFO] IPUIPlugin:80 - create IPUIPlugin
2023-12-16 10:23:24,819 [INFO] PluginManager:220 - loadIPPluginJar : add resmgrutility
2023-12-16 10:23:24,823 [INFO] IPUIPlugin:80 - create IPUIPlugin
2023-12-16 10:23:24,823 [INFO] PluginManager:220 - loadIPPluginJar : add sai
2023-12-16 10:23:24,825 [INFO] IPUIPlugin:80 - create IPUIPlugin
2023-12-16 10:23:24,825 [INFO] PluginManager:220 - loadIPPluginJar : add spi
2023-12-16 10:23:24,829 [INFO] IPUIPlugin:80 - create IPUIPlugin
2023-12-16 10:23:24,830 [INFO] PluginManager:220 - loadIPPluginJar : add stm32_wpan
2023-12-16 10:23:24,831 [INFO] IPUIPlugin:80 - create IPUIPlugin
2023-12-16 10:23:24,831 [INFO] PluginManager:220 - loadIPPluginJar : add tim
2023-12-16 10:23:24,834 [INFO] IPUIPlugin:80 - create IPUIPlugin
2023-12-16 10:23:24,834 [INFO] PluginManager:220 - loadIPPluginJar : add touchsensing
2023-12-16 10:23:24,836 [INFO] IPUIPlugin:80 - create IPUIPlugin
2023-12-16 10:23:24,836 [INFO] PluginManager:220 - loadIPPluginJar : add tracer_emb
2023-12-16 10:23:24,837 [INFO] IPUIPlugin:80 - create IPUIPlugin
2023-12-16 10:23:24,837 [INFO] PluginManager:220 - loadIPPluginJar : add ts
2023-12-16 10:23:24,839 [INFO] IPUIPlugin:80 - create IPUIPlugin
2023-12-16 10:23:24,839 [INFO] PluginManager:220 - loadIPPluginJar : add tsc
2023-12-16 10:23:24,842 [INFO] IPUIPlugin:80 - create IPUIPlugin
2023-12-16 10:23:24,842 [INFO] PluginManager:220 - loadIPPluginJar : add ucpd
2023-12-16 10:23:24,845 [INFO] IPUIPlugin:80 - create IPUIPlugin
2023-12-16 10:23:24,845 [INFO] PluginManager:220 - loadIPPluginJar : add usart
2023-12-16 10:23:24,848 [INFO] IPUIPlugin:80 - create IPUIPlugin
2023-12-16 10:23:24,848 [INFO] PluginManager:220 - loadIPPluginJar : add usbx
2023-12-16 10:23:24,967 [INFO] CADModel:165 - CPN selected for project level
2023-12-16 10:23:24,967 [INFO] CADModel:114 - Register for checkConnection events
2023-12-16 10:23:24,967 [FATAL] Updater:308 - Updater called before beeing initialized
2023-12-16 10:23:24,967 [ERROR] CADModel:125 - Updater not yet initialized, retry later 
2023-12-16 10:23:25,122 [INFO] CADModel:165 - CPN selected for project level
2023-12-16 10:23:25,122 [INFO] CADModel:114 - Register for checkConnection events
2023-12-16 10:23:25,122 [FATAL] Updater:308 - Updater called before beeing initialized
2023-12-16 10:23:25,122 [ERROR] CADModel:125 - Updater not yet initialized, retry later 
2023-12-16 10:23:25,125 [FATAL] Updater:308 - Updater called before beeing initialized
2023-12-16 10:23:25,258 [FATAL] Updater:308 - Updater called before beeing initialized
2023-12-16 10:23:25,262 [INFO] DbMcusAds:53 - JSON generation date=Wed Nov 29 19:52:38 JST 2023 (1701255158764)
2023-12-16 10:23:25,263 [FATAL] Updater:308 - Updater called before beeing initialized
2023-12-16 10:23:25,307 [WARN] DetailPanel:346 - Failed to get advertising image, set to default
2023-12-16 10:23:25,391 [FATAL] Updater:308 - Updater called before beeing initialized
2023-12-16 10:23:25,394 [FATAL] Updater:308 - Updater called before beeing initialized
2023-12-16 10:23:25,395 [FATAL] Updater:308 - Updater called before beeing initialized
2023-12-16 10:23:25,395 [WARN] DetailPanel:346 - Failed to get advertising image, set to default
2023-12-16 10:23:25,395 [FATAL] Updater:308 - Updater called before beeing initialized
2023-12-16 10:23:25,444 [ERROR] Updater:1120 - MainUpdater not yet initialized. External WinMGr cannot be set.
2023-12-16 10:23:25,447 [INFO] Updater:1056 - Updater Version found : 6.10.0
2023-12-16 10:23:25,471 [INFO] ApplicationProperties:184 - Using Application install path: C:\ST\STM32CubeIDE_1.14.0\STM32CubeIDE\plugins\com.st.stm32cube.common.mx_6.10.0.202311202037
2023-12-16 10:23:27,044 [ERROR] LogOutputStream:75 - [STDERR_REDIRECT] Dec 16, 2023 10:23:27 AM java.util.prefs.WindowsPreferences <init>
2023-12-16 10:23:27,045 [ERROR] LogOutputStream:75 - [STDERR_REDIRECT] WARNING: Could not open/create prefs root node Software\JavaSoft\Prefs at root 0xffffffff80000002. Windows RegCreateKeyEx(...) returned error code 5.
2023-12-16 10:23:27,045 [ERROR] LogOutputStream:75 - [STDERR_REDIRECT] 
2023-12-16 10:23:27,171 [INFO] ThirdPartyUpdaterWithRetryManager:70 - Updater plugin not ready yet. [2/15]
2023-12-16 10:23:27,333 [INFO] MainUpdater:2873 - connection check result : 10
2023-12-16 10:23:27,334 [INFO] MainUpdater:290 - Updater Check For Update Now.
2023-12-16 10:23:27,334 [INFO] MicroXplorer:498 - Change Database Version : DB.6.0.100
2023-12-16 10:23:27,342 [INFO] McuFinderGlobals:63 - Set McuFinder mode to 2 (CubeIDE integrated)
2023-12-16 10:23:27,614 [INFO] CheckServerUpdateThread:120 - End of CheckServer Thread
2023-12-16 10:23:27,674 [INFO] UserAuth:404 - Internet connection configuration mode: 1
2023-12-16 10:23:27,689 [INFO] JxBrowserEngine:152 - Initiate JxBrowser Engine with user profile folder
2023-12-16 10:23:28,585 [INFO] WebApp:161 - Instantiating new browser for Auth
2023-12-16 10:23:29,188 [INFO] WebApp:780 - Register for checkConnection events
2023-12-16 10:23:29,188 [INFO] WebApp:414 - Apply proxy settings
2023-12-16 10:23:29,190 [INFO] WebApp:459 - Chromium authenticates against Manually configured proxy
2023-12-16 10:23:29,199 [INFO] WebApp:467 - Username used for proxy authentication: 
2023-12-16 10:23:29,367 [INFO] WebApp:192 - Starting web application
2023-12-16 10:23:29,368 [INFO] WebApp:544 - Web application path used C:\ST\STM32CubeIDE_1.14.0\STM32CubeIDE\plugins\com.st.stm32cube.common.mx_6.10.0.202311202037\db\plugins\mcufinder\reactClient1\index.html
2023-12-16 10:23:30,332 [WARN] PackLoader:240 - Cannot read IP mode file for STMicroelectronics.X-CUBE-SMBUS.2.1.0
2023-12-16 10:23:30,341 [WARN] PackLoader:240 - Cannot read IP mode file for STMicroelectronics.X-CUBE-TOUCHGFX.4.23.0
2023-12-16 10:23:30,377 [WARN] PackLoader:240 - Cannot read IP mode file for STMicroelectronics.X-CUBE-AZRTOS-F7.1.1.0
2023-12-16 10:23:30,389 [WARN] PackLoader:240 - Cannot read IP mode file for STMicroelectronics.FP-SNS-MOTENV1.4.3.2
2023-12-16 10:23:30,397 [WARN] PackLoader:240 - Cannot read IP mode file for STMicroelectronics.FP-SNS-FLIGHT1.5.0.2
2023-12-16 10:23:30,410 [WARN] PackLoader:240 - Cannot read IP mode file for STMicroelectronics.X-CUBE-DISPLAY.3.0.0
2023-12-16 10:23:30,421 [WARN] PackLoader:240 - Cannot read IP mode file for STMicroelectronics.X-CUBE-BLE1.7.0.0
2023-12-16 10:23:30,435 [WARN] PackLoader:240 - Cannot read IP mode file for emotas.I-CUBE-CANOPEN.1.3.0
2023-12-16 10:23:30,439 [WARN] PackLoader:240 - Cannot read IP mode file for STMicroelectronics.X-CUBE-TOUCHGFX.4.22.1
2023-12-16 10:23:30,445 [WARN] PackLoader:240 - Cannot read IP mode file for STMicroelectronics.FP-SNS-SMARTAG2.1.2.0
2023-12-16 10:23:30,455 [INFO] LogOutputStream:77 - [STDOUT_REDIRECT] 1 : Invalid condition id : UX_CORESTACK_Condition cause : null
2023-12-16 10:23:30,456 [INFO] LogOutputStream:77 - [STDOUT_REDIRECT] 1 : Invalid condition id : UX_CORESTACK_Condition cause : null
2023-12-16 10:23:30,457 [INFO] LogOutputStream:77 - [STDOUT_REDIRECT] 1 : Invalid condition id : UX_CORESTACK_Condition cause : null
2023-12-16 10:23:30,458 [INFO] LogOutputStream:77 - [STDOUT_REDIRECT] 1 : Invalid condition id : UX_CORESTACK_Condition cause : null
2023-12-16 10:23:30,459 [INFO] LogOutputStream:77 - [STDOUT_REDIRECT] 1 : Invalid condition id : UX_CORESTACK_Condition cause : null
2023-12-16 10:23:30,462 [WARN] PackLoader:240 - Cannot read IP mode file for STMicroelectronics.X-CUBE-AZRTOS-WL.2.0.0
2023-12-16 10:23:30,475 [WARN] PackLoader:240 - Cannot read IP mode file for WES.I-CUBE-Cesium.1.3.0
2023-12-16 10:23:30,482 [WARN] PackLoader:240 - Cannot read IP mode file for STMicroelectronics.X-CUBE-BLE2.3.3.0
2023-12-16 10:23:30,487 [WARN] PackLoader:240 - Cannot read IP mode file for STMicroelectronics.X-CUBE-ALGOBUILD.1.3.0
2023-12-16 10:23:30,505 [WARN] PackLoader:240 - Cannot read IP mode file for STMicroelectronics.X-CUBE-AZRTOS-G0.1.1.0
2023-12-16 10:23:30,515 [WARN] PackLoader:240 - Cannot read IP mode file for STMicroelectronics.X-CUBE-NFC4.3.0.0
2023-12-16 10:23:30,526 [WARN] PackLoader:240 - Cannot read IP mode file for STMicroelectronics.X-CUBE-BLEMGR.3.0.0
2023-12-16 10:23:30,533 [WARN] PackLoader:240 - Cannot read IP mode file for STMicroelectronics.FP-ATR-SIGFOX1.3.2.0
2023-12-16 10:23:30,536 [WARN] PackLoader:240 - Cannot read IP mode file for STMicroelectronics.X-CUBE-GNSS1.6.0.0
2023-12-16 10:23:30,554 [WARN] PackLoader:240 - Cannot read IP mode file for STMicroelectronics.X-CUBE-AZRTOS-F4.1.1.0
2023-12-16 10:23:30,562 [WARN] PackLoader:240 - Cannot read IP mode file for wolfSSL.I-CUBE-wolfSSL.5.6.4
2023-12-16 10:23:30,573 [WARN] PackLoader:240 - Cannot read IP mode file for STMicroelectronics.X-CUBE-AZRTOS-L5.2.0.0
2023-12-16 10:23:30,581 [WARN] PackLoader:240 - Cannot read IP mode file for STMicroelectronics.X-CUBE-EEPRMA1.4.2.0
2023-12-16 10:23:30,588 [WARN] PackLoader:240 - Cannot read IP mode file for ITTIA_DB.I-CUBE-ITTIADB.8.8.0
2023-12-16 10:23:30,593 [WARN] PackLoader:240 - Cannot read IP mode file for STMicroelectronics.X-CUBE-NFC7.1.0.1
2023-12-16 10:23:30,600 [WARN] PackLoader:240 - Cannot read IP mode file for STMicroelectronics.X-CUBE-NFC6.3.0.0
2023-12-16 10:23:30,605 [WARN] PackLoader:240 - Cannot read IP mode file for STMicroelectronics.X-CUBE-AI.8.1.0
2023-12-16 10:23:30,623 [WARN] ConditionMgr:438 - getConditionDescription Invalid condition id : LAN8742 Phy interface Condition cause : null
2023-12-16 10:23:30,623 [WARN] PackLoader:240 - Cannot read IP mode file for STMicroelectronics.X-CUBE-AZRTOS-L4.2.0.0
2023-12-16 10:23:30,624 [WARN] ConditionMgr:1039 - genDependencies : Invalid condition id : LAN8742 Phy interface Condition cause : null
2023-12-16 10:23:30,624 [WARN] ConditionMgr:1039 - genDependencies : Invalid condition id : LAN8742 Phy interface Condition cause : null
2023-12-16 10:23:30,624 [WARN] ConditionMgr:1039 - genDependencies : Invalid condition id : LAN8742 Phy interface Condition cause : null
2023-12-16 10:23:30,632 [WARN] PackLoader:240 - Cannot read IP mode file for STMicroelectronics.X-CUBE-SFXS2LP1.4.0.0
2023-12-16 10:23:30,638 [WARN] PackLoader:240 - Cannot read IP mode file for STMicroelectronics.X-CUBE-ISPU.1.1.0
2023-12-16 10:23:30,649 [WARN] ConditionMgr:438 - getConditionDescription Invalid condition id : UX DEVICE CLASS RTOS Condition cause : null
2023-12-16 10:23:30,649 [WARN] ConditionMgr:438 - getConditionDescription Invalid condition id : UX DEVICE CLASS RTOS Condition cause : null
2023-12-16 10:23:30,651 [WARN] PackLoader:240 - Cannot read IP mode file for STMicroelectronics.X-CUBE-AZRTOS-WB.2.0.0
2023-12-16 10:23:30,651 [WARN] ConditionMgr:1039 - genDependencies : Invalid condition id : UX DEVICE CLASS RTOS Condition cause : null
2023-12-16 10:23:30,651 [WARN] ConditionMgr:1039 - genDependencies : Invalid condition id : UX DEVICE CLASS RTOS Condition cause : null
2023-12-16 10:23:30,652 [WARN] ConditionMgr:1039 - genDependencies : Invalid condition id : UX DEVICE CLASS RTOS Condition cause : null
2023-12-16 10:23:30,652 [WARN] ConditionMgr:1039 - genDependencies : Invalid condition id : UX DEVICE CLASS RTOS Condition cause : null
2023-12-16 10:23:30,652 [WARN] ConditionMgr:1039 - genDependencies : Invalid condition id : UX DEVICE CLASS RTOS Condition cause : null
2023-12-16 10:23:30,661 [WARN] PackLoader:240 - Cannot read IP mode file for STMicroelectronics.X-CUBE-SUBG2.5.0.0
2023-12-16 10:23:30,683 [WARN] PackLoader:240 - Cannot read IP mode file for STMicroelectronics.X-CUBE-AZRTOS-G4.2.0.0
2023-12-16 10:23:30,698 [WARN] PackLoader:240 - Cannot read IP mode file for Infineon.AIROC-Wi-Fi-Bluetooth-STM32.1.5.1
2023-12-16 10:23:30,707 [WARN] PackLoader:240 - Cannot read IP mode file for STMicroelectronics.X-CUBE-ISPU.2.0.0
2023-12-16 10:23:30,748 [WARN] PackLoader:240 - Cannot read IP mode file for STMicroelectronics.X-CUBE-MEMS1.10.0.0
2023-12-16 10:23:30,899 [WARN] PackLoader:240 - Cannot read IP mode file for STMicroelectronics.X-CUBE-FREERTOS.1.1.0
2023-12-16 10:23:30,903 [WARN] PackLoader:240 - Cannot read IP mode file for portGmbH.I-Cube-SoM-uGOAL.1.1.0
2023-12-16 10:23:30,907 [WARN] PackLoader:240 - Cannot read IP mode file for STMicroelectronics.X-CUBE-ALS.1.0.1
2023-12-16 10:23:30,913 [WARN] PackLoader:240 - Cannot read IP mode file for STMicroelectronics.FP-ATR-ASTRA1.2.0.0
2023-12-16 10:23:30,923 [WARN] PackLoader:240 - Cannot read IP mode file for STMicroelectronics.X-CUBE-AZRTOS-H7.3.2.0
2023-12-16 10:23:30,928 [INFO] ThirdParty:978 - Integrity check success = true
2023-12-16 10:23:30,928 [INFO] IntegrityCheckThread:100 - exiting critical section [integrity check]
2023-12-16 10:23:30,928 [INFO] IntegrityCheckThread:103 - End integrity checks thread
2023-12-16 10:23:49,957 [ERROR] LogOutputStream:75 - [STDERR_REDIRECT] SLF4J: Failed to load class "org.slf4j.impl.StaticLoggerBinder".
2023-12-16 10:23:49,958 [ERROR] LogOutputStream:75 - [STDERR_REDIRECT] SLF4J: Defaulting to no-operation (NOP) logger implementation
2023-12-16 10:23:49,958 [ERROR] LogOutputStream:75 - [STDERR_REDIRECT] SLF4J: See http://www.slf4j.org/codes.html#StaticLoggerBinder for further details.
2023-12-16 11:40:26,739 [INFO] McuFinderGlobals:63 - Set McuFinder mode to 2 (CubeIDE integrated)
2023-12-16 11:40:26,749 [INFO] MainUpdater:2873 - connection check result : 10
2023-12-16 11:40:26,751 [INFO] MainUpdater:2873 - connection check result : 10
2023-12-16 11:40:26,825 [INFO] MicroXplorer:468 - Change Database Path : 
2023-12-16 11:40:26,826 [INFO] MicroXplorer:498 - Change Database Version : DB.6.0.100
2023-12-16 11:40:26,831 [WARN] ThirdParty:871 - waiting for thirdparty lock release [close project]
2023-12-16 11:40:26,831 [INFO] ThirdParty:873 - entering critical section [close project]
2023-12-16 11:40:26,834 [INFO] ThirdParty:883 - exiting critical section [close project]
2023-12-16 11:40:26,836 [INFO] PinOutPanel:1499 - setPackage(No Configuration,No Configuration)
2023-12-16 11:40:26,841 [INFO] UtilMem:75 - Begin LoadConfig() Used Memory: 547260328 Bytes (636485632)
2023-12-16 11:40:26,842 [INFO] MicroXplorer:468 - Change Database Path : 
2023-12-16 11:40:26,843 [INFO] MicroXplorer:498 - Change Database Version : DB.6.0.100
2023-12-16 11:40:26,843 [INFO] OpenFileManager:312 - Change cursor
2023-12-16 11:40:26,887 [INFO] Mcu:2016 - Initializing MCU STM32F407V(E-G)Tx STM32F407VGTx STM32F407VGT6
2023-12-16 11:40:28,445 [INFO] Context:659 - Trying to add GPIOservice into a context  which must be forbidden
2023-12-16 11:40:28,886 [INFO] RtosManager:555 - Registered RTOS mode: class=CMSIS, group=RTOS, mode=CMSIS_V1, owner=FREERTOS
2023-12-16 11:40:28,886 [INFO] RtosManager:555 - Registered RTOS mode: class=CMSIS, group=RTOS2, mode=CMSIS_V2, owner=FREERTOS
2023-12-16 11:40:28,886 [INFO] RtosManager:555 - Registered RTOS mode: class=RTOS, group=Core, mode=CMSIS_V1, owner=FREERTOS
2023-12-16 11:40:28,886 [INFO] RtosManager:555 - Registered RTOS mode: class=RTOS, group=Core, mode=CMSIS_V2, owner=FREERTOS
2023-12-16 11:40:28,886 [WARN] ModelIntegratedComponent:184 - Missing modes for component STMicroelectronics:FreeRTOS:0.0.1:STMicroelectronics:RTOS:FreeRTOS:Core:::10.2.0:
2023-12-16 11:40:28,906 [WARN] ModelIntegratedComponent:63 - No mode defined for component null
2023-12-16 11:40:28,906 [WARN] ModelIntegratedComponent:63 - No mode defined for component null
2023-12-16 11:40:28,906 [WARN] ModelIntegratedComponent:63 - No mode defined for component null
2023-12-16 11:40:28,906 [WARN] ModelIntegratedComponent:63 - No mode defined for component null
2023-12-16 11:40:28,906 [WARN] ModelIntegratedComponent:63 - No mode defined for component null
2023-12-16 11:40:28,906 [WARN] ModelIntegratedComponent:63 - No mode defined for component null
2023-12-16 11:40:28,906 [WARN] ModelIntegratedComponent:63 - No mode defined for component null
2023-12-16 11:40:28,906 [WARN] ModelIntegratedComponent:63 - No mode defined for component null
2023-12-16 11:40:28,906 [WARN] ModelIntegratedComponent:63 - No mode defined for component null
2023-12-16 11:40:28,906 [WARN] ModelIntegratedComponent:63 - No mode defined for component null
2023-12-16 11:40:28,906 [WARN] ModelIntegratedComponent:63 - No mode defined for component null
2023-12-16 11:40:28,906 [WARN] ModelIntegratedComponent:63 - No mode defined for component null
2023-12-16 11:40:28,906 [WARN] ModelIntegratedComponent:63 - No mode defined for component null
2023-12-16 11:40:28,906 [WARN] ModelIntegratedComponent:63 - No mode defined for component null
2023-12-16 11:40:28,906 [WARN] ModelIntegratedComponent:63 - No mode defined for component null
2023-12-16 11:40:28,906 [WARN] ModelIntegratedComponent:63 - No mode defined for component null
2023-12-16 11:40:28,906 [WARN] ModelIntegratedComponent:63 - No mode defined for component null
2023-12-16 11:40:28,906 [WARN] ModelIntegratedComponent:63 - No mode defined for component null
2023-12-16 11:40:28,906 [WARN] ModelIntegratedComponent:63 - No mode defined for component null
2023-12-16 11:40:28,906 [WARN] ModelIntegratedComponent:63 - No mode defined for component null
2023-12-16 11:40:28,907 [WARN] ModelIntegratedComponent:63 - No mode defined for component null
2023-12-16 11:40:28,907 [WARN] ModelIntegratedComponent:63 - No mode defined for component null
2023-12-16 11:40:28,907 [WARN] ModelIntegratedComponent:63 - No mode defined for component null
2023-12-16 11:40:28,907 [WARN] ModelIntegratedComponent:63 - No mode defined for component null
2023-12-16 11:40:28,907 [WARN] ModelIntegratedComponent:63 - No mode defined for component null
2023-12-16 11:40:28,907 [WARN] ModelIntegratedComponent:63 - No mode defined for component null
2023-12-16 11:40:28,907 [WARN] ModelIntegratedComponent:63 - No mode defined for component null
2023-12-16 11:40:28,907 [WARN] ModelIntegratedComponent:63 - No mode defined for component null
2023-12-16 11:40:28,907 [WARN] ModelIntegratedComponent:63 - No mode defined for component null
2023-12-16 11:40:28,907 [WARN] ModelIntegratedComponent:63 - No mode defined for component null
2023-12-16 11:40:28,907 [WARN] ModelIntegratedComponent:63 - No mode defined for component null
2023-12-16 11:40:28,907 [WARN] ModelIntegratedComponent:63 - No mode defined for component null
2023-12-16 11:40:28,907 [WARN] ModelIntegratedComponent:63 - No mode defined for component null
2023-12-16 11:40:28,987 [INFO] ThirdPartyModel:298 - Start build external matchings
2023-12-16 11:40:29,106 [INFO] ThirdPartyModel:316 - End build external matchings
2023-12-16 11:40:29,114 [INFO] ImportTextPane:194 - (OptionalMessage_ERROR) IP (RCC) : Parameter (48MHZClocksFreq_Value) has invalid value (84000000)
2023-12-16 11:40:29,115 [INFO] ImportTextPane:194 - (OptionalMessage_ERROR) IP (RCC) : Parameter (RTCHSEDivFreq_Value) has invalid value (4000000)
2023-12-16 11:40:29,125 [INFO] ImportTextPane:194 - (OptionalMessage_ERROR) IP (TIM8) : Parameter (Channel) has Id (PWM Generation2 No Output) currently not set
2023-12-16 11:40:29,346 [INFO] UtilMem:75 - End LoadConfig() Used Memory: 379743488 Bytes (636485632)
2023-12-16 11:40:29,433 [INFO] ApiDb:581 - Connected to CubeFinder SQLite database (C:\Users\5164580\.stmcufinder\plugins\mcufinder\mcu\cube-finder-db.db)
2023-12-16 11:40:29,495 [INFO] ApiDb:668 - CubeFinder database Data Model version=2.1
2023-12-16 11:40:29,495 [INFO] ApiDb:669 - CubeFinder database Configuration version=3.0.39
2023-12-16 11:40:29,496 [INFO] ApiDb:670 - CubeFinder database generation date=2023-11-06 (1699269565)
2023-12-16 11:40:29,496 [INFO] ApiDb:671 - CubeFinder database FW Pack versions=[FP-ATR-ASTRA1_V2.0.0, FP-SNS-FLIGHT1_V5.0.1, FP-SNS-FLIGHT1_V5.0.2, FP-SNS-MOTENV1_V4.3.1, FP-SNS-MOTENV1_V4.3.2, FP-SNS-MOTENVWB1_V1.3.0, FP-SNS-SMARTAG2_V1.2.0, STM32Cube_FW_C0_V1.1.0, STM32Cube_FW_F4_V1.28.0, STM32Cube_FW_F7_V1.17.0, STM32Cube_FW_G0_V1.6.1, STM32Cube_FW_G4_V1.5.1, STM32Cube_FW_H5_V0.5.1, STM32Cube_FW_H5_V1.1.1, STM32Cube_FW_H5_V1.2.0RC2, STM32Cube_FW_H7_V1.11.0, STM32Cube_FW_L0_V1.12.2, STM32Cube_FW_L5_V1.5.0, STM32Cube_FW_U5_V1.3.0RC4, STM32Cube_FW_U5_V1.4.0, STM32Cube_FW_WBA_V1.0.0RC1, STM32Cube_FW_WBA_V1.1.0RC1, STM32Cube_FW_WBA_V1.2.0, STM32Cube_FW_WBA_V1.2.0RC2, STM32Cube_FW_WB_V1.15.0RC1, STM32Cube_FW_WB_V1.16.0, STM32Cube_FW_WB_V1.16.0RC2, STM32Cube_FW_WB_V1.18.0, STM32Cube_FW_WL_V1.3.0, X-CUBE-ALGOBUILD_V1.3.0, X-CUBE-ALS_V1.0.1, X-CUBE-AZRTOS-F4_V1.1.0, X-CUBE-AZRTOS-F7_V1.1.0, X-CUBE-AZRTOS-G0_V1.1.0, X-CUBE-AZRTOS-G4_V2.0.0, X-CUBE-AZRTOS-H7_V3.1.0, X-CUBE-AZRTOS-L4_V1.0.0, X-CUBE-AZRTOS-L4_V2.0.0, X-CUBE-AZRTOS-L5_V1.1.0, X-CUBE-AZRTOS-WB_V2.0.0, X-CUBE-AZRTOS-WL_V2.0.0, X-CUBE-BLE1_V7.0.0, X-CUBE-BLE2_V3.3.0, X-CUBE-BLEMGR_V2.0.0, X-CUBE-EEPRMA1_V4.1.0, X-CUBE-EEPRMA1_V4.2.0, X-CUBE-FREERTOS_V1.1.0, X-CUBE-GNSS1_V6.0.0, X-CUBE-MEMS1_V10.0.0, X-CUBE-MEMS1_V9.1.0, X-CUBE-MEMS1_V9.4.0, X-CUBE-MEMS1_V9.6.0, X-CUBE-NFC4_V3.0.0, X-CUBE-NFC7_V1.0.1, X-CUBE-SFXS2LP1_V4.0.0, X-CUBE-SUBG2_V5.0.0, X-CUBE-TOF1_V3.3.1]
2023-12-16 11:40:31,600 [INFO] ApiDb:240 - Found 371 in-development CPN: [B-G473E-ZEST1S, B-WB1M-WPAN1, B-WL5M-SUBG1, NUCLEO-C031C6, NUCLEO-H503RB, NUCLEO-H563ZI, NUCLEO-U545RE-Q, NUCLEO-U5A5ZJ-Q, NUCLEO-WBA52CG, NUCLEO-WBA55CG, STEVAL-MKBOXPRO, STEVAL-PROTEUS1, STEVAL-STWINBX1, STM320518-EVAL, STM32C0116-DK, STM32C011D6Y3TR, STM32C011D6Y6TR, STM32C011F4P3, STM32C011F4P6, STM32C011F4U3, STM32C011F4U6TR, STM32C011F6P3, STM32C011F6P6, STM32C011F6U3, STM32C011F6U6TR, STM32C011J4M3, STM32C011J4M6, STM32C011J6M3, STM32C011J6M6, STM32C0316-DK, STM32C031C4T3, STM32C031C4T6, STM32C031C4U3, STM32C031C4U6, STM32C031C6T3, STM32C031C6T6, STM32C031C6U3, STM32C031C6U6, STM32C031F4P3, STM32C031F4P6, STM32C031F6P3, STM32C031F6P6, STM32C031G4U3, STM32C031G4U6, STM32C031G6U3, STM32C031G6U6, STM32C031K4T3, STM32C031K4T6, STM32C031K4U3, STM32C031K4U6, STM32C031K6T3, STM32C031K6T6, STM32C031K6U3, STM32C031K6U6, STM32G071K8TXN, STM32G071K8UXN, STM32G081GBU6N, STM32G081KBT6N, STM32G081KBUXN, STM32G0B1CCT6N, STM32G0B1KCT6, STM32G0B1NEY6TR, STM32G0B1RCT6N, STM32G0C1CCT6, STM32G0C1CCT6N, STM32G0C1CCU6N, STM32G0C1CET6N, STM32G0C1CEU6N, STM32G0C1KCT6, STM32G0C1NEY6TR, STM32G0C1RCI6N, STM32G0C1RCT6N, STM32G0C1REI6N, STM32G0C1RET6N, STM32G0C1VCI6, STM32G0C1VEI6, STM32G471CCT6, STM32G471CCU6, STM32G471CET3, STM32G471CET6, STM32G471CEU3, STM32G471CEU6, STM32G471MCT6, STM32G471MET3, STM32G471MET6, STM32G471MEY6TR, STM32G471QCT6, STM32G471QET3, STM32G471RCT6, STM32G471RET3, STM32G471RET6, STM32G471VCH6, STM32G471VCI6, STM32G471VCT6, STM32G471VEH3, STM32G471VEH6, STM32G471VEI3, STM32G471VEI6, STM32G471VET3, STM32G471VET6, STM32G474CCT6, STM32H503CBT6, STM32H503CBU6, STM32H503EBY6TR, STM32H503KBU6, STM32H503RBT6, STM32H562AGI6, STM32H562AII6, STM32H562IGK6, STM32H562IGT6, STM32H562IIK6, STM32H562IIT6, STM32H562RGT6, STM32H562RGV6, STM32H562RIT6, STM32H562RIV6, STM32H562VGT6, STM32H562VIT6, STM32H562ZGT6, STM32H562ZIT6, STM32H563AGI6, STM32H563AII3Q, STM32H563AII6, STM32H563IGK6, STM32H563IGT6, STM32H563IIK3Q, STM32H563IIK6, STM32H563IIT3Q, STM32H563IIT6, STM32H563MIY3QTR, STM32H563RGT6, STM32H563RGV6, STM32H563RIT6, STM32H563RIV6, STM32H563VGT6, STM32H563VIT3Q, STM32H563VIT6, STM32H563ZGT6, STM32H563ZIT3Q, STM32H563ZIT6, STM32H573AII3Q, STM32H573AII6, STM32H573I-DK, STM32H573IIK3Q, STM32H573IIK6, STM32H573IIT3Q, STM32H573IIT6, STM32H573MIY3QTR, STM32H573RIT6, STM32H573RIV6, STM32H573VIT3Q, STM32H573VIT6, STM32H573ZIT3Q, STM32H573ZIT6, STM32L4R5QGI6STR, STM32MP131AAE3, STM32MP131AAF3, STM32MP131AAG3, STM32MP131CAE3, STM32MP131CAF3, STM32MP131CAG3, STM32MP131DAE7, STM32MP131DAF7, STM32MP131DAG7, STM32MP131FAE7, STM32MP131FAF7, STM32MP131FAG7, STM32MP133AAE3, STM32MP133AAF3, STM32MP133AAG3, STM32MP133CAE3, STM32MP133CAF3, STM32MP133CAG3, STM32MP133DAE7, STM32MP133DAF7, STM32MP133DAG7, STM32MP133FAE7, STM32MP133FAF7, STM32MP133FAG7, STM32MP135AAE3, STM32MP135AAF3, STM32MP135AAG3, STM32MP135CAE3, STM32MP135CAF3, STM32MP135CAG3, STM32MP135DAE7, STM32MP135DAF7, STM32MP135DAG7, STM32MP135F-DK, STM32MP135FAE7, STM32MP135FAF7, STM32MP135FAF7T, STM32MP135FAF7U, STM32MP135FAG7, STM32U535CBT6, STM32U535CBT6Q, STM32U535CBU6, STM32U535CBU6Q, STM32U535CCT6, STM32U535CCT6Q, STM32U535CCU6, STM32U535CCU6Q, STM32U535CET6, STM32U535CET6Q, STM32U535CEU6, STM32U535CEU6Q, STM32U535JEY6QTR, STM32U535NCY6QTR, STM32U535NEY6QTR, STM32U535RBI6, STM32U535RBI6Q, STM32U535RBT6, STM32U535RBT6Q, STM32U535RCI6, STM32U535RCI6Q, STM32U535RCT6, STM32U535RCT6Q, STM32U535REI6, STM32U535REI6Q, STM32U535RET6, STM32U535RET6Q, STM32U535VCI6, STM32U535VCI6Q, STM32U535VCT6, STM32U535VCT6Q, STM32U535VEI6, STM32U535VEI6Q, STM32U535VET6, STM32U535VET6Q, STM32U545CET6, STM32U545CET6Q, STM32U545CEU6, STM32U545CEU6Q, STM32U545JEY6QTR, STM32U545NEY6QTR, STM32U545REI6, STM32U545REI6Q, STM32U545RET6, STM32U545RET6Q, STM32U545VEI6, STM32U545VEI6Q, STM32U545VET6, STM32U545VET6Q, STM32U595AIH6, STM32U595AIH6Q, STM32U595AJH6, STM32U595AJH6Q, STM32U595QII6, STM32U595QII6Q, STM32U595QJI6, STM32U595QJI6Q, STM32U595RIT6, STM32U595RIT6Q, STM32U595RJT6, STM32U595RJT6Q, STM32U595VIT6, STM32U595VIT6Q, STM32U595VJT6, STM32U595VJT6Q, STM32U595ZIT6, STM32U595ZIT6Q, STM32U595ZIY6QTR, STM32U595ZJT6, STM32U595ZJT6Q, STM32U595ZJY6QTR, STM32U599BJY6QTR, STM32U599NIH6Q, STM32U599NJH6Q, STM32U599VIT6Q, STM32U599VJT6, STM32U599VJT6Q, STM32U599ZIT6Q, STM32U599ZIY6QTR, STM32U599ZJT6Q, STM32U599ZJY6QTR, STM32U5A5AJH6, STM32U5A5AJH6Q, STM32U5A5QJI6, STM32U5A5QJI6Q, STM32U5A5RJT6, STM32U5A5RJT6Q, STM32U5A5VJT6, STM32U5A5VJT6Q, STM32U5A5ZJT6, STM32U5A5ZJT6Q, STM32U5A5ZJY6QTR, STM32U5A9BJY6QTR, STM32U5A9J-DK, STM32U5A9NJH6Q, STM32U5A9VJT6Q, STM32U5A9ZJT6Q, STM32U5A9ZJY6QTR, STM32U5F7VIT6, STM32U5F7VIT6Q, STM32U5F7VJT6, STM32U5F7VJT6Q, STM32U5F9BJY6QTR, STM32U5F9NJH6Q, STM32U5F9VIT6Q, STM32U5F9VJT6Q, STM32U5F9ZIJ6QTR, STM32U5F9ZIT6Q, STM32U5F9ZJJ6QTR, STM32U5F9ZJT6Q, STM32U5G7VJT6, STM32U5G7VJT6Q, STM32U5G9BJY6QTR, STM32U5G9J-DK1, STM32U5G9J-DK2, STM32U5G9NJH6Q, STM32U5G9VJT6Q, STM32U5G9ZJJ6QTR, STM32U5G9ZJT6Q, STM32WB1MMCH6, STM32WBA50KEU6, STM32WBA50KEU6TR, STM32WBA50KGU6, STM32WBA50KGU6TR, STM32WBA52CEU6, STM32WBA52CEU6TR, STM32WBA52CEU7, STM32WBA52CEU7TR, STM32WBA52CGU6, STM32WBA52CGU6TR, STM32WBA52CGU6U, STM32WBA52CGU7, STM32WBA52CGU7TR, STM32WBA52KEU6, STM32WBA52KEU6TR, STM32WBA52KGU6, STM32WBA52KGU6TR, STM32WBA54CEU6, STM32WBA54CEU6TR, STM32WBA54CEU7, STM32WBA54CEU7TR, STM32WBA54CGU6, STM32WBA54CGU6TR, STM32WBA54CGU7, STM32WBA54CGU7TR, STM32WBA54KEU6, STM32WBA54KEU6TR, STM32WBA54KEU7, STM32WBA54KEU7TR, STM32WBA54KGU6, STM32WBA54KGU6TR, STM32WBA54KGU7, STM32WBA54KGU7TR, STM32WBA55CEU6, STM32WBA55CEU6TR, STM32WBA55CEU7, STM32WBA55CEU7TR, STM32WBA55CGU6, STM32WBA55CGU6TR, STM32WBA55CGU6U, STM32WBA55CGU7, STM32WBA55CGU7TR, STM32WBA55G-DK1, STM32WBA55HEF6, STM32WBA55HEF7, STM32WBA55HGF6, STM32WBA55HGF7, STM32WBA55UEI6, STM32WBA55UEI6TR, STM32WBA55UEI7, STM32WBA55UEI7TR, STM32WBA55UGI6, STM32WBA55UGI6TR, STM32WBA55UGI7, STM32WBA55UGI7TR, STM32WL5MOCH6, STM32WL5MOCH6TR]
2023-12-16 11:40:31,604 [INFO] DbMcus:218 - Found 3930 MCUs, 3930 are supported
2023-12-16 11:40:31,605 [INFO] ApiDb:423 - Load user favorites file C:\Users\5164580/.stm32cubeide/favorites.mcus.txt: 1 item(s)
2023-12-16 11:40:31,605 [INFO] ApiDb:427 - User favorites MCUs=[STM32F407VGT6]
2023-12-16 11:40:31,605 [INFO] DbMcus:224 - Set 1 / 1 favorites MCUs
2023-12-16 11:40:31,901 [INFO] MicroXplorer:468 - Change Database Path : 
2023-12-16 11:40:31,901 [INFO] MicroXplorer:498 - Change Database Version : DB.6.0.100
2023-12-16 11:40:31,901 [WARN] ThirdParty:833 - waiting for thirdparty lock release [change project]
2023-12-16 11:40:31,901 [INFO] ThirdParty:835 - entering critical section [change project]
2023-12-16 11:40:31,902 [INFO] ThirdParty:1030 - CMSIS Pack Vendor :STMicroelectronics X-CUBE-ISPU 1.1.0
2023-12-16 11:40:31,902 [INFO] ThirdParty:1030 - CMSIS Pack Vendor :STMicroelectronics USBPD 4.1
2023-12-16 11:40:31,902 [INFO] ThirdParty:1030 - CMSIS Pack Vendor :STMicroelectronics X-CUBE-GNSS1 6.0.0
2023-12-16 11:40:31,902 [INFO] ThirdParty:1030 - CMSIS Pack Vendor :STMicroelectronics USB_HOST 2.0.0
2023-12-16 11:40:31,902 [INFO] ThirdParty:1030 - CMSIS Pack Vendor :STMicroelectronics X-CUBE-AZRTOS-F4 1.1.0
2023-12-16 11:40:31,902 [INFO] ThirdParty:1030 - CMSIS Pack Vendor :STMicroelectronics LIBJPEG 8.0.0
2023-12-16 11:40:31,902 [INFO] ThirdParty:1030 - CMSIS Pack Vendor :wolfSSL I-CUBE-wolfSSL 5.6.4
2023-12-16 11:40:31,902 [INFO] ThirdParty:1030 - CMSIS Pack Vendor :STMicroelectronics X-CUBE-SMBUS 2.1.0
2023-12-16 11:40:31,902 [INFO] ThirdParty:1030 - CMSIS Pack Vendor :STMicroelectronics USB_DEVICE 3.0.0
2023-12-16 11:40:31,902 [INFO] ThirdParty:1030 - CMSIS Pack Vendor :STMicroelectronics X-CUBE-AZRTOS-WB 2.0.0
2023-12-16 11:40:31,902 [INFO] ThirdParty:1030 - CMSIS Pack Vendor :STMicroelectronics X-CUBE-TOUCHGFX 4.23.0
2023-12-16 11:40:31,902 [INFO] ThirdParty:1030 - CMSIS Pack Vendor :STMicroelectronics X-CUBE-AZRTOS-F7 1.1.0
2023-12-16 11:40:31,902 [INFO] ThirdParty:1030 - CMSIS Pack Vendor :STMicroelectronics X-CUBE-AZRTOS-L5 2.0.0
2023-12-16 11:40:31,902 [INFO] ThirdParty:1030 - CMSIS Pack Vendor :STMicroelectronics USB_DEVICE 2.0.0
2023-12-16 11:40:31,902 [INFO] ThirdParty:1030 - CMSIS Pack Vendor :STMicroelectronics X-CUBE-EEPRMA1 4.2.0
2023-12-16 11:40:31,902 [INFO] ThirdParty:1030 - CMSIS Pack Vendor :ITTIA_DB I-CUBE-ITTIADB 8.8.0
2023-12-16 11:40:31,902 [INFO] ThirdParty:1030 - CMSIS Pack Vendor :STMicroelectronics FP-SNS-MOTENV1 4.3.2
2023-12-16 11:40:31,902 [INFO] ThirdParty:1030 - CMSIS Pack Vendor :STMicroelectronics X-CUBE-ALGOBUILD 1.3.0
2023-12-16 11:40:31,902 [INFO] ThirdParty:1030 - CMSIS Pack Vendor :STMicroelectronics FreeRTOS 0.0.1
2023-12-16 11:40:31,902 [INFO] ThirdParty:1030 - CMSIS Pack Vendor :STMicroelectronics X-CUBE-AZRTOS-G0 1.1.0
2023-12-16 11:40:31,902 [INFO] ThirdParty:1030 - CMSIS Pack Vendor :STMicroelectronics X-CUBE-NFC4 3.0.0
2023-12-16 11:40:31,902 [INFO] ThirdParty:1030 - CMSIS Pack Vendor :STMicroelectronics X-CUBE-SUBG2 5.0.0
2023-12-16 11:40:31,902 [INFO] ThirdParty:1030 - CMSIS Pack Vendor :STMicroelectronics STM32_WPAN 1.0.0
2023-12-16 11:40:31,902 [INFO] ThirdParty:1030 - CMSIS Pack Vendor :STMicroelectronics lwIP 2.0.3
2023-12-16 11:40:31,902 [INFO] ThirdParty:1030 - CMSIS Pack Vendor :STMicroelectronics FP-SNS-FLIGHT1 5.0.2
2023-12-16 11:40:31,902 [INFO] ThirdParty:1030 - CMSIS Pack Vendor :STMicroelectronics USB_HOST 1.0.0
2023-12-16 11:40:31,902 [INFO] ThirdParty:1030 - CMSIS Pack Vendor :STMicroelectronics X-CUBE-AZRTOS-G4 2.0.0
2023-12-16 11:40:31,902 [INFO] ThirdParty:1030 - CMSIS Pack Vendor :STMicroelectronics PDM2PCM 3.1.0
2023-12-16 11:40:31,902 [INFO] ThirdParty:1030 - CMSIS Pack Vendor :Infineon AIROC-Wi-Fi-Bluetooth-STM32 1.5.1
2023-12-16 11:40:31,902 [INFO] ThirdParty:1030 - CMSIS Pack Vendor :STMicroelectronics X-CUBE-BLEMGR 3.0.0
2023-12-16 11:40:31,902 [INFO] ThirdParty:1030 - CMSIS Pack Vendor :STMicroelectronics PDM2PCM 3.3.0
2023-12-16 11:40:31,902 [INFO] ThirdParty:1030 - CMSIS Pack Vendor :STMicroelectronics X-CUBE-DISPLAY 3.0.0
2023-12-16 11:40:31,902 [INFO] ThirdParty:1030 - CMSIS Pack Vendor :STMicroelectronics X-CUBE-BLE1 7.0.0
2023-12-16 11:40:31,902 [INFO] ThirdParty:1030 - CMSIS Pack Vendor :STMicroelectronics FP-ATR-SIGFOX1 3.2.0
2023-12-16 11:40:31,902 [INFO] ThirdParty:1030 - CMSIS Pack Vendor :STMicroelectronics X-CUBE-ISPU 2.0.0
2023-12-16 11:40:31,902 [INFO] ThirdParty:1030 - CMSIS Pack Vendor :STMicroelectronics HAL Drivers 0.0.0
2023-12-16 11:40:31,902 [INFO] ThirdParty:1030 - CMSIS Pack Vendor :STMicroelectronics MBEDTLS 2.16.2
2023-12-16 11:40:31,902 [INFO] ThirdParty:1030 - CMSIS Pack Vendor :emotas I-CUBE-CANOPEN 1.3.0
2023-12-16 11:40:31,902 [INFO] ThirdParty:1030 - CMSIS Pack Vendor :STMicroelectronics X-CUBE-MEMS1 10.0.0
2023-12-16 11:40:31,902 [INFO] ThirdParty:1030 - CMSIS Pack Vendor :STMicroelectronics X-CUBE-FREERTOS 1.1.0
2023-12-16 11:40:31,903 [INFO] ThirdParty:1030 - CMSIS Pack Vendor :STMicroelectronics X-CUBE-NFC7 1.0.1
2023-12-16 11:40:31,903 [INFO] ThirdParty:1030 - CMSIS Pack Vendor :STMicroelectronics MBEDTLS 2.14.1
2023-12-16 11:40:31,903 [INFO] ThirdParty:1030 - CMSIS Pack Vendor :STMicroelectronics X-CUBE-TOUCHGFX 4.22.1
2023-12-16 11:40:31,903 [INFO] ThirdParty:1030 - CMSIS Pack Vendor :STMicroelectronics X-CUBE-NFC6 3.0.0
2023-12-16 11:40:31,903 [INFO] ThirdParty:1030 - CMSIS Pack Vendor :portGmbH I-Cube-SoM-uGOAL 1.1.0
2023-12-16 11:40:31,903 [INFO] ThirdParty:1030 - CMSIS Pack Vendor :STMicroelectronics X-CUBE-ALS 1.0.1
2023-12-16 11:40:31,903 [INFO] ThirdParty:1030 - CMSIS Pack Vendor :STMicroelectronics ThreadX 1.0.0
2023-12-16 11:40:31,903 [INFO] ThirdParty:1030 - CMSIS Pack Vendor :STMicroelectronics FP-SNS-SMARTAG2 1.2.0
2023-12-16 11:40:31,903 [INFO] ThirdParty:1030 - CMSIS Pack Vendor :STMicroelectronics X-CUBE-AZRTOS-WL 2.0.0
2023-12-16 11:40:31,903 [INFO] ThirdParty:1030 - CMSIS Pack Vendor :STMicroelectronics USB_DEVICE 1.0.0
2023-12-16 11:40:31,903 [INFO] ThirdParty:1030 - CMSIS Pack Vendor :STMicroelectronics X-CUBE-AI 8.1.0
2023-12-16 11:40:31,903 [INFO] ThirdParty:1030 - CMSIS Pack Vendor :STMicroelectronics X-CUBE-AZRTOS-L4 2.0.0
2023-12-16 11:40:31,903 [INFO] ThirdParty:1030 - CMSIS Pack Vendor :STMicroelectronics ThreadX 0.0.2
2023-12-16 11:40:31,903 [INFO] ThirdParty:1030 - CMSIS Pack Vendor :WES I-CUBE-Cesium 1.3.0
2023-12-16 11:40:31,903 [INFO] ThirdParty:1030 - CMSIS Pack Vendor :STMicroelectronics FP-ATR-ASTRA1 2.0.0
2023-12-16 11:40:31,903 [INFO] ThirdParty:1030 - CMSIS Pack Vendor :STMicroelectronics lwIP 2.1.2
2023-12-16 11:40:31,903 [INFO] ThirdParty:1030 - CMSIS Pack Vendor :STMicroelectronics X-CUBE-SFXS2LP1 4.0.0
2023-12-16 11:40:31,903 [INFO] ThirdParty:1030 - CMSIS Pack Vendor :STMicroelectronics X-CUBE-BLE2 3.3.0
2023-12-16 11:40:31,903 [INFO] ThirdParty:1030 - CMSIS Pack Vendor :STMicroelectronics X-CUBE-AZRTOS-H7 3.2.0
2023-12-16 11:40:31,903 [INFO] ThirdParty:1030 - CMSIS Pack Vendor :STMicroelectronics PDM2PCM 3.2.0
2023-12-16 11:40:31,903 [INFO] ThirdParty:841 - exiting critical section [change project]
2023-12-16 11:40:32,226 [INFO] PinOutPanel:1499 - setPackage(No Configuration,No Configuration)
2023-12-16 11:40:32,228 [INFO] PinOutPanel:1499 - setPackage(STM32F407VGTx,LQFP100)
2023-12-16 11:40:32,594 [INFO] UtilMem:75 - Before build in PCC Used Memory: 368679000 Bytes (636485632)
2023-12-16 11:40:33,300 [INFO] UtilMem:75 - After build in PCC Used Memory: 447599216 Bytes (636485632)
2023-12-16 11:40:33,323 [INFO] IPUIPlugin:80 - create IPUIPlugin
2023-12-16 11:40:33,323 [INFO] IPUIPlugin:80 - create IPUIPlugin
2023-12-16 11:40:33,323 [INFO] IPUIPlugin:80 - create IPUIPlugin
2023-12-16 11:40:33,323 [INFO] IPUIPlugin:80 - create IPUIPlugin
2023-12-16 11:40:33,323 [INFO] IPUIPlugin:80 - create IPUIPlugin
2023-12-16 11:40:33,323 [INFO] IPUIPlugin:80 - create IPUIPlugin
2023-12-16 11:40:33,324 [INFO] IPUIPlugin:80 - create IPUIPlugin
2023-12-16 11:40:33,324 [INFO] IPUIPlugin:80 - create IPUIPlugin
2023-12-16 11:40:33,324 [INFO] IPUIPlugin:80 - create IPUIPlugin
2023-12-16 11:40:33,324 [INFO] IPUIPlugin:80 - create IPUIPlugin
2023-12-16 11:40:33,324 [INFO] IPUIPlugin:80 - create IPUIPlugin
2023-12-16 11:40:33,324 [INFO] IPUIPlugin:80 - create IPUIPlugin
2023-12-16 11:40:33,324 [INFO] IPUIPlugin:80 - create IPUIPlugin
2023-12-16 11:40:33,324 [INFO] IPUIPlugin:80 - create IPUIPlugin
2023-12-16 11:40:33,325 [INFO] IPUIPlugin:80 - create IPUIPlugin
2023-12-16 11:40:33,325 [INFO] IPUIPlugin:80 - create IPUIPlugin
2023-12-16 11:40:33,325 [INFO] IPUIPlugin:80 - create IPUIPlugin
2023-12-16 11:40:33,325 [INFO] IPUIPlugin:80 - create IPUIPlugin
2023-12-16 11:40:33,325 [INFO] IPUIPlugin:80 - create IPUIPlugin
2023-12-16 11:40:33,325 [INFO] IPUIPlugin:80 - create IPUIPlugin
2023-12-16 11:40:33,325 [INFO] IPUIPlugin:80 - create IPUIPlugin
2023-12-16 11:40:33,326 [INFO] IPUIPlugin:80 - create IPUIPlugin
2023-12-16 11:40:33,326 [INFO] IPUIPlugin:80 - create IPUIPlugin
2023-12-16 11:40:33,326 [INFO] IPUIPlugin:80 - create IPUIPlugin
2023-12-16 11:40:33,326 [INFO] IPUIPlugin:80 - create IPUIPlugin
2023-12-16 11:40:33,326 [INFO] IPUIPlugin:80 - create IPUIPlugin
2023-12-16 11:40:33,326 [INFO] IPUIPlugin:80 - create IPUIPlugin
2023-12-16 11:40:33,326 [INFO] IPUIPlugin:80 - create IPUIPlugin
2023-12-16 11:40:33,326 [INFO] IPUIPlugin:80 - create IPUIPlugin
2023-12-16 11:40:33,326 [INFO] IPUIPlugin:80 - create IPUIPlugin
2023-12-16 11:40:33,327 [INFO] IPUIPlugin:80 - create IPUIPlugin
2023-12-16 11:40:33,327 [INFO] IPUIPlugin:80 - create IPUIPlugin
2023-12-16 11:40:33,327 [INFO] IPUIPlugin:80 - create IPUIPlugin
2023-12-16 11:40:33,327 [INFO] IPUIPlugin:80 - create IPUIPlugin
2023-12-16 11:40:33,327 [INFO] IPUIPlugin:80 - create IPUIPlugin
2023-12-16 11:40:33,327 [INFO] IPUIPlugin:80 - create IPUIPlugin
2023-12-16 11:40:33,327 [INFO] IPUIPlugin:80 - create IPUIPlugin
2023-12-16 11:40:33,328 [INFO] IPUIPlugin:80 - create IPUIPlugin
2023-12-16 11:40:33,328 [INFO] IPUIPlugin:80 - create IPUIPlugin
2023-12-16 11:40:33,328 [INFO] IPUIPlugin:80 - create IPUIPlugin
2023-12-16 11:40:33,328 [INFO] IPUIPlugin:80 - create IPUIPlugin
2023-12-16 11:40:33,328 [INFO] IPUIPlugin:80 - create IPUIPlugin
2023-12-16 11:40:33,328 [INFO] IPUIPlugin:80 - create IPUIPlugin
2023-12-16 11:40:33,329 [INFO] IPUIPlugin:80 - create IPUIPlugin
2023-12-16 11:40:33,329 [INFO] IPUIPlugin:80 - create IPUIPlugin
2023-12-16 11:40:33,329 [INFO] IPUIPlugin:80 - create IPUIPlugin
2023-12-16 11:40:33,329 [INFO] IPUIPlugin:80 - create IPUIPlugin
2023-12-16 11:40:33,329 [INFO] IPUIPlugin:80 - create IPUIPlugin
2023-12-16 11:40:33,329 [INFO] IPUIPlugin:80 - create IPUIPlugin
2023-12-16 11:40:33,330 [INFO] IPUIPlugin:80 - create IPUIPlugin
2023-12-16 11:40:33,330 [INFO] IPUIPlugin:80 - create IPUIPlugin
2023-12-16 11:40:33,330 [INFO] IPUIPlugin:80 - create IPUIPlugin
2023-12-16 11:40:33,330 [INFO] IPUIPlugin:80 - create IPUIPlugin
2023-12-16 11:40:33,331 [INFO] IPUIPlugin:80 - create IPUIPlugin
2023-12-16 11:40:33,331 [INFO] IPUIPlugin:80 - create IPUIPlugin
2023-12-16 11:40:33,332 [INFO] IPUIPlugin:80 - create IPUIPlugin
2023-12-16 11:40:33,333 [INFO] IPUIPlugin:80 - create IPUIPlugin
2023-12-16 11:40:33,333 [INFO] IPUIPlugin:80 - create IPUIPlugin
2023-12-16 11:40:33,436 [INFO] ApiDbMcu:508 - Load IP Config File for PDM2PCM
2023-12-16 11:40:33,625 [INFO] CADModel:165 - CPN selected for project levelSTM32F407VGT6
2023-12-16 11:40:33,626 [INFO] CADModel:114 - Register for checkConnection events
2023-12-16 11:40:33,675 [INFO] OpenFileManager:343 - Restore cursor
2023-12-16 11:42:02,736 [INFO] UtilMem:75 - End SaveConfig() Used Memory: 566313144 Bytes (702545920)
2023-12-16 11:42:04,690 [INFO] UtilMem:75 - End SaveConfig() Used Memory: 584859256 Bytes (702545920)
2023-12-16 11:42:05,714 [INFO] UtilMem:75 - End SaveConfig() Used Memory: 629425784 Bytes (702545920)
2023-12-16 11:42:06,135 [INFO] BlockDiagram:2759 - set Specific Code input for plugin: TIM1_8
2023-12-16 11:42:06,135 [INFO] BlockDiagram:2759 - set Specific Code input for plugin: TIM1_8
2023-12-16 11:42:06,135 [INFO] BlockDiagram:2759 - set Specific Code input for plugin: TIM1_8
2023-12-16 11:42:06,135 [INFO] BlockDiagram:2759 - set Specific Code input for plugin: TIM1_8
2023-12-16 11:42:06,135 [INFO] BlockDiagram:2759 - set Specific Code input for plugin: TIM1_8
2023-12-16 11:42:06,135 [INFO] BlockDiagram:2759 - set Specific Code input for plugin: SYS
2023-12-16 11:42:06,136 [INFO] BlockDiagram:2759 - set Specific Code input for plugin: RCC
2023-12-16 11:42:06,136 [INFO] BlockDiagram:2759 - set Specific Code input for plugin: NVIC
2023-12-16 11:42:06,136 [INFO] BlockDiagram:2759 - set Specific Code input for plugin: USART
2023-12-16 11:42:06,136 [INFO] BlockDiagram:2759 - set Specific Code input for plugin: TIM1_8
2023-12-16 11:42:06,136 [INFO] BlockDiagram:2759 - set Specific Code input for plugin: TIM1_8
2023-12-16 11:42:06,136 [INFO] BlockDiagram:2759 - set Specific Code input for plugin: TIM1_8
2023-12-16 11:42:06,136 [INFO] BlockDiagram:2759 - set Specific Code input for plugin: UART
2023-12-16 11:42:06,136 [INFO] BlockDiagram:2759 - set Specific Code input for plugin: UART
2023-12-16 11:42:06,137 [INFO] BlockDiagram:2759 - set Specific Code input for plugin: GPIO
2023-12-16 11:42:06,150 [INFO] CodeGenerator:807 - code generatio: config db path: C:\ST\STM32CubeIDE_1.14.0\STM32CubeIDE\plugins\com.st.stm32cube.common.mx_6.10.0.202311202037\\db\
2023-12-16 11:42:06,367 [INFO] CodeEngine:255 - oldGeneratedFile, C:\Users\5164580\STM32f407_Chiron\SRC_Manual\MXTmpFiles\license.tmp_save
2023-12-16 11:42:06,654 [INFO] CodeEngine:279 - Generated code: C:\Users\5164580\STM32f407_Chiron\SRC_Manual\MXTmpFiles\license.tmp
2023-12-16 11:42:06,736 [INFO] CodeEngine:255 - oldGeneratedFile, C:\Users\5164580\STM32f407_Chiron\SRC_Manual\Core\Src\gpio.c_save
2023-12-16 11:42:06,837 [INFO] CodeEngine:279 - Generated code: C:\Users\5164580\STM32f407_Chiron\SRC_Manual\Core\Src\gpio.c
2023-12-16 11:42:06,841 [INFO] CodeEngine:255 - oldGeneratedFile, C:\Users\5164580\STM32f407_Chiron\SRC_Manual\Core\Inc\gpio.h_save
2023-12-16 11:42:06,904 [INFO] CodeEngine:279 - Generated code: C:\Users\5164580\STM32f407_Chiron\SRC_Manual\Core\Inc\gpio.h
2023-12-16 11:42:07,534 [INFO] CodeEngine:255 - oldGeneratedFile, C:\Users\5164580\STM32f407_Chiron\SRC_Manual\Core\Src\tim.c_save
2023-12-16 11:42:07,689 [INFO] CodeEngine:279 - Generated code: C:\Users\5164580\STM32f407_Chiron\SRC_Manual\Core\Src\tim.c
2023-12-16 11:42:07,696 [INFO] CodeEngine:255 - oldGeneratedFile, C:\Users\5164580\STM32f407_Chiron\SRC_Manual\Core\Inc\tim.h_save
2023-12-16 11:42:07,750 [INFO] CodeEngine:279 - Generated code: C:\Users\5164580\STM32f407_Chiron\SRC_Manual\Core\Inc\tim.h
2023-12-16 11:42:07,758 [INFO] CodeEngine:255 - oldGeneratedFile, C:\Users\5164580\STM32f407_Chiron\SRC_Manual\Core\Src\usart.c_save
2023-12-16 11:42:07,838 [INFO] CodeEngine:279 - Generated code: C:\Users\5164580\STM32f407_Chiron\SRC_Manual\Core\Src\usart.c
2023-12-16 11:42:07,842 [INFO] CodeEngine:255 - oldGeneratedFile, C:\Users\5164580\STM32f407_Chiron\SRC_Manual\Core\Inc\usart.h_save
2023-12-16 11:42:07,895 [INFO] CodeEngine:279 - Generated code: C:\Users\5164580\STM32f407_Chiron\SRC_Manual\Core\Inc\usart.h
2023-12-16 11:42:07,931 [INFO] CodeEngine:255 - oldGeneratedFile, C:\Users\5164580\STM32f407_Chiron\SRC_Manual\Core\Src\stm32f4xx_it.c_save
2023-12-16 11:42:07,999 [INFO] CodeEngine:279 - Generated code: C:\Users\5164580\STM32f407_Chiron\SRC_Manual\Core\Src\stm32f4xx_it.c
2023-12-16 11:42:08,006 [INFO] CodeEngine:255 - oldGeneratedFile, C:\Users\5164580\STM32f407_Chiron\SRC_Manual\Core\Inc\stm32f4xx_it.h_save
2023-12-16 11:42:08,053 [INFO] CodeEngine:279 - Generated code: C:\Users\5164580\STM32f407_Chiron\SRC_Manual\Core\Inc\stm32f4xx_it.h
2023-12-16 11:42:08,068 [INFO] CodeEngine:255 - oldGeneratedFile, C:\Users\5164580\STM32f407_Chiron\SRC_Manual\Core\Src\stm32f4xx_hal_msp.c_save
2023-12-16 11:42:08,162 [INFO] CodeEngine:279 - Generated code: C:\Users\5164580\STM32f407_Chiron\SRC_Manual\Core\Src\stm32f4xx_hal_msp.c
2023-12-16 11:42:08,167 [INFO] CodeEngine:255 - oldGeneratedFile, C:\Users\5164580\STM32f407_Chiron\SRC_Manual\MXTmpFiles\system.tmp_save
2023-12-16 11:42:08,214 [INFO] CodeEngine:279 - Generated code: C:\Users\5164580\STM32f407_Chiron\SRC_Manual\MXTmpFiles\system.tmp
2023-12-16 11:42:08,229 [INFO] CodeEngine:311 - oldGeneratedFile, C:\Users\5164580\STM32f407_Chiron\SRC_Manual\Core\Inc\stm32f4xx_hal_conf.h_save
2023-12-16 11:42:08,286 [INFO] CodeEngine:335 - Generated code: C:\Users\5164580\STM32f407_Chiron\SRC_Manual\Core\Inc\stm32f4xx_hal_conf.h
2023-12-16 11:42:08,315 [INFO] CodeEngine:255 - oldGeneratedFile, C:\Users\5164580\STM32f407_Chiron\SRC_Manual\Core\Inc\main.h_save
2023-12-16 11:42:08,382 [INFO] CodeEngine:279 - Generated code: C:\Users\5164580\STM32f407_Chiron\SRC_Manual\Core\Inc\main.h
2023-12-16 11:42:08,391 [INFO] CodeEngine:255 - oldGeneratedFile, C:\Users\5164580\STM32f407_Chiron\SRC_Manual\Core\Src\main.c_save
2023-12-16 11:42:08,489 [INFO] CodeEngine:279 - Generated code: C:\Users\5164580\STM32f407_Chiron\SRC_Manual\Core\Src\main.c
2023-12-16 11:42:09,025 [INFO] ProjectBuilder:3076 - Time for Copy HAL[1] : 218mS.
2023-12-16 11:42:09,030 [INFO] ProjectBuilder:4485 - Project Generator version: 4.2.0-B44
2023-12-16 11:42:09,177 [INFO] ConfigFileManager:1495 - The Die is : DIE413
2023-12-16 11:42:09,185 [INFO] ApiDbMcu:508 - Load IP Config File for FATFS
2023-12-16 11:42:09,191 [INFO] ApiDbMcu:508 - Load IP Config File for FREERTOS
2023-12-16 11:42:09,196 [INFO] ApiDbMcu:508 - Load IP Config File for LIBJPEG
2023-12-16 11:42:09,203 [INFO] ApiDbMcu:508 - Load IP Config File for LWIP
2023-12-16 11:42:09,212 [INFO] ApiDbMcu:508 - Load IP Config File for MBEDTLS
2023-12-16 11:42:09,220 [INFO] ApiDbMcu:508 - Load IP Config File for USB_DEVICE
2023-12-16 11:42:09,279 [INFO] ApiDbMcu:508 - Load IP Config File for USB_HOST
2023-12-16 11:42:09,915 [INFO] LogOutputStream:77 - [STDOUT_REDIRECT] 
2023-12-16 11:42:10,981 [INFO] ProjectBuilder:4747 - Time for Generating toolchain IDE Files: 1950mS.
2023-12-16 11:42:10,994 [INFO] ProjectBuilder:2947 - Time for Copy CMSIS : 12mS.
2023-12-16 11:42:10,997 [INFO] ProjectBuilder:2947 - Time for Copy CMSIS : 0mS.
2023-12-16 12:45:00,120 [ERROR] LogOutputStream:75 - [STDERR_REDIRECT] 
2023-12-16 12:45:00,120 [ERROR] LogOutputStream:75 - [STDERR_REDIRECT] 
