2023-12-26 17:55:59,865 [INFO] Activator:176 - 


2023-12-26 17:55:59,869 [INFO] Activator:177 - !SESSION log4j initialized
2023-12-26 17:56:04,489 [INFO] LogOutputStream:77 - [STDOUT_REDIRECT] 
2023-12-26 17:56:06,124 [INFO] ApplicationProperties:184 - Using Application install path: C:\ST\STM32CubeIDE_1.14.0\STM32CubeIDE\plugins\com.st.stm32cube.common.mx_6.10.0.202311202037
2023-12-26 17:56:06,146 [INFO] DbMcusXml:78 - Set database path to: C:\ST\STM32CubeIDE_1.14.0\STM32CubeIDE\plugins\com.st.stm32cube.common.mx_6.10.0.202311202037\\db\/mcu/
2023-12-26 17:56:06,146 [INFO] ApiDb:274 - Set plugin database path to: C:\ST\STM32CubeIDE_1.14.0\STM32CubeIDE\plugins\com.st.stm32cube.common.mx_6.10.0.202311202037\\db\/plugins/boardmanager/
2023-12-26 17:56:06,147 [WARN] ApiDb:259 - Overriding images path with different value:  => C:\ST\STM32CubeIDE_1.14.0\STM32CubeIDE\plugins\com.st.stm32cube.common.mx_6.10.0.202311202037\\db\/plugins/mcufinder/images/
2023-12-26 17:56:06,164 [INFO] ApiDb:250 - Set database path to: C:\Users\5164580\.stmcufinder\plugins\mcufinder//mcu/
2023-12-26 17:56:06,165 [INFO] DbMcusAds:125 - Set database path to: C:\Users\5164580\.stmcufinder\plugins\mcufinder//mcu/
2023-12-26 17:56:06,167 [INFO] CrossReferenceDbSqlite:203 - Set database path to: C:\Users\5164580\.stmcufinder\plugins\mcufinder//mcu/cs/
2023-12-26 17:56:06,292 [INFO] RulesReader:64 - Compatibility file has been processed (297 Rules)
2023-12-26 17:56:06,366 [INFO] DbMcusXml:78 - Set database path to: C:\ST\STM32CubeIDE_1.14.0\STM32CubeIDE\plugins\com.st.stm32cube.common.mx_6.10.0.202311202037\\db\/mcu/
2023-12-26 17:56:06,366 [INFO] ApiDb:274 - Set plugin database path to: C:\ST\STM32CubeIDE_1.14.0\STM32CubeIDE\plugins\com.st.stm32cube.common.mx_6.10.0.202311202037\\db\/plugins/boardmanager/
2023-12-26 17:56:06,367 [INFO] ApiDb:261 - Set plugin images path to: C:\ST\STM32CubeIDE_1.14.0\STM32CubeIDE\plugins\com.st.stm32cube.common.mx_6.10.0.202311202037\\db\/plugins/mcufinder/images/
2023-12-26 17:56:06,367 [WARN] DbFile:41 - Overriding database path with different value: C:\Users\5164580\.stmcufinder\plugins\mcufinder/ => C:\Users\5164580\.stmcufinder\plugins\mcufinder
2023-12-26 17:56:06,367 [INFO] ApiDb:250 - Set database path to: C:\Users\5164580\.stmcufinder\plugins\mcufinder//mcu/
2023-12-26 17:56:06,367 [WARN] DbFile:41 - Overriding database path with different value: C:\Users\5164580\.stmcufinder\plugins\mcufinder/ => C:\Users\5164580\.stmcufinder\plugins\mcufinder
2023-12-26 17:56:06,367 [INFO] DbMcusAds:125 - Set database path to: C:\Users\5164580\.stmcufinder\plugins\mcufinder//mcu/
2023-12-26 17:56:06,367 [WARN] DbFile:41 - Overriding database path with different value: C:\Users\5164580\.stmcufinder\plugins\mcufinder/ => C:\Users\5164580\.stmcufinder\plugins\mcufinder
2023-12-26 17:56:06,367 [WARN] DbFile:41 - Overriding database path with different value: C:\Users\5164580\.stmcufinder\plugins\mcufinder/ => C:\Users\5164580\.stmcufinder\plugins\mcufinder
2023-12-26 17:56:06,367 [INFO] CrossReferenceDbSqlite:203 - Set database path to: C:\Users\5164580\.stmcufinder\plugins\mcufinder//mcu/cs/
2023-12-26 17:56:06,448 [INFO] MainPanel:264 - HeapMemory: 268435456
2023-12-26 17:56:06,550 [INFO] DbMcusXml:78 - Set database path to: C:\ST\STM32CubeIDE_1.14.0\STM32CubeIDE\plugins\com.st.stm32cube.common.mx_6.10.0.202311202037\\db\/mcu/
2023-12-26 17:56:06,550 [INFO] ApiDb:274 - Set plugin database path to: C:\ST\STM32CubeIDE_1.14.0\STM32CubeIDE\plugins\com.st.stm32cube.common.mx_6.10.0.202311202037\\db\/plugins/boardmanager/
2023-12-26 17:56:06,550 [INFO] ApiDb:261 - Set plugin images path to: C:\ST\STM32CubeIDE_1.14.0\STM32CubeIDE\plugins\com.st.stm32cube.common.mx_6.10.0.202311202037\\db\/plugins/mcufinder/images/
2023-12-26 17:56:06,550 [WARN] DbFile:41 - Overriding database path with different value: C:\Users\5164580\.stmcufinder\plugins\mcufinder/ => C:\Users\5164580\.stmcufinder\plugins\mcufinder
2023-12-26 17:56:06,550 [INFO] ApiDb:250 - Set database path to: C:\Users\5164580\.stmcufinder\plugins\mcufinder//mcu/
2023-12-26 17:56:06,550 [WARN] DbFile:41 - Overriding database path with different value: C:\Users\5164580\.stmcufinder\plugins\mcufinder/ => C:\Users\5164580\.stmcufinder\plugins\mcufinder
2023-12-26 17:56:06,550 [INFO] DbMcusAds:125 - Set database path to: C:\Users\5164580\.stmcufinder\plugins\mcufinder//mcu/
2023-12-26 17:56:06,550 [WARN] DbFile:41 - Overriding database path with different value: C:\Users\5164580\.stmcufinder\plugins\mcufinder/ => C:\Users\5164580\.stmcufinder\plugins\mcufinder
2023-12-26 17:56:06,550 [WARN] DbFile:41 - Overriding database path with different value: C:\Users\5164580\.stmcufinder\plugins\mcufinder/ => C:\Users\5164580\.stmcufinder\plugins\mcufinder
2023-12-26 17:56:06,550 [INFO] CrossReferenceDbSqlite:203 - Set database path to: C:\Users\5164580\.stmcufinder\plugins\mcufinder//mcu/cs/
2023-12-26 17:56:06,573 [INFO] ApplicationProperties:184 - Using Application install path: C:\ST\STM32CubeIDE_1.14.0\STM32CubeIDE\plugins\com.st.stm32cube.common.mx_6.10.0.202311202037
2023-12-26 17:56:06,574 [INFO] PluginManage:196 - Search for loadable plugins [exclusion list=, ]
2023-12-26 17:56:06,576 [INFO] PluginManage:310 - Check plugin analytics
2023-12-26 17:56:06,747 [INFO] AnalyticsPlugin:253 - Accepted Software Licenses: 
2023-12-26 17:56:06,747 [INFO] AnalyticsPlugin:255 - Accepted CMSIS Pack Licenses: 
2023-12-26 17:56:06,747 [INFO] AnalyticsPlugin:257 - Accepted Firmware Licenses: FW.F4.1.28.0
2023-12-26 17:56:06,749 [INFO] PluginManage:359 - Loaded plugin analytics (category:tool,tabindex:-1)
2023-12-26 17:56:06,749 [INFO] PluginManage:310 - Check plugin cadmodel
2023-12-26 17:56:06,755 [INFO] CADModel:105 - Init CAD model plugin
2023-12-26 17:56:06,756 [INFO] PluginManage:359 - Loaded plugin cadmodel (category:power,tabindex:5)
2023-12-26 17:56:06,756 [INFO] PluginManage:310 - Check plugin clock
2023-12-26 17:56:06,767 [INFO] PluginManage:359 - Loaded plugin clock (category:base,tabindex:2)
2023-12-26 17:56:06,767 [INFO] PluginManage:310 - Check plugin ddr
2023-12-26 17:56:06,770 [INFO] PluginManage:359 - Loaded plugin ddr (category:tool,tabindex:6)
2023-12-26 17:56:06,770 [INFO] PluginManage:310 - Check plugin filemanager
2023-12-26 17:56:06,910 [INFO] PluginManage:359 - Loaded plugin filemanager (category:base,tabindex:10)
2023-12-26 17:56:06,910 [INFO] PluginManage:310 - Check plugin ipmanager
2023-12-26 17:56:06,918 [INFO] PluginManage:359 - Loaded plugin ipmanager (category:base,tabindex:5)
2023-12-26 17:56:06,918 [INFO] PluginManage:310 - Check plugin lpbam
2023-12-26 17:56:06,927 [INFO] PluginManage:359 - Loaded plugin lpbam (category:base,tabindex:0)
2023-12-26 17:56:06,927 [INFO] PluginManage:310 - Check plugin memorymap
2023-12-26 17:56:06,944 [INFO] PluginManage:359 - Loaded plugin memorymap (category:base,tabindex:4)
2023-12-26 17:56:06,944 [INFO] PluginManage:310 - Check plugin pinoutandconfiguration
2023-12-26 17:56:06,953 [INFO] PluginManage:359 - Loaded plugin pinoutandconfiguration (category:base,tabindex:1)
2023-12-26 17:56:06,953 [INFO] PluginManage:310 - Check plugin pinoutconfig
2023-12-26 17:56:07,041 [WARN] SupportedApi:132 - Cannot load RTOS API schema: s4s-elt-must-match.1: The content of 'definitions' must match (annotation?, (simpleType | complexType)?, (unique | key | keyref)*)). A problem was found starting at: attribute.
2023-12-26 17:56:07,185 [INFO] PluginManage:359 - Loaded plugin pinoutconfig (category:base,tabindex:0)
2023-12-26 17:56:07,185 [INFO] PluginManage:310 - Check plugin power
2023-12-26 17:56:07,197 [INFO] PluginManage:359 - Loaded plugin power (category:power,tabindex:4)
2023-12-26 17:56:07,198 [INFO] PluginManage:310 - Check plugin projectmanager
2023-12-26 17:56:07,226 [INFO] PluginManage:359 - Loaded plugin projectmanager (category:projectmanager,tabindex:3)
2023-12-26 17:56:07,226 [INFO] PluginManage:310 - Check plugin thirdparty
2023-12-26 17:56:07,386 [INFO] PluginManage:359 - Loaded plugin thirdparty (category:base,tabindex:-1)
2023-12-26 17:56:07,386 [WARN] IntegrityCheckThread:84 - waiting for thirdparty lock release [integrity check]
2023-12-26 17:56:07,386 [INFO] PluginManage:310 - Check plugin tools
2023-12-26 17:56:07,386 [INFO] IntegrityCheckThread:86 - entering critical section [integrity check]
2023-12-26 17:56:07,387 [INFO] ThirdPartyUpdaterWithRetryManager:70 - Updater plugin not ready yet. [1/15]
2023-12-26 17:56:07,389 [INFO] PluginManage:359 - Loaded plugin tools (category:base,tabindex:7)
2023-12-26 17:56:07,390 [INFO] PluginManage:310 - Check plugin tutovideos
2023-12-26 17:56:07,570 [INFO] PluginManage:359 - Loaded plugin tutovideos (category:base,tabindex:-1)
2023-12-26 17:56:07,570 [INFO] PluginManage:310 - Check plugin updater
2023-12-26 17:56:07,582 [INFO] PluginManage:359 - Loaded plugin updater (category:base,tabindex:12)
2023-12-26 17:56:07,582 [INFO] PluginManage:310 - Check plugin userauth
2023-12-26 17:56:07,588 [INFO] UserAuth:114 - Init User Auth plugin
2023-12-26 17:56:07,588 [INFO] PluginManage:359 - Loaded plugin userauth (category:base,tabindex:14)
2023-12-26 17:56:07,588 [INFO] PluginManage:283 - PluginManage : Loaded plugins [17]
2023-12-26 17:56:07,782 [INFO] PinOutPanel:1499 - setPackage(No Configuration,No Configuration)
2023-12-26 17:56:07,850 [INFO] CADModel:165 - CPN selected for project level
2023-12-26 17:56:07,850 [INFO] CADModel:114 - Register for checkConnection events
2023-12-26 17:56:07,873 [INFO] IPUIPlugin:80 - create IPUIPlugin
2023-12-26 17:56:07,873 [INFO] PluginManager:220 - loadIPPluginJar : add adc
2023-12-26 17:56:07,876 [INFO] IPUIPlugin:80 - create IPUIPlugin
2023-12-26 17:56:07,876 [INFO] PluginManager:220 - loadIPPluginJar : add aes
2023-12-26 17:56:07,879 [INFO] IPUIPlugin:80 - create IPUIPlugin
2023-12-26 17:56:07,879 [INFO] PluginManager:220 - loadIPPluginJar : add can
2023-12-26 17:56:07,881 [INFO] IPUIPlugin:80 - create IPUIPlugin
2023-12-26 17:56:07,881 [INFO] PluginManager:220 - loadIPPluginJar : add comp
2023-12-26 17:56:07,884 [INFO] IPUIPlugin:80 - create IPUIPlugin
2023-12-26 17:56:07,884 [INFO] PluginManager:220 - loadIPPluginJar : add cryp
2023-12-26 17:56:07,886 [INFO] IPUIPlugin:80 - create IPUIPlugin
2023-12-26 17:56:07,886 [INFO] PluginManager:220 - loadIPPluginJar : add dfsdm
2023-12-26 17:56:07,893 [INFO] IPUIPlugin:80 - create IPUIPlugin
2023-12-26 17:56:07,893 [INFO] PluginManager:220 - loadIPPluginJar : add dma
2023-12-26 17:56:07,896 [INFO] IPUIPlugin:80 - create IPUIPlugin
2023-12-26 17:56:07,896 [INFO] PluginManager:220 - loadIPPluginJar : add dma3
2023-12-26 17:56:07,899 [INFO] IPUIPlugin:80 - create IPUIPlugin
2023-12-26 17:56:07,899 [INFO] PluginManager:220 - loadIPPluginJar : add fatfs
2023-12-26 17:56:07,903 [INFO] IPUIPlugin:80 - create IPUIPlugin
2023-12-26 17:56:07,903 [INFO] PluginManager:220 - loadIPPluginJar : add fmc
2023-12-26 17:56:07,912 [INFO] IPUIPlugin:80 - create IPUIPlugin
2023-12-26 17:56:07,912 [INFO] PluginManager:220 - loadIPPluginJar : add freertos
2023-12-26 17:56:07,914 [INFO] IPUIPlugin:80 - create IPUIPlugin
2023-12-26 17:56:07,914 [INFO] PluginManager:220 - loadIPPluginJar : add genericplugin
2023-12-26 17:56:07,917 [INFO] IPUIPlugin:80 - create IPUIPlugin
2023-12-26 17:56:07,917 [INFO] PluginManager:220 - loadIPPluginJar : add gfxmmu
2023-12-26 17:56:07,924 [INFO] IPUIPlugin:80 - create IPUIPlugin
2023-12-26 17:56:07,924 [INFO] PluginManager:220 - loadIPPluginJar : add gic
2023-12-26 17:56:07,929 [INFO] IPUIPlugin:80 - create IPUIPlugin
2023-12-26 17:56:07,929 [INFO] PluginManager:220 - loadIPPluginJar : add gpio
2023-12-26 17:56:07,935 [INFO] IPUIPlugin:80 - create IPUIPlugin
2023-12-26 17:56:07,935 [INFO] PluginManager:220 - loadIPPluginJar : add gtzc
2023-12-26 17:56:07,938 [INFO] IPUIPlugin:80 - create IPUIPlugin
2023-12-26 17:56:07,939 [INFO] PluginManager:220 - loadIPPluginJar : add hash
2023-12-26 17:56:07,942 [INFO] IPUIPlugin:80 - create IPUIPlugin
2023-12-26 17:56:07,942 [INFO] PluginManager:220 - loadIPPluginJar : add i2c
2023-12-26 17:56:07,945 [INFO] IPUIPlugin:80 - create IPUIPlugin
2023-12-26 17:56:07,945 [INFO] PluginManager:220 - loadIPPluginJar : add i2s
2023-12-26 17:56:07,948 [INFO] IPUIPlugin:80 - create IPUIPlugin
2023-12-26 17:56:07,948 [INFO] PluginManager:220 - loadIPPluginJar : add i3c
2023-12-26 17:56:07,953 [INFO] IPUIPlugin:80 - create IPUIPlugin
2023-12-26 17:56:07,954 [INFO] PluginManager:220 - loadIPPluginJar : add ipddr
2023-12-26 17:56:07,961 [INFO] IPUIPlugin:80 - create IPUIPlugin
2023-12-26 17:56:07,962 [INFO] PluginManager:220 - loadIPPluginJar : add linkedlist
2023-12-26 17:56:07,967 [INFO] IPUIPlugin:80 - create IPUIPlugin
2023-12-26 17:56:07,967 [INFO] PluginManager:220 - loadIPPluginJar : add lorawan
2023-12-26 17:56:07,970 [INFO] IPUIPlugin:80 - create IPUIPlugin
2023-12-26 17:56:07,970 [INFO] PluginManager:220 - loadIPPluginJar : add ltdc
2023-12-26 17:56:07,976 [INFO] IPUIPlugin:80 - create IPUIPlugin
2023-12-26 17:56:07,977 [INFO] PluginManager:220 - loadIPPluginJar : add mdma
2023-12-26 17:56:07,982 [INFO] IPUIPlugin:80 - create IPUIPlugin
2023-12-26 17:56:07,982 [INFO] PluginManager:220 - loadIPPluginJar : add nvic
2023-12-26 17:56:07,988 [INFO] IPUIPlugin:80 - create IPUIPlugin
2023-12-26 17:56:07,988 [INFO] PluginManager:220 - loadIPPluginJar : add opamp
2023-12-26 17:56:07,993 [INFO] IPUIPlugin:80 - create IPUIPlugin
2023-12-26 17:56:07,993 [INFO] PluginManager:220 - loadIPPluginJar : add openamp
2023-12-26 17:56:07,998 [INFO] IPUIPlugin:80 - create IPUIPlugin
2023-12-26 17:56:07,999 [INFO] PluginManager:220 - loadIPPluginJar : add pdm2pcm
2023-12-26 17:56:08,005 [INFO] IPUIPlugin:80 - create IPUIPlugin
2023-12-26 17:56:08,007 [INFO] PluginManager:220 - loadIPPluginJar : add plateformsettings
2023-12-26 17:56:08,009 [INFO] IPUIPlugin:80 - create IPUIPlugin
2023-12-26 17:56:08,009 [INFO] PluginManager:220 - loadIPPluginJar : add quadspi
2023-12-26 17:56:08,016 [INFO] IPUIPlugin:80 - create IPUIPlugin
2023-12-26 17:56:08,016 [INFO] PluginManager:220 - loadIPPluginJar : add resmgrutility
2023-12-26 17:56:08,019 [INFO] IPUIPlugin:80 - create IPUIPlugin
2023-12-26 17:56:08,019 [INFO] PluginManager:220 - loadIPPluginJar : add sai
2023-12-26 17:56:08,021 [INFO] IPUIPlugin:80 - create IPUIPlugin
2023-12-26 17:56:08,022 [INFO] PluginManager:220 - loadIPPluginJar : add spi
2023-12-26 17:56:08,026 [INFO] IPUIPlugin:80 - create IPUIPlugin
2023-12-26 17:56:08,027 [INFO] PluginManager:220 - loadIPPluginJar : add stm32_wpan
2023-12-26 17:56:08,029 [INFO] IPUIPlugin:80 - create IPUIPlugin
2023-12-26 17:56:08,029 [INFO] PluginManager:220 - loadIPPluginJar : add tim
2023-12-26 17:56:08,032 [INFO] IPUIPlugin:80 - create IPUIPlugin
2023-12-26 17:56:08,032 [INFO] PluginManager:220 - loadIPPluginJar : add touchsensing
2023-12-26 17:56:08,035 [INFO] IPUIPlugin:80 - create IPUIPlugin
2023-12-26 17:56:08,035 [INFO] PluginManager:220 - loadIPPluginJar : add tracer_emb
2023-12-26 17:56:08,037 [INFO] IPUIPlugin:80 - create IPUIPlugin
2023-12-26 17:56:08,037 [INFO] PluginManager:220 - loadIPPluginJar : add ts
2023-12-26 17:56:08,040 [INFO] IPUIPlugin:80 - create IPUIPlugin
2023-12-26 17:56:08,040 [INFO] PluginManager:220 - loadIPPluginJar : add tsc
2023-12-26 17:56:08,043 [INFO] IPUIPlugin:80 - create IPUIPlugin
2023-12-26 17:56:08,043 [INFO] PluginManager:220 - loadIPPluginJar : add ucpd
2023-12-26 17:56:08,046 [INFO] IPUIPlugin:80 - create IPUIPlugin
2023-12-26 17:56:08,046 [INFO] PluginManager:220 - loadIPPluginJar : add usart
2023-12-26 17:56:08,050 [INFO] IPUIPlugin:80 - create IPUIPlugin
2023-12-26 17:56:08,050 [INFO] PluginManager:220 - loadIPPluginJar : add usbx
2023-12-26 17:56:08,177 [INFO] CADModel:165 - CPN selected for project level
2023-12-26 17:56:08,178 [INFO] CADModel:114 - Register for checkConnection events
2023-12-26 17:56:08,178 [FATAL] Updater:308 - Updater called before beeing initialized
2023-12-26 17:56:08,178 [ERROR] CADModel:125 - Updater not yet initialized, retry later 
2023-12-26 17:56:08,321 [INFO] CADModel:165 - CPN selected for project level
2023-12-26 17:56:08,321 [INFO] CADModel:114 - Register for checkConnection events
2023-12-26 17:56:08,321 [FATAL] Updater:308 - Updater called before beeing initialized
2023-12-26 17:56:08,322 [ERROR] CADModel:125 - Updater not yet initialized, retry later 
2023-12-26 17:56:08,324 [FATAL] Updater:308 - Updater called before beeing initialized
2023-12-26 17:56:08,422 [FATAL] Updater:308 - Updater called before beeing initialized
2023-12-26 17:56:08,426 [INFO] DbMcusAds:53 - JSON generation date=Wed Nov 29 19:52:27 JST 2023 (1701255147349)
2023-12-26 17:56:08,426 [FATAL] Updater:308 - Updater called before beeing initialized
2023-12-26 17:56:08,463 [WARN] DetailPanel:346 - Failed to get advertising image, set to default
2023-12-26 17:56:08,529 [FATAL] Updater:308 - Updater called before beeing initialized
2023-12-26 17:56:08,531 [FATAL] Updater:308 - Updater called before beeing initialized
2023-12-26 17:56:08,531 [FATAL] Updater:308 - Updater called before beeing initialized
2023-12-26 17:56:08,531 [WARN] DetailPanel:346 - Failed to get advertising image, set to default
2023-12-26 17:56:08,532 [FATAL] Updater:308 - Updater called before beeing initialized
2023-12-26 17:56:08,575 [ERROR] Updater:1120 - MainUpdater not yet initialized. External WinMGr cannot be set.
2023-12-26 17:56:08,578 [INFO] Updater:1056 - Updater Version found : 6.10.0
2023-12-26 17:56:08,599 [INFO] ApplicationProperties:184 - Using Application install path: C:\ST\STM32CubeIDE_1.14.0\STM32CubeIDE\plugins\com.st.stm32cube.common.mx_6.10.0.202311202037
2023-12-26 17:56:10,181 [ERROR] LogOutputStream:75 - [STDERR_REDIRECT] Dec 26, 2023 5:56:10 PM java.util.prefs.WindowsPreferences <init>
2023-12-26 17:56:10,182 [ERROR] LogOutputStream:75 - [STDERR_REDIRECT] WARNING: Could not open/create prefs root node Software\JavaSoft\Prefs at root 0xffffffff80000002. Windows RegCreateKeyEx(...) returned error code 5.
2023-12-26 17:56:10,182 [ERROR] LogOutputStream:75 - [STDERR_REDIRECT] 
2023-12-26 17:56:10,388 [INFO] ThirdPartyUpdaterWithRetryManager:70 - Updater plugin not ready yet. [2/15]
2023-12-26 17:56:10,408 [INFO] MainUpdater:2873 - connection check result : 10
2023-12-26 17:56:10,409 [INFO] MainUpdater:3567 - Updater definition file requires update
2023-12-26 17:56:10,410 [INFO] MainUpdater:290 - Updater Check For Update Now.
2023-12-26 17:56:10,410 [INFO] MicroXplorer:498 - Change Database Version : DB.6.0.100
2023-12-26 17:56:10,416 [INFO] McuFinderGlobals:63 - Set McuFinder mode to 2 (CubeIDE integrated)
2023-12-26 17:56:10,459 [INFO] ServerAccessManage:473 - Download File updaters.zip
2023-12-26 17:56:10,529 [INFO] FileExtend:240 - Unzip File : updaters.zip
2023-12-26 17:56:10,529 [INFO] FileExtend:255 - Standard Zip Deflate
2023-12-26 17:56:10,629 [INFO] UserAuth:404 - Internet connection configuration mode: 1
2023-12-26 17:56:10,674 [INFO] JxBrowserEngine:152 - Initiate JxBrowser Engine with user profile folder
2023-12-26 17:56:10,796 [INFO] ServerAccessManage:473 - Download File PacksControlFlags.xml
2023-12-26 17:56:10,851 [INFO] ServerAccessManage:473 - Download File cubemx.pidx
2023-12-26 17:56:10,947 [INFO] LoadServerUpdatesThread:375 - End of LoadServerUpdate Thread
2023-12-26 17:56:11,090 [INFO] CheckServerUpdateThread:120 - End of CheckServer Thread
2023-12-26 17:56:11,512 [INFO] WebApp:161 - Instantiating new browser for Auth
2023-12-26 17:56:12,058 [INFO] WebApp:780 - Register for checkConnection events
2023-12-26 17:56:12,058 [INFO] WebApp:414 - Apply proxy settings
2023-12-26 17:56:12,059 [INFO] WebApp:459 - Chromium authenticates against Manually configured proxy
2023-12-26 17:56:12,068 [INFO] WebApp:467 - Username used for proxy authentication: 
2023-12-26 17:56:12,221 [INFO] WebApp:192 - Starting web application
2023-12-26 17:56:12,222 [INFO] WebApp:544 - Web application path used C:\ST\STM32CubeIDE_1.14.0\STM32CubeIDE\plugins\com.st.stm32cube.common.mx_6.10.0.202311202037\db\plugins\mcufinder\reactClient1\index.html
2023-12-26 17:56:13,540 [WARN] PackLoader:240 - Cannot read IP mode file for STMicroelectronics.X-CUBE-SMBUS.2.1.0
2023-12-26 17:56:13,548 [WARN] PackLoader:240 - Cannot read IP mode file for STMicroelectronics.X-CUBE-TOUCHGFX.4.23.0
2023-12-26 17:56:13,578 [WARN] PackLoader:240 - Cannot read IP mode file for STMicroelectronics.X-CUBE-AZRTOS-F7.1.1.0
2023-12-26 17:56:13,594 [WARN] PackLoader:240 - Cannot read IP mode file for STMicroelectronics.FP-SNS-MOTENV1.4.3.2
2023-12-26 17:56:13,602 [WARN] PackLoader:240 - Cannot read IP mode file for STMicroelectronics.FP-SNS-FLIGHT1.5.0.2
2023-12-26 17:56:13,614 [WARN] PackLoader:240 - Cannot read IP mode file for STMicroelectronics.X-CUBE-DISPLAY.3.0.0
2023-12-26 17:56:13,625 [WARN] PackLoader:240 - Cannot read IP mode file for STMicroelectronics.X-CUBE-BLE1.7.0.0
2023-12-26 17:56:13,632 [WARN] PackLoader:240 - Cannot read IP mode file for emotas.I-CUBE-CANOPEN.1.3.0
2023-12-26 17:56:13,636 [WARN] PackLoader:240 - Cannot read IP mode file for STMicroelectronics.X-CUBE-TOUCHGFX.4.22.1
2023-12-26 17:56:13,641 [WARN] PackLoader:240 - Cannot read IP mode file for STMicroelectronics.FP-SNS-SMARTAG2.1.2.0
2023-12-26 17:56:13,650 [INFO] LogOutputStream:77 - [STDOUT_REDIRECT] 1 : Invalid condition id : UX_CORESTACK_Condition cause : null
2023-12-26 17:56:13,650 [INFO] LogOutputStream:77 - [STDOUT_REDIRECT] 1 : Invalid condition id : UX_CORESTACK_Condition cause : null
2023-12-26 17:56:13,651 [INFO] LogOutputStream:77 - [STDOUT_REDIRECT] 1 : Invalid condition id : UX_CORESTACK_Condition cause : null
2023-12-26 17:56:13,652 [INFO] LogOutputStream:77 - [STDOUT_REDIRECT] 1 : Invalid condition id : UX_CORESTACK_Condition cause : null
2023-12-26 17:56:13,653 [INFO] LogOutputStream:77 - [STDOUT_REDIRECT] 1 : Invalid condition id : UX_CORESTACK_Condition cause : null
2023-12-26 17:56:13,657 [WARN] PackLoader:240 - Cannot read IP mode file for STMicroelectronics.X-CUBE-AZRTOS-WL.2.0.0
2023-12-26 17:56:13,667 [WARN] PackLoader:240 - Cannot read IP mode file for WES.I-CUBE-Cesium.1.3.0
2023-12-26 17:56:13,671 [WARN] PackLoader:240 - Cannot read IP mode file for STMicroelectronics.X-CUBE-BLE2.3.3.0
2023-12-26 17:56:13,677 [WARN] PackLoader:240 - Cannot read IP mode file for STMicroelectronics.X-CUBE-ALGOBUILD.1.3.0
2023-12-26 17:56:13,689 [WARN] PackLoader:240 - Cannot read IP mode file for STMicroelectronics.X-CUBE-AZRTOS-G0.1.1.0
2023-12-26 17:56:13,696 [WARN] PackLoader:240 - Cannot read IP mode file for STMicroelectronics.X-CUBE-NFC4.3.0.0
2023-12-26 17:56:13,705 [WARN] PackLoader:240 - Cannot read IP mode file for STMicroelectronics.X-CUBE-BLEMGR.3.0.0
2023-12-26 17:56:13,710 [WARN] PackLoader:240 - Cannot read IP mode file for STMicroelectronics.FP-ATR-SIGFOX1.3.2.0
2023-12-26 17:56:13,717 [WARN] PackLoader:240 - Cannot read IP mode file for STMicroelectronics.X-CUBE-GNSS1.6.0.0
2023-12-26 17:56:13,731 [WARN] PackLoader:240 - Cannot read IP mode file for STMicroelectronics.X-CUBE-AZRTOS-F4.1.1.0
2023-12-26 17:56:13,737 [WARN] PackLoader:240 - Cannot read IP mode file for wolfSSL.I-CUBE-wolfSSL.5.6.4
2023-12-26 17:56:13,751 [WARN] PackLoader:240 - Cannot read IP mode file for STMicroelectronics.X-CUBE-AZRTOS-L5.2.0.0
2023-12-26 17:56:13,758 [WARN] PackLoader:240 - Cannot read IP mode file for STMicroelectronics.X-CUBE-EEPRMA1.4.2.0
2023-12-26 17:56:13,764 [WARN] PackLoader:240 - Cannot read IP mode file for ITTIA_DB.I-CUBE-ITTIADB.8.8.0
2023-12-26 17:56:13,771 [WARN] PackLoader:240 - Cannot read IP mode file for STMicroelectronics.X-CUBE-NFC7.1.0.1
2023-12-26 17:56:13,778 [WARN] PackLoader:240 - Cannot read IP mode file for STMicroelectronics.X-CUBE-NFC6.3.0.0
2023-12-26 17:56:13,785 [WARN] PackLoader:240 - Cannot read IP mode file for STMicroelectronics.X-CUBE-AI.8.1.0
2023-12-26 17:56:13,801 [WARN] ConditionMgr:438 - getConditionDescription Invalid condition id : LAN8742 Phy interface Condition cause : null
2023-12-26 17:56:13,802 [WARN] PackLoader:240 - Cannot read IP mode file for STMicroelectronics.X-CUBE-AZRTOS-L4.2.0.0
2023-12-26 17:56:13,802 [WARN] ConditionMgr:1039 - genDependencies : Invalid condition id : LAN8742 Phy interface Condition cause : null
2023-12-26 17:56:13,803 [WARN] ConditionMgr:1039 - genDependencies : Invalid condition id : LAN8742 Phy interface Condition cause : null
2023-12-26 17:56:13,803 [WARN] ConditionMgr:1039 - genDependencies : Invalid condition id : LAN8742 Phy interface Condition cause : null
2023-12-26 17:56:13,809 [WARN] PackLoader:240 - Cannot read IP mode file for STMicroelectronics.X-CUBE-SFXS2LP1.4.0.0
2023-12-26 17:56:13,816 [WARN] PackLoader:240 - Cannot read IP mode file for STMicroelectronics.X-CUBE-ISPU.1.1.0
2023-12-26 17:56:13,825 [WARN] ConditionMgr:438 - getConditionDescription Invalid condition id : UX DEVICE CLASS RTOS Condition cause : null
2023-12-26 17:56:13,825 [WARN] ConditionMgr:438 - getConditionDescription Invalid condition id : UX DEVICE CLASS RTOS Condition cause : null
2023-12-26 17:56:13,826 [WARN] PackLoader:240 - Cannot read IP mode file for STMicroelectronics.X-CUBE-AZRTOS-WB.2.0.0
2023-12-26 17:56:13,827 [WARN] ConditionMgr:1039 - genDependencies : Invalid condition id : UX DEVICE CLASS RTOS Condition cause : null
2023-12-26 17:56:13,827 [WARN] ConditionMgr:1039 - genDependencies : Invalid condition id : UX DEVICE CLASS RTOS Condition cause : null
2023-12-26 17:56:13,827 [WARN] ConditionMgr:1039 - genDependencies : Invalid condition id : UX DEVICE CLASS RTOS Condition cause : null
2023-12-26 17:56:13,827 [WARN] ConditionMgr:1039 - genDependencies : Invalid condition id : UX DEVICE CLASS RTOS Condition cause : null
2023-12-26 17:56:13,827 [WARN] ConditionMgr:1039 - genDependencies : Invalid condition id : UX DEVICE CLASS RTOS Condition cause : null
2023-12-26 17:56:13,835 [WARN] PackLoader:240 - Cannot read IP mode file for STMicroelectronics.X-CUBE-SUBG2.5.0.0
2023-12-26 17:56:13,858 [WARN] PackLoader:240 - Cannot read IP mode file for STMicroelectronics.X-CUBE-AZRTOS-G4.2.0.0
2023-12-26 17:56:13,875 [WARN] PackLoader:240 - Cannot read IP mode file for Infineon.AIROC-Wi-Fi-Bluetooth-STM32.1.5.1
2023-12-26 17:56:13,885 [WARN] PackLoader:240 - Cannot read IP mode file for STMicroelectronics.X-CUBE-ISPU.2.0.0
2023-12-26 17:56:13,935 [WARN] PackLoader:240 - Cannot read IP mode file for STMicroelectronics.X-CUBE-MEMS1.10.0.0
2023-12-26 17:56:14,061 [WARN] PackLoader:240 - Cannot read IP mode file for STMicroelectronics.X-CUBE-FREERTOS.1.1.0
2023-12-26 17:56:14,067 [WARN] PackLoader:240 - Cannot read IP mode file for portGmbH.I-Cube-SoM-uGOAL.1.1.0
2023-12-26 17:56:14,072 [WARN] PackLoader:240 - Cannot read IP mode file for STMicroelectronics.X-CUBE-ALS.1.0.1
2023-12-26 17:56:14,075 [WARN] PackLoader:240 - Cannot read IP mode file for STMicroelectronics.FP-ATR-ASTRA1.2.0.0
2023-12-26 17:56:14,091 [WARN] PackLoader:240 - Cannot read IP mode file for STMicroelectronics.X-CUBE-AZRTOS-H7.3.2.0
2023-12-26 17:56:14,093 [INFO] ThirdParty:978 - Integrity check success = true
2023-12-26 17:56:14,093 [INFO] IntegrityCheckThread:100 - exiting critical section [integrity check]
2023-12-26 17:56:14,093 [INFO] IntegrityCheckThread:103 - End integrity checks thread
2023-12-26 17:56:32,774 [ERROR] LogOutputStream:75 - [STDERR_REDIRECT] SLF4J: Failed to load class "org.slf4j.impl.StaticLoggerBinder".
2023-12-26 17:56:32,775 [ERROR] LogOutputStream:75 - [STDERR_REDIRECT] SLF4J: Defaulting to no-operation (NOP) logger implementation
2023-12-26 17:56:32,776 [ERROR] LogOutputStream:75 - [STDERR_REDIRECT] SLF4J: See http://www.slf4j.org/codes.html#StaticLoggerBinder for further details.
2023-12-26 17:57:54,351 [INFO] McuFinderGlobals:63 - Set McuFinder mode to 2 (CubeIDE integrated)
2023-12-26 17:57:54,357 [INFO] MainUpdater:2873 - connection check result : 10
2023-12-26 17:57:54,358 [INFO] MainUpdater:2873 - connection check result : 10
2023-12-26 17:57:54,414 [INFO] MicroXplorer:468 - Change Database Path : 
2023-12-26 17:57:54,414 [INFO] MicroXplorer:498 - Change Database Version : DB.6.0.100
2023-12-26 17:57:54,418 [WARN] ThirdParty:871 - waiting for thirdparty lock release [close project]
2023-12-26 17:57:54,418 [INFO] ThirdParty:873 - entering critical section [close project]
2023-12-26 17:57:54,419 [INFO] ThirdParty:883 - exiting critical section [close project]
2023-12-26 17:57:54,420 [INFO] PinOutPanel:1499 - setPackage(No Configuration,No Configuration)
2023-12-26 17:57:54,423 [INFO] UtilMem:75 - Begin LoadConfig() Used Memory: 440812936 Bytes (854589440)
2023-12-26 17:57:54,424 [INFO] MicroXplorer:468 - Change Database Path : 
2023-12-26 17:57:54,424 [INFO] MicroXplorer:498 - Change Database Version : DB.6.0.100
2023-12-26 17:57:54,424 [INFO] OpenFileManager:312 - Change cursor
2023-12-26 17:57:54,450 [INFO] Mcu:2016 - Initializing MCU STM32F407V(E-G)Tx STM32F407VGTx STM32F407VGT6
2023-12-26 17:57:55,625 [INFO] Context:659 - Trying to add GPIOservice into a context  which must be forbidden
2023-12-26 17:57:56,228 [INFO] RtosManager:555 - Registered RTOS mode: class=CMSIS, group=RTOS, mode=CMSIS_V1, owner=FREERTOS
2023-12-26 17:57:56,228 [INFO] RtosManager:555 - Registered RTOS mode: class=CMSIS, group=RTOS2, mode=CMSIS_V2, owner=FREERTOS
2023-12-26 17:57:56,228 [INFO] RtosManager:555 - Registered RTOS mode: class=RTOS, group=Core, mode=CMSIS_V1, owner=FREERTOS
2023-12-26 17:57:56,228 [INFO] RtosManager:555 - Registered RTOS mode: class=RTOS, group=Core, mode=CMSIS_V2, owner=FREERTOS
2023-12-26 17:57:56,228 [WARN] ModelIntegratedComponent:184 - Missing modes for component STMicroelectronics:FreeRTOS:0.0.1:STMicroelectronics:RTOS:FreeRTOS:Core:::10.2.0:
2023-12-26 17:57:56,245 [WARN] ModelIntegratedComponent:63 - No mode defined for component null
2023-12-26 17:57:56,245 [WARN] ModelIntegratedComponent:63 - No mode defined for component null
2023-12-26 17:57:56,245 [WARN] ModelIntegratedComponent:63 - No mode defined for component null
2023-12-26 17:57:56,245 [WARN] ModelIntegratedComponent:63 - No mode defined for component null
2023-12-26 17:57:56,245 [WARN] ModelIntegratedComponent:63 - No mode defined for component null
2023-12-26 17:57:56,245 [WARN] ModelIntegratedComponent:63 - No mode defined for component null
2023-12-26 17:57:56,245 [WARN] ModelIntegratedComponent:63 - No mode defined for component null
2023-12-26 17:57:56,245 [WARN] ModelIntegratedComponent:63 - No mode defined for component null
2023-12-26 17:57:56,245 [WARN] ModelIntegratedComponent:63 - No mode defined for component null
2023-12-26 17:57:56,245 [WARN] ModelIntegratedComponent:63 - No mode defined for component null
2023-12-26 17:57:56,245 [WARN] ModelIntegratedComponent:63 - No mode defined for component null
2023-12-26 17:57:56,245 [WARN] ModelIntegratedComponent:63 - No mode defined for component null
2023-12-26 17:57:56,245 [WARN] ModelIntegratedComponent:63 - No mode defined for component null
2023-12-26 17:57:56,245 [WARN] ModelIntegratedComponent:63 - No mode defined for component null
2023-12-26 17:57:56,245 [WARN] ModelIntegratedComponent:63 - No mode defined for component null
2023-12-26 17:57:56,246 [WARN] ModelIntegratedComponent:63 - No mode defined for component null
2023-12-26 17:57:56,246 [WARN] ModelIntegratedComponent:63 - No mode defined for component null
2023-12-26 17:57:56,246 [WARN] ModelIntegratedComponent:63 - No mode defined for component null
2023-12-26 17:57:56,246 [WARN] ModelIntegratedComponent:63 - No mode defined for component null
2023-12-26 17:57:56,246 [WARN] ModelIntegratedComponent:63 - No mode defined for component null
2023-12-26 17:57:56,246 [WARN] ModelIntegratedComponent:63 - No mode defined for component null
2023-12-26 17:57:56,246 [WARN] ModelIntegratedComponent:63 - No mode defined for component null
2023-12-26 17:57:56,246 [WARN] ModelIntegratedComponent:63 - No mode defined for component null
2023-12-26 17:57:56,246 [WARN] ModelIntegratedComponent:63 - No mode defined for component null
2023-12-26 17:57:56,246 [WARN] ModelIntegratedComponent:63 - No mode defined for component null
2023-12-26 17:57:56,246 [WARN] ModelIntegratedComponent:63 - No mode defined for component null
2023-12-26 17:57:56,246 [WARN] ModelIntegratedComponent:63 - No mode defined for component null
2023-12-26 17:57:56,246 [WARN] ModelIntegratedComponent:63 - No mode defined for component null
2023-12-26 17:57:56,246 [WARN] ModelIntegratedComponent:63 - No mode defined for component null
2023-12-26 17:57:56,246 [WARN] ModelIntegratedComponent:63 - No mode defined for component null
2023-12-26 17:57:56,246 [WARN] ModelIntegratedComponent:63 - No mode defined for component null
2023-12-26 17:57:56,246 [WARN] ModelIntegratedComponent:63 - No mode defined for component null
2023-12-26 17:57:56,247 [WARN] ModelIntegratedComponent:63 - No mode defined for component null
2023-12-26 17:57:56,338 [INFO] ThirdPartyModel:298 - Start build external matchings
2023-12-26 17:57:56,461 [INFO] ThirdPartyModel:316 - End build external matchings
2023-12-26 17:57:56,470 [INFO] ImportTextPane:194 - (OptionalMessage_ERROR) IP (RCC) : Parameter (48MHZClocksFreq_Value) has invalid value (84000000)
2023-12-26 17:57:56,472 [INFO] ImportTextPane:194 - (OptionalMessage_ERROR) IP (RCC) : Parameter (RTCHSEDivFreq_Value) has invalid value (4000000)
2023-12-26 17:57:56,484 [INFO] ImportTextPane:194 - (OptionalMessage_ERROR) IP (TIM8) : Parameter (Channel) has Id (PWM Generation2 No Output) currently not set
2023-12-26 17:57:56,696 [INFO] UtilMem:75 - End LoadConfig() Used Memory: 480106944 Bytes (1073741824)
2023-12-26 17:57:56,775 [INFO] ApiDb:581 - Connected to CubeFinder SQLite database (C:\Users\5164580\.stmcufinder\plugins\mcufinder\mcu\cube-finder-db.db)
2023-12-26 17:57:56,836 [INFO] ApiDb:668 - CubeFinder database Data Model version=2.1
2023-12-26 17:57:56,836 [INFO] ApiDb:669 - CubeFinder database Configuration version=3.0.39
2023-12-26 17:57:56,836 [INFO] ApiDb:670 - CubeFinder database generation date=2023-11-06 (1699269565)
2023-12-26 17:57:56,836 [INFO] ApiDb:671 - CubeFinder database FW Pack versions=[FP-ATR-ASTRA1_V2.0.0, FP-SNS-FLIGHT1_V5.0.1, FP-SNS-FLIGHT1_V5.0.2, FP-SNS-MOTENV1_V4.3.1, FP-SNS-MOTENV1_V4.3.2, FP-SNS-MOTENVWB1_V1.3.0, FP-SNS-SMARTAG2_V1.2.0, STM32Cube_FW_C0_V1.1.0, STM32Cube_FW_F4_V1.28.0, STM32Cube_FW_F7_V1.17.0, STM32Cube_FW_G0_V1.6.1, STM32Cube_FW_G4_V1.5.1, STM32Cube_FW_H5_V0.5.1, STM32Cube_FW_H5_V1.1.1, STM32Cube_FW_H5_V1.2.0RC2, STM32Cube_FW_H7_V1.11.0, STM32Cube_FW_L0_V1.12.2, STM32Cube_FW_L5_V1.5.0, STM32Cube_FW_U5_V1.3.0RC4, STM32Cube_FW_U5_V1.4.0, STM32Cube_FW_WBA_V1.0.0RC1, STM32Cube_FW_WBA_V1.1.0RC1, STM32Cube_FW_WBA_V1.2.0, STM32Cube_FW_WBA_V1.2.0RC2, STM32Cube_FW_WB_V1.15.0RC1, STM32Cube_FW_WB_V1.16.0, STM32Cube_FW_WB_V1.16.0RC2, STM32Cube_FW_WB_V1.18.0, STM32Cube_FW_WL_V1.3.0, X-CUBE-ALGOBUILD_V1.3.0, X-CUBE-ALS_V1.0.1, X-CUBE-AZRTOS-F4_V1.1.0, X-CUBE-AZRTOS-F7_V1.1.0, X-CUBE-AZRTOS-G0_V1.1.0, X-CUBE-AZRTOS-G4_V2.0.0, X-CUBE-AZRTOS-H7_V3.1.0, X-CUBE-AZRTOS-L4_V1.0.0, X-CUBE-AZRTOS-L4_V2.0.0, X-CUBE-AZRTOS-L5_V1.1.0, X-CUBE-AZRTOS-WB_V2.0.0, X-CUBE-AZRTOS-WL_V2.0.0, X-CUBE-BLE1_V7.0.0, X-CUBE-BLE2_V3.3.0, X-CUBE-BLEMGR_V2.0.0, X-CUBE-EEPRMA1_V4.1.0, X-CUBE-EEPRMA1_V4.2.0, X-CUBE-FREERTOS_V1.1.0, X-CUBE-GNSS1_V6.0.0, X-CUBE-MEMS1_V10.0.0, X-CUBE-MEMS1_V9.1.0, X-CUBE-MEMS1_V9.4.0, X-CUBE-MEMS1_V9.6.0, X-CUBE-NFC4_V3.0.0, X-CUBE-NFC7_V1.0.1, X-CUBE-SFXS2LP1_V4.0.0, X-CUBE-SUBG2_V5.0.0, X-CUBE-TOF1_V3.3.1]
2023-12-26 17:57:58,863 [INFO] ApiDb:240 - Found 371 in-development CPN: [B-G473E-ZEST1S, B-WB1M-WPAN1, B-WL5M-SUBG1, NUCLEO-C031C6, NUCLEO-H503RB, NUCLEO-H563ZI, NUCLEO-U545RE-Q, NUCLEO-U5A5ZJ-Q, NUCLEO-WBA52CG, NUCLEO-WBA55CG, STEVAL-MKBOXPRO, STEVAL-PROTEUS1, STEVAL-STWINBX1, STM320518-EVAL, STM32C0116-DK, STM32C011D6Y3TR, STM32C011D6Y6TR, STM32C011F4P3, STM32C011F4P6, STM32C011F4U3, STM32C011F4U6TR, STM32C011F6P3, STM32C011F6P6, STM32C011F6U3, STM32C011F6U6TR, STM32C011J4M3, STM32C011J4M6, STM32C011J6M3, STM32C011J6M6, STM32C0316-DK, STM32C031C4T3, STM32C031C4T6, STM32C031C4U3, STM32C031C4U6, STM32C031C6T3, STM32C031C6T6, STM32C031C6U3, STM32C031C6U6, STM32C031F4P3, STM32C031F4P6, STM32C031F6P3, STM32C031F6P6, STM32C031G4U3, STM32C031G4U6, STM32C031G6U3, STM32C031G6U6, STM32C031K4T3, STM32C031K4T6, STM32C031K4U3, STM32C031K4U6, STM32C031K6T3, STM32C031K6T6, STM32C031K6U3, STM32C031K6U6, STM32G071K8TXN, STM32G071K8UXN, STM32G081GBU6N, STM32G081KBT6N, STM32G081KBUXN, STM32G0B1CCT6N, STM32G0B1KCT6, STM32G0B1NEY6TR, STM32G0B1RCT6N, STM32G0C1CCT6, STM32G0C1CCT6N, STM32G0C1CCU6N, STM32G0C1CET6N, STM32G0C1CEU6N, STM32G0C1KCT6, STM32G0C1NEY6TR, STM32G0C1RCI6N, STM32G0C1RCT6N, STM32G0C1REI6N, STM32G0C1RET6N, STM32G0C1VCI6, STM32G0C1VEI6, STM32G471CCT6, STM32G471CCU6, STM32G471CET3, STM32G471CET6, STM32G471CEU3, STM32G471CEU6, STM32G471MCT6, STM32G471MET3, STM32G471MET6, STM32G471MEY6TR, STM32G471QCT6, STM32G471QET3, STM32G471RCT6, STM32G471RET3, STM32G471RET6, STM32G471VCH6, STM32G471VCI6, STM32G471VCT6, STM32G471VEH3, STM32G471VEH6, STM32G471VEI3, STM32G471VEI6, STM32G471VET3, STM32G471VET6, STM32G474CCT6, STM32H503CBT6, STM32H503CBU6, STM32H503EBY6TR, STM32H503KBU6, STM32H503RBT6, STM32H562AGI6, STM32H562AII6, STM32H562IGK6, STM32H562IGT6, STM32H562IIK6, STM32H562IIT6, STM32H562RGT6, STM32H562RGV6, STM32H562RIT6, STM32H562RIV6, STM32H562VGT6, STM32H562VIT6, STM32H562ZGT6, STM32H562ZIT6, STM32H563AGI6, STM32H563AII3Q, STM32H563AII6, STM32H563IGK6, STM32H563IGT6, STM32H563IIK3Q, STM32H563IIK6, STM32H563IIT3Q, STM32H563IIT6, STM32H563MIY3QTR, STM32H563RGT6, STM32H563RGV6, STM32H563RIT6, STM32H563RIV6, STM32H563VGT6, STM32H563VIT3Q, STM32H563VIT6, STM32H563ZGT6, STM32H563ZIT3Q, STM32H563ZIT6, STM32H573AII3Q, STM32H573AII6, STM32H573I-DK, STM32H573IIK3Q, STM32H573IIK6, STM32H573IIT3Q, STM32H573IIT6, STM32H573MIY3QTR, STM32H573RIT6, STM32H573RIV6, STM32H573VIT3Q, STM32H573VIT6, STM32H573ZIT3Q, STM32H573ZIT6, STM32L4R5QGI6STR, STM32MP131AAE3, STM32MP131AAF3, STM32MP131AAG3, STM32MP131CAE3, STM32MP131CAF3, STM32MP131CAG3, STM32MP131DAE7, STM32MP131DAF7, STM32MP131DAG7, STM32MP131FAE7, STM32MP131FAF7, STM32MP131FAG7, STM32MP133AAE3, STM32MP133AAF3, STM32MP133AAG3, STM32MP133CAE3, STM32MP133CAF3, STM32MP133CAG3, STM32MP133DAE7, STM32MP133DAF7, STM32MP133DAG7, STM32MP133FAE7, STM32MP133FAF7, STM32MP133FAG7, STM32MP135AAE3, STM32MP135AAF3, STM32MP135AAG3, STM32MP135CAE3, STM32MP135CAF3, STM32MP135CAG3, STM32MP135DAE7, STM32MP135DAF7, STM32MP135DAG7, STM32MP135F-DK, STM32MP135FAE7, STM32MP135FAF7, STM32MP135FAF7T, STM32MP135FAF7U, STM32MP135FAG7, STM32U535CBT6, STM32U535CBT6Q, STM32U535CBU6, STM32U535CBU6Q, STM32U535CCT6, STM32U535CCT6Q, STM32U535CCU6, STM32U535CCU6Q, STM32U535CET6, STM32U535CET6Q, STM32U535CEU6, STM32U535CEU6Q, STM32U535JEY6QTR, STM32U535NCY6QTR, STM32U535NEY6QTR, STM32U535RBI6, STM32U535RBI6Q, STM32U535RBT6, STM32U535RBT6Q, STM32U535RCI6, STM32U535RCI6Q, STM32U535RCT6, STM32U535RCT6Q, STM32U535REI6, STM32U535REI6Q, STM32U535RET6, STM32U535RET6Q, STM32U535VCI6, STM32U535VCI6Q, STM32U535VCT6, STM32U535VCT6Q, STM32U535VEI6, STM32U535VEI6Q, STM32U535VET6, STM32U535VET6Q, STM32U545CET6, STM32U545CET6Q, STM32U545CEU6, STM32U545CEU6Q, STM32U545JEY6QTR, STM32U545NEY6QTR, STM32U545REI6, STM32U545REI6Q, STM32U545RET6, STM32U545RET6Q, STM32U545VEI6, STM32U545VEI6Q, STM32U545VET6, STM32U545VET6Q, STM32U595AIH6, STM32U595AIH6Q, STM32U595AJH6, STM32U595AJH6Q, STM32U595QII6, STM32U595QII6Q, STM32U595QJI6, STM32U595QJI6Q, STM32U595RIT6, STM32U595RIT6Q, STM32U595RJT6, STM32U595RJT6Q, STM32U595VIT6, STM32U595VIT6Q, STM32U595VJT6, STM32U595VJT6Q, STM32U595ZIT6, STM32U595ZIT6Q, STM32U595ZIY6QTR, STM32U595ZJT6, STM32U595ZJT6Q, STM32U595ZJY6QTR, STM32U599BJY6QTR, STM32U599NIH6Q, STM32U599NJH6Q, STM32U599VIT6Q, STM32U599VJT6, STM32U599VJT6Q, STM32U599ZIT6Q, STM32U599ZIY6QTR, STM32U599ZJT6Q, STM32U599ZJY6QTR, STM32U5A5AJH6, STM32U5A5AJH6Q, STM32U5A5QJI6, STM32U5A5QJI6Q, STM32U5A5RJT6, STM32U5A5RJT6Q, STM32U5A5VJT6, STM32U5A5VJT6Q, STM32U5A5ZJT6, STM32U5A5ZJT6Q, STM32U5A5ZJY6QTR, STM32U5A9BJY6QTR, STM32U5A9J-DK, STM32U5A9NJH6Q, STM32U5A9VJT6Q, STM32U5A9ZJT6Q, STM32U5A9ZJY6QTR, STM32U5F7VIT6, STM32U5F7VIT6Q, STM32U5F7VJT6, STM32U5F7VJT6Q, STM32U5F9BJY6QTR, STM32U5F9NJH6Q, STM32U5F9VIT6Q, STM32U5F9VJT6Q, STM32U5F9ZIJ6QTR, STM32U5F9ZIT6Q, STM32U5F9ZJJ6QTR, STM32U5F9ZJT6Q, STM32U5G7VJT6, STM32U5G7VJT6Q, STM32U5G9BJY6QTR, STM32U5G9J-DK1, STM32U5G9J-DK2, STM32U5G9NJH6Q, STM32U5G9VJT6Q, STM32U5G9ZJJ6QTR, STM32U5G9ZJT6Q, STM32WB1MMCH6, STM32WBA50KEU6, STM32WBA50KEU6TR, STM32WBA50KGU6, STM32WBA50KGU6TR, STM32WBA52CEU6, STM32WBA52CEU6TR, STM32WBA52CEU7, STM32WBA52CEU7TR, STM32WBA52CGU6, STM32WBA52CGU6TR, STM32WBA52CGU6U, STM32WBA52CGU7, STM32WBA52CGU7TR, STM32WBA52KEU6, STM32WBA52KEU6TR, STM32WBA52KGU6, STM32WBA52KGU6TR, STM32WBA54CEU6, STM32WBA54CEU6TR, STM32WBA54CEU7, STM32WBA54CEU7TR, STM32WBA54CGU6, STM32WBA54CGU6TR, STM32WBA54CGU7, STM32WBA54CGU7TR, STM32WBA54KEU6, STM32WBA54KEU6TR, STM32WBA54KEU7, STM32WBA54KEU7TR, STM32WBA54KGU6, STM32WBA54KGU6TR, STM32WBA54KGU7, STM32WBA54KGU7TR, STM32WBA55CEU6, STM32WBA55CEU6TR, STM32WBA55CEU7, STM32WBA55CEU7TR, STM32WBA55CGU6, STM32WBA55CGU6TR, STM32WBA55CGU6U, STM32WBA55CGU7, STM32WBA55CGU7TR, STM32WBA55G-DK1, STM32WBA55HEF6, STM32WBA55HEF7, STM32WBA55HGF6, STM32WBA55HGF7, STM32WBA55UEI6, STM32WBA55UEI6TR, STM32WBA55UEI7, STM32WBA55UEI7TR, STM32WBA55UGI6, STM32WBA55UGI6TR, STM32WBA55UGI7, STM32WBA55UGI7TR, STM32WL5MOCH6, STM32WL5MOCH6TR]
2023-12-26 17:57:58,868 [INFO] DbMcus:218 - Found 3930 MCUs, 3930 are supported
2023-12-26 17:57:58,869 [INFO] ApiDb:423 - Load user favorites file C:\Users\5164580/.stm32cubeide/favorites.mcus.txt: 1 item(s)
2023-12-26 17:57:58,870 [INFO] ApiDb:427 - User favorites MCUs=[STM32F407VGT6]
2023-12-26 17:57:58,870 [INFO] DbMcus:224 - Set 1 / 1 favorites MCUs
2023-12-26 17:57:59,137 [INFO] MicroXplorer:468 - Change Database Path : 
2023-12-26 17:57:59,137 [INFO] MicroXplorer:498 - Change Database Version : DB.6.0.100
2023-12-26 17:57:59,137 [WARN] ThirdParty:833 - waiting for thirdparty lock release [change project]
2023-12-26 17:57:59,137 [INFO] ThirdParty:835 - entering critical section [change project]
2023-12-26 17:57:59,137 [INFO] ThirdParty:1030 - CMSIS Pack Vendor :STMicroelectronics X-CUBE-ISPU 1.1.0
2023-12-26 17:57:59,137 [INFO] ThirdParty:1030 - CMSIS Pack Vendor :STMicroelectronics USBPD 4.1
2023-12-26 17:57:59,137 [INFO] ThirdParty:1030 - CMSIS Pack Vendor :STMicroelectronics X-CUBE-GNSS1 6.0.0
2023-12-26 17:57:59,137 [INFO] ThirdParty:1030 - CMSIS Pack Vendor :STMicroelectronics USB_HOST 2.0.0
2023-12-26 17:57:59,137 [INFO] ThirdParty:1030 - CMSIS Pack Vendor :STMicroelectronics X-CUBE-AZRTOS-F4 1.1.0
2023-12-26 17:57:59,137 [INFO] ThirdParty:1030 - CMSIS Pack Vendor :STMicroelectronics LIBJPEG 8.0.0
2023-12-26 17:57:59,137 [INFO] ThirdParty:1030 - CMSIS Pack Vendor :wolfSSL I-CUBE-wolfSSL 5.6.4
2023-12-26 17:57:59,137 [INFO] ThirdParty:1030 - CMSIS Pack Vendor :STMicroelectronics X-CUBE-SMBUS 2.1.0
2023-12-26 17:57:59,137 [INFO] ThirdParty:1030 - CMSIS Pack Vendor :STMicroelectronics USB_DEVICE 3.0.0
2023-12-26 17:57:59,137 [INFO] ThirdParty:1030 - CMSIS Pack Vendor :STMicroelectronics X-CUBE-AZRTOS-WB 2.0.0
2023-12-26 17:57:59,138 [INFO] ThirdParty:1030 - CMSIS Pack Vendor :STMicroelectronics X-CUBE-TOUCHGFX 4.23.0
2023-12-26 17:57:59,138 [INFO] ThirdParty:1030 - CMSIS Pack Vendor :STMicroelectronics X-CUBE-AZRTOS-F7 1.1.0
2023-12-26 17:57:59,138 [INFO] ThirdParty:1030 - CMSIS Pack Vendor :STMicroelectronics X-CUBE-AZRTOS-L5 2.0.0
2023-12-26 17:57:59,138 [INFO] ThirdParty:1030 - CMSIS Pack Vendor :STMicroelectronics USB_DEVICE 2.0.0
2023-12-26 17:57:59,138 [INFO] ThirdParty:1030 - CMSIS Pack Vendor :STMicroelectronics X-CUBE-EEPRMA1 4.2.0
2023-12-26 17:57:59,138 [INFO] ThirdParty:1030 - CMSIS Pack Vendor :ITTIA_DB I-CUBE-ITTIADB 8.8.0
2023-12-26 17:57:59,138 [INFO] ThirdParty:1030 - CMSIS Pack Vendor :STMicroelectronics FP-SNS-MOTENV1 4.3.2
2023-12-26 17:57:59,138 [INFO] ThirdParty:1030 - CMSIS Pack Vendor :STMicroelectronics X-CUBE-ALGOBUILD 1.3.0
2023-12-26 17:57:59,138 [INFO] ThirdParty:1030 - CMSIS Pack Vendor :STMicroelectronics FreeRTOS 0.0.1
2023-12-26 17:57:59,138 [INFO] ThirdParty:1030 - CMSIS Pack Vendor :STMicroelectronics X-CUBE-AZRTOS-G0 1.1.0
2023-12-26 17:57:59,138 [INFO] ThirdParty:1030 - CMSIS Pack Vendor :STMicroelectronics X-CUBE-NFC4 3.0.0
2023-12-26 17:57:59,138 [INFO] ThirdParty:1030 - CMSIS Pack Vendor :STMicroelectronics X-CUBE-SUBG2 5.0.0
2023-12-26 17:57:59,138 [INFO] ThirdParty:1030 - CMSIS Pack Vendor :STMicroelectronics STM32_WPAN 1.0.0
2023-12-26 17:57:59,138 [INFO] ThirdParty:1030 - CMSIS Pack Vendor :STMicroelectronics lwIP 2.0.3
2023-12-26 17:57:59,138 [INFO] ThirdParty:1030 - CMSIS Pack Vendor :STMicroelectronics FP-SNS-FLIGHT1 5.0.2
2023-12-26 17:57:59,138 [INFO] ThirdParty:1030 - CMSIS Pack Vendor :STMicroelectronics USB_HOST 1.0.0
2023-12-26 17:57:59,138 [INFO] ThirdParty:1030 - CMSIS Pack Vendor :STMicroelectronics X-CUBE-AZRTOS-G4 2.0.0
2023-12-26 17:57:59,138 [INFO] ThirdParty:1030 - CMSIS Pack Vendor :STMicroelectronics PDM2PCM 3.1.0
2023-12-26 17:57:59,138 [INFO] ThirdParty:1030 - CMSIS Pack Vendor :Infineon AIROC-Wi-Fi-Bluetooth-STM32 1.5.1
2023-12-26 17:57:59,138 [INFO] ThirdParty:1030 - CMSIS Pack Vendor :STMicroelectronics X-CUBE-BLEMGR 3.0.0
2023-12-26 17:57:59,138 [INFO] ThirdParty:1030 - CMSIS Pack Vendor :STMicroelectronics PDM2PCM 3.3.0
2023-12-26 17:57:59,138 [INFO] ThirdParty:1030 - CMSIS Pack Vendor :STMicroelectronics X-CUBE-DISPLAY 3.0.0
2023-12-26 17:57:59,138 [INFO] ThirdParty:1030 - CMSIS Pack Vendor :STMicroelectronics X-CUBE-BLE1 7.0.0
2023-12-26 17:57:59,138 [INFO] ThirdParty:1030 - CMSIS Pack Vendor :STMicroelectronics FP-ATR-SIGFOX1 3.2.0
2023-12-26 17:57:59,138 [INFO] ThirdParty:1030 - CMSIS Pack Vendor :STMicroelectronics X-CUBE-ISPU 2.0.0
2023-12-26 17:57:59,138 [INFO] ThirdParty:1030 - CMSIS Pack Vendor :STMicroelectronics HAL Drivers 0.0.0
2023-12-26 17:57:59,138 [INFO] ThirdParty:1030 - CMSIS Pack Vendor :STMicroelectronics MBEDTLS 2.16.2
2023-12-26 17:57:59,138 [INFO] ThirdParty:1030 - CMSIS Pack Vendor :emotas I-CUBE-CANOPEN 1.3.0
2023-12-26 17:57:59,138 [INFO] ThirdParty:1030 - CMSIS Pack Vendor :STMicroelectronics X-CUBE-MEMS1 10.0.0
2023-12-26 17:57:59,138 [INFO] ThirdParty:1030 - CMSIS Pack Vendor :STMicroelectronics X-CUBE-FREERTOS 1.1.0
2023-12-26 17:57:59,138 [INFO] ThirdParty:1030 - CMSIS Pack Vendor :STMicroelectronics X-CUBE-NFC7 1.0.1
2023-12-26 17:57:59,138 [INFO] ThirdParty:1030 - CMSIS Pack Vendor :STMicroelectronics MBEDTLS 2.14.1
2023-12-26 17:57:59,138 [INFO] ThirdParty:1030 - CMSIS Pack Vendor :STMicroelectronics X-CUBE-TOUCHGFX 4.22.1
2023-12-26 17:57:59,138 [INFO] ThirdParty:1030 - CMSIS Pack Vendor :STMicroelectronics X-CUBE-NFC6 3.0.0
2023-12-26 17:57:59,138 [INFO] ThirdParty:1030 - CMSIS Pack Vendor :portGmbH I-Cube-SoM-uGOAL 1.1.0
2023-12-26 17:57:59,138 [INFO] ThirdParty:1030 - CMSIS Pack Vendor :STMicroelectronics X-CUBE-ALS 1.0.1
2023-12-26 17:57:59,138 [INFO] ThirdParty:1030 - CMSIS Pack Vendor :STMicroelectronics ThreadX 1.0.0
2023-12-26 17:57:59,139 [INFO] ThirdParty:1030 - CMSIS Pack Vendor :STMicroelectronics FP-SNS-SMARTAG2 1.2.0
2023-12-26 17:57:59,139 [INFO] ThirdParty:1030 - CMSIS Pack Vendor :STMicroelectronics X-CUBE-AZRTOS-WL 2.0.0
2023-12-26 17:57:59,139 [INFO] ThirdParty:1030 - CMSIS Pack Vendor :STMicroelectronics USB_DEVICE 1.0.0
2023-12-26 17:57:59,139 [INFO] ThirdParty:1030 - CMSIS Pack Vendor :STMicroelectronics X-CUBE-AI 8.1.0
2023-12-26 17:57:59,139 [INFO] ThirdParty:1030 - CMSIS Pack Vendor :STMicroelectronics X-CUBE-AZRTOS-L4 2.0.0
2023-12-26 17:57:59,139 [INFO] ThirdParty:1030 - CMSIS Pack Vendor :STMicroelectronics ThreadX 0.0.2
2023-12-26 17:57:59,139 [INFO] ThirdParty:1030 - CMSIS Pack Vendor :WES I-CUBE-Cesium 1.3.0
2023-12-26 17:57:59,139 [INFO] ThirdParty:1030 - CMSIS Pack Vendor :STMicroelectronics FP-ATR-ASTRA1 2.0.0
2023-12-26 17:57:59,139 [INFO] ThirdParty:1030 - CMSIS Pack Vendor :STMicroelectronics lwIP 2.1.2
2023-12-26 17:57:59,139 [INFO] ThirdParty:1030 - CMSIS Pack Vendor :STMicroelectronics X-CUBE-SFXS2LP1 4.0.0
2023-12-26 17:57:59,139 [INFO] ThirdParty:1030 - CMSIS Pack Vendor :STMicroelectronics X-CUBE-BLE2 3.3.0
2023-12-26 17:57:59,139 [INFO] ThirdParty:1030 - CMSIS Pack Vendor :STMicroelectronics X-CUBE-AZRTOS-H7 3.2.0
2023-12-26 17:57:59,139 [INFO] ThirdParty:1030 - CMSIS Pack Vendor :STMicroelectronics PDM2PCM 3.2.0
2023-12-26 17:57:59,139 [INFO] ThirdParty:841 - exiting critical section [change project]
2023-12-26 17:57:59,482 [INFO] PinOutPanel:1499 - setPackage(No Configuration,No Configuration)
2023-12-26 17:57:59,484 [INFO] PinOutPanel:1499 - setPackage(STM32F407VGTx,LQFP100)
2023-12-26 17:57:59,871 [INFO] UtilMem:75 - Before build in PCC Used Memory: 761933840 Bytes (1073741824)
2023-12-26 17:58:00,600 [INFO] UtilMem:75 - After build in PCC Used Memory: 846095640 Bytes (1073741824)
2023-12-26 17:58:00,625 [INFO] IPUIPlugin:80 - create IPUIPlugin
2023-12-26 17:58:00,625 [INFO] IPUIPlugin:80 - create IPUIPlugin
2023-12-26 17:58:00,626 [INFO] IPUIPlugin:80 - create IPUIPlugin
2023-12-26 17:58:00,626 [INFO] IPUIPlugin:80 - create IPUIPlugin
2023-12-26 17:58:00,626 [INFO] IPUIPlugin:80 - create IPUIPlugin
2023-12-26 17:58:00,626 [INFO] IPUIPlugin:80 - create IPUIPlugin
2023-12-26 17:58:00,626 [INFO] IPUIPlugin:80 - create IPUIPlugin
2023-12-26 17:58:00,626 [INFO] IPUIPlugin:80 - create IPUIPlugin
2023-12-26 17:58:00,626 [INFO] IPUIPlugin:80 - create IPUIPlugin
2023-12-26 17:58:00,626 [INFO] IPUIPlugin:80 - create IPUIPlugin
2023-12-26 17:58:00,627 [INFO] IPUIPlugin:80 - create IPUIPlugin
2023-12-26 17:58:00,627 [INFO] IPUIPlugin:80 - create IPUIPlugin
2023-12-26 17:58:00,627 [INFO] IPUIPlugin:80 - create IPUIPlugin
2023-12-26 17:58:00,627 [INFO] IPUIPlugin:80 - create IPUIPlugin
2023-12-26 17:58:00,627 [INFO] IPUIPlugin:80 - create IPUIPlugin
2023-12-26 17:58:00,627 [INFO] IPUIPlugin:80 - create IPUIPlugin
2023-12-26 17:58:00,627 [INFO] IPUIPlugin:80 - create IPUIPlugin
2023-12-26 17:58:00,627 [INFO] IPUIPlugin:80 - create IPUIPlugin
2023-12-26 17:58:00,628 [INFO] IPUIPlugin:80 - create IPUIPlugin
2023-12-26 17:58:00,628 [INFO] IPUIPlugin:80 - create IPUIPlugin
2023-12-26 17:58:00,628 [INFO] IPUIPlugin:80 - create IPUIPlugin
2023-12-26 17:58:00,628 [INFO] IPUIPlugin:80 - create IPUIPlugin
2023-12-26 17:58:00,628 [INFO] IPUIPlugin:80 - create IPUIPlugin
2023-12-26 17:58:00,629 [INFO] IPUIPlugin:80 - create IPUIPlugin
2023-12-26 17:58:00,629 [INFO] IPUIPlugin:80 - create IPUIPlugin
2023-12-26 17:58:00,629 [INFO] IPUIPlugin:80 - create IPUIPlugin
2023-12-26 17:58:00,629 [INFO] IPUIPlugin:80 - create IPUIPlugin
2023-12-26 17:58:00,630 [INFO] IPUIPlugin:80 - create IPUIPlugin
2023-12-26 17:58:00,630 [INFO] IPUIPlugin:80 - create IPUIPlugin
2023-12-26 17:58:00,630 [INFO] IPUIPlugin:80 - create IPUIPlugin
2023-12-26 17:58:00,630 [INFO] IPUIPlugin:80 - create IPUIPlugin
2023-12-26 17:58:00,630 [INFO] IPUIPlugin:80 - create IPUIPlugin
2023-12-26 17:58:00,631 [INFO] IPUIPlugin:80 - create IPUIPlugin
2023-12-26 17:58:00,631 [INFO] IPUIPlugin:80 - create IPUIPlugin
2023-12-26 17:58:00,631 [INFO] IPUIPlugin:80 - create IPUIPlugin
2023-12-26 17:58:00,631 [INFO] IPUIPlugin:80 - create IPUIPlugin
2023-12-26 17:58:00,632 [INFO] IPUIPlugin:80 - create IPUIPlugin
2023-12-26 17:58:00,632 [INFO] IPUIPlugin:80 - create IPUIPlugin
2023-12-26 17:58:00,632 [INFO] IPUIPlugin:80 - create IPUIPlugin
2023-12-26 17:58:00,632 [INFO] IPUIPlugin:80 - create IPUIPlugin
2023-12-26 17:58:00,633 [INFO] IPUIPlugin:80 - create IPUIPlugin
2023-12-26 17:58:00,633 [INFO] IPUIPlugin:80 - create IPUIPlugin
2023-12-26 17:58:00,633 [INFO] IPUIPlugin:80 - create IPUIPlugin
2023-12-26 17:58:00,633 [INFO] IPUIPlugin:80 - create IPUIPlugin
2023-12-26 17:58:00,634 [INFO] IPUIPlugin:80 - create IPUIPlugin
2023-12-26 17:58:00,634 [INFO] IPUIPlugin:80 - create IPUIPlugin
2023-12-26 17:58:00,634 [INFO] IPUIPlugin:80 - create IPUIPlugin
2023-12-26 17:58:00,635 [INFO] IPUIPlugin:80 - create IPUIPlugin
2023-12-26 17:58:00,635 [INFO] IPUIPlugin:80 - create IPUIPlugin
2023-12-26 17:58:00,635 [INFO] IPUIPlugin:80 - create IPUIPlugin
2023-12-26 17:58:00,636 [INFO] IPUIPlugin:80 - create IPUIPlugin
2023-12-26 17:58:00,636 [INFO] IPUIPlugin:80 - create IPUIPlugin
2023-12-26 17:58:00,636 [INFO] IPUIPlugin:80 - create IPUIPlugin
2023-12-26 17:58:00,637 [INFO] IPUIPlugin:80 - create IPUIPlugin
2023-12-26 17:58:00,637 [INFO] IPUIPlugin:80 - create IPUIPlugin
2023-12-26 17:58:00,637 [INFO] IPUIPlugin:80 - create IPUIPlugin
2023-12-26 17:58:00,638 [INFO] IPUIPlugin:80 - create IPUIPlugin
2023-12-26 17:58:00,638 [INFO] IPUIPlugin:80 - create IPUIPlugin
2023-12-26 17:58:00,720 [INFO] ApiDbMcu:508 - Load IP Config File for PDM2PCM
2023-12-26 17:58:00,908 [INFO] CADModel:165 - CPN selected for project levelSTM32F407VGT6
2023-12-26 17:58:00,908 [INFO] CADModel:114 - Register for checkConnection events
2023-12-26 17:58:00,960 [INFO] OpenFileManager:343 - Restore cursor
2023-12-26 17:58:41,438 [INFO] NvicIntPanel:101 - NVIC parent = com.st.microxplorer.plugins.ip.nvic.MultiNvicIntPanel[,0,0,0x0,invalid,layout=javax.swing.BoxLayout,alignmentX=0.0,alignmentY=0.0,border=,flags=9,maximumSize=,minimumSize=,preferredSize=]
2023-12-26 17:58:45,117 [INFO] NvicIntPanel:101 - NVIC parent = com.st.microxplorer.plugins.ip.nvic.MultiNvicIntPanel[,0,0,0x0,invalid,layout=javax.swing.BoxLayout,alignmentX=0.0,alignmentY=0.0,border=,flags=9,maximumSize=,minimumSize=,preferredSize=]
2023-12-26 17:58:48,178 [INFO] NvicIntPanel:101 - NVIC parent = com.st.microxplorer.plugins.ip.nvic.MultiNvicIntPanel[,0,0,0x0,invalid,layout=javax.swing.BoxLayout,alignmentX=0.0,alignmentY=0.0,border=,flags=9,maximumSize=,minimumSize=,preferredSize=]
2023-12-26 18:24:02,966 [INFO] NvicIntPanel:101 - NVIC parent = com.st.microxplorer.plugins.ip.nvic.MultiNvicIntPanel[,0,0,0x0,invalid,layout=javax.swing.BoxLayout,alignmentX=0.0,alignmentY=0.0,border=,flags=9,maximumSize=,minimumSize=,preferredSize=]
2023-12-26 18:24:06,827 [INFO] UtilMem:75 - End SaveConfig() Used Memory: 374721536 Bytes (1073741824)
2023-12-26 18:24:08,662 [INFO] UtilMem:75 - End SaveConfig() Used Memory: 392025088 Bytes (1073741824)
2023-12-26 18:24:09,558 [INFO] UtilMem:75 - End SaveConfig() Used Memory: 421907456 Bytes (1073741824)
2023-12-26 18:24:09,894 [INFO] BlockDiagram:2759 - set Specific Code input for plugin: TIM1_8
2023-12-26 18:24:09,894 [INFO] BlockDiagram:2759 - set Specific Code input for plugin: TIM1_8
2023-12-26 18:24:09,894 [INFO] BlockDiagram:2759 - set Specific Code input for plugin: TIM1_8
2023-12-26 18:24:09,894 [INFO] BlockDiagram:2759 - set Specific Code input for plugin: TIM1_8
2023-12-26 18:24:09,894 [INFO] BlockDiagram:2759 - set Specific Code input for plugin: TIM1_8
2023-12-26 18:24:09,894 [INFO] BlockDiagram:2759 - set Specific Code input for plugin: SYS
2023-12-26 18:24:09,894 [INFO] BlockDiagram:2759 - set Specific Code input for plugin: RCC
2023-12-26 18:24:09,894 [INFO] BlockDiagram:2759 - set Specific Code input for plugin: NVIC
2023-12-26 18:24:09,894 [INFO] BlockDiagram:2759 - set Specific Code input for plugin: USART
2023-12-26 18:24:09,894 [INFO] BlockDiagram:2759 - set Specific Code input for plugin: TIM1_8
2023-12-26 18:24:09,895 [INFO] BlockDiagram:2759 - set Specific Code input for plugin: TIM1_8
2023-12-26 18:24:09,895 [INFO] BlockDiagram:2759 - set Specific Code input for plugin: TIM1_8
2023-12-26 18:24:09,895 [INFO] BlockDiagram:2759 - set Specific Code input for plugin: UART
2023-12-26 18:24:09,895 [INFO] BlockDiagram:2759 - set Specific Code input for plugin: UART
2023-12-26 18:24:09,896 [INFO] BlockDiagram:2759 - set Specific Code input for plugin: GPIO
2023-12-26 18:24:09,897 [INFO] CodeGenerator:807 - code generatio: config db path: C:\ST\STM32CubeIDE_1.14.0\STM32CubeIDE\plugins\com.st.stm32cube.common.mx_6.10.0.202311202037\\db\
2023-12-26 18:24:10,123 [INFO] CodeEngine:255 - oldGeneratedFile, C:\Users\5164580\STM32f407_Chiron\SRC_Manual\MXTmpFiles\license.tmp_save
2023-12-26 18:24:10,402 [INFO] CodeEngine:279 - Generated code: C:\Users\5164580\STM32f407_Chiron\SRC_Manual\MXTmpFiles\license.tmp
2023-12-26 18:24:10,476 [INFO] CodeEngine:255 - oldGeneratedFile, C:\Users\5164580\STM32f407_Chiron\SRC_Manual\Core\Src\gpio.c_save
2023-12-26 18:24:10,585 [INFO] CodeEngine:279 - Generated code: C:\Users\5164580\STM32f407_Chiron\SRC_Manual\Core\Src\gpio.c
2023-12-26 18:24:10,591 [INFO] CodeEngine:255 - oldGeneratedFile, C:\Users\5164580\STM32f407_Chiron\SRC_Manual\Core\Inc\gpio.h_save
2023-12-26 18:24:10,658 [INFO] CodeEngine:279 - Generated code: C:\Users\5164580\STM32f407_Chiron\SRC_Manual\Core\Inc\gpio.h
2023-12-26 18:24:11,252 [INFO] CodeEngine:255 - oldGeneratedFile, C:\Users\5164580\STM32f407_Chiron\SRC_Manual\Core\Src\tim.c_save
2023-12-26 18:24:11,473 [INFO] CodeEngine:279 - Generated code: C:\Users\5164580\STM32f407_Chiron\SRC_Manual\Core\Src\tim.c
2023-12-26 18:24:11,480 [INFO] CodeEngine:255 - oldGeneratedFile, C:\Users\5164580\STM32f407_Chiron\SRC_Manual\Core\Inc\tim.h_save
2023-12-26 18:24:11,537 [INFO] CodeEngine:279 - Generated code: C:\Users\5164580\STM32f407_Chiron\SRC_Manual\Core\Inc\tim.h
2023-12-26 18:24:11,547 [INFO] CodeEngine:255 - oldGeneratedFile, C:\Users\5164580\STM32f407_Chiron\SRC_Manual\Core\Src\usart.c_save
2023-12-26 18:24:11,626 [INFO] CodeEngine:279 - Generated code: C:\Users\5164580\STM32f407_Chiron\SRC_Manual\Core\Src\usart.c
2023-12-26 18:24:11,631 [INFO] CodeEngine:255 - oldGeneratedFile, C:\Users\5164580\STM32f407_Chiron\SRC_Manual\Core\Inc\usart.h_save
2023-12-26 18:24:11,687 [INFO] CodeEngine:279 - Generated code: C:\Users\5164580\STM32f407_Chiron\SRC_Manual\Core\Inc\usart.h
2023-12-26 18:24:11,705 [INFO] CodeEngine:255 - oldGeneratedFile, C:\Users\5164580\STM32f407_Chiron\SRC_Manual\Core\Src\stm32f4xx_it.c_save
2023-12-26 18:24:11,772 [INFO] CodeEngine:279 - Generated code: C:\Users\5164580\STM32f407_Chiron\SRC_Manual\Core\Src\stm32f4xx_it.c
2023-12-26 18:24:11,778 [INFO] CodeEngine:255 - oldGeneratedFile, C:\Users\5164580\STM32f407_Chiron\SRC_Manual\Core\Inc\stm32f4xx_it.h_save
2023-12-26 18:24:11,837 [INFO] CodeEngine:279 - Generated code: C:\Users\5164580\STM32f407_Chiron\SRC_Manual\Core\Inc\stm32f4xx_it.h
2023-12-26 18:24:11,852 [INFO] CodeEngine:255 - oldGeneratedFile, C:\Users\5164580\STM32f407_Chiron\SRC_Manual\Core\Src\stm32f4xx_hal_msp.c_save
2023-12-26 18:24:11,928 [INFO] CodeEngine:279 - Generated code: C:\Users\5164580\STM32f407_Chiron\SRC_Manual\Core\Src\stm32f4xx_hal_msp.c
2023-12-26 18:24:11,933 [INFO] CodeEngine:255 - oldGeneratedFile, C:\Users\5164580\STM32f407_Chiron\SRC_Manual\MXTmpFiles\system.tmp_save
2023-12-26 18:24:11,982 [INFO] CodeEngine:279 - Generated code: C:\Users\5164580\STM32f407_Chiron\SRC_Manual\MXTmpFiles\system.tmp
2023-12-26 18:24:11,993 [INFO] CodeEngine:311 - oldGeneratedFile, C:\Users\5164580\STM32f407_Chiron\SRC_Manual\Core\Inc\stm32f4xx_hal_conf.h_save
2023-12-26 18:24:12,055 [INFO] CodeEngine:335 - Generated code: C:\Users\5164580\STM32f407_Chiron\SRC_Manual\Core\Inc\stm32f4xx_hal_conf.h
2023-12-26 18:24:12,093 [INFO] CodeEngine:255 - oldGeneratedFile, C:\Users\5164580\STM32f407_Chiron\SRC_Manual\Core\Inc\main.h_save
2023-12-26 18:24:12,159 [INFO] CodeEngine:279 - Generated code: C:\Users\5164580\STM32f407_Chiron\SRC_Manual\Core\Inc\main.h
2023-12-26 18:24:12,168 [INFO] CodeEngine:255 - oldGeneratedFile, C:\Users\5164580\STM32f407_Chiron\SRC_Manual\Core\Src\main.c_save
2023-12-26 18:24:12,276 [INFO] CodeEngine:279 - Generated code: C:\Users\5164580\STM32f407_Chiron\SRC_Manual\Core\Src\main.c
2023-12-26 18:24:12,856 [INFO] ProjectBuilder:3076 - Time for Copy HAL[1] : 223mS.
2023-12-26 18:24:12,860 [INFO] ProjectBuilder:4485 - Project Generator version: 4.2.0-B44
2023-12-26 18:24:13,091 [INFO] ConfigFileManager:1495 - The Die is : DIE413
2023-12-26 18:24:13,109 [INFO] ApiDbMcu:508 - Load IP Config File for FATFS
2023-12-26 18:24:13,115 [INFO] ApiDbMcu:508 - Load IP Config File for FREERTOS
2023-12-26 18:24:13,119 [INFO] ApiDbMcu:508 - Load IP Config File for LIBJPEG
2023-12-26 18:24:13,125 [INFO] ApiDbMcu:508 - Load IP Config File for LWIP
2023-12-26 18:24:13,133 [INFO] ApiDbMcu:508 - Load IP Config File for MBEDTLS
2023-12-26 18:24:13,141 [INFO] ApiDbMcu:508 - Load IP Config File for USB_DEVICE
2023-12-26 18:24:13,146 [INFO] ApiDbMcu:508 - Load IP Config File for USB_HOST
2023-12-26 18:24:13,761 [INFO] LogOutputStream:77 - [STDOUT_REDIRECT] 
2023-12-26 18:24:14,625 [INFO] ProjectBuilder:4747 - Time for Generating toolchain IDE Files: 1765mS.
2023-12-26 18:24:14,626 [INFO] ProjectBuilder:2947 - Time for Copy CMSIS : 0mS.
2023-12-26 18:24:14,629 [INFO] ProjectBuilder:2947 - Time for Copy CMSIS : 0mS.
2023-12-26 18:36:06,228 [INFO] UtilMem:75 - End SaveConfig() Used Memory: 515186144 Bytes (864026624)
2023-12-26 18:36:07,293 [INFO] UtilMem:75 - End SaveConfig() Used Memory: 548740576 Bytes (864026624)
2023-12-26 18:36:09,873 [INFO] UtilMem:75 - End SaveConfig() Used Memory: 675096032 Bytes (864026624)
2023-12-26 18:36:10,055 [INFO] BlockDiagram:2759 - set Specific Code input for plugin: TIM1_8
2023-12-26 18:36:10,055 [INFO] BlockDiagram:2759 - set Specific Code input for plugin: TIM1_8
2023-12-26 18:36:10,055 [INFO] BlockDiagram:2759 - set Specific Code input for plugin: TIM1_8
2023-12-26 18:36:10,055 [INFO] BlockDiagram:2759 - set Specific Code input for plugin: TIM1_8
2023-12-26 18:36:10,055 [INFO] BlockDiagram:2759 - set Specific Code input for plugin: TIM1_8
2023-12-26 18:36:10,055 [INFO] BlockDiagram:2759 - set Specific Code input for plugin: SYS
2023-12-26 18:36:10,055 [INFO] BlockDiagram:2759 - set Specific Code input for plugin: RCC
2023-12-26 18:36:10,055 [INFO] BlockDiagram:2759 - set Specific Code input for plugin: NVIC
2023-12-26 18:36:10,055 [INFO] BlockDiagram:2759 - set Specific Code input for plugin: USART
2023-12-26 18:36:10,055 [INFO] BlockDiagram:2759 - set Specific Code input for plugin: TIM1_8
2023-12-26 18:36:10,055 [INFO] BlockDiagram:2759 - set Specific Code input for plugin: TIM1_8
2023-12-26 18:36:10,055 [INFO] BlockDiagram:2759 - set Specific Code input for plugin: TIM1_8
2023-12-26 18:36:10,055 [INFO] BlockDiagram:2759 - set Specific Code input for plugin: UART
2023-12-26 18:36:10,055 [INFO] BlockDiagram:2759 - set Specific Code input for plugin: UART
2023-12-26 18:36:10,056 [INFO] BlockDiagram:2759 - set Specific Code input for plugin: GPIO
2023-12-26 18:36:10,057 [INFO] CodeGenerator:807 - code generatio: config db path: C:\ST\STM32CubeIDE_1.14.0\STM32CubeIDE\plugins\com.st.stm32cube.common.mx_6.10.0.202311202037\\db\
2023-12-26 18:36:10,240 [INFO] CodeEngine:255 - oldGeneratedFile, C:\Users\5164580\STM32f407_Chiron\SRC_Manual\MXTmpFiles\license.tmp_save
2023-12-26 18:36:10,302 [INFO] CodeEngine:279 - Generated code: C:\Users\5164580\STM32f407_Chiron\SRC_Manual\MXTmpFiles\license.tmp
2023-12-26 18:36:10,382 [INFO] CodeEngine:255 - oldGeneratedFile, C:\Users\5164580\STM32f407_Chiron\SRC_Manual\MXTmpFiles\gpio.tmp_save
2023-12-26 18:36:10,476 [INFO] CodeEngine:279 - Generated code: C:\Users\5164580\STM32f407_Chiron\SRC_Manual\MXTmpFiles\gpio.tmp
2023-12-26 18:36:10,911 [INFO] CodeEngine:255 - oldGeneratedFile, C:\Users\5164580\STM32f407_Chiron\SRC_Manual\Core\Src\stm32f4xx_it.c_save
2023-12-26 18:36:11,116 [INFO] CodeEngine:279 - Generated code: C:\Users\5164580\STM32f407_Chiron\SRC_Manual\Core\Src\stm32f4xx_it.c
2023-12-26 18:36:11,126 [INFO] CodeEngine:255 - oldGeneratedFile, C:\Users\5164580\STM32f407_Chiron\SRC_Manual\Core\Inc\stm32f4xx_it.h_save
2023-12-26 18:36:11,188 [INFO] CodeEngine:279 - Generated code: C:\Users\5164580\STM32f407_Chiron\SRC_Manual\Core\Inc\stm32f4xx_it.h
2023-12-26 18:36:11,203 [INFO] CodeEngine:255 - oldGeneratedFile, C:\Users\5164580\STM32f407_Chiron\SRC_Manual\Core\Src\stm32f4xx_hal_msp.c_save
2023-12-26 18:36:11,307 [INFO] CodeEngine:279 - Generated code: C:\Users\5164580\STM32f407_Chiron\SRC_Manual\Core\Src\stm32f4xx_hal_msp.c
2023-12-26 18:36:11,310 [INFO] CodeEngine:255 - oldGeneratedFile, C:\Users\5164580\STM32f407_Chiron\SRC_Manual\MXTmpFiles\system.tmp_save
2023-12-26 18:36:11,359 [INFO] CodeEngine:279 - Generated code: C:\Users\5164580\STM32f407_Chiron\SRC_Manual\MXTmpFiles\system.tmp
2023-12-26 18:36:11,366 [INFO] CodeEngine:311 - oldGeneratedFile, C:\Users\5164580\STM32f407_Chiron\SRC_Manual\Core\Inc\stm32f4xx_hal_conf.h_save
2023-12-26 18:36:11,417 [INFO] CodeEngine:335 - Generated code: C:\Users\5164580\STM32f407_Chiron\SRC_Manual\Core\Inc\stm32f4xx_hal_conf.h
2023-12-26 18:36:11,434 [WARN] IPConfigManager:3440 - IP not found : TIM
2023-12-26 18:36:11,435 [WARN] CodeGenerator:3939 - IP not found : null
2023-12-26 18:36:11,443 [INFO] CodeEngine:255 - oldGeneratedFile, C:\Users\5164580\STM32f407_Chiron\SRC_Manual\Core\Inc\main.h_save
2023-12-26 18:36:11,505 [INFO] CodeEngine:279 - Generated code: C:\Users\5164580\STM32f407_Chiron\SRC_Manual\Core\Inc\main.h
2023-12-26 18:36:11,511 [INFO] CodeEngine:255 - oldGeneratedFile, C:\Users\5164580\STM32f407_Chiron\SRC_Manual\Core\Src\main.c_save
2023-12-26 18:36:11,629 [INFO] CodeEngine:279 - Generated code: C:\Users\5164580\STM32f407_Chiron\SRC_Manual\Core\Src\main.c
2023-12-26 18:36:12,099 [INFO] ProjectBuilder:3076 - Time for Copy HAL[1] : 131mS.
2023-12-26 18:36:12,102 [INFO] ProjectBuilder:4485 - Project Generator version: 4.2.0-B44
2023-12-26 18:36:12,272 [INFO] ConfigFileManager:1495 - The Die is : DIE413
2023-12-26 18:36:13,442 [INFO] ProjectBuilder:4747 - Time for Generating toolchain IDE Files: 1340mS.
2023-12-26 18:36:13,443 [INFO] ProjectBuilder:2947 - Time for Copy CMSIS : 0mS.
2023-12-26 18:36:13,447 [INFO] ProjectBuilder:2947 - Time for Copy CMSIS : 0mS.
2023-12-26 18:37:59,275 [INFO] UtilMem:75 - End SaveConfig() Used Memory: 314456496 Bytes (974127104)
2023-12-26 18:38:00,243 [INFO] UtilMem:75 - End SaveConfig() Used Memory: 284224344 Bytes (974127104)
2023-12-26 18:38:02,875 [INFO] UtilMem:75 - End SaveConfig() Used Memory: 359173528 Bytes (974127104)
2023-12-26 18:38:03,062 [INFO] BlockDiagram:2759 - set Specific Code input for plugin: TIM1_8
2023-12-26 18:38:03,062 [INFO] BlockDiagram:2759 - set Specific Code input for plugin: TIM1_8
2023-12-26 18:38:03,062 [INFO] BlockDiagram:2759 - set Specific Code input for plugin: TIM1_8
2023-12-26 18:38:03,062 [INFO] BlockDiagram:2759 - set Specific Code input for plugin: TIM1_8
2023-12-26 18:38:03,062 [INFO] BlockDiagram:2759 - set Specific Code input for plugin: TIM1_8
2023-12-26 18:38:03,062 [INFO] BlockDiagram:2759 - set Specific Code input for plugin: SYS
2023-12-26 18:38:03,062 [INFO] BlockDiagram:2759 - set Specific Code input for plugin: RCC
2023-12-26 18:38:03,062 [INFO] BlockDiagram:2759 - set Specific Code input for plugin: NVIC
2023-12-26 18:38:03,062 [INFO] BlockDiagram:2759 - set Specific Code input for plugin: USART
2023-12-26 18:38:03,062 [INFO] BlockDiagram:2759 - set Specific Code input for plugin: TIM1_8
2023-12-26 18:38:03,062 [INFO] BlockDiagram:2759 - set Specific Code input for plugin: TIM1_8
2023-12-26 18:38:03,062 [INFO] BlockDiagram:2759 - set Specific Code input for plugin: TIM1_8
2023-12-26 18:38:03,062 [INFO] BlockDiagram:2759 - set Specific Code input for plugin: UART
2023-12-26 18:38:03,062 [INFO] BlockDiagram:2759 - set Specific Code input for plugin: UART
2023-12-26 18:38:03,063 [INFO] BlockDiagram:2759 - set Specific Code input for plugin: GPIO
2023-12-26 18:38:03,064 [INFO] CodeGenerator:807 - code generatio: config db path: C:\ST\STM32CubeIDE_1.14.0\STM32CubeIDE\plugins\com.st.stm32cube.common.mx_6.10.0.202311202037\\db\
2023-12-26 18:38:03,214 [INFO] CodeEngine:255 - oldGeneratedFile, C:\Users\5164580\STM32f407_Chiron\SRC_Manual\MXTmpFiles\license.tmp_save
2023-12-26 18:38:03,256 [INFO] CodeEngine:279 - Generated code: C:\Users\5164580\STM32f407_Chiron\SRC_Manual\MXTmpFiles\license.tmp
2023-12-26 18:38:03,282 [INFO] CodeEngine:255 - oldGeneratedFile, C:\Users\5164580\STM32f407_Chiron\SRC_Manual\Core\Src\gpio.c_save
2023-12-26 18:38:03,333 [INFO] CodeEngine:279 - Generated code: C:\Users\5164580\STM32f407_Chiron\SRC_Manual\Core\Src\gpio.c
2023-12-26 18:38:03,335 [INFO] CodeEngine:255 - oldGeneratedFile, C:\Users\5164580\STM32f407_Chiron\SRC_Manual\Core\Inc\gpio.h_save
2023-12-26 18:38:03,380 [INFO] CodeEngine:279 - Generated code: C:\Users\5164580\STM32f407_Chiron\SRC_Manual\Core\Inc\gpio.h
2023-12-26 18:38:03,775 [INFO] CodeEngine:255 - oldGeneratedFile, C:\Users\5164580\STM32f407_Chiron\SRC_Manual\Core\Src\tim.c_save
2023-12-26 18:38:03,859 [INFO] CodeEngine:279 - Generated code: C:\Users\5164580\STM32f407_Chiron\SRC_Manual\Core\Src\tim.c
2023-12-26 18:38:03,863 [INFO] CodeEngine:255 - oldGeneratedFile, C:\Users\5164580\STM32f407_Chiron\SRC_Manual\Core\Inc\tim.h_save
2023-12-26 18:38:03,907 [INFO] CodeEngine:279 - Generated code: C:\Users\5164580\STM32f407_Chiron\SRC_Manual\Core\Inc\tim.h
2023-12-26 18:38:03,913 [INFO] CodeEngine:255 - oldGeneratedFile, C:\Users\5164580\STM32f407_Chiron\SRC_Manual\Core\Src\usart.c_save
2023-12-26 18:38:03,969 [INFO] CodeEngine:279 - Generated code: C:\Users\5164580\STM32f407_Chiron\SRC_Manual\Core\Src\usart.c
2023-12-26 18:38:03,974 [INFO] CodeEngine:255 - oldGeneratedFile, C:\Users\5164580\STM32f407_Chiron\SRC_Manual\Core\Inc\usart.h_save
2023-12-26 18:38:04,016 [INFO] CodeEngine:279 - Generated code: C:\Users\5164580\STM32f407_Chiron\SRC_Manual\Core\Inc\usart.h
2023-12-26 18:38:04,029 [INFO] CodeEngine:255 - oldGeneratedFile, C:\Users\5164580\STM32f407_Chiron\SRC_Manual\Core\Src\stm32f4xx_it.c_save
2023-12-26 18:38:04,074 [INFO] CodeEngine:279 - Generated code: C:\Users\5164580\STM32f407_Chiron\SRC_Manual\Core\Src\stm32f4xx_it.c
2023-12-26 18:38:04,078 [INFO] CodeEngine:255 - oldGeneratedFile, C:\Users\5164580\STM32f407_Chiron\SRC_Manual\Core\Inc\stm32f4xx_it.h_save
2023-12-26 18:38:04,118 [INFO] CodeEngine:279 - Generated code: C:\Users\5164580\STM32f407_Chiron\SRC_Manual\Core\Inc\stm32f4xx_it.h
2023-12-26 18:38:04,127 [INFO] CodeEngine:255 - oldGeneratedFile, C:\Users\5164580\STM32f407_Chiron\SRC_Manual\Core\Src\stm32f4xx_hal_msp.c_save
2023-12-26 18:38:04,193 [INFO] CodeEngine:279 - Generated code: C:\Users\5164580\STM32f407_Chiron\SRC_Manual\Core\Src\stm32f4xx_hal_msp.c
2023-12-26 18:38:04,197 [INFO] CodeEngine:255 - oldGeneratedFile, C:\Users\5164580\STM32f407_Chiron\SRC_Manual\MXTmpFiles\system.tmp_save
2023-12-26 18:38:04,241 [INFO] CodeEngine:279 - Generated code: C:\Users\5164580\STM32f407_Chiron\SRC_Manual\MXTmpFiles\system.tmp
2023-12-26 18:38:04,251 [INFO] CodeEngine:311 - oldGeneratedFile, C:\Users\5164580\STM32f407_Chiron\SRC_Manual\Core\Inc\stm32f4xx_hal_conf.h_save
2023-12-26 18:38:04,301 [INFO] CodeEngine:335 - Generated code: C:\Users\5164580\STM32f407_Chiron\SRC_Manual\Core\Inc\stm32f4xx_hal_conf.h
2023-12-26 18:38:04,322 [INFO] CodeEngine:255 - oldGeneratedFile, C:\Users\5164580\STM32f407_Chiron\SRC_Manual\Core\Inc\main.h_save
2023-12-26 18:38:04,371 [INFO] CodeEngine:279 - Generated code: C:\Users\5164580\STM32f407_Chiron\SRC_Manual\Core\Inc\main.h
2023-12-26 18:38:04,378 [INFO] CodeEngine:255 - oldGeneratedFile, C:\Users\5164580\STM32f407_Chiron\SRC_Manual\Core\Src\main.c_save
2023-12-26 18:38:04,443 [INFO] CodeEngine:279 - Generated code: C:\Users\5164580\STM32f407_Chiron\SRC_Manual\Core\Src\main.c
2023-12-26 18:38:04,896 [INFO] ProjectBuilder:3076 - Time for Copy HAL[1] : 134mS.
2023-12-26 18:38:04,899 [INFO] ProjectBuilder:4485 - Project Generator version: 4.2.0-B44
2023-12-26 18:38:05,031 [INFO] ConfigFileManager:1495 - The Die is : DIE413
2023-12-26 18:38:06,159 [INFO] ProjectBuilder:4747 - Time for Generating toolchain IDE Files: 1260mS.
2023-12-26 18:38:06,160 [INFO] ProjectBuilder:2947 - Time for Copy CMSIS : 1mS.
2023-12-26 18:38:06,164 [INFO] ProjectBuilder:2947 - Time for Copy CMSIS : 1mS.
2023-12-26 19:00:34,030 [ERROR] ConfigurationRetriever:142 - IOException on connection: wwwproxy.kanazawa-it.ac.jp
2023-12-26 19:00:34,030 [ERROR] ConfigurationRetriever:142 - IOException on connection: wwwproxy.kanazawa-it.ac.jp
2023-12-26 19:00:34,031 [ERROR] ConfigurationRetriever:142 - IOException on connection: wwwproxy.kanazawa-it.ac.jp
2023-12-26 19:00:34,053 [ERROR] ConfigurationRetriever:142 - IOException on connection: wwwproxy.kanazawa-it.ac.jp
2023-12-26 19:00:34,053 [ERROR] ConfigurationRetriever:142 - IOException on connection: wwwproxy.kanazawa-it.ac.jp
2023-12-26 19:00:34,053 [ERROR] ConfigurationRetriever:142 - IOException on connection: wwwproxy.kanazawa-it.ac.jp
2023-12-26 19:15:51,454 [INFO] NvicIntPanel:101 - NVIC parent = com.st.microxplorer.plugins.ip.nvic.MultiNvicIntPanel[,0,0,0x0,invalid,layout=javax.swing.BoxLayout,alignmentX=0.0,alignmentY=0.0,border=,flags=9,maximumSize=,minimumSize=,preferredSize=]
2023-12-26 19:16:32,554 [INFO] NvicIntPanel:101 - NVIC parent = com.st.microxplorer.plugins.ip.nvic.MultiNvicIntPanel[,0,0,0x0,invalid,layout=javax.swing.BoxLayout,alignmentX=0.0,alignmentY=0.0,border=,flags=9,maximumSize=,minimumSize=,preferredSize=]
2023-12-26 19:16:42,831 [INFO] UtilMem:75 - End SaveConfig() Used Memory: 621321336 Bytes (901775360)
2023-12-26 19:16:43,795 [INFO] UtilMem:75 - End SaveConfig() Used Memory: 652778616 Bytes (901775360)
2023-12-26 19:16:44,672 [INFO] UtilMem:75 - End SaveConfig() Used Memory: 686333048 Bytes (901775360)
2023-12-26 19:16:44,811 [INFO] BlockDiagram:2759 - set Specific Code input for plugin: TIM1_8
2023-12-26 19:16:44,811 [INFO] BlockDiagram:2759 - set Specific Code input for plugin: TIM1_8
2023-12-26 19:16:44,811 [INFO] BlockDiagram:2759 - set Specific Code input for plugin: TIM1_8
2023-12-26 19:16:44,811 [INFO] BlockDiagram:2759 - set Specific Code input for plugin: TIM1_8
2023-12-26 19:16:44,811 [INFO] BlockDiagram:2759 - set Specific Code input for plugin: TIM1_8
2023-12-26 19:16:44,811 [INFO] BlockDiagram:2759 - set Specific Code input for plugin: SYS
2023-12-26 19:16:44,811 [INFO] BlockDiagram:2759 - set Specific Code input for plugin: RCC
2023-12-26 19:16:44,811 [INFO] BlockDiagram:2759 - set Specific Code input for plugin: NVIC
2023-12-26 19:16:44,811 [INFO] BlockDiagram:2759 - set Specific Code input for plugin: USART
2023-12-26 19:16:44,811 [INFO] BlockDiagram:2759 - set Specific Code input for plugin: TIM1_8
2023-12-26 19:16:44,812 [INFO] BlockDiagram:2759 - set Specific Code input for plugin: TIM1_8
2023-12-26 19:16:44,812 [INFO] BlockDiagram:2759 - set Specific Code input for plugin: TIM1_8
2023-12-26 19:16:44,812 [INFO] BlockDiagram:2759 - set Specific Code input for plugin: UART
2023-12-26 19:16:44,812 [INFO] BlockDiagram:2759 - set Specific Code input for plugin: UART
2023-12-26 19:16:44,812 [INFO] BlockDiagram:2759 - set Specific Code input for plugin: GPIO
2023-12-26 19:16:44,813 [INFO] CodeGenerator:807 - code generatio: config db path: C:\ST\STM32CubeIDE_1.14.0\STM32CubeIDE\plugins\com.st.stm32cube.common.mx_6.10.0.202311202037\\db\
2023-12-26 19:16:44,976 [INFO] CodeEngine:255 - oldGeneratedFile, C:\Users\5164580\STM32f407_Chiron\SRC_Manual\MXTmpFiles\license.tmp_save
2023-12-26 19:16:45,025 [INFO] CodeEngine:279 - Generated code: C:\Users\5164580\STM32f407_Chiron\SRC_Manual\MXTmpFiles\license.tmp
2023-12-26 19:16:45,049 [INFO] CodeEngine:255 - oldGeneratedFile, C:\Users\5164580\STM32f407_Chiron\SRC_Manual\Core\Src\gpio.c_save
2023-12-26 19:16:45,095 [INFO] CodeEngine:279 - Generated code: C:\Users\5164580\STM32f407_Chiron\SRC_Manual\Core\Src\gpio.c
2023-12-26 19:16:45,098 [INFO] CodeEngine:255 - oldGeneratedFile, C:\Users\5164580\STM32f407_Chiron\SRC_Manual\Core\Inc\gpio.h_save
2023-12-26 19:16:45,136 [INFO] CodeEngine:279 - Generated code: C:\Users\5164580\STM32f407_Chiron\SRC_Manual\Core\Inc\gpio.h
2023-12-26 19:16:45,458 [INFO] CodeEngine:255 - oldGeneratedFile, C:\Users\5164580\STM32f407_Chiron\SRC_Manual\Core\Src\tim.c_save
2023-12-26 19:16:45,578 [INFO] CodeEngine:279 - Generated code: C:\Users\5164580\STM32f407_Chiron\SRC_Manual\Core\Src\tim.c
2023-12-26 19:16:45,582 [INFO] CodeEngine:255 - oldGeneratedFile, C:\Users\5164580\STM32f407_Chiron\SRC_Manual\Core\Inc\tim.h_save
2023-12-26 19:16:45,622 [INFO] CodeEngine:279 - Generated code: C:\Users\5164580\STM32f407_Chiron\SRC_Manual\Core\Inc\tim.h
2023-12-26 19:16:45,631 [INFO] CodeEngine:255 - oldGeneratedFile, C:\Users\5164580\STM32f407_Chiron\SRC_Manual\Core\Src\usart.c_save
2023-12-26 19:16:45,692 [INFO] CodeEngine:279 - Generated code: C:\Users\5164580\STM32f407_Chiron\SRC_Manual\Core\Src\usart.c
2023-12-26 19:16:45,696 [INFO] CodeEngine:255 - oldGeneratedFile, C:\Users\5164580\STM32f407_Chiron\SRC_Manual\Core\Inc\usart.h_save
2023-12-26 19:16:45,735 [INFO] CodeEngine:279 - Generated code: C:\Users\5164580\STM32f407_Chiron\SRC_Manual\Core\Inc\usart.h
2023-12-26 19:16:45,747 [INFO] CodeEngine:255 - oldGeneratedFile, C:\Users\5164580\STM32f407_Chiron\SRC_Manual\Core\Src\stm32f4xx_it.c_save
2023-12-26 19:16:45,835 [INFO] CodeEngine:279 - Generated code: C:\Users\5164580\STM32f407_Chiron\SRC_Manual\Core\Src\stm32f4xx_it.c
2023-12-26 19:16:45,840 [INFO] CodeEngine:255 - oldGeneratedFile, C:\Users\5164580\STM32f407_Chiron\SRC_Manual\Core\Inc\stm32f4xx_it.h_save
2023-12-26 19:16:45,883 [INFO] CodeEngine:279 - Generated code: C:\Users\5164580\STM32f407_Chiron\SRC_Manual\Core\Inc\stm32f4xx_it.h
2023-12-26 19:16:45,893 [INFO] CodeEngine:255 - oldGeneratedFile, C:\Users\5164580\STM32f407_Chiron\SRC_Manual\Core\Src\stm32f4xx_hal_msp.c_save
2023-12-26 19:16:45,947 [INFO] CodeEngine:279 - Generated code: C:\Users\5164580\STM32f407_Chiron\SRC_Manual\Core\Src\stm32f4xx_hal_msp.c
2023-12-26 19:16:45,949 [INFO] CodeEngine:255 - oldGeneratedFile, C:\Users\5164580\STM32f407_Chiron\SRC_Manual\MXTmpFiles\system.tmp_save
2023-12-26 19:16:45,986 [INFO] CodeEngine:279 - Generated code: C:\Users\5164580\STM32f407_Chiron\SRC_Manual\MXTmpFiles\system.tmp
2023-12-26 19:16:45,994 [INFO] CodeEngine:311 - oldGeneratedFile, C:\Users\5164580\STM32f407_Chiron\SRC_Manual\Core\Inc\stm32f4xx_hal_conf.h_save
2023-12-26 19:16:46,041 [INFO] CodeEngine:335 - Generated code: C:\Users\5164580\STM32f407_Chiron\SRC_Manual\Core\Inc\stm32f4xx_hal_conf.h
2023-12-26 19:16:46,060 [INFO] CodeEngine:255 - oldGeneratedFile, C:\Users\5164580\STM32f407_Chiron\SRC_Manual\Core\Inc\main.h_save
2023-12-26 19:16:46,122 [INFO] CodeEngine:279 - Generated code: C:\Users\5164580\STM32f407_Chiron\SRC_Manual\Core\Inc\main.h
2023-12-26 19:16:46,128 [INFO] CodeEngine:255 - oldGeneratedFile, C:\Users\5164580\STM32f407_Chiron\SRC_Manual\Core\Src\main.c_save
2023-12-26 19:16:46,186 [INFO] CodeEngine:279 - Generated code: C:\Users\5164580\STM32f407_Chiron\SRC_Manual\Core\Src\main.c
2023-12-26 19:16:46,584 [INFO] ProjectBuilder:3076 - Time for Copy HAL[1] : 119mS.
2023-12-26 19:16:46,587 [INFO] ProjectBuilder:4485 - Project Generator version: 4.2.0-B44
2023-12-26 19:16:46,701 [INFO] ConfigFileManager:1495 - The Die is : DIE413
2023-12-26 19:16:47,814 [INFO] ProjectBuilder:4747 - Time for Generating toolchain IDE Files: 1227mS.
2023-12-26 19:16:47,815 [INFO] ProjectBuilder:2947 - Time for Copy CMSIS : 1mS.
2023-12-26 19:16:47,818 [INFO] ProjectBuilder:2947 - Time for Copy CMSIS : 0mS.
2023-12-26 20:42:03,117 [ERROR] LogOutputStream:75 - [STDERR_REDIRECT] 
2023-12-26 20:42:03,117 [ERROR] LogOutputStream:75 - [STDERR_REDIRECT] 
