2023-11-30 16:55:05,288 [INFO] Activator:176 - 


2023-11-30 16:55:05,295 [INFO] Activator:177 - !SESSION log4j initialized
2023-11-30 16:55:08,490 [INFO] LogOutputStream:77 - [STDOUT_REDIRECT] 
2023-11-30 16:55:10,418 [INFO] ApplicationProperties:184 - Using Application install path: C:\ST\STM32CubeIDE_1.14.0\STM32CubeIDE\plugins\com.st.stm32cube.common.mx_6.10.0.202311202037
2023-11-30 16:55:10,438 [INFO] DbMcusXml:78 - Set database path to: C:\ST\STM32CubeIDE_1.14.0\STM32CubeIDE\plugins\com.st.stm32cube.common.mx_6.10.0.202311202037\\db\/mcu/
2023-11-30 16:55:10,438 [INFO] ApiDb:274 - Set plugin database path to: C:\ST\STM32CubeIDE_1.14.0\STM32CubeIDE\plugins\com.st.stm32cube.common.mx_6.10.0.202311202037\\db\/plugins/boardmanager/
2023-11-30 16:55:10,439 [WARN] ApiDb:259 - Overriding images path with different value:  => C:\ST\STM32CubeIDE_1.14.0\STM32CubeIDE\plugins\com.st.stm32cube.common.mx_6.10.0.202311202037\\db\/plugins/mcufinder/images/
2023-11-30 16:55:10,450 [INFO] ApiDb:250 - Set database path to: C:\Users\5164580\.stmcufinder\plugins\mcufinder//mcu/
2023-11-30 16:55:10,451 [INFO] DbMcusAds:125 - Set database path to: C:\Users\5164580\.stmcufinder\plugins\mcufinder//mcu/
2023-11-30 16:55:10,453 [INFO] CrossReferenceDbSqlite:203 - Set database path to: C:\Users\5164580\.stmcufinder\plugins\mcufinder//mcu/cs/
2023-11-30 16:55:10,549 [INFO] RulesReader:64 - Compatibility file has been processed (297 Rules)
2023-11-30 16:55:10,626 [INFO] McuFinderGlobals:63 - Set McuFinder mode to 2 (CubeIDE integrated)
2023-11-30 16:55:10,627 [INFO] DbMcusXml:78 - Set database path to: C:\ST\STM32CubeIDE_1.14.0\STM32CubeIDE\plugins\com.st.stm32cube.common.mx_6.10.0.202311202037\\db\/mcu/
2023-11-30 16:55:10,627 [INFO] ApiDb:274 - Set plugin database path to: C:\ST\STM32CubeIDE_1.14.0\STM32CubeIDE\plugins\com.st.stm32cube.common.mx_6.10.0.202311202037\\db\/plugins/boardmanager/
2023-11-30 16:55:10,628 [INFO] ApiDb:261 - Set plugin images path to: C:\ST\STM32CubeIDE_1.14.0\STM32CubeIDE\plugins\com.st.stm32cube.common.mx_6.10.0.202311202037\\db\/plugins/mcufinder/images/
2023-11-30 16:55:10,628 [WARN] DbFile:41 - Overriding database path with different value: C:\Users\5164580\.stmcufinder\plugins\mcufinder/ => C:\Users\5164580\.stmcufinder\plugins\mcufinder
2023-11-30 16:55:10,628 [INFO] ApiDb:250 - Set database path to: C:\Users\5164580\.stmcufinder\plugins\mcufinder//mcu/
2023-11-30 16:55:10,628 [WARN] DbFile:41 - Overriding database path with different value: C:\Users\5164580\.stmcufinder\plugins\mcufinder/ => C:\Users\5164580\.stmcufinder\plugins\mcufinder
2023-11-30 16:55:10,628 [INFO] DbMcusAds:125 - Set database path to: C:\Users\5164580\.stmcufinder\plugins\mcufinder//mcu/
2023-11-30 16:55:10,628 [WARN] DbFile:41 - Overriding database path with different value: C:\Users\5164580\.stmcufinder\plugins\mcufinder/ => C:\Users\5164580\.stmcufinder\plugins\mcufinder
2023-11-30 16:55:10,628 [WARN] DbFile:41 - Overriding database path with different value: C:\Users\5164580\.stmcufinder\plugins\mcufinder/ => C:\Users\5164580\.stmcufinder\plugins\mcufinder
2023-11-30 16:55:10,628 [INFO] CrossReferenceDbSqlite:203 - Set database path to: C:\Users\5164580\.stmcufinder\plugins\mcufinder//mcu/cs/
2023-11-30 16:55:10,703 [INFO] MainPanel:264 - HeapMemory: 268435456
2023-11-30 16:55:10,793 [INFO] DbMcusXml:78 - Set database path to: C:\ST\STM32CubeIDE_1.14.0\STM32CubeIDE\plugins\com.st.stm32cube.common.mx_6.10.0.202311202037\\db\/mcu/
2023-11-30 16:55:10,793 [INFO] ApiDb:274 - Set plugin database path to: C:\ST\STM32CubeIDE_1.14.0\STM32CubeIDE\plugins\com.st.stm32cube.common.mx_6.10.0.202311202037\\db\/plugins/boardmanager/
2023-11-30 16:55:10,793 [INFO] ApiDb:261 - Set plugin images path to: C:\ST\STM32CubeIDE_1.14.0\STM32CubeIDE\plugins\com.st.stm32cube.common.mx_6.10.0.202311202037\\db\/plugins/mcufinder/images/
2023-11-30 16:55:10,793 [WARN] DbFile:41 - Overriding database path with different value: C:\Users\5164580\.stmcufinder\plugins\mcufinder/ => C:\Users\5164580\.stmcufinder\plugins\mcufinder
2023-11-30 16:55:10,793 [INFO] ApiDb:250 - Set database path to: C:\Users\5164580\.stmcufinder\plugins\mcufinder//mcu/
2023-11-30 16:55:10,793 [WARN] DbFile:41 - Overriding database path with different value: C:\Users\5164580\.stmcufinder\plugins\mcufinder/ => C:\Users\5164580\.stmcufinder\plugins\mcufinder
2023-11-30 16:55:10,793 [INFO] DbMcusAds:125 - Set database path to: C:\Users\5164580\.stmcufinder\plugins\mcufinder//mcu/
2023-11-30 16:55:10,793 [WARN] DbFile:41 - Overriding database path with different value: C:\Users\5164580\.stmcufinder\plugins\mcufinder/ => C:\Users\5164580\.stmcufinder\plugins\mcufinder
2023-11-30 16:55:10,794 [WARN] DbFile:41 - Overriding database path with different value: C:\Users\5164580\.stmcufinder\plugins\mcufinder/ => C:\Users\5164580\.stmcufinder\plugins\mcufinder
2023-11-30 16:55:10,794 [INFO] CrossReferenceDbSqlite:203 - Set database path to: C:\Users\5164580\.stmcufinder\plugins\mcufinder//mcu/cs/
2023-11-30 16:55:10,811 [INFO] ApplicationProperties:184 - Using Application install path: C:\ST\STM32CubeIDE_1.14.0\STM32CubeIDE\plugins\com.st.stm32cube.common.mx_6.10.0.202311202037
2023-11-30 16:55:10,812 [INFO] PluginManage:196 - Search for loadable plugins [exclusion list=, ]
2023-11-30 16:55:10,813 [INFO] PluginManage:310 - Check plugin analytics
2023-11-30 16:55:10,987 [INFO] AnalyticsPlugin:253 - Accepted Software Licenses: 
2023-11-30 16:55:10,987 [INFO] AnalyticsPlugin:255 - Accepted CMSIS Pack Licenses: 
2023-11-30 16:55:10,987 [INFO] AnalyticsPlugin:257 - Accepted Firmware Licenses: 
2023-11-30 16:55:10,989 [INFO] PluginManage:359 - Loaded plugin analytics (category:tool,tabindex:-1)
2023-11-30 16:55:10,989 [INFO] PluginManage:310 - Check plugin cadmodel
2023-11-30 16:55:10,997 [INFO] CADModel:105 - Init CAD model plugin
2023-11-30 16:55:10,997 [INFO] PluginManage:359 - Loaded plugin cadmodel (category:power,tabindex:5)
2023-11-30 16:55:10,998 [INFO] PluginManage:310 - Check plugin clock
2023-11-30 16:55:11,011 [INFO] PluginManage:359 - Loaded plugin clock (category:base,tabindex:2)
2023-11-30 16:55:11,011 [INFO] PluginManage:310 - Check plugin ddr
2023-11-30 16:55:11,013 [INFO] PluginManage:359 - Loaded plugin ddr (category:tool,tabindex:6)
2023-11-30 16:55:11,014 [INFO] PluginManage:310 - Check plugin filemanager
2023-11-30 16:55:11,140 [INFO] PluginManage:359 - Loaded plugin filemanager (category:base,tabindex:10)
2023-11-30 16:55:11,140 [INFO] PluginManage:310 - Check plugin ipmanager
2023-11-30 16:55:11,147 [INFO] PluginManage:359 - Loaded plugin ipmanager (category:base,tabindex:5)
2023-11-30 16:55:11,147 [INFO] PluginManage:310 - Check plugin lpbam
2023-11-30 16:55:11,156 [INFO] PluginManage:359 - Loaded plugin lpbam (category:base,tabindex:0)
2023-11-30 16:55:11,156 [INFO] PluginManage:310 - Check plugin memorymap
2023-11-30 16:55:11,171 [INFO] PluginManage:359 - Loaded plugin memorymap (category:base,tabindex:4)
2023-11-30 16:55:11,171 [INFO] PluginManage:310 - Check plugin pinoutandconfiguration
2023-11-30 16:55:11,179 [INFO] PluginManage:359 - Loaded plugin pinoutandconfiguration (category:base,tabindex:1)
2023-11-30 16:55:11,179 [INFO] PluginManage:310 - Check plugin pinoutconfig
2023-11-30 16:55:11,304 [WARN] SupportedApi:132 - Cannot load RTOS API schema: s4s-elt-must-match.1: The content of 'definitions' must match (annotation?, (simpleType | complexType)?, (unique | key | keyref)*)). A problem was found starting at: attribute.
2023-11-30 16:55:11,462 [INFO] PluginManage:359 - Loaded plugin pinoutconfig (category:base,tabindex:0)
2023-11-30 16:55:11,462 [INFO] PluginManage:310 - Check plugin power
2023-11-30 16:55:11,476 [INFO] PluginManage:359 - Loaded plugin power (category:power,tabindex:4)
2023-11-30 16:55:11,476 [INFO] PluginManage:310 - Check plugin projectmanager
2023-11-30 16:55:11,489 [INFO] PluginManage:359 - Loaded plugin projectmanager (category:projectmanager,tabindex:3)
2023-11-30 16:55:11,490 [INFO] PluginManage:310 - Check plugin thirdparty
2023-11-30 16:55:11,525 [ERROR] ConfigurationRetriever:142 - IOException on connection: Connect timed out
2023-11-30 16:55:11,626 [INFO] PluginManage:359 - Loaded plugin thirdparty (category:base,tabindex:-1)
2023-11-30 16:55:11,626 [WARN] IntegrityCheckThread:84 - waiting for thirdparty lock release [integrity check]
2023-11-30 16:55:11,627 [INFO] PluginManage:310 - Check plugin tools
2023-11-30 16:55:11,627 [INFO] IntegrityCheckThread:86 - entering critical section [integrity check]
2023-11-30 16:55:11,627 [INFO] ThirdPartyUpdaterWithRetryManager:70 - Updater plugin not ready yet. [1/15]
2023-11-30 16:55:11,630 [INFO] PluginManage:359 - Loaded plugin tools (category:base,tabindex:7)
2023-11-30 16:55:11,630 [INFO] PluginManage:310 - Check plugin tutovideos
2023-11-30 16:55:11,813 [INFO] PluginManage:359 - Loaded plugin tutovideos (category:base,tabindex:-1)
2023-11-30 16:55:11,814 [INFO] PluginManage:310 - Check plugin updater
2023-11-30 16:55:11,825 [INFO] PluginManage:359 - Loaded plugin updater (category:base,tabindex:12)
2023-11-30 16:55:11,825 [INFO] PluginManage:310 - Check plugin userauth
2023-11-30 16:55:11,831 [INFO] UserAuth:114 - Init User Auth plugin
2023-11-30 16:55:11,831 [INFO] PluginManage:359 - Loaded plugin userauth (category:base,tabindex:14)
2023-11-30 16:55:11,831 [INFO] PluginManage:283 - PluginManage : Loaded plugins [17]
2023-11-30 16:55:12,037 [INFO] PinOutPanel:1499 - setPackage(No Configuration,No Configuration)
2023-11-30 16:55:12,124 [INFO] CADModel:165 - CPN selected for project level
2023-11-30 16:55:12,124 [INFO] CADModel:114 - Register for checkConnection events
2023-11-30 16:55:12,145 [INFO] IPUIPlugin:80 - create IPUIPlugin
2023-11-30 16:55:12,146 [INFO] PluginManager:220 - loadIPPluginJar : add adc
2023-11-30 16:55:12,148 [INFO] IPUIPlugin:80 - create IPUIPlugin
2023-11-30 16:55:12,148 [INFO] PluginManager:220 - loadIPPluginJar : add aes
2023-11-30 16:55:12,151 [INFO] IPUIPlugin:80 - create IPUIPlugin
2023-11-30 16:55:12,151 [INFO] PluginManager:220 - loadIPPluginJar : add can
2023-11-30 16:55:12,155 [INFO] IPUIPlugin:80 - create IPUIPlugin
2023-11-30 16:55:12,155 [INFO] PluginManager:220 - loadIPPluginJar : add comp
2023-11-30 16:55:12,157 [INFO] IPUIPlugin:80 - create IPUIPlugin
2023-11-30 16:55:12,158 [INFO] PluginManager:220 - loadIPPluginJar : add cryp
2023-11-30 16:55:12,160 [INFO] IPUIPlugin:80 - create IPUIPlugin
2023-11-30 16:55:12,160 [INFO] PluginManager:220 - loadIPPluginJar : add dfsdm
2023-11-30 16:55:12,168 [INFO] IPUIPlugin:80 - create IPUIPlugin
2023-11-30 16:55:12,168 [INFO] PluginManager:220 - loadIPPluginJar : add dma
2023-11-30 16:55:12,170 [INFO] IPUIPlugin:80 - create IPUIPlugin
2023-11-30 16:55:12,170 [INFO] PluginManager:220 - loadIPPluginJar : add dma3
2023-11-30 16:55:12,173 [INFO] IPUIPlugin:80 - create IPUIPlugin
2023-11-30 16:55:12,173 [INFO] PluginManager:220 - loadIPPluginJar : add fatfs
2023-11-30 16:55:12,177 [INFO] IPUIPlugin:80 - create IPUIPlugin
2023-11-30 16:55:12,177 [INFO] PluginManager:220 - loadIPPluginJar : add fmc
2023-11-30 16:55:12,185 [INFO] IPUIPlugin:80 - create IPUIPlugin
2023-11-30 16:55:12,185 [INFO] PluginManager:220 - loadIPPluginJar : add freertos
2023-11-30 16:55:12,188 [INFO] IPUIPlugin:80 - create IPUIPlugin
2023-11-30 16:55:12,188 [INFO] PluginManager:220 - loadIPPluginJar : add genericplugin
2023-11-30 16:55:12,190 [INFO] IPUIPlugin:80 - create IPUIPlugin
2023-11-30 16:55:12,190 [INFO] PluginManager:220 - loadIPPluginJar : add gfxmmu
2023-11-30 16:55:12,196 [INFO] IPUIPlugin:80 - create IPUIPlugin
2023-11-30 16:55:12,196 [INFO] PluginManager:220 - loadIPPluginJar : add gic
2023-11-30 16:55:12,201 [INFO] IPUIPlugin:80 - create IPUIPlugin
2023-11-30 16:55:12,201 [INFO] PluginManager:220 - loadIPPluginJar : add gpio
2023-11-30 16:55:12,205 [INFO] IPUIPlugin:80 - create IPUIPlugin
2023-11-30 16:55:12,205 [INFO] PluginManager:220 - loadIPPluginJar : add gtzc
2023-11-30 16:55:12,207 [INFO] IPUIPlugin:80 - create IPUIPlugin
2023-11-30 16:55:12,207 [INFO] PluginManager:220 - loadIPPluginJar : add hash
2023-11-30 16:55:12,210 [INFO] IPUIPlugin:80 - create IPUIPlugin
2023-11-30 16:55:12,210 [INFO] PluginManager:220 - loadIPPluginJar : add i2c
2023-11-30 16:55:12,215 [INFO] IPUIPlugin:80 - create IPUIPlugin
2023-11-30 16:55:12,215 [INFO] PluginManager:220 - loadIPPluginJar : add i2s
2023-11-30 16:55:12,219 [INFO] IPUIPlugin:80 - create IPUIPlugin
2023-11-30 16:55:12,219 [INFO] PluginManager:220 - loadIPPluginJar : add i3c
2023-11-30 16:55:12,223 [INFO] IPUIPlugin:80 - create IPUIPlugin
2023-11-30 16:55:12,223 [INFO] PluginManager:220 - loadIPPluginJar : add ipddr
2023-11-30 16:55:12,230 [INFO] IPUIPlugin:80 - create IPUIPlugin
2023-11-30 16:55:12,230 [INFO] PluginManager:220 - loadIPPluginJar : add linkedlist
2023-11-30 16:55:12,233 [INFO] IPUIPlugin:80 - create IPUIPlugin
2023-11-30 16:55:12,234 [INFO] PluginManager:220 - loadIPPluginJar : add lorawan
2023-11-30 16:55:12,236 [INFO] IPUIPlugin:80 - create IPUIPlugin
2023-11-30 16:55:12,236 [INFO] PluginManager:220 - loadIPPluginJar : add ltdc
2023-11-30 16:55:12,242 [INFO] IPUIPlugin:80 - create IPUIPlugin
2023-11-30 16:55:12,242 [INFO] PluginManager:220 - loadIPPluginJar : add mdma
2023-11-30 16:55:12,248 [INFO] IPUIPlugin:80 - create IPUIPlugin
2023-11-30 16:55:12,248 [INFO] PluginManager:220 - loadIPPluginJar : add nvic
2023-11-30 16:55:12,253 [INFO] IPUIPlugin:80 - create IPUIPlugin
2023-11-30 16:55:12,253 [INFO] PluginManager:220 - loadIPPluginJar : add opamp
2023-11-30 16:55:12,258 [INFO] IPUIPlugin:80 - create IPUIPlugin
2023-11-30 16:55:12,258 [INFO] PluginManager:220 - loadIPPluginJar : add openamp
2023-11-30 16:55:12,263 [INFO] IPUIPlugin:80 - create IPUIPlugin
2023-11-30 16:55:12,263 [INFO] PluginManager:220 - loadIPPluginJar : add pdm2pcm
2023-11-30 16:55:12,270 [INFO] IPUIPlugin:80 - create IPUIPlugin
2023-11-30 16:55:12,271 [INFO] PluginManager:220 - loadIPPluginJar : add plateformsettings
2023-11-30 16:55:12,274 [INFO] IPUIPlugin:80 - create IPUIPlugin
2023-11-30 16:55:12,274 [INFO] PluginManager:220 - loadIPPluginJar : add quadspi
2023-11-30 16:55:12,281 [INFO] IPUIPlugin:80 - create IPUIPlugin
2023-11-30 16:55:12,281 [INFO] PluginManager:220 - loadIPPluginJar : add resmgrutility
2023-11-30 16:55:12,284 [INFO] IPUIPlugin:80 - create IPUIPlugin
2023-11-30 16:55:12,284 [INFO] PluginManager:220 - loadIPPluginJar : add sai
2023-11-30 16:55:12,288 [INFO] IPUIPlugin:80 - create IPUIPlugin
2023-11-30 16:55:12,288 [INFO] PluginManager:220 - loadIPPluginJar : add spi
2023-11-30 16:55:12,295 [INFO] IPUIPlugin:80 - create IPUIPlugin
2023-11-30 16:55:12,295 [INFO] PluginManager:220 - loadIPPluginJar : add stm32_wpan
2023-11-30 16:55:12,297 [INFO] IPUIPlugin:80 - create IPUIPlugin
2023-11-30 16:55:12,297 [INFO] PluginManager:220 - loadIPPluginJar : add tim
2023-11-30 16:55:12,301 [INFO] IPUIPlugin:80 - create IPUIPlugin
2023-11-30 16:55:12,301 [INFO] PluginManager:220 - loadIPPluginJar : add touchsensing
2023-11-30 16:55:12,305 [INFO] IPUIPlugin:80 - create IPUIPlugin
2023-11-30 16:55:12,305 [INFO] PluginManager:220 - loadIPPluginJar : add tracer_emb
2023-11-30 16:55:12,307 [INFO] IPUIPlugin:80 - create IPUIPlugin
2023-11-30 16:55:12,308 [INFO] PluginManager:220 - loadIPPluginJar : add ts
2023-11-30 16:55:12,310 [INFO] IPUIPlugin:80 - create IPUIPlugin
2023-11-30 16:55:12,310 [INFO] PluginManager:220 - loadIPPluginJar : add tsc
2023-11-30 16:55:12,313 [INFO] IPUIPlugin:80 - create IPUIPlugin
2023-11-30 16:55:12,313 [INFO] PluginManager:220 - loadIPPluginJar : add ucpd
2023-11-30 16:55:12,316 [INFO] IPUIPlugin:80 - create IPUIPlugin
2023-11-30 16:55:12,316 [INFO] PluginManager:220 - loadIPPluginJar : add usart
2023-11-30 16:55:12,319 [INFO] IPUIPlugin:80 - create IPUIPlugin
2023-11-30 16:55:12,320 [INFO] PluginManager:220 - loadIPPluginJar : add usbx
2023-11-30 16:55:12,438 [INFO] CADModel:165 - CPN selected for project level
2023-11-30 16:55:12,438 [INFO] CADModel:114 - Register for checkConnection events
2023-11-30 16:55:12,438 [FATAL] Updater:308 - Updater called before beeing initialized
2023-11-30 16:55:12,438 [ERROR] CADModel:125 - Updater not yet initialized, retry later 
2023-11-30 16:55:12,560 [INFO] CADModel:165 - CPN selected for project level
2023-11-30 16:55:12,561 [INFO] CADModel:114 - Register for checkConnection events
2023-11-30 16:55:12,561 [FATAL] Updater:308 - Updater called before beeing initialized
2023-11-30 16:55:12,561 [ERROR] CADModel:125 - Updater not yet initialized, retry later 
2023-11-30 16:55:12,564 [FATAL] Updater:308 - Updater called before beeing initialized
2023-11-30 16:55:12,659 [FATAL] Updater:308 - Updater called before beeing initialized
2023-11-30 16:55:12,663 [INFO] DbMcusAds:53 - JSON generation date=Thu Sep 30 15:55:09 JST 2021 (1632984909247)
2023-11-30 16:55:12,663 [FATAL] Updater:308 - Updater called before beeing initialized
2023-11-30 16:55:12,700 [WARN] DetailPanel:346 - Failed to get advertising image, set to default
2023-11-30 16:55:12,776 [FATAL] Updater:308 - Updater called before beeing initialized
2023-11-30 16:55:12,778 [FATAL] Updater:308 - Updater called before beeing initialized
2023-11-30 16:55:12,778 [FATAL] Updater:308 - Updater called before beeing initialized
2023-11-30 16:55:12,779 [WARN] DetailPanel:346 - Failed to get advertising image, set to default
2023-11-30 16:55:12,779 [FATAL] Updater:308 - Updater called before beeing initialized
2023-11-30 16:55:12,831 [ERROR] Updater:1120 - MainUpdater not yet initialized. External WinMGr cannot be set.
2023-11-30 16:55:12,832 [INFO] Updater:1056 - Updater Version found : 6.10.0
2023-11-30 16:55:12,854 [INFO] ApplicationProperties:184 - Using Application install path: C:\ST\STM32CubeIDE_1.14.0\STM32CubeIDE\plugins\com.st.stm32cube.common.mx_6.10.0.202311202037
2023-11-30 16:55:13,527 [ERROR] ConfigurationRetriever:142 - IOException on connection: Connect timed out
2023-11-30 16:55:14,429 [ERROR] LogOutputStream:75 - [STDERR_REDIRECT] Nov 30, 2023 4:55:14 PM java.util.prefs.WindowsPreferences <init>
2023-11-30 16:55:14,430 [ERROR] LogOutputStream:75 - [STDERR_REDIRECT] WARNING: Could not open/create prefs root node Software\JavaSoft\Prefs at root 0xffffffff80000002. Windows RegCreateKeyEx(...) returned error code 5.
2023-11-30 16:55:14,430 [ERROR] LogOutputStream:75 - [STDERR_REDIRECT] 
2023-11-30 16:55:14,629 [INFO] ThirdPartyUpdaterWithRetryManager:70 - Updater plugin not ready yet. [2/15]
2023-11-30 16:55:15,529 [ERROR] ConfigurationRetriever:142 - IOException on connection: Connect timed out
2023-11-30 16:55:15,992 [ERROR] ConfigurationRetriever:142 - IOException on connection: Connect timed out
2023-11-30 16:55:17,630 [FATAL] Updater:308 - Updater called before beeing initialized
2023-11-30 16:55:17,630 [ERROR] IntegrityCheckThread:130 - Cannot retrieve database content from updater: error 21
2023-11-30 16:55:17,630 [INFO] ThirdParty:978 - Integrity check success = false
2023-11-30 16:55:17,631 [INFO] IntegrityCheckThread:100 - exiting critical section [integrity check]
2023-11-30 16:55:17,631 [INFO] IntegrityCheckThread:103 - End integrity checks thread
2023-11-30 16:55:18,600 [WARN] CheckConnectionManager:291 - Warning during Server Connection :  timeout Connect to sw-center.st.com:443 [sw-center.st.com/23.52.3.59, sw-center.st.com/23.52.3.40] failed: Connect timed out
2023-11-30 16:55:20,994 [ERROR] ConfigurationRetriever:142 - IOException on connection: Connect timed out
2023-11-30 16:55:22,605 [WARN] CheckConnectionManager:291 - Warning during Server Connection :  timeout Connect to sw-center.st.com:443 [sw-center.st.com/23.52.3.59, sw-center.st.com/23.52.3.40] failed: Connect timed out
2023-11-30 16:55:22,608 [INFO] MainUpdater:2873 - connection check result : 22
2023-11-30 16:55:22,609 [INFO] MainUpdater:290 - Updater Check For Update Now.
2023-11-30 16:55:22,609 [INFO] MicroXplorer:498 - Change Database Version : DB.6.0.100
2023-11-30 16:55:22,615 [INFO] McuFinderGlobals:63 - Set McuFinder mode to 2 (CubeIDE integrated)
2023-11-30 16:55:22,615 [INFO] UserAuth:180 - activating auth plugin
2023-11-30 16:55:22,618 [INFO] UserAuth:404 - Internet connection configuration mode: 2
2023-11-30 16:55:22,638 [INFO] UserAuth:404 - Internet connection configuration mode: 2
2023-11-30 16:55:22,785 [INFO] CheckServerUpdateThread:120 - End of CheckServer Thread
2023-11-30 16:55:24,826 [WARN] CheckConnectionManager:291 - Warning during Server Connection :  timeout Connect to sw-center.st.com:443 [sw-center.st.com/23.52.3.59, sw-center.st.com/23.52.3.40] failed: Connect timed out
2023-11-30 16:55:25,997 [ERROR] ConfigurationRetriever:142 - IOException on connection: Connect timed out
2023-11-30 16:55:26,831 [WARN] CheckConnectionManager:291 - Warning during Server Connection :  timeout Connect to sw-center.st.com:443 [sw-center.st.com/23.52.3.59, sw-center.st.com/23.52.3.40] failed: Connect timed out
2023-11-30 16:55:26,832 [INFO] MainUpdater:2873 - connection check result : 22
2023-11-30 16:55:43,227 [ERROR] LogOutputStream:75 - [STDERR_REDIRECT] SLF4J: Failed to load class "org.slf4j.impl.StaticLoggerBinder".
2023-11-30 16:55:43,228 [ERROR] LogOutputStream:75 - [STDERR_REDIRECT] SLF4J: Defaulting to no-operation (NOP) logger implementation
2023-11-30 16:55:43,229 [ERROR] LogOutputStream:75 - [STDERR_REDIRECT] SLF4J: See http://www.slf4j.org/codes.html#StaticLoggerBinder for further details.
2023-11-30 16:57:21,525 [WARN] CheckConnectionManager:291 - Warning during Server Connection :  timeout Connect to sw-center.st.com:443 [sw-center.st.com/23.52.3.40, sw-center.st.com/23.52.3.59] failed: Connect timed out
2023-11-30 16:57:23,530 [WARN] CheckConnectionManager:291 - Warning during Server Connection :  timeout Connect to sw-center.st.com:443 [sw-center.st.com/23.52.3.40, sw-center.st.com/23.52.3.59] failed: Connect timed out
2023-11-30 16:57:23,531 [INFO] MainUpdater:2873 - connection check result : 22
2023-11-30 16:57:26,446 [INFO] ApiDb:581 - Connected to CubeFinder SQLite database (C:\Users\5164580\.stmcufinder\plugins\mcufinder\mcu\cube-finder-db.db)
2023-11-30 16:57:26,530 [INFO] ApiDb:668 - CubeFinder database Data Model version=2.1
2023-11-30 16:57:26,530 [INFO] ApiDb:669 - CubeFinder database Configuration version=3.0.39
2023-11-30 16:57:26,530 [INFO] ApiDb:670 - CubeFinder database generation date=2023-11-06 (1699269565)
2023-11-30 16:57:26,530 [INFO] ApiDb:671 - CubeFinder database FW Pack versions=[FP-ATR-ASTRA1_V2.0.0, FP-SNS-FLIGHT1_V5.0.1, FP-SNS-FLIGHT1_V5.0.2, FP-SNS-MOTENV1_V4.3.1, FP-SNS-MOTENV1_V4.3.2, FP-SNS-MOTENVWB1_V1.3.0, FP-SNS-SMARTAG2_V1.2.0, STM32Cube_FW_C0_V1.1.0, STM32Cube_FW_F4_V1.28.0, STM32Cube_FW_F7_V1.17.0, STM32Cube_FW_G0_V1.6.1, STM32Cube_FW_G4_V1.5.1, STM32Cube_FW_H5_V0.5.1, STM32Cube_FW_H5_V1.1.1, STM32Cube_FW_H5_V1.2.0RC2, STM32Cube_FW_H7_V1.11.0, STM32Cube_FW_L0_V1.12.2, STM32Cube_FW_L5_V1.5.0, STM32Cube_FW_U5_V1.3.0RC4, STM32Cube_FW_U5_V1.4.0, STM32Cube_FW_WBA_V1.0.0RC1, STM32Cube_FW_WBA_V1.1.0RC1, STM32Cube_FW_WBA_V1.2.0, STM32Cube_FW_WBA_V1.2.0RC2, STM32Cube_FW_WB_V1.15.0RC1, STM32Cube_FW_WB_V1.16.0, STM32Cube_FW_WB_V1.16.0RC2, STM32Cube_FW_WB_V1.18.0, STM32Cube_FW_WL_V1.3.0, X-CUBE-ALGOBUILD_V1.3.0, X-CUBE-ALS_V1.0.1, X-CUBE-AZRTOS-F4_V1.1.0, X-CUBE-AZRTOS-F7_V1.1.0, X-CUBE-AZRTOS-G0_V1.1.0, X-CUBE-AZRTOS-G4_V2.0.0, X-CUBE-AZRTOS-H7_V3.1.0, X-CUBE-AZRTOS-L4_V1.0.0, X-CUBE-AZRTOS-L4_V2.0.0, X-CUBE-AZRTOS-L5_V1.1.0, X-CUBE-AZRTOS-WB_V2.0.0, X-CUBE-AZRTOS-WL_V2.0.0, X-CUBE-BLE1_V7.0.0, X-CUBE-BLE2_V3.3.0, X-CUBE-BLEMGR_V2.0.0, X-CUBE-EEPRMA1_V4.1.0, X-CUBE-EEPRMA1_V4.2.0, X-CUBE-FREERTOS_V1.1.0, X-CUBE-GNSS1_V6.0.0, X-CUBE-MEMS1_V10.0.0, X-CUBE-MEMS1_V9.1.0, X-CUBE-MEMS1_V9.4.0, X-CUBE-MEMS1_V9.6.0, X-CUBE-NFC4_V3.0.0, X-CUBE-NFC7_V1.0.1, X-CUBE-SFXS2LP1_V4.0.0, X-CUBE-SUBG2_V5.0.0, X-CUBE-TOF1_V3.3.1]
2023-11-30 16:57:26,705 [INFO] DbBoardsSqlite:226 - include board P-NUCLEO-WB55-NUCLEO as a kit item of type 'Nucleo-64'
2023-11-30 16:57:26,705 [INFO] DbBoardsSqlite:226 - include board P-NUCLEO-WB55-USBDONGLE as a kit item of type 'Nucleo USB Dongle'
2023-11-30 16:57:26,707 [INFO] DbBoardsSqlite:226 - include board STEVAL-IDP005V1 as a kit item of type 'Evaluation Board'
2023-11-30 16:57:26,708 [INFO] DbBoardsSqlite:226 - include board STEVAL-IDP005V2 as a kit item of type 'Evaluation Board'
2023-11-30 16:57:27,133 [INFO] ApiDb:240 - Found 371 in-development CPN: [B-G473E-ZEST1S, B-WB1M-WPAN1, B-WL5M-SUBG1, NUCLEO-C031C6, NUCLEO-H503RB, NUCLEO-H563ZI, NUCLEO-U545RE-Q, NUCLEO-U5A5ZJ-Q, NUCLEO-WBA52CG, NUCLEO-WBA55CG, STEVAL-MKBOXPRO, STEVAL-PROTEUS1, STEVAL-STWINBX1, STM320518-EVAL, STM32C0116-DK, STM32C011D6Y3TR, STM32C011D6Y6TR, STM32C011F4P3, STM32C011F4P6, STM32C011F4U3, STM32C011F4U6TR, STM32C011F6P3, STM32C011F6P6, STM32C011F6U3, STM32C011F6U6TR, STM32C011J4M3, STM32C011J4M6, STM32C011J6M3, STM32C011J6M6, STM32C0316-DK, STM32C031C4T3, STM32C031C4T6, STM32C031C4U3, STM32C031C4U6, STM32C031C6T3, STM32C031C6T6, STM32C031C6U3, STM32C031C6U6, STM32C031F4P3, STM32C031F4P6, STM32C031F6P3, STM32C031F6P6, STM32C031G4U3, STM32C031G4U6, STM32C031G6U3, STM32C031G6U6, STM32C031K4T3, STM32C031K4T6, STM32C031K4U3, STM32C031K4U6, STM32C031K6T3, STM32C031K6T6, STM32C031K6U3, STM32C031K6U6, STM32G071K8TXN, STM32G071K8UXN, STM32G081GBU6N, STM32G081KBT6N, STM32G081KBUXN, STM32G0B1CCT6N, STM32G0B1KCT6, STM32G0B1NEY6TR, STM32G0B1RCT6N, STM32G0C1CCT6, STM32G0C1CCT6N, STM32G0C1CCU6N, STM32G0C1CET6N, STM32G0C1CEU6N, STM32G0C1KCT6, STM32G0C1NEY6TR, STM32G0C1RCI6N, STM32G0C1RCT6N, STM32G0C1REI6N, STM32G0C1RET6N, STM32G0C1VCI6, STM32G0C1VEI6, STM32G471CCT6, STM32G471CCU6, STM32G471CET3, STM32G471CET6, STM32G471CEU3, STM32G471CEU6, STM32G471MCT6, STM32G471MET3, STM32G471MET6, STM32G471MEY6TR, STM32G471QCT6, STM32G471QET3, STM32G471RCT6, STM32G471RET3, STM32G471RET6, STM32G471VCH6, STM32G471VCI6, STM32G471VCT6, STM32G471VEH3, STM32G471VEH6, STM32G471VEI3, STM32G471VEI6, STM32G471VET3, STM32G471VET6, STM32G474CCT6, STM32H503CBT6, STM32H503CBU6, STM32H503EBY6TR, STM32H503KBU6, STM32H503RBT6, STM32H562AGI6, STM32H562AII6, STM32H562IGK6, STM32H562IGT6, STM32H562IIK6, STM32H562IIT6, STM32H562RGT6, STM32H562RGV6, STM32H562RIT6, STM32H562RIV6, STM32H562VGT6, STM32H562VIT6, STM32H562ZGT6, STM32H562ZIT6, STM32H563AGI6, STM32H563AII3Q, STM32H563AII6, STM32H563IGK6, STM32H563IGT6, STM32H563IIK3Q, STM32H563IIK6, STM32H563IIT3Q, STM32H563IIT6, STM32H563MIY3QTR, STM32H563RGT6, STM32H563RGV6, STM32H563RIT6, STM32H563RIV6, STM32H563VGT6, STM32H563VIT3Q, STM32H563VIT6, STM32H563ZGT6, STM32H563ZIT3Q, STM32H563ZIT6, STM32H573AII3Q, STM32H573AII6, STM32H573I-DK, STM32H573IIK3Q, STM32H573IIK6, STM32H573IIT3Q, STM32H573IIT6, STM32H573MIY3QTR, STM32H573RIT6, STM32H573RIV6, STM32H573VIT3Q, STM32H573VIT6, STM32H573ZIT3Q, STM32H573ZIT6, STM32L4R5QGI6STR, STM32MP131AAE3, STM32MP131AAF3, STM32MP131AAG3, STM32MP131CAE3, STM32MP131CAF3, STM32MP131CAG3, STM32MP131DAE7, STM32MP131DAF7, STM32MP131DAG7, STM32MP131FAE7, STM32MP131FAF7, STM32MP131FAG7, STM32MP133AAE3, STM32MP133AAF3, STM32MP133AAG3, STM32MP133CAE3, STM32MP133CAF3, STM32MP133CAG3, STM32MP133DAE7, STM32MP133DAF7, STM32MP133DAG7, STM32MP133FAE7, STM32MP133FAF7, STM32MP133FAG7, STM32MP135AAE3, STM32MP135AAF3, STM32MP135AAG3, STM32MP135CAE3, STM32MP135CAF3, STM32MP135CAG3, STM32MP135DAE7, STM32MP135DAF7, STM32MP135DAG7, STM32MP135F-DK, STM32MP135FAE7, STM32MP135FAF7, STM32MP135FAF7T, STM32MP135FAF7U, STM32MP135FAG7, STM32U535CBT6, STM32U535CBT6Q, STM32U535CBU6, STM32U535CBU6Q, STM32U535CCT6, STM32U535CCT6Q, STM32U535CCU6, STM32U535CCU6Q, STM32U535CET6, STM32U535CET6Q, STM32U535CEU6, STM32U535CEU6Q, STM32U535JEY6QTR, STM32U535NCY6QTR, STM32U535NEY6QTR, STM32U535RBI6, STM32U535RBI6Q, STM32U535RBT6, STM32U535RBT6Q, STM32U535RCI6, STM32U535RCI6Q, STM32U535RCT6, STM32U535RCT6Q, STM32U535REI6, STM32U535REI6Q, STM32U535RET6, STM32U535RET6Q, STM32U535VCI6, STM32U535VCI6Q, STM32U535VCT6, STM32U535VCT6Q, STM32U535VEI6, STM32U535VEI6Q, STM32U535VET6, STM32U535VET6Q, STM32U545CET6, STM32U545CET6Q, STM32U545CEU6, STM32U545CEU6Q, STM32U545JEY6QTR, STM32U545NEY6QTR, STM32U545REI6, STM32U545REI6Q, STM32U545RET6, STM32U545RET6Q, STM32U545VEI6, STM32U545VEI6Q, STM32U545VET6, STM32U545VET6Q, STM32U595AIH6, STM32U595AIH6Q, STM32U595AJH6, STM32U595AJH6Q, STM32U595QII6, STM32U595QII6Q, STM32U595QJI6, STM32U595QJI6Q, STM32U595RIT6, STM32U595RIT6Q, STM32U595RJT6, STM32U595RJT6Q, STM32U595VIT6, STM32U595VIT6Q, STM32U595VJT6, STM32U595VJT6Q, STM32U595ZIT6, STM32U595ZIT6Q, STM32U595ZIY6QTR, STM32U595ZJT6, STM32U595ZJT6Q, STM32U595ZJY6QTR, STM32U599BJY6QTR, STM32U599NIH6Q, STM32U599NJH6Q, STM32U599VIT6Q, STM32U599VJT6, STM32U599VJT6Q, STM32U599ZIT6Q, STM32U599ZIY6QTR, STM32U599ZJT6Q, STM32U599ZJY6QTR, STM32U5A5AJH6, STM32U5A5AJH6Q, STM32U5A5QJI6, STM32U5A5QJI6Q, STM32U5A5RJT6, STM32U5A5RJT6Q, STM32U5A5VJT6, STM32U5A5VJT6Q, STM32U5A5ZJT6, STM32U5A5ZJT6Q, STM32U5A5ZJY6QTR, STM32U5A9BJY6QTR, STM32U5A9J-DK, STM32U5A9NJH6Q, STM32U5A9VJT6Q, STM32U5A9ZJT6Q, STM32U5A9ZJY6QTR, STM32U5F7VIT6, STM32U5F7VIT6Q, STM32U5F7VJT6, STM32U5F7VJT6Q, STM32U5F9BJY6QTR, STM32U5F9NJH6Q, STM32U5F9VIT6Q, STM32U5F9VJT6Q, STM32U5F9ZIJ6QTR, STM32U5F9ZIT6Q, STM32U5F9ZJJ6QTR, STM32U5F9ZJT6Q, STM32U5G7VJT6, STM32U5G7VJT6Q, STM32U5G9BJY6QTR, STM32U5G9J-DK1, STM32U5G9J-DK2, STM32U5G9NJH6Q, STM32U5G9VJT6Q, STM32U5G9ZJJ6QTR, STM32U5G9ZJT6Q, STM32WB1MMCH6, STM32WBA50KEU6, STM32WBA50KEU6TR, STM32WBA50KGU6, STM32WBA50KGU6TR, STM32WBA52CEU6, STM32WBA52CEU6TR, STM32WBA52CEU7, STM32WBA52CEU7TR, STM32WBA52CGU6, STM32WBA52CGU6TR, STM32WBA52CGU6U, STM32WBA52CGU7, STM32WBA52CGU7TR, STM32WBA52KEU6, STM32WBA52KEU6TR, STM32WBA52KGU6, STM32WBA52KGU6TR, STM32WBA54CEU6, STM32WBA54CEU6TR, STM32WBA54CEU7, STM32WBA54CEU7TR, STM32WBA54CGU6, STM32WBA54CGU6TR, STM32WBA54CGU7, STM32WBA54CGU7TR, STM32WBA54KEU6, STM32WBA54KEU6TR, STM32WBA54KEU7, STM32WBA54KEU7TR, STM32WBA54KGU6, STM32WBA54KGU6TR, STM32WBA54KGU7, STM32WBA54KGU7TR, STM32WBA55CEU6, STM32WBA55CEU6TR, STM32WBA55CEU7, STM32WBA55CEU7TR, STM32WBA55CGU6, STM32WBA55CGU6TR, STM32WBA55CGU6U, STM32WBA55CGU7, STM32WBA55CGU7TR, STM32WBA55G-DK1, STM32WBA55HEF6, STM32WBA55HEF7, STM32WBA55HGF6, STM32WBA55HGF7, STM32WBA55UEI6, STM32WBA55UEI6TR, STM32WBA55UEI7, STM32WBA55UEI7TR, STM32WBA55UGI6, STM32WBA55UGI6TR, STM32WBA55UGI7, STM32WBA55UGI7TR, STM32WL5MOCH6, STM32WL5MOCH6TR]
2023-11-30 16:57:27,271 [INFO] BoardInfo:889 - No configuration file found for board P-NUCLEO-WB55
2023-11-30 16:57:27,272 [INFO] DbBoards:161 - Kit is not supported: P-NUCLEO-WB55
2023-11-30 16:57:27,277 [INFO] BoardInfo:889 - No configuration file found for board STEVAL-BFA001V1B
2023-11-30 16:57:27,278 [INFO] DbBoards:161 - Kit is not supported: STEVAL-BFA001V1B
2023-11-30 16:57:27,279 [INFO] BoardInfo:889 - No configuration file found for board STEVAL-BFA001V2B
2023-11-30 16:57:27,279 [INFO] DbBoards:161 - Kit is not supported: STEVAL-BFA001V2B
2023-11-30 16:57:27,380 [INFO] DbBoards:168 - Found 193 boards, 190 are supported
2023-11-30 16:57:27,380 [INFO] DbBoards:169 - Found 193 boards, 3 of them is supported for  Bsp
2023-11-30 16:57:27,383 [INFO] ApiDb:668 - CubeFinder database Data Model version=2.1
2023-11-30 16:57:27,383 [INFO] ApiDb:669 - CubeFinder database Configuration version=3.0.39
2023-11-30 16:57:27,383 [INFO] ApiDb:670 - CubeFinder database generation date=2023-11-06 (1699269565)
2023-11-30 16:57:27,383 [INFO] ApiDb:671 - CubeFinder database FW Pack versions=[FP-ATR-ASTRA1_V2.0.0, FP-SNS-FLIGHT1_V5.0.1, FP-SNS-FLIGHT1_V5.0.2, FP-SNS-MOTENV1_V4.3.1, FP-SNS-MOTENV1_V4.3.2, FP-SNS-MOTENVWB1_V1.3.0, FP-SNS-SMARTAG2_V1.2.0, STM32Cube_FW_C0_V1.1.0, STM32Cube_FW_F4_V1.28.0, STM32Cube_FW_F7_V1.17.0, STM32Cube_FW_G0_V1.6.1, STM32Cube_FW_G4_V1.5.1, STM32Cube_FW_H5_V0.5.1, STM32Cube_FW_H5_V1.1.1, STM32Cube_FW_H5_V1.2.0RC2, STM32Cube_FW_H7_V1.11.0, STM32Cube_FW_L0_V1.12.2, STM32Cube_FW_L5_V1.5.0, STM32Cube_FW_U5_V1.3.0RC4, STM32Cube_FW_U5_V1.4.0, STM32Cube_FW_WBA_V1.0.0RC1, STM32Cube_FW_WBA_V1.1.0RC1, STM32Cube_FW_WBA_V1.2.0, STM32Cube_FW_WBA_V1.2.0RC2, STM32Cube_FW_WB_V1.15.0RC1, STM32Cube_FW_WB_V1.16.0, STM32Cube_FW_WB_V1.16.0RC2, STM32Cube_FW_WB_V1.18.0, STM32Cube_FW_WL_V1.3.0, X-CUBE-ALGOBUILD_V1.3.0, X-CUBE-ALS_V1.0.1, X-CUBE-AZRTOS-F4_V1.1.0, X-CUBE-AZRTOS-F7_V1.1.0, X-CUBE-AZRTOS-G0_V1.1.0, X-CUBE-AZRTOS-G4_V2.0.0, X-CUBE-AZRTOS-H7_V3.1.0, X-CUBE-AZRTOS-L4_V1.0.0, X-CUBE-AZRTOS-L4_V2.0.0, X-CUBE-AZRTOS-L5_V1.1.0, X-CUBE-AZRTOS-WB_V2.0.0, X-CUBE-AZRTOS-WL_V2.0.0, X-CUBE-BLE1_V7.0.0, X-CUBE-BLE2_V3.3.0, X-CUBE-BLEMGR_V2.0.0, X-CUBE-EEPRMA1_V4.1.0, X-CUBE-EEPRMA1_V4.2.0, X-CUBE-FREERTOS_V1.1.0, X-CUBE-GNSS1_V6.0.0, X-CUBE-MEMS1_V10.0.0, X-CUBE-MEMS1_V9.1.0, X-CUBE-MEMS1_V9.4.0, X-CUBE-MEMS1_V9.6.0, X-CUBE-NFC4_V3.0.0, X-CUBE-NFC7_V1.0.1, X-CUBE-SFXS2LP1_V4.0.0, X-CUBE-SUBG2_V5.0.0, X-CUBE-TOF1_V3.3.1]
2023-11-30 16:57:28,956 [INFO] ApiDb:240 - Found 371 in-development CPN: [B-G473E-ZEST1S, B-WB1M-WPAN1, B-WL5M-SUBG1, NUCLEO-C031C6, NUCLEO-H503RB, NUCLEO-H563ZI, NUCLEO-U545RE-Q, NUCLEO-U5A5ZJ-Q, NUCLEO-WBA52CG, NUCLEO-WBA55CG, STEVAL-MKBOXPRO, STEVAL-PROTEUS1, STEVAL-STWINBX1, STM320518-EVAL, STM32C0116-DK, STM32C011D6Y3TR, STM32C011D6Y6TR, STM32C011F4P3, STM32C011F4P6, STM32C011F4U3, STM32C011F4U6TR, STM32C011F6P3, STM32C011F6P6, STM32C011F6U3, STM32C011F6U6TR, STM32C011J4M3, STM32C011J4M6, STM32C011J6M3, STM32C011J6M6, STM32C0316-DK, STM32C031C4T3, STM32C031C4T6, STM32C031C4U3, STM32C031C4U6, STM32C031C6T3, STM32C031C6T6, STM32C031C6U3, STM32C031C6U6, STM32C031F4P3, STM32C031F4P6, STM32C031F6P3, STM32C031F6P6, STM32C031G4U3, STM32C031G4U6, STM32C031G6U3, STM32C031G6U6, STM32C031K4T3, STM32C031K4T6, STM32C031K4U3, STM32C031K4U6, STM32C031K6T3, STM32C031K6T6, STM32C031K6U3, STM32C031K6U6, STM32G071K8TXN, STM32G071K8UXN, STM32G081GBU6N, STM32G081KBT6N, STM32G081KBUXN, STM32G0B1CCT6N, STM32G0B1KCT6, STM32G0B1NEY6TR, STM32G0B1RCT6N, STM32G0C1CCT6, STM32G0C1CCT6N, STM32G0C1CCU6N, STM32G0C1CET6N, STM32G0C1CEU6N, STM32G0C1KCT6, STM32G0C1NEY6TR, STM32G0C1RCI6N, STM32G0C1RCT6N, STM32G0C1REI6N, STM32G0C1RET6N, STM32G0C1VCI6, STM32G0C1VEI6, STM32G471CCT6, STM32G471CCU6, STM32G471CET3, STM32G471CET6, STM32G471CEU3, STM32G471CEU6, STM32G471MCT6, STM32G471MET3, STM32G471MET6, STM32G471MEY6TR, STM32G471QCT6, STM32G471QET3, STM32G471RCT6, STM32G471RET3, STM32G471RET6, STM32G471VCH6, STM32G471VCI6, STM32G471VCT6, STM32G471VEH3, STM32G471VEH6, STM32G471VEI3, STM32G471VEI6, STM32G471VET3, STM32G471VET6, STM32G474CCT6, STM32H503CBT6, STM32H503CBU6, STM32H503EBY6TR, STM32H503KBU6, STM32H503RBT6, STM32H562AGI6, STM32H562AII6, STM32H562IGK6, STM32H562IGT6, STM32H562IIK6, STM32H562IIT6, STM32H562RGT6, STM32H562RGV6, STM32H562RIT6, STM32H562RIV6, STM32H562VGT6, STM32H562VIT6, STM32H562ZGT6, STM32H562ZIT6, STM32H563AGI6, STM32H563AII3Q, STM32H563AII6, STM32H563IGK6, STM32H563IGT6, STM32H563IIK3Q, STM32H563IIK6, STM32H563IIT3Q, STM32H563IIT6, STM32H563MIY3QTR, STM32H563RGT6, STM32H563RGV6, STM32H563RIT6, STM32H563RIV6, STM32H563VGT6, STM32H563VIT3Q, STM32H563VIT6, STM32H563ZGT6, STM32H563ZIT3Q, STM32H563ZIT6, STM32H573AII3Q, STM32H573AII6, STM32H573I-DK, STM32H573IIK3Q, STM32H573IIK6, STM32H573IIT3Q, STM32H573IIT6, STM32H573MIY3QTR, STM32H573RIT6, STM32H573RIV6, STM32H573VIT3Q, STM32H573VIT6, STM32H573ZIT3Q, STM32H573ZIT6, STM32L4R5QGI6STR, STM32MP131AAE3, STM32MP131AAF3, STM32MP131AAG3, STM32MP131CAE3, STM32MP131CAF3, STM32MP131CAG3, STM32MP131DAE7, STM32MP131DAF7, STM32MP131DAG7, STM32MP131FAE7, STM32MP131FAF7, STM32MP131FAG7, STM32MP133AAE3, STM32MP133AAF3, STM32MP133AAG3, STM32MP133CAE3, STM32MP133CAF3, STM32MP133CAG3, STM32MP133DAE7, STM32MP133DAF7, STM32MP133DAG7, STM32MP133FAE7, STM32MP133FAF7, STM32MP133FAG7, STM32MP135AAE3, STM32MP135AAF3, STM32MP135AAG3, STM32MP135CAE3, STM32MP135CAF3, STM32MP135CAG3, STM32MP135DAE7, STM32MP135DAF7, STM32MP135DAG7, STM32MP135F-DK, STM32MP135FAE7, STM32MP135FAF7, STM32MP135FAF7T, STM32MP135FAF7U, STM32MP135FAG7, STM32U535CBT6, STM32U535CBT6Q, STM32U535CBU6, STM32U535CBU6Q, STM32U535CCT6, STM32U535CCT6Q, STM32U535CCU6, STM32U535CCU6Q, STM32U535CET6, STM32U535CET6Q, STM32U535CEU6, STM32U535CEU6Q, STM32U535JEY6QTR, STM32U535NCY6QTR, STM32U535NEY6QTR, STM32U535RBI6, STM32U535RBI6Q, STM32U535RBT6, STM32U535RBT6Q, STM32U535RCI6, STM32U535RCI6Q, STM32U535RCT6, STM32U535RCT6Q, STM32U535REI6, STM32U535REI6Q, STM32U535RET6, STM32U535RET6Q, STM32U535VCI6, STM32U535VCI6Q, STM32U535VCT6, STM32U535VCT6Q, STM32U535VEI6, STM32U535VEI6Q, STM32U535VET6, STM32U535VET6Q, STM32U545CET6, STM32U545CET6Q, STM32U545CEU6, STM32U545CEU6Q, STM32U545JEY6QTR, STM32U545NEY6QTR, STM32U545REI6, STM32U545REI6Q, STM32U545RET6, STM32U545RET6Q, STM32U545VEI6, STM32U545VEI6Q, STM32U545VET6, STM32U545VET6Q, STM32U595AIH6, STM32U595AIH6Q, STM32U595AJH6, STM32U595AJH6Q, STM32U595QII6, STM32U595QII6Q, STM32U595QJI6, STM32U595QJI6Q, STM32U595RIT6, STM32U595RIT6Q, STM32U595RJT6, STM32U595RJT6Q, STM32U595VIT6, STM32U595VIT6Q, STM32U595VJT6, STM32U595VJT6Q, STM32U595ZIT6, STM32U595ZIT6Q, STM32U595ZIY6QTR, STM32U595ZJT6, STM32U595ZJT6Q, STM32U595ZJY6QTR, STM32U599BJY6QTR, STM32U599NIH6Q, STM32U599NJH6Q, STM32U599VIT6Q, STM32U599VJT6, STM32U599VJT6Q, STM32U599ZIT6Q, STM32U599ZIY6QTR, STM32U599ZJT6Q, STM32U599ZJY6QTR, STM32U5A5AJH6, STM32U5A5AJH6Q, STM32U5A5QJI6, STM32U5A5QJI6Q, STM32U5A5RJT6, STM32U5A5RJT6Q, STM32U5A5VJT6, STM32U5A5VJT6Q, STM32U5A5ZJT6, STM32U5A5ZJT6Q, STM32U5A5ZJY6QTR, STM32U5A9BJY6QTR, STM32U5A9J-DK, STM32U5A9NJH6Q, STM32U5A9VJT6Q, STM32U5A9ZJT6Q, STM32U5A9ZJY6QTR, STM32U5F7VIT6, STM32U5F7VIT6Q, STM32U5F7VJT6, STM32U5F7VJT6Q, STM32U5F9BJY6QTR, STM32U5F9NJH6Q, STM32U5F9VIT6Q, STM32U5F9VJT6Q, STM32U5F9ZIJ6QTR, STM32U5F9ZIT6Q, STM32U5F9ZJJ6QTR, STM32U5F9ZJT6Q, STM32U5G7VJT6, STM32U5G7VJT6Q, STM32U5G9BJY6QTR, STM32U5G9J-DK1, STM32U5G9J-DK2, STM32U5G9NJH6Q, STM32U5G9VJT6Q, STM32U5G9ZJJ6QTR, STM32U5G9ZJT6Q, STM32WB1MMCH6, STM32WBA50KEU6, STM32WBA50KEU6TR, STM32WBA50KGU6, STM32WBA50KGU6TR, STM32WBA52CEU6, STM32WBA52CEU6TR, STM32WBA52CEU7, STM32WBA52CEU7TR, STM32WBA52CGU6, STM32WBA52CGU6TR, STM32WBA52CGU6U, STM32WBA52CGU7, STM32WBA52CGU7TR, STM32WBA52KEU6, STM32WBA52KEU6TR, STM32WBA52KGU6, STM32WBA52KGU6TR, STM32WBA54CEU6, STM32WBA54CEU6TR, STM32WBA54CEU7, STM32WBA54CEU7TR, STM32WBA54CGU6, STM32WBA54CGU6TR, STM32WBA54CGU7, STM32WBA54CGU7TR, STM32WBA54KEU6, STM32WBA54KEU6TR, STM32WBA54KEU7, STM32WBA54KEU7TR, STM32WBA54KGU6, STM32WBA54KGU6TR, STM32WBA54KGU7, STM32WBA54KGU7TR, STM32WBA55CEU6, STM32WBA55CEU6TR, STM32WBA55CEU7, STM32WBA55CEU7TR, STM32WBA55CGU6, STM32WBA55CGU6TR, STM32WBA55CGU6U, STM32WBA55CGU7, STM32WBA55CGU7TR, STM32WBA55G-DK1, STM32WBA55HEF6, STM32WBA55HEF7, STM32WBA55HGF6, STM32WBA55HGF7, STM32WBA55UEI6, STM32WBA55UEI6TR, STM32WBA55UEI7, STM32WBA55UEI7TR, STM32WBA55UGI6, STM32WBA55UGI6TR, STM32WBA55UGI7, STM32WBA55UGI7TR, STM32WL5MOCH6, STM32WL5MOCH6TR]
2023-11-30 16:57:28,960 [INFO] DbMcus:218 - Found 3930 MCUs, 3930 are supported
2023-11-30 16:57:28,963 [INFO] ApiDb:423 - Load user favorites file C:\Users\5164580/.stm32cubeide/favorites.mcus.txt: 1 item(s)
2023-11-30 16:57:28,963 [INFO] ApiDb:427 - User favorites MCUs=[STM32F407VGT6]
2023-11-30 16:57:28,963 [INFO] DbMcus:224 - Set 1 / 1 favorites MCUs
2023-11-30 16:57:29,189 [INFO] ApiDb:423 - Load user favorites file C:\Users\5164580/.stm32cubeide/favorites.boards.txt: 0 item(s)
2023-11-30 16:57:29,189 [INFO] ApiDb:427 - User favorites Boards=[]
2023-11-30 16:57:29,190 [INFO] DbBoards:198 - Set 0 / 0 favorites Boards
2023-11-30 16:57:29,190 [INFO] McuFinderGlobals:76 - Set McuFinderConnectedMode to false
2023-11-30 16:57:29,198 [INFO] MultiScanPanel:200 - Auto-refresh data requested => check proxy status ongoing
2023-11-30 16:57:29,198 [INFO] MultiScanPanel:204 - Proxy status is invalid
2023-11-30 16:57:29,200 [INFO] FinderPluginLoader:95 - Searching for filters in installed packs
2023-11-30 16:57:30,297 [WARN] DetailPanel:346 - Failed to get advertising image, set to default
2023-11-30 16:57:34,570 [INFO] McuFinderGlobals:76 - Set McuFinderConnectedMode to true
2023-11-30 16:57:34,602 [INFO] ApiDb:448 - Save user favorites file C:\Users\5164580/.stm32cubeide/favorites.mcus.txt: 1 item(s)
2023-11-30 16:57:34,603 [INFO] ApiDb:452 - User favorites MCUs=[STM32F407VGT6]
2023-11-30 16:57:37,918 [WARN] CheckConnectionManager:291 - Warning during Server Connection :  timeout Connect to sw-center.st.com:443 [sw-center.st.com/23.52.3.40, sw-center.st.com/23.52.3.59] failed: Connect timed out
2023-11-30 16:57:39,924 [WARN] CheckConnectionManager:291 - Warning during Server Connection :  timeout Connect to sw-center.st.com:443 [sw-center.st.com/23.52.3.40, sw-center.st.com/23.52.3.59] failed: Connect timed out
2023-11-30 16:57:39,926 [INFO] MainUpdater:2873 - connection check result : 22
2023-11-30 17:01:25,083 [INFO] MainUpdater:2873 - connection check result : 10
2023-11-30 17:01:25,085 [INFO] McuFinderGlobals:76 - Set McuFinderConnectedMode to true
2023-11-30 17:01:25,323 [INFO] ServerAccessManage:473 - Download File mcusAds.json._tmp_
2023-11-30 17:01:25,454 [INFO] LoadUrlFilesThread:156 - End of LoadUrlFiles Thread
2023-11-30 17:01:28,667 [INFO] ServerAccessManage:473 - Download File cube-finder-db.zip
2023-11-30 17:01:34,566 [INFO] FileExtend:240 - Unzip File : cube-finder-db.zip
2023-11-30 17:01:34,566 [INFO] FileExtend:255 - Standard Zip Deflate
2023-11-30 17:01:35,118 [INFO] LoadUrlFilesThread:156 - End of LoadUrlFiles Thread
2023-11-30 17:01:37,172 [INFO] ServerAccessManage:473 - Download File crdb.zip
2023-11-30 17:01:38,918 [INFO] FileExtend:240 - Unzip File : crdb.zip
2023-11-30 17:01:38,918 [INFO] FileExtend:255 - Standard Zip Deflate
2023-11-30 17:01:39,048 [INFO] LoadUrlFilesThread:156 - End of LoadUrlFiles Thread
2023-11-30 17:01:41,450 [INFO] ServerAccessManage:473 - Download File tutoVideoDB.zip
2023-11-30 17:01:41,480 [INFO] FileExtend:240 - Unzip File : tutoVideoDB.zip
2023-11-30 17:01:41,480 [INFO] FileExtend:255 - Standard Zip Deflate
2023-11-30 17:01:41,597 [INFO] LoadUrlFilesThread:156 - End of LoadUrlFiles Thread
2023-11-30 17:01:41,602 [WARN] DbFile:41 - Overriding database path with different value: C:\Users\5164580\.stmcufinder\plugins\mcufinder/ => C:\Users\5164580\.stmcufinder\plugins\mcufinder
2023-11-30 17:01:43,081 [INFO] ServerAccessManage:473 - Download File api_config.json
2023-11-30 17:01:43,204 [INFO] LoadUrlFilesThread:156 - End of LoadUrlFiles Thread
2023-11-30 17:01:43,205 [INFO] DbMcusAds:53 - JSON generation date=Wed Nov 29 19:52:27 JST 2023 (1701255147349)
2023-11-30 17:01:43,207 [INFO] ApiDb:448 - Save user favorites file C:\Users\5164580/.stm32cubeide/favorites.mcus.txt: 1 item(s)
2023-11-30 17:01:43,207 [INFO] ApiDb:452 - User favorites MCUs=[STM32F407VGT6]
2023-11-30 17:01:43,209 [INFO] ApiDb:581 - Connected to CubeFinder SQLite database (C:\Users\5164580\.stmcufinder\plugins\mcufinder\mcu\cube-finder-db.db)
2023-11-30 17:01:43,249 [INFO] ApiDb:668 - CubeFinder database Data Model version=2.1
2023-11-30 17:01:43,249 [INFO] ApiDb:669 - CubeFinder database Configuration version=3.0.39
2023-11-30 17:01:43,249 [INFO] ApiDb:670 - CubeFinder database generation date=2023-11-06 (1699269565)
2023-11-30 17:01:43,249 [INFO] ApiDb:671 - CubeFinder database FW Pack versions=[FP-ATR-ASTRA1_V2.0.0, FP-SNS-FLIGHT1_V5.0.1, FP-SNS-FLIGHT1_V5.0.2, FP-SNS-MOTENV1_V4.3.1, FP-SNS-MOTENV1_V4.3.2, FP-SNS-MOTENVWB1_V1.3.0, FP-SNS-SMARTAG2_V1.2.0, STM32Cube_FW_C0_V1.1.0, STM32Cube_FW_F4_V1.28.0, STM32Cube_FW_F7_V1.17.0, STM32Cube_FW_G0_V1.6.1, STM32Cube_FW_G4_V1.5.1, STM32Cube_FW_H5_V0.5.1, STM32Cube_FW_H5_V1.1.1, STM32Cube_FW_H5_V1.2.0RC2, STM32Cube_FW_H7_V1.11.0, STM32Cube_FW_L0_V1.12.2, STM32Cube_FW_L5_V1.5.0, STM32Cube_FW_U5_V1.3.0RC4, STM32Cube_FW_U5_V1.4.0, STM32Cube_FW_WBA_V1.0.0RC1, STM32Cube_FW_WBA_V1.1.0RC1, STM32Cube_FW_WBA_V1.2.0, STM32Cube_FW_WBA_V1.2.0RC2, STM32Cube_FW_WB_V1.15.0RC1, STM32Cube_FW_WB_V1.16.0, STM32Cube_FW_WB_V1.16.0RC2, STM32Cube_FW_WB_V1.18.0, STM32Cube_FW_WL_V1.3.0, X-CUBE-ALGOBUILD_V1.3.0, X-CUBE-ALS_V1.0.1, X-CUBE-AZRTOS-F4_V1.1.0, X-CUBE-AZRTOS-F7_V1.1.0, X-CUBE-AZRTOS-G0_V1.1.0, X-CUBE-AZRTOS-G4_V2.0.0, X-CUBE-AZRTOS-H7_V3.1.0, X-CUBE-AZRTOS-L4_V1.0.0, X-CUBE-AZRTOS-L4_V2.0.0, X-CUBE-AZRTOS-L5_V1.1.0, X-CUBE-AZRTOS-WB_V2.0.0, X-CUBE-AZRTOS-WL_V2.0.0, X-CUBE-BLE1_V7.0.0, X-CUBE-BLE2_V3.3.0, X-CUBE-BLEMGR_V2.0.0, X-CUBE-EEPRMA1_V4.1.0, X-CUBE-EEPRMA1_V4.2.0, X-CUBE-FREERTOS_V1.1.0, X-CUBE-GNSS1_V6.0.0, X-CUBE-MEMS1_V10.0.0, X-CUBE-MEMS1_V9.1.0, X-CUBE-MEMS1_V9.4.0, X-CUBE-MEMS1_V9.6.0, X-CUBE-NFC4_V3.0.0, X-CUBE-NFC7_V1.0.1, X-CUBE-SFXS2LP1_V4.0.0, X-CUBE-SUBG2_V5.0.0, X-CUBE-TOF1_V3.3.1]
2023-11-30 17:01:44,576 [INFO] ApiDb:240 - Found 371 in-development CPN: [B-G473E-ZEST1S, B-WB1M-WPAN1, B-WL5M-SUBG1, NUCLEO-C031C6, NUCLEO-H503RB, NUCLEO-H563ZI, NUCLEO-U545RE-Q, NUCLEO-U5A5ZJ-Q, NUCLEO-WBA52CG, NUCLEO-WBA55CG, STEVAL-MKBOXPRO, STEVAL-PROTEUS1, STEVAL-STWINBX1, STM320518-EVAL, STM32C0116-DK, STM32C011D6Y3TR, STM32C011D6Y6TR, STM32C011F4P3, STM32C011F4P6, STM32C011F4U3, STM32C011F4U6TR, STM32C011F6P3, STM32C011F6P6, STM32C011F6U3, STM32C011F6U6TR, STM32C011J4M3, STM32C011J4M6, STM32C011J6M3, STM32C011J6M6, STM32C0316-DK, STM32C031C4T3, STM32C031C4T6, STM32C031C4U3, STM32C031C4U6, STM32C031C6T3, STM32C031C6T6, STM32C031C6U3, STM32C031C6U6, STM32C031F4P3, STM32C031F4P6, STM32C031F6P3, STM32C031F6P6, STM32C031G4U3, STM32C031G4U6, STM32C031G6U3, STM32C031G6U6, STM32C031K4T3, STM32C031K4T6, STM32C031K4U3, STM32C031K4U6, STM32C031K6T3, STM32C031K6T6, STM32C031K6U3, STM32C031K6U6, STM32G071K8TXN, STM32G071K8UXN, STM32G081GBU6N, STM32G081KBT6N, STM32G081KBUXN, STM32G0B1CCT6N, STM32G0B1KCT6, STM32G0B1NEY6TR, STM32G0B1RCT6N, STM32G0C1CCT6, STM32G0C1CCT6N, STM32G0C1CCU6N, STM32G0C1CET6N, STM32G0C1CEU6N, STM32G0C1KCT6, STM32G0C1NEY6TR, STM32G0C1RCI6N, STM32G0C1RCT6N, STM32G0C1REI6N, STM32G0C1RET6N, STM32G0C1VCI6, STM32G0C1VEI6, STM32G471CCT6, STM32G471CCU6, STM32G471CET3, STM32G471CET6, STM32G471CEU3, STM32G471CEU6, STM32G471MCT6, STM32G471MET3, STM32G471MET6, STM32G471MEY6TR, STM32G471QCT6, STM32G471QET3, STM32G471RCT6, STM32G471RET3, STM32G471RET6, STM32G471VCH6, STM32G471VCI6, STM32G471VCT6, STM32G471VEH3, STM32G471VEH6, STM32G471VEI3, STM32G471VEI6, STM32G471VET3, STM32G471VET6, STM32G474CCT6, STM32H503CBT6, STM32H503CBU6, STM32H503EBY6TR, STM32H503KBU6, STM32H503RBT6, STM32H562AGI6, STM32H562AII6, STM32H562IGK6, STM32H562IGT6, STM32H562IIK6, STM32H562IIT6, STM32H562RGT6, STM32H562RGV6, STM32H562RIT6, STM32H562RIV6, STM32H562VGT6, STM32H562VIT6, STM32H562ZGT6, STM32H562ZIT6, STM32H563AGI6, STM32H563AII3Q, STM32H563AII6, STM32H563IGK6, STM32H563IGT6, STM32H563IIK3Q, STM32H563IIK6, STM32H563IIT3Q, STM32H563IIT6, STM32H563MIY3QTR, STM32H563RGT6, STM32H563RGV6, STM32H563RIT6, STM32H563RIV6, STM32H563VGT6, STM32H563VIT3Q, STM32H563VIT6, STM32H563ZGT6, STM32H563ZIT3Q, STM32H563ZIT6, STM32H573AII3Q, STM32H573AII6, STM32H573I-DK, STM32H573IIK3Q, STM32H573IIK6, STM32H573IIT3Q, STM32H573IIT6, STM32H573MIY3QTR, STM32H573RIT6, STM32H573RIV6, STM32H573VIT3Q, STM32H573VIT6, STM32H573ZIT3Q, STM32H573ZIT6, STM32L4R5QGI6STR, STM32MP131AAE3, STM32MP131AAF3, STM32MP131AAG3, STM32MP131CAE3, STM32MP131CAF3, STM32MP131CAG3, STM32MP131DAE7, STM32MP131DAF7, STM32MP131DAG7, STM32MP131FAE7, STM32MP131FAF7, STM32MP131FAG7, STM32MP133AAE3, STM32MP133AAF3, STM32MP133AAG3, STM32MP133CAE3, STM32MP133CAF3, STM32MP133CAG3, STM32MP133DAE7, STM32MP133DAF7, STM32MP133DAG7, STM32MP133FAE7, STM32MP133FAF7, STM32MP133FAG7, STM32MP135AAE3, STM32MP135AAF3, STM32MP135AAG3, STM32MP135CAE3, STM32MP135CAF3, STM32MP135CAG3, STM32MP135DAE7, STM32MP135DAF7, STM32MP135DAG7, STM32MP135F-DK, STM32MP135FAE7, STM32MP135FAF7, STM32MP135FAF7T, STM32MP135FAF7U, STM32MP135FAG7, STM32U535CBT6, STM32U535CBT6Q, STM32U535CBU6, STM32U535CBU6Q, STM32U535CCT6, STM32U535CCT6Q, STM32U535CCU6, STM32U535CCU6Q, STM32U535CET6, STM32U535CET6Q, STM32U535CEU6, STM32U535CEU6Q, STM32U535JEY6QTR, STM32U535NCY6QTR, STM32U535NEY6QTR, STM32U535RBI6, STM32U535RBI6Q, STM32U535RBT6, STM32U535RBT6Q, STM32U535RCI6, STM32U535RCI6Q, STM32U535RCT6, STM32U535RCT6Q, STM32U535REI6, STM32U535REI6Q, STM32U535RET6, STM32U535RET6Q, STM32U535VCI6, STM32U535VCI6Q, STM32U535VCT6, STM32U535VCT6Q, STM32U535VEI6, STM32U535VEI6Q, STM32U535VET6, STM32U535VET6Q, STM32U545CET6, STM32U545CET6Q, STM32U545CEU6, STM32U545CEU6Q, STM32U545JEY6QTR, STM32U545NEY6QTR, STM32U545REI6, STM32U545REI6Q, STM32U545RET6, STM32U545RET6Q, STM32U545VEI6, STM32U545VEI6Q, STM32U545VET6, STM32U545VET6Q, STM32U595AIH6, STM32U595AIH6Q, STM32U595AJH6, STM32U595AJH6Q, STM32U595QII6, STM32U595QII6Q, STM32U595QJI6, STM32U595QJI6Q, STM32U595RIT6, STM32U595RIT6Q, STM32U595RJT6, STM32U595RJT6Q, STM32U595VIT6, STM32U595VIT6Q, STM32U595VJT6, STM32U595VJT6Q, STM32U595ZIT6, STM32U595ZIT6Q, STM32U595ZIY6QTR, STM32U595ZJT6, STM32U595ZJT6Q, STM32U595ZJY6QTR, STM32U599BJY6QTR, STM32U599NIH6Q, STM32U599NJH6Q, STM32U599VIT6Q, STM32U599VJT6, STM32U599VJT6Q, STM32U599ZIT6Q, STM32U599ZIY6QTR, STM32U599ZJT6Q, STM32U599ZJY6QTR, STM32U5A5AJH6, STM32U5A5AJH6Q, STM32U5A5QJI6, STM32U5A5QJI6Q, STM32U5A5RJT6, STM32U5A5RJT6Q, STM32U5A5VJT6, STM32U5A5VJT6Q, STM32U5A5ZJT6, STM32U5A5ZJT6Q, STM32U5A5ZJY6QTR, STM32U5A9BJY6QTR, STM32U5A9J-DK, STM32U5A9NJH6Q, STM32U5A9VJT6Q, STM32U5A9ZJT6Q, STM32U5A9ZJY6QTR, STM32U5F7VIT6, STM32U5F7VIT6Q, STM32U5F7VJT6, STM32U5F7VJT6Q, STM32U5F9BJY6QTR, STM32U5F9NJH6Q, STM32U5F9VIT6Q, STM32U5F9VJT6Q, STM32U5F9ZIJ6QTR, STM32U5F9ZIT6Q, STM32U5F9ZJJ6QTR, STM32U5F9ZJT6Q, STM32U5G7VJT6, STM32U5G7VJT6Q, STM32U5G9BJY6QTR, STM32U5G9J-DK1, STM32U5G9J-DK2, STM32U5G9NJH6Q, STM32U5G9VJT6Q, STM32U5G9ZJJ6QTR, STM32U5G9ZJT6Q, STM32WB1MMCH6, STM32WBA50KEU6, STM32WBA50KEU6TR, STM32WBA50KGU6, STM32WBA50KGU6TR, STM32WBA52CEU6, STM32WBA52CEU6TR, STM32WBA52CEU7, STM32WBA52CEU7TR, STM32WBA52CGU6, STM32WBA52CGU6TR, STM32WBA52CGU6U, STM32WBA52CGU7, STM32WBA52CGU7TR, STM32WBA52KEU6, STM32WBA52KEU6TR, STM32WBA52KGU6, STM32WBA52KGU6TR, STM32WBA54CEU6, STM32WBA54CEU6TR, STM32WBA54CEU7, STM32WBA54CEU7TR, STM32WBA54CGU6, STM32WBA54CGU6TR, STM32WBA54CGU7, STM32WBA54CGU7TR, STM32WBA54KEU6, STM32WBA54KEU6TR, STM32WBA54KEU7, STM32WBA54KEU7TR, STM32WBA54KGU6, STM32WBA54KGU6TR, STM32WBA54KGU7, STM32WBA54KGU7TR, STM32WBA55CEU6, STM32WBA55CEU6TR, STM32WBA55CEU7, STM32WBA55CEU7TR, STM32WBA55CGU6, STM32WBA55CGU6TR, STM32WBA55CGU6U, STM32WBA55CGU7, STM32WBA55CGU7TR, STM32WBA55G-DK1, STM32WBA55HEF6, STM32WBA55HEF7, STM32WBA55HGF6, STM32WBA55HGF7, STM32WBA55UEI6, STM32WBA55UEI6TR, STM32WBA55UEI7, STM32WBA55UEI7TR, STM32WBA55UGI6, STM32WBA55UGI6TR, STM32WBA55UGI7, STM32WBA55UGI7TR, STM32WL5MOCH6, STM32WL5MOCH6TR]
2023-11-30 17:01:44,579 [INFO] DbMcus:218 - Found 3930 MCUs, 3930 are supported
2023-11-30 17:01:44,580 [INFO] ApiDb:423 - Load user favorites file C:\Users\5164580/.stm32cubeide/favorites.mcus.txt: 1 item(s)
2023-11-30 17:01:44,580 [INFO] ApiDb:427 - User favorites MCUs=[STM32F407VGT6]
2023-11-30 17:01:44,580 [INFO] DbMcus:224 - Set 1 / 1 favorites MCUs
2023-11-30 17:01:44,746 [INFO] ApiDb:448 - Save user favorites file C:\Users\5164580/.stm32cubeide/favorites.boards.txt: 0 item(s)
2023-11-30 17:01:44,747 [INFO] ApiDb:452 - User favorites Boards=[]
2023-11-30 17:01:44,748 [INFO] ApiDb:581 - Connected to CubeFinder SQLite database (C:\Users\5164580\.stmcufinder\plugins\mcufinder\mcu\cube-finder-db.db)
2023-11-30 17:01:44,788 [INFO] ApiDb:668 - CubeFinder database Data Model version=2.1
2023-11-30 17:01:44,788 [INFO] ApiDb:669 - CubeFinder database Configuration version=3.0.39
2023-11-30 17:01:44,788 [INFO] ApiDb:670 - CubeFinder database generation date=2023-11-06 (1699269565)
2023-11-30 17:01:44,788 [INFO] ApiDb:671 - CubeFinder database FW Pack versions=[FP-ATR-ASTRA1_V2.0.0, FP-SNS-FLIGHT1_V5.0.1, FP-SNS-FLIGHT1_V5.0.2, FP-SNS-MOTENV1_V4.3.1, FP-SNS-MOTENV1_V4.3.2, FP-SNS-MOTENVWB1_V1.3.0, FP-SNS-SMARTAG2_V1.2.0, STM32Cube_FW_C0_V1.1.0, STM32Cube_FW_F4_V1.28.0, STM32Cube_FW_F7_V1.17.0, STM32Cube_FW_G0_V1.6.1, STM32Cube_FW_G4_V1.5.1, STM32Cube_FW_H5_V0.5.1, STM32Cube_FW_H5_V1.1.1, STM32Cube_FW_H5_V1.2.0RC2, STM32Cube_FW_H7_V1.11.0, STM32Cube_FW_L0_V1.12.2, STM32Cube_FW_L5_V1.5.0, STM32Cube_FW_U5_V1.3.0RC4, STM32Cube_FW_U5_V1.4.0, STM32Cube_FW_WBA_V1.0.0RC1, STM32Cube_FW_WBA_V1.1.0RC1, STM32Cube_FW_WBA_V1.2.0, STM32Cube_FW_WBA_V1.2.0RC2, STM32Cube_FW_WB_V1.15.0RC1, STM32Cube_FW_WB_V1.16.0, STM32Cube_FW_WB_V1.16.0RC2, STM32Cube_FW_WB_V1.18.0, STM32Cube_FW_WL_V1.3.0, X-CUBE-ALGOBUILD_V1.3.0, X-CUBE-ALS_V1.0.1, X-CUBE-AZRTOS-F4_V1.1.0, X-CUBE-AZRTOS-F7_V1.1.0, X-CUBE-AZRTOS-G0_V1.1.0, X-CUBE-AZRTOS-G4_V2.0.0, X-CUBE-AZRTOS-H7_V3.1.0, X-CUBE-AZRTOS-L4_V1.0.0, X-CUBE-AZRTOS-L4_V2.0.0, X-CUBE-AZRTOS-L5_V1.1.0, X-CUBE-AZRTOS-WB_V2.0.0, X-CUBE-AZRTOS-WL_V2.0.0, X-CUBE-BLE1_V7.0.0, X-CUBE-BLE2_V3.3.0, X-CUBE-BLEMGR_V2.0.0, X-CUBE-EEPRMA1_V4.1.0, X-CUBE-EEPRMA1_V4.2.0, X-CUBE-FREERTOS_V1.1.0, X-CUBE-GNSS1_V6.0.0, X-CUBE-MEMS1_V10.0.0, X-CUBE-MEMS1_V9.1.0, X-CUBE-MEMS1_V9.4.0, X-CUBE-MEMS1_V9.6.0, X-CUBE-NFC4_V3.0.0, X-CUBE-NFC7_V1.0.1, X-CUBE-SFXS2LP1_V4.0.0, X-CUBE-SUBG2_V5.0.0, X-CUBE-TOF1_V3.3.1]
2023-11-30 17:01:44,834 [INFO] DbBoardsSqlite:226 - include board P-NUCLEO-WB55-NUCLEO as a kit item of type 'Nucleo-64'
2023-11-30 17:01:44,834 [INFO] DbBoardsSqlite:226 - include board P-NUCLEO-WB55-USBDONGLE as a kit item of type 'Nucleo USB Dongle'
2023-11-30 17:01:44,834 [INFO] DbBoardsSqlite:226 - include board STEVAL-IDP005V1 as a kit item of type 'Evaluation Board'
2023-11-30 17:01:44,834 [INFO] DbBoardsSqlite:226 - include board STEVAL-IDP005V2 as a kit item of type 'Evaluation Board'
2023-11-30 17:01:44,870 [INFO] ApiDb:240 - Found 371 in-development CPN: [B-G473E-ZEST1S, B-WB1M-WPAN1, B-WL5M-SUBG1, NUCLEO-C031C6, NUCLEO-H503RB, NUCLEO-H563ZI, NUCLEO-U545RE-Q, NUCLEO-U5A5ZJ-Q, NUCLEO-WBA52CG, NUCLEO-WBA55CG, STEVAL-MKBOXPRO, STEVAL-PROTEUS1, STEVAL-STWINBX1, STM320518-EVAL, STM32C0116-DK, STM32C011D6Y3TR, STM32C011D6Y6TR, STM32C011F4P3, STM32C011F4P6, STM32C011F4U3, STM32C011F4U6TR, STM32C011F6P3, STM32C011F6P6, STM32C011F6U3, STM32C011F6U6TR, STM32C011J4M3, STM32C011J4M6, STM32C011J6M3, STM32C011J6M6, STM32C0316-DK, STM32C031C4T3, STM32C031C4T6, STM32C031C4U3, STM32C031C4U6, STM32C031C6T3, STM32C031C6T6, STM32C031C6U3, STM32C031C6U6, STM32C031F4P3, STM32C031F4P6, STM32C031F6P3, STM32C031F6P6, STM32C031G4U3, STM32C031G4U6, STM32C031G6U3, STM32C031G6U6, STM32C031K4T3, STM32C031K4T6, STM32C031K4U3, STM32C031K4U6, STM32C031K6T3, STM32C031K6T6, STM32C031K6U3, STM32C031K6U6, STM32G071K8TXN, STM32G071K8UXN, STM32G081GBU6N, STM32G081KBT6N, STM32G081KBUXN, STM32G0B1CCT6N, STM32G0B1KCT6, STM32G0B1NEY6TR, STM32G0B1RCT6N, STM32G0C1CCT6, STM32G0C1CCT6N, STM32G0C1CCU6N, STM32G0C1CET6N, STM32G0C1CEU6N, STM32G0C1KCT6, STM32G0C1NEY6TR, STM32G0C1RCI6N, STM32G0C1RCT6N, STM32G0C1REI6N, STM32G0C1RET6N, STM32G0C1VCI6, STM32G0C1VEI6, STM32G471CCT6, STM32G471CCU6, STM32G471CET3, STM32G471CET6, STM32G471CEU3, STM32G471CEU6, STM32G471MCT6, STM32G471MET3, STM32G471MET6, STM32G471MEY6TR, STM32G471QCT6, STM32G471QET3, STM32G471RCT6, STM32G471RET3, STM32G471RET6, STM32G471VCH6, STM32G471VCI6, STM32G471VCT6, STM32G471VEH3, STM32G471VEH6, STM32G471VEI3, STM32G471VEI6, STM32G471VET3, STM32G471VET6, STM32G474CCT6, STM32H503CBT6, STM32H503CBU6, STM32H503EBY6TR, STM32H503KBU6, STM32H503RBT6, STM32H562AGI6, STM32H562AII6, STM32H562IGK6, STM32H562IGT6, STM32H562IIK6, STM32H562IIT6, STM32H562RGT6, STM32H562RGV6, STM32H562RIT6, STM32H562RIV6, STM32H562VGT6, STM32H562VIT6, STM32H562ZGT6, STM32H562ZIT6, STM32H563AGI6, STM32H563AII3Q, STM32H563AII6, STM32H563IGK6, STM32H563IGT6, STM32H563IIK3Q, STM32H563IIK6, STM32H563IIT3Q, STM32H563IIT6, STM32H563MIY3QTR, STM32H563RGT6, STM32H563RGV6, STM32H563RIT6, STM32H563RIV6, STM32H563VGT6, STM32H563VIT3Q, STM32H563VIT6, STM32H563ZGT6, STM32H563ZIT3Q, STM32H563ZIT6, STM32H573AII3Q, STM32H573AII6, STM32H573I-DK, STM32H573IIK3Q, STM32H573IIK6, STM32H573IIT3Q, STM32H573IIT6, STM32H573MIY3QTR, STM32H573RIT6, STM32H573RIV6, STM32H573VIT3Q, STM32H573VIT6, STM32H573ZIT3Q, STM32H573ZIT6, STM32L4R5QGI6STR, STM32MP131AAE3, STM32MP131AAF3, STM32MP131AAG3, STM32MP131CAE3, STM32MP131CAF3, STM32MP131CAG3, STM32MP131DAE7, STM32MP131DAF7, STM32MP131DAG7, STM32MP131FAE7, STM32MP131FAF7, STM32MP131FAG7, STM32MP133AAE3, STM32MP133AAF3, STM32MP133AAG3, STM32MP133CAE3, STM32MP133CAF3, STM32MP133CAG3, STM32MP133DAE7, STM32MP133DAF7, STM32MP133DAG7, STM32MP133FAE7, STM32MP133FAF7, STM32MP133FAG7, STM32MP135AAE3, STM32MP135AAF3, STM32MP135AAG3, STM32MP135CAE3, STM32MP135CAF3, STM32MP135CAG3, STM32MP135DAE7, STM32MP135DAF7, STM32MP135DAG7, STM32MP135F-DK, STM32MP135FAE7, STM32MP135FAF7, STM32MP135FAF7T, STM32MP135FAF7U, STM32MP135FAG7, STM32U535CBT6, STM32U535CBT6Q, STM32U535CBU6, STM32U535CBU6Q, STM32U535CCT6, STM32U535CCT6Q, STM32U535CCU6, STM32U535CCU6Q, STM32U535CET6, STM32U535CET6Q, STM32U535CEU6, STM32U535CEU6Q, STM32U535JEY6QTR, STM32U535NCY6QTR, STM32U535NEY6QTR, STM32U535RBI6, STM32U535RBI6Q, STM32U535RBT6, STM32U535RBT6Q, STM32U535RCI6, STM32U535RCI6Q, STM32U535RCT6, STM32U535RCT6Q, STM32U535REI6, STM32U535REI6Q, STM32U535RET6, STM32U535RET6Q, STM32U535VCI6, STM32U535VCI6Q, STM32U535VCT6, STM32U535VCT6Q, STM32U535VEI6, STM32U535VEI6Q, STM32U535VET6, STM32U535VET6Q, STM32U545CET6, STM32U545CET6Q, STM32U545CEU6, STM32U545CEU6Q, STM32U545JEY6QTR, STM32U545NEY6QTR, STM32U545REI6, STM32U545REI6Q, STM32U545RET6, STM32U545RET6Q, STM32U545VEI6, STM32U545VEI6Q, STM32U545VET6, STM32U545VET6Q, STM32U595AIH6, STM32U595AIH6Q, STM32U595AJH6, STM32U595AJH6Q, STM32U595QII6, STM32U595QII6Q, STM32U595QJI6, STM32U595QJI6Q, STM32U595RIT6, STM32U595RIT6Q, STM32U595RJT6, STM32U595RJT6Q, STM32U595VIT6, STM32U595VIT6Q, STM32U595VJT6, STM32U595VJT6Q, STM32U595ZIT6, STM32U595ZIT6Q, STM32U595ZIY6QTR, STM32U595ZJT6, STM32U595ZJT6Q, STM32U595ZJY6QTR, STM32U599BJY6QTR, STM32U599NIH6Q, STM32U599NJH6Q, STM32U599VIT6Q, STM32U599VJT6, STM32U599VJT6Q, STM32U599ZIT6Q, STM32U599ZIY6QTR, STM32U599ZJT6Q, STM32U599ZJY6QTR, STM32U5A5AJH6, STM32U5A5AJH6Q, STM32U5A5QJI6, STM32U5A5QJI6Q, STM32U5A5RJT6, STM32U5A5RJT6Q, STM32U5A5VJT6, STM32U5A5VJT6Q, STM32U5A5ZJT6, STM32U5A5ZJT6Q, STM32U5A5ZJY6QTR, STM32U5A9BJY6QTR, STM32U5A9J-DK, STM32U5A9NJH6Q, STM32U5A9VJT6Q, STM32U5A9ZJT6Q, STM32U5A9ZJY6QTR, STM32U5F7VIT6, STM32U5F7VIT6Q, STM32U5F7VJT6, STM32U5F7VJT6Q, STM32U5F9BJY6QTR, STM32U5F9NJH6Q, STM32U5F9VIT6Q, STM32U5F9VJT6Q, STM32U5F9ZIJ6QTR, STM32U5F9ZIT6Q, STM32U5F9ZJJ6QTR, STM32U5F9ZJT6Q, STM32U5G7VJT6, STM32U5G7VJT6Q, STM32U5G9BJY6QTR, STM32U5G9J-DK1, STM32U5G9J-DK2, STM32U5G9NJH6Q, STM32U5G9VJT6Q, STM32U5G9ZJJ6QTR, STM32U5G9ZJT6Q, STM32WB1MMCH6, STM32WBA50KEU6, STM32WBA50KEU6TR, STM32WBA50KGU6, STM32WBA50KGU6TR, STM32WBA52CEU6, STM32WBA52CEU6TR, STM32WBA52CEU7, STM32WBA52CEU7TR, STM32WBA52CGU6, STM32WBA52CGU6TR, STM32WBA52CGU6U, STM32WBA52CGU7, STM32WBA52CGU7TR, STM32WBA52KEU6, STM32WBA52KEU6TR, STM32WBA52KGU6, STM32WBA52KGU6TR, STM32WBA54CEU6, STM32WBA54CEU6TR, STM32WBA54CEU7, STM32WBA54CEU7TR, STM32WBA54CGU6, STM32WBA54CGU6TR, STM32WBA54CGU7, STM32WBA54CGU7TR, STM32WBA54KEU6, STM32WBA54KEU6TR, STM32WBA54KEU7, STM32WBA54KEU7TR, STM32WBA54KGU6, STM32WBA54KGU6TR, STM32WBA54KGU7, STM32WBA54KGU7TR, STM32WBA55CEU6, STM32WBA55CEU6TR, STM32WBA55CEU7, STM32WBA55CEU7TR, STM32WBA55CGU6, STM32WBA55CGU6TR, STM32WBA55CGU6U, STM32WBA55CGU7, STM32WBA55CGU7TR, STM32WBA55G-DK1, STM32WBA55HEF6, STM32WBA55HEF7, STM32WBA55HGF6, STM32WBA55HGF7, STM32WBA55UEI6, STM32WBA55UEI6TR, STM32WBA55UEI7, STM32WBA55UEI7TR, STM32WBA55UGI6, STM32WBA55UGI6TR, STM32WBA55UGI7, STM32WBA55UGI7TR, STM32WL5MOCH6, STM32WL5MOCH6TR]
2023-11-30 17:01:44,951 [INFO] BoardInfo:889 - No configuration file found for board P-NUCLEO-WB55
2023-11-30 17:01:44,951 [INFO] DbBoards:161 - Kit is not supported: P-NUCLEO-WB55
2023-11-30 17:01:44,954 [INFO] BoardInfo:889 - No configuration file found for board STEVAL-BFA001V1B
2023-11-30 17:01:44,955 [INFO] DbBoards:161 - Kit is not supported: STEVAL-BFA001V1B
2023-11-30 17:01:44,956 [INFO] BoardInfo:889 - No configuration file found for board STEVAL-BFA001V2B
2023-11-30 17:01:44,956 [INFO] DbBoards:161 - Kit is not supported: STEVAL-BFA001V2B
2023-11-30 17:01:45,046 [INFO] DbBoards:168 - Found 193 boards, 190 are supported
2023-11-30 17:01:45,046 [INFO] DbBoards:169 - Found 193 boards, 3 of them is supported for  Bsp
2023-11-30 17:01:45,048 [INFO] ApiDb:423 - Load user favorites file C:\Users\5164580/.stm32cubeide/favorites.boards.txt: 0 item(s)
2023-11-30 17:01:45,048 [INFO] ApiDb:427 - User favorites Boards=[]
2023-11-30 17:01:45,048 [INFO] DbBoards:198 - Set 0 / 0 favorites Boards
2023-11-30 17:01:45,084 [INFO] ServerAccessManage:473 - Download File 
2023-11-30 17:01:45,090 [INFO] LoadUrlFilesThread:185 - End of LoadServerUrlFiles without Thread
2023-11-30 17:01:45,091 [INFO] TargetSelectorAdapter:259 - Refresh data is successful
2023-11-30 17:01:45,095 [INFO] ApiDb:668 - CubeFinder database Data Model version=2.1
2023-11-30 17:01:45,095 [INFO] ApiDb:669 - CubeFinder database Configuration version=3.0.39
2023-11-30 17:01:45,095 [INFO] ApiDb:670 - CubeFinder database generation date=2023-11-06 (1699269565)
2023-11-30 17:01:45,096 [INFO] ApiDb:671 - CubeFinder database FW Pack versions=[FP-ATR-ASTRA1_V2.0.0, FP-SNS-FLIGHT1_V5.0.1, FP-SNS-FLIGHT1_V5.0.2, FP-SNS-MOTENV1_V4.3.1, FP-SNS-MOTENV1_V4.3.2, FP-SNS-MOTENVWB1_V1.3.0, FP-SNS-SMARTAG2_V1.2.0, STM32Cube_FW_C0_V1.1.0, STM32Cube_FW_F4_V1.28.0, STM32Cube_FW_F7_V1.17.0, STM32Cube_FW_G0_V1.6.1, STM32Cube_FW_G4_V1.5.1, STM32Cube_FW_H5_V0.5.1, STM32Cube_FW_H5_V1.1.1, STM32Cube_FW_H5_V1.2.0RC2, STM32Cube_FW_H7_V1.11.0, STM32Cube_FW_L0_V1.12.2, STM32Cube_FW_L5_V1.5.0, STM32Cube_FW_U5_V1.3.0RC4, STM32Cube_FW_U5_V1.4.0, STM32Cube_FW_WBA_V1.0.0RC1, STM32Cube_FW_WBA_V1.1.0RC1, STM32Cube_FW_WBA_V1.2.0, STM32Cube_FW_WBA_V1.2.0RC2, STM32Cube_FW_WB_V1.15.0RC1, STM32Cube_FW_WB_V1.16.0, STM32Cube_FW_WB_V1.16.0RC2, STM32Cube_FW_WB_V1.18.0, STM32Cube_FW_WL_V1.3.0, X-CUBE-ALGOBUILD_V1.3.0, X-CUBE-ALS_V1.0.1, X-CUBE-AZRTOS-F4_V1.1.0, X-CUBE-AZRTOS-F7_V1.1.0, X-CUBE-AZRTOS-G0_V1.1.0, X-CUBE-AZRTOS-G4_V2.0.0, X-CUBE-AZRTOS-H7_V3.1.0, X-CUBE-AZRTOS-L4_V1.0.0, X-CUBE-AZRTOS-L4_V2.0.0, X-CUBE-AZRTOS-L5_V1.1.0, X-CUBE-AZRTOS-WB_V2.0.0, X-CUBE-AZRTOS-WL_V2.0.0, X-CUBE-BLE1_V7.0.0, X-CUBE-BLE2_V3.3.0, X-CUBE-BLEMGR_V2.0.0, X-CUBE-EEPRMA1_V4.1.0, X-CUBE-EEPRMA1_V4.2.0, X-CUBE-FREERTOS_V1.1.0, X-CUBE-GNSS1_V6.0.0, X-CUBE-MEMS1_V10.0.0, X-CUBE-MEMS1_V9.1.0, X-CUBE-MEMS1_V9.4.0, X-CUBE-MEMS1_V9.6.0, X-CUBE-NFC4_V3.0.0, X-CUBE-NFC7_V1.0.1, X-CUBE-SFXS2LP1_V4.0.0, X-CUBE-SUBG2_V5.0.0, X-CUBE-TOF1_V3.3.1]
2023-11-30 17:01:45,813 [ERROR] DbExamplesSqlite:437 - Missing JSON key: board_cpn
2023-11-30 17:01:45,813 [ERROR] DbExamplesSqlite:437 - Missing JSON key: board_cpn
2023-11-30 17:01:45,813 [ERROR] DbExamplesSqlite:437 - Missing JSON key: board_cpn
2023-11-30 17:01:45,813 [ERROR] DbExamplesSqlite:437 - Missing JSON key: board_cpn
2023-11-30 17:01:45,847 [INFO] DbExamplesSqlite:395 - Ignored 55 examples not supported by CubeIDE
2023-11-30 17:01:45,847 [INFO] DbExamplesSqlite:396 - Found 7548 examples active
2023-11-30 17:01:45,847 [INFO] DbExamplesSqlite:397 - Found 848 examples obsolete
2023-11-30 17:01:45,847 [INFO] DbExamplesSqlite:398 - Found 0 examples under development
2023-11-30 17:01:45,847 [INFO] DbExamplesSqlite:399 - Found 8 examples not building
2023-11-30 17:01:45,849 [INFO] DbExamples:125 - Found 7501 examples
2023-11-30 17:01:45,862 [INFO] DbExamples:222 - Found 95 boards with related examples
2023-11-30 17:01:45,863 [INFO] DbExamples:235 - Found 80 MCUs with related examples
2023-11-30 17:01:45,885 [INFO] ApiDb:423 - Load user favorites file C:\Users\5164580/.stm32cubeide/favorites.examples.txt: 0 item(s)
2023-11-30 17:01:45,886 [INFO] ApiDb:427 - User favorites Examples=[]
2023-11-30 17:01:45,886 [INFO] DbExamples:250 - Set 0 / 0 favorites Examples
2023-11-30 17:01:45,923 [INFO] McuFinderGlobals:76 - Set McuFinderConnectedMode to true
2023-11-30 17:01:45,924 [INFO] MultiScanPanel:200 - Auto-refresh data requested => check proxy status ongoing
2023-11-30 17:01:45,924 [INFO] FinderPluginLoader:95 - Searching for filters in installed packs
2023-11-30 17:01:46,637 [INFO] LoadUrlFilesThread:185 - End of LoadServerUrlFiles without Thread
2023-11-30 17:01:46,666 [INFO] DetailPanel:341 - Set advertising image to C:/Users/5164580/STM32Cube/Repository/\en.prom-stm32wl3-mcu-finder.jpg
2023-11-30 17:02:09,450 [INFO] McuFinderGlobals:76 - Set McuFinderConnectedMode to true
2023-11-30 17:02:09,463 [INFO] ApiDb:448 - Save user favorites file C:\Users\5164580/.stm32cubeide/favorites.mcus.txt: 1 item(s)
2023-11-30 17:02:09,463 [INFO] ApiDb:452 - User favorites MCUs=[STM32F407VGT6]
2023-11-30 17:02:55,392 [INFO] MainUpdater:2873 - connection check result : 10
2023-11-30 17:02:55,466 [INFO] McuFinderGlobals:76 - Set McuFinderConnectedMode to true
2023-11-30 17:02:55,467 [INFO] MultiScanPanel:200 - Auto-refresh data requested => check proxy status ongoing
2023-11-30 17:02:55,467 [INFO] FinderPluginLoader:95 - Searching for filters in installed packs
2023-11-30 17:02:55,958 [INFO] LoadUrlFilesThread:185 - End of LoadServerUrlFiles without Thread
2023-11-30 17:02:55,958 [INFO] DetailPanel:341 - Set advertising image to C:/Users/5164580/STM32Cube/Repository/\en.prom-stm32wl3-mcu-finder.jpg
2023-11-30 17:03:04,520 [INFO] ApiDb:581 - Connected to CubeFinder SQLite database (C:\Users\5164580\.stmcufinder\plugins\mcufinder\mcu\cube-finder-db.db)
2023-11-30 17:03:14,468 [INFO] McuResultTable:1403 - Unmark MCU STM32F407VGT6 as favorite
2023-11-30 17:03:14,774 [INFO] McuResultTable:1403 - Mark MCU STM32F407VGT6 as favorite
2023-11-30 17:04:19,813 [INFO] MainUpdater:2873 - connection check result : 10
2023-11-30 17:04:19,813 [INFO] MainUpdater:2873 - connection check result : 10
2023-11-30 17:04:19,833 [INFO] MicroXplorer:468 - Change Database Path : 
2023-11-30 17:04:19,833 [INFO] MicroXplorer:498 - Change Database Version : DB.6.0.100
2023-11-30 17:04:19,838 [WARN] ThirdParty:871 - waiting for thirdparty lock release [close project]
2023-11-30 17:04:19,838 [INFO] ThirdParty:873 - entering critical section [close project]
2023-11-30 17:04:19,839 [INFO] ThirdParty:883 - exiting critical section [close project]
2023-11-30 17:04:19,840 [INFO] PinOutPanel:1499 - setPackage(No Configuration,No Configuration)
2023-11-30 17:04:19,843 [INFO] UtilMem:75 - Begin LoadConfig() Used Memory: 509362680 Bytes (993001472)
2023-11-30 17:04:19,844 [INFO] MicroXplorer:468 - Change Database Path : 
2023-11-30 17:04:19,844 [INFO] MicroXplorer:498 - Change Database Version : DB.6.0.100
2023-11-30 17:04:19,844 [INFO] OpenFileManager:312 - Change cursor
2023-11-30 17:04:19,856 [WARN] IntegrityCheckThread:84 - waiting for thirdparty lock release [integrity check]
2023-11-30 17:04:19,856 [INFO] IntegrityCheckThread:86 - entering critical section [integrity check]
2023-11-30 17:04:19,914 [INFO] ThirdParty:978 - Integrity check success = true
2023-11-30 17:04:19,914 [INFO] IntegrityCheckThread:100 - exiting critical section [integrity check]
2023-11-30 17:04:19,914 [INFO] IntegrityCheckThread:103 - End integrity checks thread
2023-11-30 17:04:20,047 [INFO] Mcu:2016 - Initializing MCU STM32F407VGTx STM32F407VGTx STM32F407VGT6
2023-11-30 17:04:21,376 [INFO] Context:659 - Trying to add GPIOservice into a context  which must be forbidden
2023-11-30 17:04:21,790 [INFO] ImportTextPane:194 - (OptionalMessage_ERROR) Unable to find key (Mcu.ThirdPartyNb) in loaded IOC file
2023-11-30 17:04:21,790 [INFO] ImportTextPane:194 - (OptionalMessage_ERROR) Unable to find key (Mcu.PinsNb) in loaded IOC file
2023-11-30 17:04:21,790 [INFO] ImportTextPane:194 - (OptionalMessage_ERROR) Unable to find key (Mcu.IPNb) in loaded IOC file
2023-11-30 17:04:21,855 [INFO] RtosManager:555 - Registered RTOS mode: class=CMSIS, group=RTOS, mode=CMSIS_V1, owner=FREERTOS
2023-11-30 17:04:21,856 [INFO] RtosManager:555 - Registered RTOS mode: class=CMSIS, group=RTOS2, mode=CMSIS_V2, owner=FREERTOS
2023-11-30 17:04:21,856 [INFO] RtosManager:555 - Registered RTOS mode: class=RTOS, group=Core, mode=CMSIS_V1, owner=FREERTOS
2023-11-30 17:04:21,856 [INFO] RtosManager:555 - Registered RTOS mode: class=RTOS, group=Core, mode=CMSIS_V2, owner=FREERTOS
2023-11-30 17:04:21,856 [WARN] ModelIntegratedComponent:184 - Missing modes for component STMicroelectronics:FreeRTOS:0.0.1:STMicroelectronics:RTOS:FreeRTOS:Core:::10.2.0:
2023-11-30 17:04:21,858 [WARN] ModelIntegratedComponent:63 - No mode defined for component null
2023-11-30 17:04:21,858 [WARN] ModelIntegratedComponent:63 - No mode defined for component null
2023-11-30 17:04:21,858 [WARN] ModelIntegratedComponent:63 - No mode defined for component null
2023-11-30 17:04:21,858 [WARN] ModelIntegratedComponent:63 - No mode defined for component null
2023-11-30 17:04:21,859 [WARN] ModelIntegratedComponent:63 - No mode defined for component null
2023-11-30 17:04:21,859 [WARN] ModelIntegratedComponent:63 - No mode defined for component null
2023-11-30 17:04:21,859 [WARN] ModelIntegratedComponent:63 - No mode defined for component null
2023-11-30 17:04:21,859 [WARN] ModelIntegratedComponent:63 - No mode defined for component null
2023-11-30 17:04:21,859 [WARN] ModelIntegratedComponent:63 - No mode defined for component null
2023-11-30 17:04:21,859 [WARN] ModelIntegratedComponent:63 - No mode defined for component null
2023-11-30 17:04:21,859 [WARN] ModelIntegratedComponent:63 - No mode defined for component null
2023-11-30 17:04:21,859 [WARN] ModelIntegratedComponent:63 - No mode defined for component null
2023-11-30 17:04:21,859 [WARN] ModelIntegratedComponent:63 - No mode defined for component null
2023-11-30 17:04:21,859 [WARN] ModelIntegratedComponent:63 - No mode defined for component null
2023-11-30 17:04:21,859 [WARN] ModelIntegratedComponent:63 - No mode defined for component null
2023-11-30 17:04:21,859 [WARN] ModelIntegratedComponent:63 - No mode defined for component null
2023-11-30 17:04:21,859 [WARN] ModelIntegratedComponent:63 - No mode defined for component null
2023-11-30 17:04:21,859 [WARN] ModelIntegratedComponent:63 - No mode defined for component null
2023-11-30 17:04:21,859 [WARN] ModelIntegratedComponent:63 - No mode defined for component null
2023-11-30 17:04:21,859 [WARN] ModelIntegratedComponent:63 - No mode defined for component null
2023-11-30 17:04:21,859 [WARN] ModelIntegratedComponent:63 - No mode defined for component null
2023-11-30 17:04:21,859 [WARN] ModelIntegratedComponent:63 - No mode defined for component null
2023-11-30 17:04:21,859 [WARN] ModelIntegratedComponent:63 - No mode defined for component null
2023-11-30 17:04:21,859 [WARN] ModelIntegratedComponent:63 - No mode defined for component null
2023-11-30 17:04:21,859 [WARN] ModelIntegratedComponent:63 - No mode defined for component null
2023-11-30 17:04:21,860 [WARN] ModelIntegratedComponent:63 - No mode defined for component null
2023-11-30 17:04:21,860 [WARN] ModelIntegratedComponent:63 - No mode defined for component null
2023-11-30 17:04:21,860 [WARN] ModelIntegratedComponent:63 - No mode defined for component null
2023-11-30 17:04:21,860 [WARN] ModelIntegratedComponent:63 - No mode defined for component null
2023-11-30 17:04:21,860 [WARN] ModelIntegratedComponent:63 - No mode defined for component null
2023-11-30 17:04:21,860 [WARN] ModelIntegratedComponent:63 - No mode defined for component null
2023-11-30 17:04:21,860 [WARN] ModelIntegratedComponent:63 - No mode defined for component null
2023-11-30 17:04:21,860 [WARN] ModelIntegratedComponent:63 - No mode defined for component null
2023-11-30 17:04:21,866 [INFO] ThirdPartyModel:298 - Start build external matchings
2023-11-30 17:04:21,868 [INFO] ThirdPartyModel:316 - End build external matchings
2023-11-30 17:04:22,158 [INFO] UtilMem:75 - End LoadConfig() Used Memory: 498986936 Bytes (1073741824)
2023-11-30 17:04:22,179 [INFO] MicroXplorer:468 - Change Database Path : 
2023-11-30 17:04:22,179 [INFO] MicroXplorer:498 - Change Database Version : DB.6.0.100
2023-11-30 17:04:22,180 [WARN] ThirdParty:833 - waiting for thirdparty lock release [change project]
2023-11-30 17:04:22,180 [INFO] ThirdParty:835 - entering critical section [change project]
2023-11-30 17:04:22,180 [INFO] ThirdParty:1030 - CMSIS Pack Vendor :STMicroelectronics USBPD 4.1
2023-11-30 17:04:22,180 [INFO] ThirdParty:1030 - CMSIS Pack Vendor :STMicroelectronics ThreadX 1.0.0
2023-11-30 17:04:22,180 [INFO] ThirdParty:1030 - CMSIS Pack Vendor :STMicroelectronics USB_HOST 2.0.0
2023-11-30 17:04:22,180 [INFO] ThirdParty:1030 - CMSIS Pack Vendor :STMicroelectronics LIBJPEG 8.0.0
2023-11-30 17:04:22,180 [INFO] ThirdParty:1030 - CMSIS Pack Vendor :STMicroelectronics FreeRTOS 0.0.1
2023-11-30 17:04:22,180 [INFO] ThirdParty:1030 - CMSIS Pack Vendor :STMicroelectronics USB_DEVICE 1.0.0
2023-11-30 17:04:22,180 [INFO] ThirdParty:1030 - CMSIS Pack Vendor :STMicroelectronics STM32_WPAN 1.0.0
2023-11-30 17:04:22,180 [INFO] ThirdParty:1030 - CMSIS Pack Vendor :STMicroelectronics USB_DEVICE 3.0.0
2023-11-30 17:04:22,180 [INFO] ThirdParty:1030 - CMSIS Pack Vendor :STMicroelectronics HAL Drivers 0.0.0
2023-11-30 17:04:22,180 [INFO] ThirdParty:1030 - CMSIS Pack Vendor :STMicroelectronics MBEDTLS 2.16.2
2023-11-30 17:04:22,180 [INFO] ThirdParty:1030 - CMSIS Pack Vendor :STMicroelectronics ThreadX 0.0.2
2023-11-30 17:04:22,180 [INFO] ThirdParty:1030 - CMSIS Pack Vendor :STMicroelectronics lwIP 2.0.3
2023-11-30 17:04:22,180 [INFO] ThirdParty:1030 - CMSIS Pack Vendor :STMicroelectronics lwIP 2.1.2
2023-11-30 17:04:22,180 [INFO] ThirdParty:1030 - CMSIS Pack Vendor :STMicroelectronics MBEDTLS 2.14.1
2023-11-30 17:04:22,180 [INFO] ThirdParty:1030 - CMSIS Pack Vendor :STMicroelectronics USB_HOST 1.0.0
2023-11-30 17:04:22,180 [INFO] ThirdParty:1030 - CMSIS Pack Vendor :STMicroelectronics PDM2PCM 3.1.0
2023-11-30 17:04:22,180 [INFO] ThirdParty:1030 - CMSIS Pack Vendor :STMicroelectronics PDM2PCM 3.2.0
2023-11-30 17:04:22,180 [INFO] ThirdParty:1030 - CMSIS Pack Vendor :STMicroelectronics USB_DEVICE 2.0.0
2023-11-30 17:04:22,180 [INFO] ThirdParty:1030 - CMSIS Pack Vendor :STMicroelectronics PDM2PCM 3.3.0
2023-11-30 17:04:22,181 [INFO] ThirdParty:841 - exiting critical section [change project]
2023-11-30 17:04:22,464 [INFO] PinOutPanel:1499 - setPackage(No Configuration,No Configuration)
2023-11-30 17:04:22,465 [INFO] PinOutPanel:1499 - setPackage(STM32F407VGTx,LQFP100)
2023-11-30 17:04:22,793 [INFO] UtilMem:75 - Before build in PCC Used Memory: 734265704 Bytes (1073741824)
2023-11-30 17:04:23,432 [INFO] UtilMem:75 - After build in PCC Used Memory: 814483816 Bytes (1073741824)
2023-11-30 17:04:23,454 [INFO] IPUIPlugin:80 - create IPUIPlugin
2023-11-30 17:04:23,454 [INFO] IPUIPlugin:80 - create IPUIPlugin
2023-11-30 17:04:23,454 [INFO] IPUIPlugin:80 - create IPUIPlugin
2023-11-30 17:04:23,454 [INFO] IPUIPlugin:80 - create IPUIPlugin
2023-11-30 17:04:23,454 [INFO] IPUIPlugin:80 - create IPUIPlugin
2023-11-30 17:04:23,454 [INFO] IPUIPlugin:80 - create IPUIPlugin
2023-11-30 17:04:23,454 [INFO] IPUIPlugin:80 - create IPUIPlugin
2023-11-30 17:04:23,454 [INFO] IPUIPlugin:80 - create IPUIPlugin
2023-11-30 17:04:23,454 [INFO] IPUIPlugin:80 - create IPUIPlugin
2023-11-30 17:04:23,455 [INFO] IPUIPlugin:80 - create IPUIPlugin
2023-11-30 17:04:23,455 [INFO] IPUIPlugin:80 - create IPUIPlugin
2023-11-30 17:04:23,455 [INFO] IPUIPlugin:80 - create IPUIPlugin
2023-11-30 17:04:23,455 [INFO] IPUIPlugin:80 - create IPUIPlugin
2023-11-30 17:04:23,455 [INFO] IPUIPlugin:80 - create IPUIPlugin
2023-11-30 17:04:23,455 [INFO] IPUIPlugin:80 - create IPUIPlugin
2023-11-30 17:04:23,455 [INFO] IPUIPlugin:80 - create IPUIPlugin
2023-11-30 17:04:23,455 [INFO] IPUIPlugin:80 - create IPUIPlugin
2023-11-30 17:04:23,455 [INFO] IPUIPlugin:80 - create IPUIPlugin
2023-11-30 17:04:23,455 [INFO] IPUIPlugin:80 - create IPUIPlugin
2023-11-30 17:04:23,456 [INFO] IPUIPlugin:80 - create IPUIPlugin
2023-11-30 17:04:23,456 [INFO] IPUIPlugin:80 - create IPUIPlugin
2023-11-30 17:04:23,456 [INFO] IPUIPlugin:80 - create IPUIPlugin
2023-11-30 17:04:23,456 [INFO] IPUIPlugin:80 - create IPUIPlugin
2023-11-30 17:04:23,456 [INFO] IPUIPlugin:80 - create IPUIPlugin
2023-11-30 17:04:23,456 [INFO] IPUIPlugin:80 - create IPUIPlugin
2023-11-30 17:04:23,456 [INFO] IPUIPlugin:80 - create IPUIPlugin
2023-11-30 17:04:23,457 [INFO] IPUIPlugin:80 - create IPUIPlugin
2023-11-30 17:04:23,457 [INFO] IPUIPlugin:80 - create IPUIPlugin
2023-11-30 17:04:23,457 [INFO] IPUIPlugin:80 - create IPUIPlugin
2023-11-30 17:04:23,457 [INFO] IPUIPlugin:80 - create IPUIPlugin
2023-11-30 17:04:23,457 [INFO] IPUIPlugin:80 - create IPUIPlugin
2023-11-30 17:04:23,457 [INFO] IPUIPlugin:80 - create IPUIPlugin
2023-11-30 17:04:23,457 [INFO] IPUIPlugin:80 - create IPUIPlugin
2023-11-30 17:04:23,458 [INFO] IPUIPlugin:80 - create IPUIPlugin
2023-11-30 17:04:23,458 [INFO] IPUIPlugin:80 - create IPUIPlugin
2023-11-30 17:04:23,458 [INFO] IPUIPlugin:80 - create IPUIPlugin
2023-11-30 17:04:23,458 [INFO] IPUIPlugin:80 - create IPUIPlugin
2023-11-30 17:04:23,458 [INFO] IPUIPlugin:80 - create IPUIPlugin
2023-11-30 17:04:23,458 [INFO] IPUIPlugin:80 - create IPUIPlugin
2023-11-30 17:04:23,459 [INFO] IPUIPlugin:80 - create IPUIPlugin
2023-11-30 17:04:23,459 [INFO] IPUIPlugin:80 - create IPUIPlugin
2023-11-30 17:04:23,459 [INFO] IPUIPlugin:80 - create IPUIPlugin
2023-11-30 17:04:23,459 [INFO] IPUIPlugin:80 - create IPUIPlugin
2023-11-30 17:04:23,459 [INFO] IPUIPlugin:80 - create IPUIPlugin
2023-11-30 17:04:23,459 [INFO] IPUIPlugin:80 - create IPUIPlugin
2023-11-30 17:04:23,460 [INFO] IPUIPlugin:80 - create IPUIPlugin
2023-11-30 17:04:23,460 [INFO] IPUIPlugin:80 - create IPUIPlugin
2023-11-30 17:04:23,460 [INFO] IPUIPlugin:80 - create IPUIPlugin
2023-11-30 17:04:23,460 [INFO] IPUIPlugin:80 - create IPUIPlugin
2023-11-30 17:04:23,460 [INFO] IPUIPlugin:80 - create IPUIPlugin
2023-11-30 17:04:23,461 [INFO] IPUIPlugin:80 - create IPUIPlugin
2023-11-30 17:04:23,461 [INFO] IPUIPlugin:80 - create IPUIPlugin
2023-11-30 17:04:23,461 [INFO] IPUIPlugin:80 - create IPUIPlugin
2023-11-30 17:04:23,461 [INFO] IPUIPlugin:80 - create IPUIPlugin
2023-11-30 17:04:23,462 [INFO] IPUIPlugin:80 - create IPUIPlugin
2023-11-30 17:04:23,462 [INFO] IPUIPlugin:80 - create IPUIPlugin
2023-11-30 17:04:23,463 [INFO] IPUIPlugin:80 - create IPUIPlugin
2023-11-30 17:04:23,463 [INFO] IPUIPlugin:80 - create IPUIPlugin
2023-11-30 17:04:23,545 [INFO] ApiDbMcu:508 - Load IP Config File for PDM2PCM
2023-11-30 17:04:23,679 [INFO] CADModel:165 - CPN selected for project levelSTM32F407VGT6
2023-11-30 17:04:23,679 [INFO] CADModel:114 - Register for checkConnection events
2023-11-30 17:04:23,726 [INFO] OpenFileManager:343 - Restore cursor
2023-11-30 17:04:24,355 [INFO] UtilMem:75 - End SaveConfig() Used Memory: 528430752 Bytes (1073741824)
2023-11-30 17:04:24,403 [INFO] UserAuth:404 - Internet connection configuration mode: 1
2023-11-30 17:04:24,421 [INFO] JxBrowserEngine:152 - Initiate JxBrowser Engine with user profile folder
2023-11-30 17:04:25,318 [INFO] WebApp:161 - Instantiating new browser for Auth
2023-11-30 17:04:25,899 [INFO] WebApp:780 - Register for checkConnection events
2023-11-30 17:04:25,899 [INFO] WebApp:414 - Apply proxy settings
2023-11-30 17:04:25,900 [INFO] WebApp:459 - Chromium authenticates against Manually configured proxy
2023-11-30 17:04:25,911 [INFO] WebApp:467 - Username used for proxy authentication: 
2023-11-30 17:04:26,086 [INFO] WebApp:192 - Starting web application
2023-11-30 17:04:26,086 [INFO] WebApp:544 - Web application path used C:\ST\STM32CubeIDE_1.14.0\STM32CubeIDE\plugins\com.st.stm32cube.common.mx_6.10.0.202311202037\db\plugins\mcufinder\reactClient1\index.html
2023-11-30 17:04:35,657 [INFO] McuFinderGlobals:76 - Set McuFinderConnectedMode to true
2023-11-30 17:04:35,658 [INFO] ApiDb:448 - Save user favorites file C:\Users\5164580/.stm32cubeide/favorites.mcus.txt: 1 item(s)
2023-11-30 17:04:35,659 [INFO] ApiDb:452 - User favorites MCUs=[STM32F407VGT6]
2023-11-30 22:04:49,344 [ERROR] LogOutputStream:75 - [STDERR_REDIRECT] 
2023-11-30 22:04:49,345 [ERROR] LogOutputStream:75 - [STDERR_REDIRECT] 
