2023-11-29 20:49:36,345 [INFO] Activator:176 - 


2023-11-29 20:49:36,356 [INFO] Activator:177 - !SESSION log4j initialized
2023-11-29 20:49:38,250 [INFO] LogOutputStream:77 - [STDOUT_REDIRECT] 
2023-11-29 20:49:39,765 [INFO] ApplicationProperties:184 - Using Application install path: C:\ST\STM32CubeIDE_1.14.0\STM32CubeIDE\plugins\com.st.stm32cube.common.mx_6.10.0.202311202037
2023-11-29 20:49:39,782 [INFO] DbMcusXml:78 - Set database path to: C:\ST\STM32CubeIDE_1.14.0\STM32CubeIDE\plugins\com.st.stm32cube.common.mx_6.10.0.202311202037\\db\/mcu/
2023-11-29 20:49:39,782 [INFO] ApiDb:274 - Set plugin database path to: C:\ST\STM32CubeIDE_1.14.0\STM32CubeIDE\plugins\com.st.stm32cube.common.mx_6.10.0.202311202037\\db\/plugins/boardmanager/
2023-11-29 20:49:39,790 [WARN] ApiDb:259 - Overriding images path with different value:  => C:\ST\STM32CubeIDE_1.14.0\STM32CubeIDE\plugins\com.st.stm32cube.common.mx_6.10.0.202311202037\\db\/plugins/mcufinder/images/
2023-11-29 20:49:39,797 [INFO] ApiDb:250 - Set database path to: C:\Users\5164580\.stmcufinder\plugins\mcufinder//mcu/
2023-11-29 20:49:39,798 [INFO] DbMcusAds:125 - Set database path to: C:\Users\5164580\.stmcufinder\plugins\mcufinder//mcu/
2023-11-29 20:49:39,801 [INFO] CrossReferenceDbSqlite:203 - Set database path to: C:\Users\5164580\.stmcufinder\plugins\mcufinder//mcu/cs/
2023-11-29 20:49:39,927 [INFO] RulesReader:64 - Compatibility file has been processed (297 Rules)
2023-11-29 20:49:40,001 [INFO] DbMcusXml:78 - Set database path to: C:\ST\STM32CubeIDE_1.14.0\STM32CubeIDE\plugins\com.st.stm32cube.common.mx_6.10.0.202311202037\\db\/mcu/
2023-11-29 20:49:40,001 [INFO] ApiDb:274 - Set plugin database path to: C:\ST\STM32CubeIDE_1.14.0\STM32CubeIDE\plugins\com.st.stm32cube.common.mx_6.10.0.202311202037\\db\/plugins/boardmanager/
2023-11-29 20:49:40,001 [INFO] ApiDb:261 - Set plugin images path to: C:\ST\STM32CubeIDE_1.14.0\STM32CubeIDE\plugins\com.st.stm32cube.common.mx_6.10.0.202311202037\\db\/plugins/mcufinder/images/
2023-11-29 20:49:40,001 [WARN] DbFile:41 - Overriding database path with different value: C:\Users\5164580\.stmcufinder\plugins\mcufinder/ => C:\Users\5164580\.stmcufinder\plugins\mcufinder
2023-11-29 20:49:40,001 [INFO] ApiDb:250 - Set database path to: C:\Users\5164580\.stmcufinder\plugins\mcufinder//mcu/
2023-11-29 20:49:40,001 [WARN] DbFile:41 - Overriding database path with different value: C:\Users\5164580\.stmcufinder\plugins\mcufinder/ => C:\Users\5164580\.stmcufinder\plugins\mcufinder
2023-11-29 20:49:40,001 [INFO] DbMcusAds:125 - Set database path to: C:\Users\5164580\.stmcufinder\plugins\mcufinder//mcu/
2023-11-29 20:49:40,001 [WARN] DbFile:41 - Overriding database path with different value: C:\Users\5164580\.stmcufinder\plugins\mcufinder/ => C:\Users\5164580\.stmcufinder\plugins\mcufinder
2023-11-29 20:49:40,001 [WARN] DbFile:41 - Overriding database path with different value: C:\Users\5164580\.stmcufinder\plugins\mcufinder/ => C:\Users\5164580\.stmcufinder\plugins\mcufinder
2023-11-29 20:49:40,001 [INFO] CrossReferenceDbSqlite:203 - Set database path to: C:\Users\5164580\.stmcufinder\plugins\mcufinder//mcu/cs/
2023-11-29 20:49:40,059 [INFO] MainPanel:264 - HeapMemory: 268435456
2023-11-29 20:49:40,107 [INFO] DbMcusXml:78 - Set database path to: C:\ST\STM32CubeIDE_1.14.0\STM32CubeIDE\plugins\com.st.stm32cube.common.mx_6.10.0.202311202037\\db\/mcu/
2023-11-29 20:49:40,107 [INFO] ApiDb:274 - Set plugin database path to: C:\ST\STM32CubeIDE_1.14.0\STM32CubeIDE\plugins\com.st.stm32cube.common.mx_6.10.0.202311202037\\db\/plugins/boardmanager/
2023-11-29 20:49:40,107 [INFO] ApiDb:261 - Set plugin images path to: C:\ST\STM32CubeIDE_1.14.0\STM32CubeIDE\plugins\com.st.stm32cube.common.mx_6.10.0.202311202037\\db\/plugins/mcufinder/images/
2023-11-29 20:49:40,107 [WARN] DbFile:41 - Overriding database path with different value: C:\Users\5164580\.stmcufinder\plugins\mcufinder/ => C:\Users\5164580\.stmcufinder\plugins\mcufinder
2023-11-29 20:49:40,107 [INFO] ApiDb:250 - Set database path to: C:\Users\5164580\.stmcufinder\plugins\mcufinder//mcu/
2023-11-29 20:49:40,107 [WARN] DbFile:41 - Overriding database path with different value: C:\Users\5164580\.stmcufinder\plugins\mcufinder/ => C:\Users\5164580\.stmcufinder\plugins\mcufinder
2023-11-29 20:49:40,107 [INFO] DbMcusAds:125 - Set database path to: C:\Users\5164580\.stmcufinder\plugins\mcufinder//mcu/
2023-11-29 20:49:40,108 [WARN] DbFile:41 - Overriding database path with different value: C:\Users\5164580\.stmcufinder\plugins\mcufinder/ => C:\Users\5164580\.stmcufinder\plugins\mcufinder
2023-11-29 20:49:40,108 [WARN] DbFile:41 - Overriding database path with different value: C:\Users\5164580\.stmcufinder\plugins\mcufinder/ => C:\Users\5164580\.stmcufinder\plugins\mcufinder
2023-11-29 20:49:40,108 [INFO] CrossReferenceDbSqlite:203 - Set database path to: C:\Users\5164580\.stmcufinder\plugins\mcufinder//mcu/cs/
2023-11-29 20:49:40,120 [INFO] ApplicationProperties:184 - Using Application install path: C:\ST\STM32CubeIDE_1.14.0\STM32CubeIDE\plugins\com.st.stm32cube.common.mx_6.10.0.202311202037
2023-11-29 20:49:40,121 [INFO] PluginManage:196 - Search for loadable plugins [exclusion list=, ]
2023-11-29 20:49:40,122 [INFO] PluginManage:310 - Check plugin analytics
2023-11-29 20:49:40,270 [INFO] AnalyticsPlugin:253 - Accepted Software Licenses: 
2023-11-29 20:49:40,270 [INFO] AnalyticsPlugin:255 - Accepted CMSIS Pack Licenses: 
2023-11-29 20:49:40,270 [INFO] AnalyticsPlugin:257 - Accepted Firmware Licenses: 
2023-11-29 20:49:40,273 [INFO] PluginManage:359 - Loaded plugin analytics (category:tool,tabindex:-1)
2023-11-29 20:49:40,273 [INFO] PluginManage:310 - Check plugin cadmodel
2023-11-29 20:49:40,277 [INFO] CADModel:105 - Init CAD model plugin
2023-11-29 20:49:40,277 [INFO] PluginManage:359 - Loaded plugin cadmodel (category:power,tabindex:5)
2023-11-29 20:49:40,277 [INFO] PluginManage:310 - Check plugin clock
2023-11-29 20:49:40,285 [INFO] PluginManage:359 - Loaded plugin clock (category:base,tabindex:2)
2023-11-29 20:49:40,285 [INFO] PluginManage:310 - Check plugin ddr
2023-11-29 20:49:40,287 [INFO] PluginManage:359 - Loaded plugin ddr (category:tool,tabindex:6)
2023-11-29 20:49:40,288 [INFO] PluginManage:310 - Check plugin filemanager
2023-11-29 20:49:40,431 [INFO] PluginManage:359 - Loaded plugin filemanager (category:base,tabindex:10)
2023-11-29 20:49:40,431 [INFO] PluginManage:310 - Check plugin ipmanager
2023-11-29 20:49:40,439 [INFO] PluginManage:359 - Loaded plugin ipmanager (category:base,tabindex:5)
2023-11-29 20:49:40,439 [INFO] PluginManage:310 - Check plugin lpbam
2023-11-29 20:49:40,450 [INFO] PluginManage:359 - Loaded plugin lpbam (category:base,tabindex:0)
2023-11-29 20:49:40,451 [INFO] PluginManage:310 - Check plugin memorymap
2023-11-29 20:49:40,463 [INFO] PluginManage:359 - Loaded plugin memorymap (category:base,tabindex:4)
2023-11-29 20:49:40,464 [INFO] PluginManage:310 - Check plugin pinoutandconfiguration
2023-11-29 20:49:40,471 [INFO] PluginManage:359 - Loaded plugin pinoutandconfiguration (category:base,tabindex:1)
2023-11-29 20:49:40,471 [INFO] PluginManage:310 - Check plugin pinoutconfig
2023-11-29 20:49:40,499 [ERROR] ConfigurationRetriever:142 - IOException on connection: Connect timed out
2023-11-29 20:49:40,552 [WARN] SupportedApi:132 - Cannot load RTOS API schema: s4s-elt-must-match.1: The content of 'definitions' must match (annotation?, (simpleType | complexType)?, (unique | key | keyref)*)). A problem was found starting at: attribute.
2023-11-29 20:49:40,681 [INFO] PluginManage:359 - Loaded plugin pinoutconfig (category:base,tabindex:0)
2023-11-29 20:49:40,681 [INFO] PluginManage:310 - Check plugin power
2023-11-29 20:49:40,688 [INFO] PluginManage:359 - Loaded plugin power (category:power,tabindex:4)
2023-11-29 20:49:40,688 [INFO] PluginManage:310 - Check plugin projectmanager
2023-11-29 20:49:40,700 [INFO] PluginManage:359 - Loaded plugin projectmanager (category:projectmanager,tabindex:3)
2023-11-29 20:49:40,701 [INFO] PluginManage:310 - Check plugin thirdparty
2023-11-29 20:49:40,814 [INFO] PluginManage:359 - Loaded plugin thirdparty (category:base,tabindex:-1)
2023-11-29 20:49:40,814 [WARN] IntegrityCheckThread:84 - waiting for thirdparty lock release [integrity check]
2023-11-29 20:49:40,815 [INFO] IntegrityCheckThread:86 - entering critical section [integrity check]
2023-11-29 20:49:40,815 [INFO] PluginManage:310 - Check plugin tools
2023-11-29 20:49:40,816 [INFO] ThirdPartyUpdaterWithRetryManager:70 - Updater plugin not ready yet. [1/15]
2023-11-29 20:49:40,818 [INFO] PluginManage:359 - Loaded plugin tools (category:base,tabindex:7)
2023-11-29 20:49:40,819 [INFO] PluginManage:310 - Check plugin tutovideos
2023-11-29 20:49:40,938 [INFO] PluginManage:359 - Loaded plugin tutovideos (category:base,tabindex:-1)
2023-11-29 20:49:40,938 [INFO] PluginManage:310 - Check plugin updater
2023-11-29 20:49:40,945 [INFO] PluginManage:359 - Loaded plugin updater (category:base,tabindex:12)
2023-11-29 20:49:40,945 [INFO] PluginManage:310 - Check plugin userauth
2023-11-29 20:49:40,949 [INFO] UserAuth:114 - Init User Auth plugin
2023-11-29 20:49:40,949 [INFO] PluginManage:359 - Loaded plugin userauth (category:base,tabindex:14)
2023-11-29 20:49:40,949 [INFO] PluginManage:283 - PluginManage : Loaded plugins [17]
2023-11-29 20:49:41,101 [INFO] PinOutPanel:1499 - setPackage(No Configuration,No Configuration)
2023-11-29 20:49:41,153 [INFO] CADModel:165 - CPN selected for project level
2023-11-29 20:49:41,153 [INFO] CADModel:114 - Register for checkConnection events
2023-11-29 20:49:41,164 [INFO] IPUIPlugin:80 - create IPUIPlugin
2023-11-29 20:49:41,164 [INFO] PluginManager:220 - loadIPPluginJar : add adc
2023-11-29 20:49:41,165 [INFO] IPUIPlugin:80 - create IPUIPlugin
2023-11-29 20:49:41,166 [INFO] PluginManager:220 - loadIPPluginJar : add aes
2023-11-29 20:49:41,167 [INFO] IPUIPlugin:80 - create IPUIPlugin
2023-11-29 20:49:41,167 [INFO] PluginManager:220 - loadIPPluginJar : add can
2023-11-29 20:49:41,168 [INFO] IPUIPlugin:80 - create IPUIPlugin
2023-11-29 20:49:41,168 [INFO] PluginManager:220 - loadIPPluginJar : add comp
2023-11-29 20:49:41,169 [INFO] IPUIPlugin:80 - create IPUIPlugin
2023-11-29 20:49:41,169 [INFO] PluginManager:220 - loadIPPluginJar : add cryp
2023-11-29 20:49:41,170 [INFO] IPUIPlugin:80 - create IPUIPlugin
2023-11-29 20:49:41,170 [INFO] PluginManager:220 - loadIPPluginJar : add dfsdm
2023-11-29 20:49:41,174 [INFO] IPUIPlugin:80 - create IPUIPlugin
2023-11-29 20:49:41,174 [INFO] PluginManager:220 - loadIPPluginJar : add dma
2023-11-29 20:49:41,175 [INFO] IPUIPlugin:80 - create IPUIPlugin
2023-11-29 20:49:41,175 [INFO] PluginManager:220 - loadIPPluginJar : add dma3
2023-11-29 20:49:41,176 [INFO] IPUIPlugin:80 - create IPUIPlugin
2023-11-29 20:49:41,176 [INFO] PluginManager:220 - loadIPPluginJar : add fatfs
2023-11-29 20:49:41,179 [INFO] IPUIPlugin:80 - create IPUIPlugin
2023-11-29 20:49:41,179 [INFO] PluginManager:220 - loadIPPluginJar : add fmc
2023-11-29 20:49:41,184 [INFO] IPUIPlugin:80 - create IPUIPlugin
2023-11-29 20:49:41,184 [INFO] PluginManager:220 - loadIPPluginJar : add freertos
2023-11-29 20:49:41,186 [INFO] IPUIPlugin:80 - create IPUIPlugin
2023-11-29 20:49:41,186 [INFO] PluginManager:220 - loadIPPluginJar : add genericplugin
2023-11-29 20:49:41,188 [INFO] IPUIPlugin:80 - create IPUIPlugin
2023-11-29 20:49:41,188 [INFO] PluginManager:220 - loadIPPluginJar : add gfxmmu
2023-11-29 20:49:41,193 [INFO] IPUIPlugin:80 - create IPUIPlugin
2023-11-29 20:49:41,193 [INFO] PluginManager:220 - loadIPPluginJar : add gic
2023-11-29 20:49:41,196 [INFO] IPUIPlugin:80 - create IPUIPlugin
2023-11-29 20:49:41,196 [INFO] PluginManager:220 - loadIPPluginJar : add gpio
2023-11-29 20:49:41,197 [INFO] IPUIPlugin:80 - create IPUIPlugin
2023-11-29 20:49:41,197 [INFO] PluginManager:220 - loadIPPluginJar : add gtzc
2023-11-29 20:49:41,198 [INFO] IPUIPlugin:80 - create IPUIPlugin
2023-11-29 20:49:41,198 [INFO] PluginManager:220 - loadIPPluginJar : add hash
2023-11-29 20:49:41,200 [INFO] IPUIPlugin:80 - create IPUIPlugin
2023-11-29 20:49:41,200 [INFO] PluginManager:220 - loadIPPluginJar : add i2c
2023-11-29 20:49:41,201 [INFO] IPUIPlugin:80 - create IPUIPlugin
2023-11-29 20:49:41,201 [INFO] PluginManager:220 - loadIPPluginJar : add i2s
2023-11-29 20:49:41,202 [INFO] IPUIPlugin:80 - create IPUIPlugin
2023-11-29 20:49:41,202 [INFO] PluginManager:220 - loadIPPluginJar : add i3c
2023-11-29 20:49:41,204 [INFO] IPUIPlugin:80 - create IPUIPlugin
2023-11-29 20:49:41,204 [INFO] PluginManager:220 - loadIPPluginJar : add ipddr
2023-11-29 20:49:41,210 [INFO] IPUIPlugin:80 - create IPUIPlugin
2023-11-29 20:49:41,210 [INFO] PluginManager:220 - loadIPPluginJar : add linkedlist
2023-11-29 20:49:41,212 [INFO] IPUIPlugin:80 - create IPUIPlugin
2023-11-29 20:49:41,212 [INFO] PluginManager:220 - loadIPPluginJar : add lorawan
2023-11-29 20:49:41,212 [INFO] IPUIPlugin:80 - create IPUIPlugin
2023-11-29 20:49:41,213 [INFO] PluginManager:220 - loadIPPluginJar : add ltdc
2023-11-29 20:49:41,216 [INFO] IPUIPlugin:80 - create IPUIPlugin
2023-11-29 20:49:41,216 [INFO] PluginManager:220 - loadIPPluginJar : add mdma
2023-11-29 20:49:41,218 [INFO] IPUIPlugin:80 - create IPUIPlugin
2023-11-29 20:49:41,218 [INFO] PluginManager:220 - loadIPPluginJar : add nvic
2023-11-29 20:49:41,220 [INFO] IPUIPlugin:80 - create IPUIPlugin
2023-11-29 20:49:41,220 [INFO] PluginManager:220 - loadIPPluginJar : add opamp
2023-11-29 20:49:41,221 [INFO] IPUIPlugin:80 - create IPUIPlugin
2023-11-29 20:49:41,221 [INFO] PluginManager:220 - loadIPPluginJar : add openamp
2023-11-29 20:49:41,223 [INFO] IPUIPlugin:80 - create IPUIPlugin
2023-11-29 20:49:41,223 [INFO] PluginManager:220 - loadIPPluginJar : add pdm2pcm
2023-11-29 20:49:41,226 [INFO] IPUIPlugin:80 - create IPUIPlugin
2023-11-29 20:49:41,229 [INFO] PluginManager:220 - loadIPPluginJar : add plateformsettings
2023-11-29 20:49:41,230 [INFO] IPUIPlugin:80 - create IPUIPlugin
2023-11-29 20:49:41,230 [INFO] PluginManager:220 - loadIPPluginJar : add quadspi
2023-11-29 20:49:41,232 [INFO] IPUIPlugin:80 - create IPUIPlugin
2023-11-29 20:49:41,232 [INFO] PluginManager:220 - loadIPPluginJar : add resmgrutility
2023-11-29 20:49:41,233 [INFO] IPUIPlugin:80 - create IPUIPlugin
2023-11-29 20:49:41,234 [INFO] PluginManager:220 - loadIPPluginJar : add sai
2023-11-29 20:49:41,235 [INFO] IPUIPlugin:80 - create IPUIPlugin
2023-11-29 20:49:41,235 [INFO] PluginManager:220 - loadIPPluginJar : add spi
2023-11-29 20:49:41,238 [INFO] IPUIPlugin:80 - create IPUIPlugin
2023-11-29 20:49:41,238 [INFO] PluginManager:220 - loadIPPluginJar : add stm32_wpan
2023-11-29 20:49:41,239 [INFO] IPUIPlugin:80 - create IPUIPlugin
2023-11-29 20:49:41,239 [INFO] PluginManager:220 - loadIPPluginJar : add tim
2023-11-29 20:49:41,241 [INFO] IPUIPlugin:80 - create IPUIPlugin
2023-11-29 20:49:41,241 [INFO] PluginManager:220 - loadIPPluginJar : add touchsensing
2023-11-29 20:49:41,242 [INFO] IPUIPlugin:80 - create IPUIPlugin
2023-11-29 20:49:41,242 [INFO] PluginManager:220 - loadIPPluginJar : add tracer_emb
2023-11-29 20:49:41,243 [INFO] IPUIPlugin:80 - create IPUIPlugin
2023-11-29 20:49:41,243 [INFO] PluginManager:220 - loadIPPluginJar : add ts
2023-11-29 20:49:41,244 [INFO] IPUIPlugin:80 - create IPUIPlugin
2023-11-29 20:49:41,244 [INFO] PluginManager:220 - loadIPPluginJar : add tsc
2023-11-29 20:49:41,245 [INFO] IPUIPlugin:80 - create IPUIPlugin
2023-11-29 20:49:41,245 [INFO] PluginManager:220 - loadIPPluginJar : add ucpd
2023-11-29 20:49:41,246 [INFO] IPUIPlugin:80 - create IPUIPlugin
2023-11-29 20:49:41,246 [INFO] PluginManager:220 - loadIPPluginJar : add usart
2023-11-29 20:49:41,248 [INFO] IPUIPlugin:80 - create IPUIPlugin
2023-11-29 20:49:41,248 [INFO] PluginManager:220 - loadIPPluginJar : add usbx
2023-11-29 20:49:41,364 [INFO] CADModel:165 - CPN selected for project level
2023-11-29 20:49:41,364 [INFO] CADModel:114 - Register for checkConnection events
2023-11-29 20:49:41,364 [FATAL] Updater:308 - Updater called before beeing initialized
2023-11-29 20:49:41,364 [ERROR] CADModel:125 - Updater not yet initialized, retry later 
2023-11-29 20:49:41,478 [INFO] CADModel:165 - CPN selected for project level
2023-11-29 20:49:41,478 [INFO] CADModel:114 - Register for checkConnection events
2023-11-29 20:49:41,478 [FATAL] Updater:308 - Updater called before beeing initialized
2023-11-29 20:49:41,479 [ERROR] CADModel:125 - Updater not yet initialized, retry later 
2023-11-29 20:49:41,485 [FATAL] Updater:308 - Updater called before beeing initialized
2023-11-29 20:49:41,588 [FATAL] Updater:308 - Updater called before beeing initialized
2023-11-29 20:49:41,591 [INFO] DbMcusAds:53 - JSON generation date=Thu Sep 30 15:55:09 JST 2021 (1632984909247)
2023-11-29 20:49:41,592 [FATAL] Updater:308 - Updater called before beeing initialized
2023-11-29 20:49:41,622 [WARN] DetailPanel:346 - Failed to get advertising image, set to default
2023-11-29 20:49:41,696 [FATAL] Updater:308 - Updater called before beeing initialized
2023-11-29 20:49:41,698 [FATAL] Updater:308 - Updater called before beeing initialized
2023-11-29 20:49:41,698 [FATAL] Updater:308 - Updater called before beeing initialized
2023-11-29 20:49:41,699 [WARN] DetailPanel:346 - Failed to get advertising image, set to default
2023-11-29 20:49:41,699 [FATAL] Updater:308 - Updater called before beeing initialized
2023-11-29 20:49:41,811 [ERROR] Updater:1120 - MainUpdater not yet initialized. External WinMGr cannot be set.
2023-11-29 20:49:41,813 [INFO] Updater:1056 - Updater Version found : 6.10.0
2023-11-29 20:49:41,830 [INFO] ApplicationProperties:184 - Using Application install path: C:\ST\STM32CubeIDE_1.14.0\STM32CubeIDE\plugins\com.st.stm32cube.common.mx_6.10.0.202311202037
2023-11-29 20:49:42,501 [ERROR] ConfigurationRetriever:142 - IOException on connection: Connect timed out
2023-11-29 20:49:43,400 [ERROR] LogOutputStream:75 - [STDERR_REDIRECT] Nov 29, 2023 8:49:43 PM java.util.prefs.WindowsPreferences <init>
2023-11-29 20:49:43,401 [ERROR] LogOutputStream:75 - [STDERR_REDIRECT] WARNING: Could not open/create prefs root node Software\JavaSoft\Prefs at root 0xffffffff80000002. Windows RegCreateKeyEx(...) returned error code 5.
2023-11-29 20:49:43,401 [ERROR] LogOutputStream:75 - [STDERR_REDIRECT] 
2023-11-29 20:49:43,819 [INFO] ThirdPartyUpdaterWithRetryManager:70 - Updater plugin not ready yet. [2/15]
2023-11-29 20:49:44,504 [ERROR] ConfigurationRetriever:142 - IOException on connection: Connect timed out
2023-11-29 20:49:45,276 [ERROR] ConfigurationRetriever:142 - IOException on connection: Connect timed out
2023-11-29 20:49:46,820 [FATAL] Updater:308 - Updater called before beeing initialized
2023-11-29 20:49:46,821 [ERROR] IntegrityCheckThread:130 - Cannot retrieve database content from updater: error 21
2023-11-29 20:49:46,822 [INFO] ThirdParty:978 - Integrity check success = false
2023-11-29 20:49:46,822 [INFO] IntegrityCheckThread:100 - exiting critical section [integrity check]
2023-11-29 20:49:46,822 [INFO] IntegrityCheckThread:103 - End integrity checks thread
2023-11-29 20:49:47,502 [INFO] McuFinderGlobals:63 - Set McuFinder mode to 2 (CubeIDE integrated)
2023-11-29 20:49:47,569 [WARN] CheckConnectionManager:291 - Warning during Server Connection :  timeout Connect to sw-center.st.com:443 [sw-center.st.com/23.52.3.59, sw-center.st.com/23.52.3.40] failed: Connect timed out
2023-11-29 20:49:50,278 [ERROR] ConfigurationRetriever:142 - IOException on connection: Connect timed out
2023-11-29 20:49:51,575 [WARN] CheckConnectionManager:291 - Warning during Server Connection :  timeout Connect to sw-center.st.com:443 [sw-center.st.com/23.52.3.59, sw-center.st.com/23.52.3.40] failed: Connect timed out
2023-11-29 20:49:51,581 [INFO] MainUpdater:2873 - connection check result : 22
2023-11-29 20:49:51,582 [INFO] MainUpdater:290 - Updater Check For Update Now.
2023-11-29 20:49:51,582 [INFO] MicroXplorer:498 - Change Database Version : DB.6.0.100
2023-11-29 20:49:51,586 [INFO] McuFinderGlobals:63 - Set McuFinder mode to 2 (CubeIDE integrated)
2023-11-29 20:49:51,586 [INFO] UserAuth:180 - activating auth plugin
2023-11-29 20:49:51,589 [INFO] UserAuth:404 - Internet connection configuration mode: 2
2023-11-29 20:49:51,616 [INFO] UserAuth:404 - Internet connection configuration mode: 2
2023-11-29 20:49:51,764 [INFO] CheckServerUpdateThread:120 - End of CheckServer Thread
2023-11-29 20:49:53,792 [WARN] CheckConnectionManager:291 - Warning during Server Connection :  timeout Connect to sw-center.st.com:443 [sw-center.st.com/23.52.3.59, sw-center.st.com/23.52.3.40] failed: Connect timed out
2023-11-29 20:49:55,282 [ERROR] ConfigurationRetriever:142 - IOException on connection: Connect timed out
2023-11-29 20:49:55,798 [WARN] CheckConnectionManager:291 - Warning during Server Connection :  timeout Connect to sw-center.st.com:443 [sw-center.st.com/23.52.3.59, sw-center.st.com/23.52.3.40] failed: Connect timed out
2023-11-29 20:49:55,799 [INFO] MainUpdater:2873 - connection check result : 22
2023-11-29 20:50:12,142 [ERROR] LogOutputStream:75 - [STDERR_REDIRECT] SLF4J: Failed to load class "org.slf4j.impl.StaticLoggerBinder".
2023-11-29 20:50:12,143 [ERROR] LogOutputStream:75 - [STDERR_REDIRECT] SLF4J: Defaulting to no-operation (NOP) logger implementation
2023-11-29 20:50:12,145 [ERROR] LogOutputStream:75 - [STDERR_REDIRECT] SLF4J: See http://www.slf4j.org/codes.html#StaticLoggerBinder for further details.
2023-11-29 20:50:34,751 [INFO] ApiDb:581 - Connected to CubeFinder SQLite database (C:\Users\5164580\.stmcufinder\plugins\mcufinder\mcu\cube-finder-db.db)
2023-11-29 20:50:34,797 [INFO] ApiDb:668 - CubeFinder database Data Model version=2.1
2023-11-29 20:50:34,797 [INFO] ApiDb:669 - CubeFinder database Configuration version=3.0.39
2023-11-29 20:50:34,798 [INFO] ApiDb:670 - CubeFinder database generation date=2023-11-06 (1699269565)
2023-11-29 20:50:34,798 [INFO] ApiDb:671 - CubeFinder database FW Pack versions=[FP-ATR-ASTRA1_V2.0.0, FP-SNS-FLIGHT1_V5.0.1, FP-SNS-FLIGHT1_V5.0.2, FP-SNS-MOTENV1_V4.3.1, FP-SNS-MOTENV1_V4.3.2, FP-SNS-MOTENVWB1_V1.3.0, FP-SNS-SMARTAG2_V1.2.0, STM32Cube_FW_C0_V1.1.0, STM32Cube_FW_F4_V1.28.0, STM32Cube_FW_F7_V1.17.0, STM32Cube_FW_G0_V1.6.1, STM32Cube_FW_G4_V1.5.1, STM32Cube_FW_H5_V0.5.1, STM32Cube_FW_H5_V1.1.1, STM32Cube_FW_H5_V1.2.0RC2, STM32Cube_FW_H7_V1.11.0, STM32Cube_FW_L0_V1.12.2, STM32Cube_FW_L5_V1.5.0, STM32Cube_FW_U5_V1.3.0RC4, STM32Cube_FW_U5_V1.4.0, STM32Cube_FW_WBA_V1.0.0RC1, STM32Cube_FW_WBA_V1.1.0RC1, STM32Cube_FW_WBA_V1.2.0, STM32Cube_FW_WBA_V1.2.0RC2, STM32Cube_FW_WB_V1.15.0RC1, STM32Cube_FW_WB_V1.16.0, STM32Cube_FW_WB_V1.16.0RC2, STM32Cube_FW_WB_V1.18.0, STM32Cube_FW_WL_V1.3.0, X-CUBE-ALGOBUILD_V1.3.0, X-CUBE-ALS_V1.0.1, X-CUBE-AZRTOS-F4_V1.1.0, X-CUBE-AZRTOS-F7_V1.1.0, X-CUBE-AZRTOS-G0_V1.1.0, X-CUBE-AZRTOS-G4_V2.0.0, X-CUBE-AZRTOS-H7_V3.1.0, X-CUBE-AZRTOS-L4_V1.0.0, X-CUBE-AZRTOS-L4_V2.0.0, X-CUBE-AZRTOS-L5_V1.1.0, X-CUBE-AZRTOS-WB_V2.0.0, X-CUBE-AZRTOS-WL_V2.0.0, X-CUBE-BLE1_V7.0.0, X-CUBE-BLE2_V3.3.0, X-CUBE-BLEMGR_V2.0.0, X-CUBE-EEPRMA1_V4.1.0, X-CUBE-EEPRMA1_V4.2.0, X-CUBE-FREERTOS_V1.1.0, X-CUBE-GNSS1_V6.0.0, X-CUBE-MEMS1_V10.0.0, X-CUBE-MEMS1_V9.1.0, X-CUBE-MEMS1_V9.4.0, X-CUBE-MEMS1_V9.6.0, X-CUBE-NFC4_V3.0.0, X-CUBE-NFC7_V1.0.1, X-CUBE-SFXS2LP1_V4.0.0, X-CUBE-SUBG2_V5.0.0, X-CUBE-TOF1_V3.3.1]
2023-11-29 20:50:34,862 [INFO] DbBoardsSqlite:226 - include board P-NUCLEO-WB55-NUCLEO as a kit item of type 'Nucleo-64'
2023-11-29 20:50:34,862 [INFO] DbBoardsSqlite:226 - include board P-NUCLEO-WB55-USBDONGLE as a kit item of type 'Nucleo USB Dongle'
2023-11-29 20:50:34,862 [INFO] DbBoardsSqlite:226 - include board STEVAL-IDP005V1 as a kit item of type 'Evaluation Board'
2023-11-29 20:50:34,863 [INFO] DbBoardsSqlite:226 - include board STEVAL-IDP005V2 as a kit item of type 'Evaluation Board'
2023-11-29 20:50:34,903 [INFO] ApiDb:240 - Found 371 in-development CPN: [B-G473E-ZEST1S, B-WB1M-WPAN1, B-WL5M-SUBG1, NUCLEO-C031C6, NUCLEO-H503RB, NUCLEO-H563ZI, NUCLEO-U545RE-Q, NUCLEO-U5A5ZJ-Q, NUCLEO-WBA52CG, NUCLEO-WBA55CG, STEVAL-MKBOXPRO, STEVAL-PROTEUS1, STEVAL-STWINBX1, STM320518-EVAL, STM32C0116-DK, STM32C011D6Y3TR, STM32C011D6Y6TR, STM32C011F4P3, STM32C011F4P6, STM32C011F4U3, STM32C011F4U6TR, STM32C011F6P3, STM32C011F6P6, STM32C011F6U3, STM32C011F6U6TR, STM32C011J4M3, STM32C011J4M6, STM32C011J6M3, STM32C011J6M6, STM32C0316-DK, STM32C031C4T3, STM32C031C4T6, STM32C031C4U3, STM32C031C4U6, STM32C031C6T3, STM32C031C6T6, STM32C031C6U3, STM32C031C6U6, STM32C031F4P3, STM32C031F4P6, STM32C031F6P3, STM32C031F6P6, STM32C031G4U3, STM32C031G4U6, STM32C031G6U3, STM32C031G6U6, STM32C031K4T3, STM32C031K4T6, STM32C031K4U3, STM32C031K4U6, STM32C031K6T3, STM32C031K6T6, STM32C031K6U3, STM32C031K6U6, STM32G071K8TXN, STM32G071K8UXN, STM32G081GBU6N, STM32G081KBT6N, STM32G081KBUXN, STM32G0B1CCT6N, STM32G0B1KCT6, STM32G0B1NEY6TR, STM32G0B1RCT6N, STM32G0C1CCT6, STM32G0C1CCT6N, STM32G0C1CCU6N, STM32G0C1CET6N, STM32G0C1CEU6N, STM32G0C1KCT6, STM32G0C1NEY6TR, STM32G0C1RCI6N, STM32G0C1RCT6N, STM32G0C1REI6N, STM32G0C1RET6N, STM32G0C1VCI6, STM32G0C1VEI6, STM32G471CCT6, STM32G471CCU6, STM32G471CET3, STM32G471CET6, STM32G471CEU3, STM32G471CEU6, STM32G471MCT6, STM32G471MET3, STM32G471MET6, STM32G471MEY6TR, STM32G471QCT6, STM32G471QET3, STM32G471RCT6, STM32G471RET3, STM32G471RET6, STM32G471VCH6, STM32G471VCI6, STM32G471VCT6, STM32G471VEH3, STM32G471VEH6, STM32G471VEI3, STM32G471VEI6, STM32G471VET3, STM32G471VET6, STM32G474CCT6, STM32H503CBT6, STM32H503CBU6, STM32H503EBY6TR, STM32H503KBU6, STM32H503RBT6, STM32H562AGI6, STM32H562AII6, STM32H562IGK6, STM32H562IGT6, STM32H562IIK6, STM32H562IIT6, STM32H562RGT6, STM32H562RGV6, STM32H562RIT6, STM32H562RIV6, STM32H562VGT6, STM32H562VIT6, STM32H562ZGT6, STM32H562ZIT6, STM32H563AGI6, STM32H563AII3Q, STM32H563AII6, STM32H563IGK6, STM32H563IGT6, STM32H563IIK3Q, STM32H563IIK6, STM32H563IIT3Q, STM32H563IIT6, STM32H563MIY3QTR, STM32H563RGT6, STM32H563RGV6, STM32H563RIT6, STM32H563RIV6, STM32H563VGT6, STM32H563VIT3Q, STM32H563VIT6, STM32H563ZGT6, STM32H563ZIT3Q, STM32H563ZIT6, STM32H573AII3Q, STM32H573AII6, STM32H573I-DK, STM32H573IIK3Q, STM32H573IIK6, STM32H573IIT3Q, STM32H573IIT6, STM32H573MIY3QTR, STM32H573RIT6, STM32H573RIV6, STM32H573VIT3Q, STM32H573VIT6, STM32H573ZIT3Q, STM32H573ZIT6, STM32L4R5QGI6STR, STM32MP131AAE3, STM32MP131AAF3, STM32MP131AAG3, STM32MP131CAE3, STM32MP131CAF3, STM32MP131CAG3, STM32MP131DAE7, STM32MP131DAF7, STM32MP131DAG7, STM32MP131FAE7, STM32MP131FAF7, STM32MP131FAG7, STM32MP133AAE3, STM32MP133AAF3, STM32MP133AAG3, STM32MP133CAE3, STM32MP133CAF3, STM32MP133CAG3, STM32MP133DAE7, STM32MP133DAF7, STM32MP133DAG7, STM32MP133FAE7, STM32MP133FAF7, STM32MP133FAG7, STM32MP135AAE3, STM32MP135AAF3, STM32MP135AAG3, STM32MP135CAE3, STM32MP135CAF3, STM32MP135CAG3, STM32MP135DAE7, STM32MP135DAF7, STM32MP135DAG7, STM32MP135F-DK, STM32MP135FAE7, STM32MP135FAF7, STM32MP135FAF7T, STM32MP135FAF7U, STM32MP135FAG7, STM32U535CBT6, STM32U535CBT6Q, STM32U535CBU6, STM32U535CBU6Q, STM32U535CCT6, STM32U535CCT6Q, STM32U535CCU6, STM32U535CCU6Q, STM32U535CET6, STM32U535CET6Q, STM32U535CEU6, STM32U535CEU6Q, STM32U535JEY6QTR, STM32U535NCY6QTR, STM32U535NEY6QTR, STM32U535RBI6, STM32U535RBI6Q, STM32U535RBT6, STM32U535RBT6Q, STM32U535RCI6, STM32U535RCI6Q, STM32U535RCT6, STM32U535RCT6Q, STM32U535REI6, STM32U535REI6Q, STM32U535RET6, STM32U535RET6Q, STM32U535VCI6, STM32U535VCI6Q, STM32U535VCT6, STM32U535VCT6Q, STM32U535VEI6, STM32U535VEI6Q, STM32U535VET6, STM32U535VET6Q, STM32U545CET6, STM32U545CET6Q, STM32U545CEU6, STM32U545CEU6Q, STM32U545JEY6QTR, STM32U545NEY6QTR, STM32U545REI6, STM32U545REI6Q, STM32U545RET6, STM32U545RET6Q, STM32U545VEI6, STM32U545VEI6Q, STM32U545VET6, STM32U545VET6Q, STM32U595AIH6, STM32U595AIH6Q, STM32U595AJH6, STM32U595AJH6Q, STM32U595QII6, STM32U595QII6Q, STM32U595QJI6, STM32U595QJI6Q, STM32U595RIT6, STM32U595RIT6Q, STM32U595RJT6, STM32U595RJT6Q, STM32U595VIT6, STM32U595VIT6Q, STM32U595VJT6, STM32U595VJT6Q, STM32U595ZIT6, STM32U595ZIT6Q, STM32U595ZIY6QTR, STM32U595ZJT6, STM32U595ZJT6Q, STM32U595ZJY6QTR, STM32U599BJY6QTR, STM32U599NIH6Q, STM32U599NJH6Q, STM32U599VIT6Q, STM32U599VJT6, STM32U599VJT6Q, STM32U599ZIT6Q, STM32U599ZIY6QTR, STM32U599ZJT6Q, STM32U599ZJY6QTR, STM32U5A5AJH6, STM32U5A5AJH6Q, STM32U5A5QJI6, STM32U5A5QJI6Q, STM32U5A5RJT6, STM32U5A5RJT6Q, STM32U5A5VJT6, STM32U5A5VJT6Q, STM32U5A5ZJT6, STM32U5A5ZJT6Q, STM32U5A5ZJY6QTR, STM32U5A9BJY6QTR, STM32U5A9J-DK, STM32U5A9NJH6Q, STM32U5A9VJT6Q, STM32U5A9ZJT6Q, STM32U5A9ZJY6QTR, STM32U5F7VIT6, STM32U5F7VIT6Q, STM32U5F7VJT6, STM32U5F7VJT6Q, STM32U5F9BJY6QTR, STM32U5F9NJH6Q, STM32U5F9VIT6Q, STM32U5F9VJT6Q, STM32U5F9ZIJ6QTR, STM32U5F9ZIT6Q, STM32U5F9ZJJ6QTR, STM32U5F9ZJT6Q, STM32U5G7VJT6, STM32U5G7VJT6Q, STM32U5G9BJY6QTR, STM32U5G9J-DK1, STM32U5G9J-DK2, STM32U5G9NJH6Q, STM32U5G9VJT6Q, STM32U5G9ZJJ6QTR, STM32U5G9ZJT6Q, STM32WB1MMCH6, STM32WBA50KEU6, STM32WBA50KEU6TR, STM32WBA50KGU6, STM32WBA50KGU6TR, STM32WBA52CEU6, STM32WBA52CEU6TR, STM32WBA52CEU7, STM32WBA52CEU7TR, STM32WBA52CGU6, STM32WBA52CGU6TR, STM32WBA52CGU6U, STM32WBA52CGU7, STM32WBA52CGU7TR, STM32WBA52KEU6, STM32WBA52KEU6TR, STM32WBA52KGU6, STM32WBA52KGU6TR, STM32WBA54CEU6, STM32WBA54CEU6TR, STM32WBA54CEU7, STM32WBA54CEU7TR, STM32WBA54CGU6, STM32WBA54CGU6TR, STM32WBA54CGU7, STM32WBA54CGU7TR, STM32WBA54KEU6, STM32WBA54KEU6TR, STM32WBA54KEU7, STM32WBA54KEU7TR, STM32WBA54KGU6, STM32WBA54KGU6TR, STM32WBA54KGU7, STM32WBA54KGU7TR, STM32WBA55CEU6, STM32WBA55CEU6TR, STM32WBA55CEU7, STM32WBA55CEU7TR, STM32WBA55CGU6, STM32WBA55CGU6TR, STM32WBA55CGU6U, STM32WBA55CGU7, STM32WBA55CGU7TR, STM32WBA55G-DK1, STM32WBA55HEF6, STM32WBA55HEF7, STM32WBA55HGF6, STM32WBA55HGF7, STM32WBA55UEI6, STM32WBA55UEI6TR, STM32WBA55UEI7, STM32WBA55UEI7TR, STM32WBA55UGI6, STM32WBA55UGI6TR, STM32WBA55UGI7, STM32WBA55UGI7TR, STM32WL5MOCH6, STM32WL5MOCH6TR]
2023-11-29 20:50:35,093 [INFO] BoardInfo:889 - No configuration file found for board P-NUCLEO-WB55
2023-11-29 20:50:35,094 [INFO] DbBoards:161 - Kit is not supported: P-NUCLEO-WB55
2023-11-29 20:50:35,097 [INFO] BoardInfo:889 - No configuration file found for board STEVAL-BFA001V1B
2023-11-29 20:50:35,097 [INFO] DbBoards:161 - Kit is not supported: STEVAL-BFA001V1B
2023-11-29 20:50:35,098 [INFO] BoardInfo:889 - No configuration file found for board STEVAL-BFA001V2B
2023-11-29 20:50:35,098 [INFO] DbBoards:161 - Kit is not supported: STEVAL-BFA001V2B
2023-11-29 20:50:35,194 [INFO] DbBoards:168 - Found 193 boards, 190 are supported
2023-11-29 20:50:35,194 [INFO] DbBoards:169 - Found 193 boards, 3 of them is supported for  Bsp
2023-11-29 20:50:35,197 [INFO] ApiDb:668 - CubeFinder database Data Model version=2.1
2023-11-29 20:50:35,197 [INFO] ApiDb:669 - CubeFinder database Configuration version=3.0.39
2023-11-29 20:50:35,197 [INFO] ApiDb:670 - CubeFinder database generation date=2023-11-06 (1699269565)
2023-11-29 20:50:35,197 [INFO] ApiDb:671 - CubeFinder database FW Pack versions=[FP-ATR-ASTRA1_V2.0.0, FP-SNS-FLIGHT1_V5.0.1, FP-SNS-FLIGHT1_V5.0.2, FP-SNS-MOTENV1_V4.3.1, FP-SNS-MOTENV1_V4.3.2, FP-SNS-MOTENVWB1_V1.3.0, FP-SNS-SMARTAG2_V1.2.0, STM32Cube_FW_C0_V1.1.0, STM32Cube_FW_F4_V1.28.0, STM32Cube_FW_F7_V1.17.0, STM32Cube_FW_G0_V1.6.1, STM32Cube_FW_G4_V1.5.1, STM32Cube_FW_H5_V0.5.1, STM32Cube_FW_H5_V1.1.1, STM32Cube_FW_H5_V1.2.0RC2, STM32Cube_FW_H7_V1.11.0, STM32Cube_FW_L0_V1.12.2, STM32Cube_FW_L5_V1.5.0, STM32Cube_FW_U5_V1.3.0RC4, STM32Cube_FW_U5_V1.4.0, STM32Cube_FW_WBA_V1.0.0RC1, STM32Cube_FW_WBA_V1.1.0RC1, STM32Cube_FW_WBA_V1.2.0, STM32Cube_FW_WBA_V1.2.0RC2, STM32Cube_FW_WB_V1.15.0RC1, STM32Cube_FW_WB_V1.16.0, STM32Cube_FW_WB_V1.16.0RC2, STM32Cube_FW_WB_V1.18.0, STM32Cube_FW_WL_V1.3.0, X-CUBE-ALGOBUILD_V1.3.0, X-CUBE-ALS_V1.0.1, X-CUBE-AZRTOS-F4_V1.1.0, X-CUBE-AZRTOS-F7_V1.1.0, X-CUBE-AZRTOS-G0_V1.1.0, X-CUBE-AZRTOS-G4_V2.0.0, X-CUBE-AZRTOS-H7_V3.1.0, X-CUBE-AZRTOS-L4_V1.0.0, X-CUBE-AZRTOS-L4_V2.0.0, X-CUBE-AZRTOS-L5_V1.1.0, X-CUBE-AZRTOS-WB_V2.0.0, X-CUBE-AZRTOS-WL_V2.0.0, X-CUBE-BLE1_V7.0.0, X-CUBE-BLE2_V3.3.0, X-CUBE-BLEMGR_V2.0.0, X-CUBE-EEPRMA1_V4.1.0, X-CUBE-EEPRMA1_V4.2.0, X-CUBE-FREERTOS_V1.1.0, X-CUBE-GNSS1_V6.0.0, X-CUBE-MEMS1_V10.0.0, X-CUBE-MEMS1_V9.1.0, X-CUBE-MEMS1_V9.4.0, X-CUBE-MEMS1_V9.6.0, X-CUBE-NFC4_V3.0.0, X-CUBE-NFC7_V1.0.1, X-CUBE-SFXS2LP1_V4.0.0, X-CUBE-SUBG2_V5.0.0, X-CUBE-TOF1_V3.3.1]
2023-11-29 20:50:36,668 [INFO] ApiDb:240 - Found 371 in-development CPN: [B-G473E-ZEST1S, B-WB1M-WPAN1, B-WL5M-SUBG1, NUCLEO-C031C6, NUCLEO-H503RB, NUCLEO-H563ZI, NUCLEO-U545RE-Q, NUCLEO-U5A5ZJ-Q, NUCLEO-WBA52CG, NUCLEO-WBA55CG, STEVAL-MKBOXPRO, STEVAL-PROTEUS1, STEVAL-STWINBX1, STM320518-EVAL, STM32C0116-DK, STM32C011D6Y3TR, STM32C011D6Y6TR, STM32C011F4P3, STM32C011F4P6, STM32C011F4U3, STM32C011F4U6TR, STM32C011F6P3, STM32C011F6P6, STM32C011F6U3, STM32C011F6U6TR, STM32C011J4M3, STM32C011J4M6, STM32C011J6M3, STM32C011J6M6, STM32C0316-DK, STM32C031C4T3, STM32C031C4T6, STM32C031C4U3, STM32C031C4U6, STM32C031C6T3, STM32C031C6T6, STM32C031C6U3, STM32C031C6U6, STM32C031F4P3, STM32C031F4P6, STM32C031F6P3, STM32C031F6P6, STM32C031G4U3, STM32C031G4U6, STM32C031G6U3, STM32C031G6U6, STM32C031K4T3, STM32C031K4T6, STM32C031K4U3, STM32C031K4U6, STM32C031K6T3, STM32C031K6T6, STM32C031K6U3, STM32C031K6U6, STM32G071K8TXN, STM32G071K8UXN, STM32G081GBU6N, STM32G081KBT6N, STM32G081KBUXN, STM32G0B1CCT6N, STM32G0B1KCT6, STM32G0B1NEY6TR, STM32G0B1RCT6N, STM32G0C1CCT6, STM32G0C1CCT6N, STM32G0C1CCU6N, STM32G0C1CET6N, STM32G0C1CEU6N, STM32G0C1KCT6, STM32G0C1NEY6TR, STM32G0C1RCI6N, STM32G0C1RCT6N, STM32G0C1REI6N, STM32G0C1RET6N, STM32G0C1VCI6, STM32G0C1VEI6, STM32G471CCT6, STM32G471CCU6, STM32G471CET3, STM32G471CET6, STM32G471CEU3, STM32G471CEU6, STM32G471MCT6, STM32G471MET3, STM32G471MET6, STM32G471MEY6TR, STM32G471QCT6, STM32G471QET3, STM32G471RCT6, STM32G471RET3, STM32G471RET6, STM32G471VCH6, STM32G471VCI6, STM32G471VCT6, STM32G471VEH3, STM32G471VEH6, STM32G471VEI3, STM32G471VEI6, STM32G471VET3, STM32G471VET6, STM32G474CCT6, STM32H503CBT6, STM32H503CBU6, STM32H503EBY6TR, STM32H503KBU6, STM32H503RBT6, STM32H562AGI6, STM32H562AII6, STM32H562IGK6, STM32H562IGT6, STM32H562IIK6, STM32H562IIT6, STM32H562RGT6, STM32H562RGV6, STM32H562RIT6, STM32H562RIV6, STM32H562VGT6, STM32H562VIT6, STM32H562ZGT6, STM32H562ZIT6, STM32H563AGI6, STM32H563AII3Q, STM32H563AII6, STM32H563IGK6, STM32H563IGT6, STM32H563IIK3Q, STM32H563IIK6, STM32H563IIT3Q, STM32H563IIT6, STM32H563MIY3QTR, STM32H563RGT6, STM32H563RGV6, STM32H563RIT6, STM32H563RIV6, STM32H563VGT6, STM32H563VIT3Q, STM32H563VIT6, STM32H563ZGT6, STM32H563ZIT3Q, STM32H563ZIT6, STM32H573AII3Q, STM32H573AII6, STM32H573I-DK, STM32H573IIK3Q, STM32H573IIK6, STM32H573IIT3Q, STM32H573IIT6, STM32H573MIY3QTR, STM32H573RIT6, STM32H573RIV6, STM32H573VIT3Q, STM32H573VIT6, STM32H573ZIT3Q, STM32H573ZIT6, STM32L4R5QGI6STR, STM32MP131AAE3, STM32MP131AAF3, STM32MP131AAG3, STM32MP131CAE3, STM32MP131CAF3, STM32MP131CAG3, STM32MP131DAE7, STM32MP131DAF7, STM32MP131DAG7, STM32MP131FAE7, STM32MP131FAF7, STM32MP131FAG7, STM32MP133AAE3, STM32MP133AAF3, STM32MP133AAG3, STM32MP133CAE3, STM32MP133CAF3, STM32MP133CAG3, STM32MP133DAE7, STM32MP133DAF7, STM32MP133DAG7, STM32MP133FAE7, STM32MP133FAF7, STM32MP133FAG7, STM32MP135AAE3, STM32MP135AAF3, STM32MP135AAG3, STM32MP135CAE3, STM32MP135CAF3, STM32MP135CAG3, STM32MP135DAE7, STM32MP135DAF7, STM32MP135DAG7, STM32MP135F-DK, STM32MP135FAE7, STM32MP135FAF7, STM32MP135FAF7T, STM32MP135FAF7U, STM32MP135FAG7, STM32U535CBT6, STM32U535CBT6Q, STM32U535CBU6, STM32U535CBU6Q, STM32U535CCT6, STM32U535CCT6Q, STM32U535CCU6, STM32U535CCU6Q, STM32U535CET6, STM32U535CET6Q, STM32U535CEU6, STM32U535CEU6Q, STM32U535JEY6QTR, STM32U535NCY6QTR, STM32U535NEY6QTR, STM32U535RBI6, STM32U535RBI6Q, STM32U535RBT6, STM32U535RBT6Q, STM32U535RCI6, STM32U535RCI6Q, STM32U535RCT6, STM32U535RCT6Q, STM32U535REI6, STM32U535REI6Q, STM32U535RET6, STM32U535RET6Q, STM32U535VCI6, STM32U535VCI6Q, STM32U535VCT6, STM32U535VCT6Q, STM32U535VEI6, STM32U535VEI6Q, STM32U535VET6, STM32U535VET6Q, STM32U545CET6, STM32U545CET6Q, STM32U545CEU6, STM32U545CEU6Q, STM32U545JEY6QTR, STM32U545NEY6QTR, STM32U545REI6, STM32U545REI6Q, STM32U545RET6, STM32U545RET6Q, STM32U545VEI6, STM32U545VEI6Q, STM32U545VET6, STM32U545VET6Q, STM32U595AIH6, STM32U595AIH6Q, STM32U595AJH6, STM32U595AJH6Q, STM32U595QII6, STM32U595QII6Q, STM32U595QJI6, STM32U595QJI6Q, STM32U595RIT6, STM32U595RIT6Q, STM32U595RJT6, STM32U595RJT6Q, STM32U595VIT6, STM32U595VIT6Q, STM32U595VJT6, STM32U595VJT6Q, STM32U595ZIT6, STM32U595ZIT6Q, STM32U595ZIY6QTR, STM32U595ZJT6, STM32U595ZJT6Q, STM32U595ZJY6QTR, STM32U599BJY6QTR, STM32U599NIH6Q, STM32U599NJH6Q, STM32U599VIT6Q, STM32U599VJT6, STM32U599VJT6Q, STM32U599ZIT6Q, STM32U599ZIY6QTR, STM32U599ZJT6Q, STM32U599ZJY6QTR, STM32U5A5AJH6, STM32U5A5AJH6Q, STM32U5A5QJI6, STM32U5A5QJI6Q, STM32U5A5RJT6, STM32U5A5RJT6Q, STM32U5A5VJT6, STM32U5A5VJT6Q, STM32U5A5ZJT6, STM32U5A5ZJT6Q, STM32U5A5ZJY6QTR, STM32U5A9BJY6QTR, STM32U5A9J-DK, STM32U5A9NJH6Q, STM32U5A9VJT6Q, STM32U5A9ZJT6Q, STM32U5A9ZJY6QTR, STM32U5F7VIT6, STM32U5F7VIT6Q, STM32U5F7VJT6, STM32U5F7VJT6Q, STM32U5F9BJY6QTR, STM32U5F9NJH6Q, STM32U5F9VIT6Q, STM32U5F9VJT6Q, STM32U5F9ZIJ6QTR, STM32U5F9ZIT6Q, STM32U5F9ZJJ6QTR, STM32U5F9ZJT6Q, STM32U5G7VJT6, STM32U5G7VJT6Q, STM32U5G9BJY6QTR, STM32U5G9J-DK1, STM32U5G9J-DK2, STM32U5G9NJH6Q, STM32U5G9VJT6Q, STM32U5G9ZJJ6QTR, STM32U5G9ZJT6Q, STM32WB1MMCH6, STM32WBA50KEU6, STM32WBA50KEU6TR, STM32WBA50KGU6, STM32WBA50KGU6TR, STM32WBA52CEU6, STM32WBA52CEU6TR, STM32WBA52CEU7, STM32WBA52CEU7TR, STM32WBA52CGU6, STM32WBA52CGU6TR, STM32WBA52CGU6U, STM32WBA52CGU7, STM32WBA52CGU7TR, STM32WBA52KEU6, STM32WBA52KEU6TR, STM32WBA52KGU6, STM32WBA52KGU6TR, STM32WBA54CEU6, STM32WBA54CEU6TR, STM32WBA54CEU7, STM32WBA54CEU7TR, STM32WBA54CGU6, STM32WBA54CGU6TR, STM32WBA54CGU7, STM32WBA54CGU7TR, STM32WBA54KEU6, STM32WBA54KEU6TR, STM32WBA54KEU7, STM32WBA54KEU7TR, STM32WBA54KGU6, STM32WBA54KGU6TR, STM32WBA54KGU7, STM32WBA54KGU7TR, STM32WBA55CEU6, STM32WBA55CEU6TR, STM32WBA55CEU7, STM32WBA55CEU7TR, STM32WBA55CGU6, STM32WBA55CGU6TR, STM32WBA55CGU6U, STM32WBA55CGU7, STM32WBA55CGU7TR, STM32WBA55G-DK1, STM32WBA55HEF6, STM32WBA55HEF7, STM32WBA55HGF6, STM32WBA55HGF7, STM32WBA55UEI6, STM32WBA55UEI6TR, STM32WBA55UEI7, STM32WBA55UEI7TR, STM32WBA55UGI6, STM32WBA55UGI6TR, STM32WBA55UGI7, STM32WBA55UGI7TR, STM32WL5MOCH6, STM32WL5MOCH6TR]
2023-11-29 20:50:36,673 [INFO] DbMcus:218 - Found 3930 MCUs, 3930 are supported
2023-11-29 20:50:36,673 [INFO] ApiDb:423 - Load user favorites file C:\Users\5164580/.stm32cubeide/favorites.mcus.txt: 1 item(s)
2023-11-29 20:50:36,674 [INFO] ApiDb:427 - User favorites MCUs=[STM32F407VGT6]
2023-11-29 20:50:36,674 [INFO] DbMcus:224 - Set 1 / 1 favorites MCUs
2023-11-29 20:50:36,816 [INFO] ApiDb:423 - Load user favorites file C:\Users\5164580/.stm32cubeide/favorites.boards.txt: 0 item(s)
2023-11-29 20:50:36,816 [INFO] ApiDb:427 - User favorites Boards=[]
2023-11-29 20:50:36,816 [INFO] DbBoards:198 - Set 0 / 0 favorites Boards
2023-11-29 20:50:36,817 [INFO] McuFinderGlobals:76 - Set McuFinderConnectedMode to false
2023-11-29 20:50:36,821 [INFO] MultiScanPanel:200 - Auto-refresh data requested => check proxy status ongoing
2023-11-29 20:50:36,821 [INFO] MultiScanPanel:204 - Proxy status is invalid
2023-11-29 20:50:36,822 [INFO] FinderPluginLoader:95 - Searching for filters in installed packs
2023-11-29 20:50:37,835 [WARN] DetailPanel:346 - Failed to get advertising image, set to default
2023-11-29 20:50:40,381 [INFO] McuFinderGlobals:76 - Set McuFinderConnectedMode to true
2023-11-29 20:50:40,414 [INFO] ApiDb:448 - Save user favorites file C:\Users\5164580/.stm32cubeide/favorites.mcus.txt: 1 item(s)
2023-11-29 20:50:40,414 [INFO] ApiDb:452 - User favorites MCUs=[STM32F407VGT6]
2023-11-29 20:51:50,379 [ERROR] ConfigurationRetriever:142 - IOException on connection: Connect timed out
2023-11-29 20:51:52,383 [ERROR] ConfigurationRetriever:142 - IOException on connection: Connect timed out
2023-11-29 20:51:54,385 [ERROR] ConfigurationRetriever:142 - IOException on connection: Connect timed out
2023-11-29 20:51:55,459 [ERROR] LogOutputStream:75 - [STDERR_REDIRECT] 
