2023-12-06 17:30:09,752 [INFO] Activator:176 - 


2023-12-06 17:30:09,757 [INFO] Activator:177 - !SESSION log4j initialized
2023-12-06 17:30:12,684 [INFO] LogOutputStream:77 - [STDOUT_REDIRECT] 
2023-12-06 17:30:14,770 [INFO] ApplicationProperties:184 - Using Application install path: C:\ST\STM32CubeIDE_1.14.0\STM32CubeIDE\plugins\com.st.stm32cube.common.mx_6.10.0.202311202037
2023-12-06 17:30:14,792 [INFO] DbMcusXml:78 - Set database path to: C:\ST\STM32CubeIDE_1.14.0\STM32CubeIDE\plugins\com.st.stm32cube.common.mx_6.10.0.202311202037\\db\/mcu/
2023-12-06 17:30:14,792 [INFO] ApiDb:274 - Set plugin database path to: C:\ST\STM32CubeIDE_1.14.0\STM32CubeIDE\plugins\com.st.stm32cube.common.mx_6.10.0.202311202037\\db\/plugins/boardmanager/
2023-12-06 17:30:14,793 [WARN] ApiDb:259 - Overriding images path with different value:  => C:\ST\STM32CubeIDE_1.14.0\STM32CubeIDE\plugins\com.st.stm32cube.common.mx_6.10.0.202311202037\\db\/plugins/mcufinder/images/
2023-12-06 17:30:14,806 [INFO] ApiDb:250 - Set database path to: C:\Users\5164580\.stmcufinder\plugins\mcufinder//mcu/
2023-12-06 17:30:14,807 [INFO] DbMcusAds:125 - Set database path to: C:\Users\5164580\.stmcufinder\plugins\mcufinder//mcu/
2023-12-06 17:30:14,812 [INFO] CrossReferenceDbSqlite:203 - Set database path to: C:\Users\5164580\.stmcufinder\plugins\mcufinder//mcu/cs/
2023-12-06 17:30:14,936 [INFO] RulesReader:64 - Compatibility file has been processed (297 Rules)
2023-12-06 17:30:15,011 [INFO] DbMcusXml:78 - Set database path to: C:\ST\STM32CubeIDE_1.14.0\STM32CubeIDE\plugins\com.st.stm32cube.common.mx_6.10.0.202311202037\\db\/mcu/
2023-12-06 17:30:15,011 [INFO] ApiDb:274 - Set plugin database path to: C:\ST\STM32CubeIDE_1.14.0\STM32CubeIDE\plugins\com.st.stm32cube.common.mx_6.10.0.202311202037\\db\/plugins/boardmanager/
2023-12-06 17:30:15,011 [INFO] ApiDb:261 - Set plugin images path to: C:\ST\STM32CubeIDE_1.14.0\STM32CubeIDE\plugins\com.st.stm32cube.common.mx_6.10.0.202311202037\\db\/plugins/mcufinder/images/
2023-12-06 17:30:15,011 [WARN] DbFile:41 - Overriding database path with different value: C:\Users\5164580\.stmcufinder\plugins\mcufinder/ => C:\Users\5164580\.stmcufinder\plugins\mcufinder
2023-12-06 17:30:15,012 [INFO] ApiDb:250 - Set database path to: C:\Users\5164580\.stmcufinder\plugins\mcufinder//mcu/
2023-12-06 17:30:15,012 [WARN] DbFile:41 - Overriding database path with different value: C:\Users\5164580\.stmcufinder\plugins\mcufinder/ => C:\Users\5164580\.stmcufinder\plugins\mcufinder
2023-12-06 17:30:15,012 [INFO] DbMcusAds:125 - Set database path to: C:\Users\5164580\.stmcufinder\plugins\mcufinder//mcu/
2023-12-06 17:30:15,012 [WARN] DbFile:41 - Overriding database path with different value: C:\Users\5164580\.stmcufinder\plugins\mcufinder/ => C:\Users\5164580\.stmcufinder\plugins\mcufinder
2023-12-06 17:30:15,012 [WARN] DbFile:41 - Overriding database path with different value: C:\Users\5164580\.stmcufinder\plugins\mcufinder/ => C:\Users\5164580\.stmcufinder\plugins\mcufinder
2023-12-06 17:30:15,012 [INFO] CrossReferenceDbSqlite:203 - Set database path to: C:\Users\5164580\.stmcufinder\plugins\mcufinder//mcu/cs/
2023-12-06 17:30:15,088 [INFO] MainPanel:264 - HeapMemory: 268435456
2023-12-06 17:30:15,178 [INFO] DbMcusXml:78 - Set database path to: C:\ST\STM32CubeIDE_1.14.0\STM32CubeIDE\plugins\com.st.stm32cube.common.mx_6.10.0.202311202037\\db\/mcu/
2023-12-06 17:30:15,178 [INFO] ApiDb:274 - Set plugin database path to: C:\ST\STM32CubeIDE_1.14.0\STM32CubeIDE\plugins\com.st.stm32cube.common.mx_6.10.0.202311202037\\db\/plugins/boardmanager/
2023-12-06 17:30:15,178 [INFO] ApiDb:261 - Set plugin images path to: C:\ST\STM32CubeIDE_1.14.0\STM32CubeIDE\plugins\com.st.stm32cube.common.mx_6.10.0.202311202037\\db\/plugins/mcufinder/images/
2023-12-06 17:30:15,178 [WARN] DbFile:41 - Overriding database path with different value: C:\Users\5164580\.stmcufinder\plugins\mcufinder/ => C:\Users\5164580\.stmcufinder\plugins\mcufinder
2023-12-06 17:30:15,178 [INFO] ApiDb:250 - Set database path to: C:\Users\5164580\.stmcufinder\plugins\mcufinder//mcu/
2023-12-06 17:30:15,178 [WARN] DbFile:41 - Overriding database path with different value: C:\Users\5164580\.stmcufinder\plugins\mcufinder/ => C:\Users\5164580\.stmcufinder\plugins\mcufinder
2023-12-06 17:30:15,178 [INFO] DbMcusAds:125 - Set database path to: C:\Users\5164580\.stmcufinder\plugins\mcufinder//mcu/
2023-12-06 17:30:15,178 [WARN] DbFile:41 - Overriding database path with different value: C:\Users\5164580\.stmcufinder\plugins\mcufinder/ => C:\Users\5164580\.stmcufinder\plugins\mcufinder
2023-12-06 17:30:15,179 [WARN] DbFile:41 - Overriding database path with different value: C:\Users\5164580\.stmcufinder\plugins\mcufinder/ => C:\Users\5164580\.stmcufinder\plugins\mcufinder
2023-12-06 17:30:15,179 [INFO] CrossReferenceDbSqlite:203 - Set database path to: C:\Users\5164580\.stmcufinder\plugins\mcufinder//mcu/cs/
2023-12-06 17:30:15,196 [INFO] ApplicationProperties:184 - Using Application install path: C:\ST\STM32CubeIDE_1.14.0\STM32CubeIDE\plugins\com.st.stm32cube.common.mx_6.10.0.202311202037
2023-12-06 17:30:15,198 [INFO] PluginManage:196 - Search for loadable plugins [exclusion list=, ]
2023-12-06 17:30:15,199 [INFO] PluginManage:310 - Check plugin analytics
2023-12-06 17:30:15,386 [INFO] AnalyticsPlugin:253 - Accepted Software Licenses: 
2023-12-06 17:30:15,386 [INFO] AnalyticsPlugin:255 - Accepted CMSIS Pack Licenses: 
2023-12-06 17:30:15,386 [INFO] AnalyticsPlugin:257 - Accepted Firmware Licenses: 
2023-12-06 17:30:15,390 [INFO] PluginManage:359 - Loaded plugin analytics (category:tool,tabindex:-1)
2023-12-06 17:30:15,390 [INFO] PluginManage:310 - Check plugin cadmodel
2023-12-06 17:30:15,400 [INFO] CADModel:105 - Init CAD model plugin
2023-12-06 17:30:15,400 [INFO] PluginManage:359 - Loaded plugin cadmodel (category:power,tabindex:5)
2023-12-06 17:30:15,400 [INFO] PluginManage:310 - Check plugin clock
2023-12-06 17:30:15,430 [INFO] PluginManage:359 - Loaded plugin clock (category:base,tabindex:2)
2023-12-06 17:30:15,430 [INFO] PluginManage:310 - Check plugin ddr
2023-12-06 17:30:15,434 [INFO] PluginManage:359 - Loaded plugin ddr (category:tool,tabindex:6)
2023-12-06 17:30:15,434 [INFO] PluginManage:310 - Check plugin filemanager
2023-12-06 17:30:15,587 [INFO] PluginManage:359 - Loaded plugin filemanager (category:base,tabindex:10)
2023-12-06 17:30:15,587 [INFO] PluginManage:310 - Check plugin ipmanager
2023-12-06 17:30:15,595 [INFO] PluginManage:359 - Loaded plugin ipmanager (category:base,tabindex:5)
2023-12-06 17:30:15,595 [INFO] PluginManage:310 - Check plugin lpbam
2023-12-06 17:30:15,605 [INFO] PluginManage:359 - Loaded plugin lpbam (category:base,tabindex:0)
2023-12-06 17:30:15,605 [INFO] PluginManage:310 - Check plugin memorymap
2023-12-06 17:30:15,625 [INFO] PluginManage:359 - Loaded plugin memorymap (category:base,tabindex:4)
2023-12-06 17:30:15,625 [INFO] PluginManage:310 - Check plugin pinoutandconfiguration
2023-12-06 17:30:15,635 [INFO] PluginManage:359 - Loaded plugin pinoutandconfiguration (category:base,tabindex:1)
2023-12-06 17:30:15,635 [INFO] PluginManage:310 - Check plugin pinoutconfig
2023-12-06 17:30:15,728 [WARN] SupportedApi:132 - Cannot load RTOS API schema: s4s-elt-must-match.1: The content of 'definitions' must match (annotation?, (simpleType | complexType)?, (unique | key | keyref)*)). A problem was found starting at: attribute.
2023-12-06 17:30:15,854 [INFO] PluginManage:359 - Loaded plugin pinoutconfig (category:base,tabindex:0)
2023-12-06 17:30:15,854 [INFO] PluginManage:310 - Check plugin power
2023-12-06 17:30:15,867 [INFO] PluginManage:359 - Loaded plugin power (category:power,tabindex:4)
2023-12-06 17:30:15,867 [INFO] PluginManage:310 - Check plugin projectmanager
2023-12-06 17:30:15,884 [INFO] PluginManage:359 - Loaded plugin projectmanager (category:projectmanager,tabindex:3)
2023-12-06 17:30:15,884 [INFO] PluginManage:310 - Check plugin thirdparty
2023-12-06 17:30:16,042 [INFO] PluginManage:359 - Loaded plugin thirdparty (category:base,tabindex:-1)
2023-12-06 17:30:16,042 [INFO] PluginManage:310 - Check plugin tools
2023-12-06 17:30:16,042 [WARN] IntegrityCheckThread:84 - waiting for thirdparty lock release [integrity check]
2023-12-06 17:30:16,042 [INFO] IntegrityCheckThread:86 - entering critical section [integrity check]
2023-12-06 17:30:16,043 [INFO] ThirdPartyUpdaterWithRetryManager:70 - Updater plugin not ready yet. [1/15]
2023-12-06 17:30:16,045 [INFO] PluginManage:359 - Loaded plugin tools (category:base,tabindex:7)
2023-12-06 17:30:16,045 [INFO] PluginManage:310 - Check plugin tutovideos
2023-12-06 17:30:16,230 [INFO] PluginManage:359 - Loaded plugin tutovideos (category:base,tabindex:-1)
2023-12-06 17:30:16,231 [INFO] PluginManage:310 - Check plugin updater
2023-12-06 17:30:16,247 [INFO] PluginManage:359 - Loaded plugin updater (category:base,tabindex:12)
2023-12-06 17:30:16,247 [INFO] PluginManage:310 - Check plugin userauth
2023-12-06 17:30:16,257 [INFO] UserAuth:114 - Init User Auth plugin
2023-12-06 17:30:16,257 [INFO] PluginManage:359 - Loaded plugin userauth (category:base,tabindex:14)
2023-12-06 17:30:16,257 [INFO] PluginManage:283 - PluginManage : Loaded plugins [17]
2023-12-06 17:30:16,496 [INFO] PinOutPanel:1499 - setPackage(No Configuration,No Configuration)
2023-12-06 17:30:16,583 [INFO] CADModel:165 - CPN selected for project level
2023-12-06 17:30:16,583 [INFO] CADModel:114 - Register for checkConnection events
2023-12-06 17:30:16,603 [INFO] IPUIPlugin:80 - create IPUIPlugin
2023-12-06 17:30:16,603 [INFO] PluginManager:220 - loadIPPluginJar : add adc
2023-12-06 17:30:16,605 [INFO] IPUIPlugin:80 - create IPUIPlugin
2023-12-06 17:30:16,606 [INFO] PluginManager:220 - loadIPPluginJar : add aes
2023-12-06 17:30:16,608 [INFO] IPUIPlugin:80 - create IPUIPlugin
2023-12-06 17:30:16,608 [INFO] PluginManager:220 - loadIPPluginJar : add can
2023-12-06 17:30:16,610 [INFO] IPUIPlugin:80 - create IPUIPlugin
2023-12-06 17:30:16,610 [INFO] PluginManager:220 - loadIPPluginJar : add comp
2023-12-06 17:30:16,612 [INFO] IPUIPlugin:80 - create IPUIPlugin
2023-12-06 17:30:16,612 [INFO] PluginManager:220 - loadIPPluginJar : add cryp
2023-12-06 17:30:16,615 [INFO] IPUIPlugin:80 - create IPUIPlugin
2023-12-06 17:30:16,615 [INFO] PluginManager:220 - loadIPPluginJar : add dfsdm
2023-12-06 17:30:16,622 [INFO] IPUIPlugin:80 - create IPUIPlugin
2023-12-06 17:30:16,623 [INFO] PluginManager:220 - loadIPPluginJar : add dma
2023-12-06 17:30:16,626 [INFO] IPUIPlugin:80 - create IPUIPlugin
2023-12-06 17:30:16,626 [INFO] PluginManager:220 - loadIPPluginJar : add dma3
2023-12-06 17:30:16,627 [INFO] IPUIPlugin:80 - create IPUIPlugin
2023-12-06 17:30:16,628 [INFO] PluginManager:220 - loadIPPluginJar : add fatfs
2023-12-06 17:30:16,633 [INFO] IPUIPlugin:80 - create IPUIPlugin
2023-12-06 17:30:16,633 [INFO] PluginManager:220 - loadIPPluginJar : add fmc
2023-12-06 17:30:16,639 [INFO] IPUIPlugin:80 - create IPUIPlugin
2023-12-06 17:30:16,640 [INFO] PluginManager:220 - loadIPPluginJar : add freertos
2023-12-06 17:30:16,640 [INFO] IPUIPlugin:80 - create IPUIPlugin
2023-12-06 17:30:16,641 [INFO] PluginManager:220 - loadIPPluginJar : add genericplugin
2023-12-06 17:30:16,642 [INFO] IPUIPlugin:80 - create IPUIPlugin
2023-12-06 17:30:16,643 [INFO] PluginManager:220 - loadIPPluginJar : add gfxmmu
2023-12-06 17:30:16,647 [INFO] IPUIPlugin:80 - create IPUIPlugin
2023-12-06 17:30:16,647 [INFO] PluginManager:220 - loadIPPluginJar : add gic
2023-12-06 17:30:16,652 [INFO] IPUIPlugin:80 - create IPUIPlugin
2023-12-06 17:30:16,652 [INFO] PluginManager:220 - loadIPPluginJar : add gpio
2023-12-06 17:30:16,655 [INFO] IPUIPlugin:80 - create IPUIPlugin
2023-12-06 17:30:16,655 [INFO] PluginManager:220 - loadIPPluginJar : add gtzc
2023-12-06 17:30:16,658 [INFO] IPUIPlugin:80 - create IPUIPlugin
2023-12-06 17:30:16,658 [INFO] PluginManager:220 - loadIPPluginJar : add hash
2023-12-06 17:30:16,661 [INFO] IPUIPlugin:80 - create IPUIPlugin
2023-12-06 17:30:16,661 [INFO] PluginManager:220 - loadIPPluginJar : add i2c
2023-12-06 17:30:16,663 [INFO] IPUIPlugin:80 - create IPUIPlugin
2023-12-06 17:30:16,663 [INFO] PluginManager:220 - loadIPPluginJar : add i2s
2023-12-06 17:30:16,666 [INFO] IPUIPlugin:80 - create IPUIPlugin
2023-12-06 17:30:16,666 [INFO] PluginManager:220 - loadIPPluginJar : add i3c
2023-12-06 17:30:16,669 [INFO] IPUIPlugin:80 - create IPUIPlugin
2023-12-06 17:30:16,669 [INFO] PluginManager:220 - loadIPPluginJar : add ipddr
2023-12-06 17:30:16,675 [INFO] IPUIPlugin:80 - create IPUIPlugin
2023-12-06 17:30:16,675 [INFO] PluginManager:220 - loadIPPluginJar : add linkedlist
2023-12-06 17:30:16,678 [INFO] IPUIPlugin:80 - create IPUIPlugin
2023-12-06 17:30:16,678 [INFO] PluginManager:220 - loadIPPluginJar : add lorawan
2023-12-06 17:30:16,679 [INFO] IPUIPlugin:80 - create IPUIPlugin
2023-12-06 17:30:16,679 [INFO] PluginManager:220 - loadIPPluginJar : add ltdc
2023-12-06 17:30:16,684 [INFO] IPUIPlugin:80 - create IPUIPlugin
2023-12-06 17:30:16,685 [INFO] PluginManager:220 - loadIPPluginJar : add mdma
2023-12-06 17:30:16,689 [INFO] IPUIPlugin:80 - create IPUIPlugin
2023-12-06 17:30:16,689 [INFO] PluginManager:220 - loadIPPluginJar : add nvic
2023-12-06 17:30:16,691 [INFO] IPUIPlugin:80 - create IPUIPlugin
2023-12-06 17:30:16,691 [INFO] PluginManager:220 - loadIPPluginJar : add opamp
2023-12-06 17:30:16,694 [INFO] IPUIPlugin:80 - create IPUIPlugin
2023-12-06 17:30:16,695 [INFO] PluginManager:220 - loadIPPluginJar : add openamp
2023-12-06 17:30:16,697 [INFO] IPUIPlugin:80 - create IPUIPlugin
2023-12-06 17:30:16,698 [INFO] PluginManager:220 - loadIPPluginJar : add pdm2pcm
2023-12-06 17:30:16,705 [INFO] IPUIPlugin:80 - create IPUIPlugin
2023-12-06 17:30:16,706 [INFO] PluginManager:220 - loadIPPluginJar : add plateformsettings
2023-12-06 17:30:16,709 [INFO] IPUIPlugin:80 - create IPUIPlugin
2023-12-06 17:30:16,710 [INFO] PluginManager:220 - loadIPPluginJar : add quadspi
2023-12-06 17:30:16,715 [INFO] IPUIPlugin:80 - create IPUIPlugin
2023-12-06 17:30:16,716 [INFO] PluginManager:220 - loadIPPluginJar : add resmgrutility
2023-12-06 17:30:16,719 [INFO] IPUIPlugin:80 - create IPUIPlugin
2023-12-06 17:30:16,719 [INFO] PluginManager:220 - loadIPPluginJar : add sai
2023-12-06 17:30:16,722 [INFO] IPUIPlugin:80 - create IPUIPlugin
2023-12-06 17:30:16,722 [INFO] PluginManager:220 - loadIPPluginJar : add spi
2023-12-06 17:30:16,727 [INFO] IPUIPlugin:80 - create IPUIPlugin
2023-12-06 17:30:16,728 [INFO] PluginManager:220 - loadIPPluginJar : add stm32_wpan
2023-12-06 17:30:16,730 [INFO] IPUIPlugin:80 - create IPUIPlugin
2023-12-06 17:30:16,730 [INFO] PluginManager:220 - loadIPPluginJar : add tim
2023-12-06 17:30:16,734 [INFO] IPUIPlugin:80 - create IPUIPlugin
2023-12-06 17:30:16,734 [INFO] PluginManager:220 - loadIPPluginJar : add touchsensing
2023-12-06 17:30:16,737 [INFO] IPUIPlugin:80 - create IPUIPlugin
2023-12-06 17:30:16,737 [INFO] PluginManager:220 - loadIPPluginJar : add tracer_emb
2023-12-06 17:30:16,740 [INFO] IPUIPlugin:80 - create IPUIPlugin
2023-12-06 17:30:16,740 [INFO] PluginManager:220 - loadIPPluginJar : add ts
2023-12-06 17:30:16,743 [INFO] IPUIPlugin:80 - create IPUIPlugin
2023-12-06 17:30:16,743 [INFO] PluginManager:220 - loadIPPluginJar : add tsc
2023-12-06 17:30:16,745 [INFO] IPUIPlugin:80 - create IPUIPlugin
2023-12-06 17:30:16,745 [INFO] PluginManager:220 - loadIPPluginJar : add ucpd
2023-12-06 17:30:16,748 [INFO] IPUIPlugin:80 - create IPUIPlugin
2023-12-06 17:30:16,749 [INFO] PluginManager:220 - loadIPPluginJar : add usart
2023-12-06 17:30:16,753 [INFO] IPUIPlugin:80 - create IPUIPlugin
2023-12-06 17:30:16,753 [INFO] PluginManager:220 - loadIPPluginJar : add usbx
2023-12-06 17:30:16,879 [INFO] CADModel:165 - CPN selected for project level
2023-12-06 17:30:16,879 [INFO] CADModel:114 - Register for checkConnection events
2023-12-06 17:30:16,880 [FATAL] Updater:308 - Updater called before beeing initialized
2023-12-06 17:30:16,880 [ERROR] CADModel:125 - Updater not yet initialized, retry later 
2023-12-06 17:30:17,045 [INFO] CADModel:165 - CPN selected for project level
2023-12-06 17:30:17,045 [INFO] CADModel:114 - Register for checkConnection events
2023-12-06 17:30:17,045 [FATAL] Updater:308 - Updater called before beeing initialized
2023-12-06 17:30:17,045 [ERROR] CADModel:125 - Updater not yet initialized, retry later 
2023-12-06 17:30:17,048 [FATAL] Updater:308 - Updater called before beeing initialized
2023-12-06 17:30:17,158 [FATAL] Updater:308 - Updater called before beeing initialized
2023-12-06 17:30:17,162 [INFO] DbMcusAds:53 - JSON generation date=Wed Nov 29 19:52:27 JST 2023 (1701255147349)
2023-12-06 17:30:17,162 [FATAL] Updater:308 - Updater called before beeing initialized
2023-12-06 17:30:17,206 [WARN] DetailPanel:346 - Failed to get advertising image, set to default
2023-12-06 17:30:17,282 [FATAL] Updater:308 - Updater called before beeing initialized
2023-12-06 17:30:17,286 [FATAL] Updater:308 - Updater called before beeing initialized
2023-12-06 17:30:17,286 [FATAL] Updater:308 - Updater called before beeing initialized
2023-12-06 17:30:17,286 [WARN] DetailPanel:346 - Failed to get advertising image, set to default
2023-12-06 17:30:17,286 [FATAL] Updater:308 - Updater called before beeing initialized
2023-12-06 17:30:17,340 [ERROR] Updater:1120 - MainUpdater not yet initialized. External WinMGr cannot be set.
2023-12-06 17:30:17,344 [INFO] Updater:1056 - Updater Version found : 6.10.0
2023-12-06 17:30:17,366 [INFO] ApplicationProperties:184 - Using Application install path: C:\ST\STM32CubeIDE_1.14.0\STM32CubeIDE\plugins\com.st.stm32cube.common.mx_6.10.0.202311202037
2023-12-06 17:30:18,945 [ERROR] LogOutputStream:75 - [STDERR_REDIRECT] Dec 06, 2023 5:30:18 PM java.util.prefs.WindowsPreferences <init>
2023-12-06 17:30:18,948 [ERROR] LogOutputStream:75 - [STDERR_REDIRECT] WARNING: Could not open/create prefs root node Software\JavaSoft\Prefs at root 0xffffffff80000002. Windows RegCreateKeyEx(...) returned error code 5.
2023-12-06 17:30:18,948 [ERROR] LogOutputStream:75 - [STDERR_REDIRECT] 
2023-12-06 17:30:19,045 [INFO] ThirdPartyUpdaterWithRetryManager:70 - Updater plugin not ready yet. [2/15]
2023-12-06 17:30:19,204 [INFO] MainUpdater:2873 - connection check result : 10
2023-12-06 17:30:19,205 [INFO] MainUpdater:290 - Updater Check For Update Now.
2023-12-06 17:30:19,205 [INFO] MicroXplorer:498 - Change Database Version : DB.6.0.100
2023-12-06 17:30:19,211 [INFO] McuFinderGlobals:63 - Set McuFinder mode to 2 (CubeIDE integrated)
2023-12-06 17:30:19,212 [INFO] UserAuth:180 - activating auth plugin
2023-12-06 17:30:19,215 [INFO] UserAuth:404 - Internet connection configuration mode: 1
2023-12-06 17:30:19,237 [INFO] JxBrowserEngine:152 - Initiate JxBrowser Engine with user profile folder
2023-12-06 17:30:19,371 [INFO] CheckServerUpdateThread:120 - End of CheckServer Thread
2023-12-06 17:30:20,140 [INFO] WebApp:161 - Instantiating new browser for Auth
2023-12-06 17:30:20,742 [INFO] WebApp:780 - Register for checkConnection events
2023-12-06 17:30:20,742 [INFO] WebApp:414 - Apply proxy settings
2023-12-06 17:30:20,743 [INFO] WebApp:459 - Chromium authenticates against Manually configured proxy
2023-12-06 17:30:20,752 [INFO] WebApp:467 - Username used for proxy authentication: 
2023-12-06 17:30:20,939 [INFO] WebApp:192 - Starting web application
2023-12-06 17:30:20,939 [INFO] WebApp:544 - Web application path used C:\ST\STM32CubeIDE_1.14.0\STM32CubeIDE\plugins\com.st.stm32cube.common.mx_6.10.0.202311202037\db\plugins\mcufinder\reactClient1\index.html
2023-12-06 17:30:22,182 [WARN] PackLoader:240 - Cannot read IP mode file for STMicroelectronics.X-CUBE-SMBUS.2.1.0
2023-12-06 17:30:22,212 [WARN] PackLoader:240 - Cannot read IP mode file for STMicroelectronics.FP-SNS-MOTENV1.4.3.2
2023-12-06 17:30:22,231 [WARN] PackLoader:240 - Cannot read IP mode file for STMicroelectronics.FP-SNS-FLIGHT1.5.0.2
2023-12-06 17:30:22,260 [WARN] PackLoader:240 - Cannot read IP mode file for STMicroelectronics.X-CUBE-DISPLAY.3.0.0
2023-12-06 17:30:22,307 [WARN] PackLoader:240 - Cannot read IP mode file for STMicroelectronics.X-CUBE-BLE1.7.0.0
2023-12-06 17:30:22,325 [WARN] PackLoader:240 - Cannot read IP mode file for STMicroelectronics.FP-SNS-SMARTAG2.1.2.0
2023-12-06 17:30:22,346 [WARN] PackLoader:240 - Cannot read IP mode file for STMicroelectronics.X-CUBE-BLE2.3.3.0
2023-12-06 17:30:22,369 [WARN] PackLoader:240 - Cannot read IP mode file for STMicroelectronics.X-CUBE-NFC4.3.0.0
2023-12-06 17:30:22,407 [WARN] PackLoader:240 - Cannot read IP mode file for STMicroelectronics.X-CUBE-BLEMGR.3.0.0
2023-12-06 17:30:22,430 [WARN] PackLoader:240 - Cannot read IP mode file for STMicroelectronics.FP-ATR-SIGFOX1.3.2.0
2023-12-06 17:30:22,449 [WARN] PackLoader:240 - Cannot read IP mode file for STMicroelectronics.X-CUBE-GNSS1.6.0.0
2023-12-06 17:30:22,469 [WARN] PackLoader:240 - Cannot read IP mode file for STMicroelectronics.X-CUBE-EEPRMA1.4.2.0
2023-12-06 17:30:22,488 [WARN] PackLoader:240 - Cannot read IP mode file for STMicroelectronics.X-CUBE-NFC7.1.0.1
2023-12-06 17:30:22,515 [WARN] PackLoader:240 - Cannot read IP mode file for STMicroelectronics.X-CUBE-NFC6.3.0.0
2023-12-06 17:30:22,539 [WARN] PackLoader:240 - Cannot read IP mode file for STMicroelectronics.X-CUBE-AI.8.1.0
2023-12-06 17:30:22,562 [WARN] PackLoader:240 - Cannot read IP mode file for STMicroelectronics.X-CUBE-SFXS2LP1.4.0.0
2023-12-06 17:30:22,577 [WARN] PackLoader:240 - Cannot read IP mode file for STMicroelectronics.X-CUBE-ISPU.1.1.0
2023-12-06 17:30:22,614 [WARN] PackLoader:240 - Cannot read IP mode file for STMicroelectronics.X-CUBE-SUBG2.5.0.0
2023-12-06 17:30:22,744 [WARN] PackLoader:240 - Cannot read IP mode file for STMicroelectronics.X-CUBE-MEMS1.10.0.0
2023-12-06 17:30:23,025 [WARN] PackLoader:240 - Cannot read IP mode file for STMicroelectronics.X-CUBE-FREERTOS.1.1.0
2023-12-06 17:30:23,032 [WARN] PackLoader:240 - Cannot read IP mode file for STMicroelectronics.X-CUBE-ALS.1.0.1
2023-12-06 17:30:23,040 [WARN] PackLoader:240 - Cannot read IP mode file for STMicroelectronics.FP-ATR-ASTRA1.2.0.0
2023-12-06 17:30:23,042 [INFO] ThirdParty:978 - Integrity check success = true
2023-12-06 17:30:23,042 [INFO] IntegrityCheckThread:100 - exiting critical section [integrity check]
2023-12-06 17:30:23,042 [INFO] IntegrityCheckThread:103 - End integrity checks thread
2023-12-06 17:30:42,418 [ERROR] LogOutputStream:75 - [STDERR_REDIRECT] SLF4J: Failed to load class "org.slf4j.impl.StaticLoggerBinder".
2023-12-06 17:30:42,418 [ERROR] LogOutputStream:75 - [STDERR_REDIRECT] SLF4J: Defaulting to no-operation (NOP) logger implementation
2023-12-06 17:30:42,430 [ERROR] LogOutputStream:75 - [STDERR_REDIRECT] SLF4J: See http://www.slf4j.org/codes.html#StaticLoggerBinder for further details.
2023-12-06 17:32:05,133 [INFO] McuFinderGlobals:63 - Set McuFinder mode to 2 (CubeIDE integrated)
2023-12-06 17:32:05,140 [INFO] MainUpdater:2873 - connection check result : 10
2023-12-06 17:32:05,141 [INFO] MainUpdater:2873 - connection check result : 10
2023-12-06 17:32:05,190 [INFO] MicroXplorer:468 - Change Database Path : 
2023-12-06 17:32:05,190 [INFO] MicroXplorer:498 - Change Database Version : DB.6.0.100
2023-12-06 17:32:05,195 [WARN] ThirdParty:871 - waiting for thirdparty lock release [close project]
2023-12-06 17:32:05,195 [INFO] ThirdParty:873 - entering critical section [close project]
2023-12-06 17:32:05,196 [INFO] ThirdParty:883 - exiting critical section [close project]
2023-12-06 17:32:05,198 [INFO] PinOutPanel:1499 - setPackage(No Configuration,No Configuration)
2023-12-06 17:32:05,201 [INFO] UtilMem:75 - Begin LoadConfig() Used Memory: 709658320 Bytes (757071872)
2023-12-06 17:32:05,203 [INFO] MicroXplorer:468 - Change Database Path : 
2023-12-06 17:32:05,203 [INFO] MicroXplorer:498 - Change Database Version : DB.6.0.100
2023-12-06 17:32:05,203 [INFO] OpenFileManager:312 - Change cursor
2023-12-06 17:32:05,229 [INFO] Mcu:2016 - Initializing MCU STM32F407V(E-G)Tx STM32F407VGTx STM32F407VGT6
2023-12-06 17:32:06,473 [INFO] Context:659 - Trying to add GPIOservice into a context  which must be forbidden
2023-12-06 17:32:07,020 [WARN] ModelIntegratedComponent:63 - No mode defined for component null
2023-12-06 17:32:07,020 [WARN] ModelIntegratedComponent:63 - No mode defined for component null
2023-12-06 17:32:07,020 [WARN] ModelIntegratedComponent:63 - No mode defined for component null
2023-12-06 17:32:07,020 [WARN] ModelIntegratedComponent:63 - No mode defined for component null
2023-12-06 17:32:07,020 [WARN] ModelIntegratedComponent:63 - No mode defined for component null
2023-12-06 17:32:07,020 [WARN] ModelIntegratedComponent:63 - No mode defined for component null
2023-12-06 17:32:07,020 [WARN] ModelIntegratedComponent:63 - No mode defined for component null
2023-12-06 17:32:07,020 [WARN] ModelIntegratedComponent:63 - No mode defined for component null
2023-12-06 17:32:07,020 [WARN] ModelIntegratedComponent:63 - No mode defined for component null
2023-12-06 17:32:07,020 [WARN] ModelIntegratedComponent:63 - No mode defined for component null
2023-12-06 17:32:07,020 [WARN] ModelIntegratedComponent:63 - No mode defined for component null
2023-12-06 17:32:07,020 [WARN] ModelIntegratedComponent:63 - No mode defined for component null
2023-12-06 17:32:07,020 [WARN] ModelIntegratedComponent:63 - No mode defined for component null
2023-12-06 17:32:07,020 [WARN] ModelIntegratedComponent:63 - No mode defined for component null
2023-12-06 17:32:07,020 [WARN] ModelIntegratedComponent:63 - No mode defined for component null
2023-12-06 17:32:07,020 [WARN] ModelIntegratedComponent:63 - No mode defined for component null
2023-12-06 17:32:07,021 [WARN] ModelIntegratedComponent:63 - No mode defined for component null
2023-12-06 17:32:07,021 [WARN] ModelIntegratedComponent:63 - No mode defined for component null
2023-12-06 17:32:07,021 [WARN] ModelIntegratedComponent:63 - No mode defined for component null
2023-12-06 17:32:07,021 [WARN] ModelIntegratedComponent:63 - No mode defined for component null
2023-12-06 17:32:07,021 [WARN] ModelIntegratedComponent:63 - No mode defined for component null
2023-12-06 17:32:07,021 [WARN] ModelIntegratedComponent:63 - No mode defined for component null
2023-12-06 17:32:07,021 [WARN] ModelIntegratedComponent:63 - No mode defined for component null
2023-12-06 17:32:07,021 [WARN] ModelIntegratedComponent:63 - No mode defined for component null
2023-12-06 17:32:07,021 [WARN] ModelIntegratedComponent:63 - No mode defined for component null
2023-12-06 17:32:07,021 [WARN] ModelIntegratedComponent:63 - No mode defined for component null
2023-12-06 17:32:07,021 [WARN] ModelIntegratedComponent:63 - No mode defined for component null
2023-12-06 17:32:07,021 [WARN] ModelIntegratedComponent:63 - No mode defined for component null
2023-12-06 17:32:07,021 [WARN] ModelIntegratedComponent:63 - No mode defined for component null
2023-12-06 17:32:07,021 [WARN] ModelIntegratedComponent:63 - No mode defined for component null
2023-12-06 17:32:07,021 [WARN] ModelIntegratedComponent:63 - No mode defined for component null
2023-12-06 17:32:07,021 [WARN] ModelIntegratedComponent:63 - No mode defined for component null
2023-12-06 17:32:07,021 [WARN] ModelIntegratedComponent:63 - No mode defined for component null
2023-12-06 17:32:07,092 [INFO] RtosManager:555 - Registered RTOS mode: class=CMSIS, group=RTOS, mode=CMSIS_V1, owner=FREERTOS
2023-12-06 17:32:07,092 [INFO] RtosManager:555 - Registered RTOS mode: class=CMSIS, group=RTOS2, mode=CMSIS_V2, owner=FREERTOS
2023-12-06 17:32:07,092 [INFO] RtosManager:555 - Registered RTOS mode: class=RTOS, group=Core, mode=CMSIS_V1, owner=FREERTOS
2023-12-06 17:32:07,092 [INFO] RtosManager:555 - Registered RTOS mode: class=RTOS, group=Core, mode=CMSIS_V2, owner=FREERTOS
2023-12-06 17:32:07,092 [WARN] ModelIntegratedComponent:184 - Missing modes for component STMicroelectronics:FreeRTOS:0.0.1:STMicroelectronics:RTOS:FreeRTOS:Core:::10.2.0:
2023-12-06 17:32:07,101 [INFO] ThirdPartyModel:298 - Start build external matchings
2023-12-06 17:32:07,161 [INFO] ThirdPartyModel:316 - End build external matchings
2023-12-06 17:32:07,449 [INFO] UtilMem:75 - End LoadConfig() Used Memory: 411307808 Bytes (963641344)
2023-12-06 17:32:07,539 [INFO] ApiDb:581 - Connected to CubeFinder SQLite database (C:\Users\5164580\.stmcufinder\plugins\mcufinder\mcu\cube-finder-db.db)
2023-12-06 17:32:07,597 [INFO] ApiDb:668 - CubeFinder database Data Model version=2.1
2023-12-06 17:32:07,597 [INFO] ApiDb:669 - CubeFinder database Configuration version=3.0.39
2023-12-06 17:32:07,597 [INFO] ApiDb:670 - CubeFinder database generation date=2023-11-06 (1699269565)
2023-12-06 17:32:07,597 [INFO] ApiDb:671 - CubeFinder database FW Pack versions=[FP-ATR-ASTRA1_V2.0.0, FP-SNS-FLIGHT1_V5.0.1, FP-SNS-FLIGHT1_V5.0.2, FP-SNS-MOTENV1_V4.3.1, FP-SNS-MOTENV1_V4.3.2, FP-SNS-MOTENVWB1_V1.3.0, FP-SNS-SMARTAG2_V1.2.0, STM32Cube_FW_C0_V1.1.0, STM32Cube_FW_F4_V1.28.0, STM32Cube_FW_F7_V1.17.0, STM32Cube_FW_G0_V1.6.1, STM32Cube_FW_G4_V1.5.1, STM32Cube_FW_H5_V0.5.1, STM32Cube_FW_H5_V1.1.1, STM32Cube_FW_H5_V1.2.0RC2, STM32Cube_FW_H7_V1.11.0, STM32Cube_FW_L0_V1.12.2, STM32Cube_FW_L5_V1.5.0, STM32Cube_FW_U5_V1.3.0RC4, STM32Cube_FW_U5_V1.4.0, STM32Cube_FW_WBA_V1.0.0RC1, STM32Cube_FW_WBA_V1.1.0RC1, STM32Cube_FW_WBA_V1.2.0, STM32Cube_FW_WBA_V1.2.0RC2, STM32Cube_FW_WB_V1.15.0RC1, STM32Cube_FW_WB_V1.16.0, STM32Cube_FW_WB_V1.16.0RC2, STM32Cube_FW_WB_V1.18.0, STM32Cube_FW_WL_V1.3.0, X-CUBE-ALGOBUILD_V1.3.0, X-CUBE-ALS_V1.0.1, X-CUBE-AZRTOS-F4_V1.1.0, X-CUBE-AZRTOS-F7_V1.1.0, X-CUBE-AZRTOS-G0_V1.1.0, X-CUBE-AZRTOS-G4_V2.0.0, X-CUBE-AZRTOS-H7_V3.1.0, X-CUBE-AZRTOS-L4_V1.0.0, X-CUBE-AZRTOS-L4_V2.0.0, X-CUBE-AZRTOS-L5_V1.1.0, X-CUBE-AZRTOS-WB_V2.0.0, X-CUBE-AZRTOS-WL_V2.0.0, X-CUBE-BLE1_V7.0.0, X-CUBE-BLE2_V3.3.0, X-CUBE-BLEMGR_V2.0.0, X-CUBE-EEPRMA1_V4.1.0, X-CUBE-EEPRMA1_V4.2.0, X-CUBE-FREERTOS_V1.1.0, X-CUBE-GNSS1_V6.0.0, X-CUBE-MEMS1_V10.0.0, X-CUBE-MEMS1_V9.1.0, X-CUBE-MEMS1_V9.4.0, X-CUBE-MEMS1_V9.6.0, X-CUBE-NFC4_V3.0.0, X-CUBE-NFC7_V1.0.1, X-CUBE-SFXS2LP1_V4.0.0, X-CUBE-SUBG2_V5.0.0, X-CUBE-TOF1_V3.3.1]
2023-12-06 17:32:09,821 [INFO] ApiDb:240 - Found 371 in-development CPN: [B-G473E-ZEST1S, B-WB1M-WPAN1, B-WL5M-SUBG1, NUCLEO-C031C6, NUCLEO-H503RB, NUCLEO-H563ZI, NUCLEO-U545RE-Q, NUCLEO-U5A5ZJ-Q, NUCLEO-WBA52CG, NUCLEO-WBA55CG, STEVAL-MKBOXPRO, STEVAL-PROTEUS1, STEVAL-STWINBX1, STM320518-EVAL, STM32C0116-DK, STM32C011D6Y3TR, STM32C011D6Y6TR, STM32C011F4P3, STM32C011F4P6, STM32C011F4U3, STM32C011F4U6TR, STM32C011F6P3, STM32C011F6P6, STM32C011F6U3, STM32C011F6U6TR, STM32C011J4M3, STM32C011J4M6, STM32C011J6M3, STM32C011J6M6, STM32C0316-DK, STM32C031C4T3, STM32C031C4T6, STM32C031C4U3, STM32C031C4U6, STM32C031C6T3, STM32C031C6T6, STM32C031C6U3, STM32C031C6U6, STM32C031F4P3, STM32C031F4P6, STM32C031F6P3, STM32C031F6P6, STM32C031G4U3, STM32C031G4U6, STM32C031G6U3, STM32C031G6U6, STM32C031K4T3, STM32C031K4T6, STM32C031K4U3, STM32C031K4U6, STM32C031K6T3, STM32C031K6T6, STM32C031K6U3, STM32C031K6U6, STM32G071K8TXN, STM32G071K8UXN, STM32G081GBU6N, STM32G081KBT6N, STM32G081KBUXN, STM32G0B1CCT6N, STM32G0B1KCT6, STM32G0B1NEY6TR, STM32G0B1RCT6N, STM32G0C1CCT6, STM32G0C1CCT6N, STM32G0C1CCU6N, STM32G0C1CET6N, STM32G0C1CEU6N, STM32G0C1KCT6, STM32G0C1NEY6TR, STM32G0C1RCI6N, STM32G0C1RCT6N, STM32G0C1REI6N, STM32G0C1RET6N, STM32G0C1VCI6, STM32G0C1VEI6, STM32G471CCT6, STM32G471CCU6, STM32G471CET3, STM32G471CET6, STM32G471CEU3, STM32G471CEU6, STM32G471MCT6, STM32G471MET3, STM32G471MET6, STM32G471MEY6TR, STM32G471QCT6, STM32G471QET3, STM32G471RCT6, STM32G471RET3, STM32G471RET6, STM32G471VCH6, STM32G471VCI6, STM32G471VCT6, STM32G471VEH3, STM32G471VEH6, STM32G471VEI3, STM32G471VEI6, STM32G471VET3, STM32G471VET6, STM32G474CCT6, STM32H503CBT6, STM32H503CBU6, STM32H503EBY6TR, STM32H503KBU6, STM32H503RBT6, STM32H562AGI6, STM32H562AII6, STM32H562IGK6, STM32H562IGT6, STM32H562IIK6, STM32H562IIT6, STM32H562RGT6, STM32H562RGV6, STM32H562RIT6, STM32H562RIV6, STM32H562VGT6, STM32H562VIT6, STM32H562ZGT6, STM32H562ZIT6, STM32H563AGI6, STM32H563AII3Q, STM32H563AII6, STM32H563IGK6, STM32H563IGT6, STM32H563IIK3Q, STM32H563IIK6, STM32H563IIT3Q, STM32H563IIT6, STM32H563MIY3QTR, STM32H563RGT6, STM32H563RGV6, STM32H563RIT6, STM32H563RIV6, STM32H563VGT6, STM32H563VIT3Q, STM32H563VIT6, STM32H563ZGT6, STM32H563ZIT3Q, STM32H563ZIT6, STM32H573AII3Q, STM32H573AII6, STM32H573I-DK, STM32H573IIK3Q, STM32H573IIK6, STM32H573IIT3Q, STM32H573IIT6, STM32H573MIY3QTR, STM32H573RIT6, STM32H573RIV6, STM32H573VIT3Q, STM32H573VIT6, STM32H573ZIT3Q, STM32H573ZIT6, STM32L4R5QGI6STR, STM32MP131AAE3, STM32MP131AAF3, STM32MP131AAG3, STM32MP131CAE3, STM32MP131CAF3, STM32MP131CAG3, STM32MP131DAE7, STM32MP131DAF7, STM32MP131DAG7, STM32MP131FAE7, STM32MP131FAF7, STM32MP131FAG7, STM32MP133AAE3, STM32MP133AAF3, STM32MP133AAG3, STM32MP133CAE3, STM32MP133CAF3, STM32MP133CAG3, STM32MP133DAE7, STM32MP133DAF7, STM32MP133DAG7, STM32MP133FAE7, STM32MP133FAF7, STM32MP133FAG7, STM32MP135AAE3, STM32MP135AAF3, STM32MP135AAG3, STM32MP135CAE3, STM32MP135CAF3, STM32MP135CAG3, STM32MP135DAE7, STM32MP135DAF7, STM32MP135DAG7, STM32MP135F-DK, STM32MP135FAE7, STM32MP135FAF7, STM32MP135FAF7T, STM32MP135FAF7U, STM32MP135FAG7, STM32U535CBT6, STM32U535CBT6Q, STM32U535CBU6, STM32U535CBU6Q, STM32U535CCT6, STM32U535CCT6Q, STM32U535CCU6, STM32U535CCU6Q, STM32U535CET6, STM32U535CET6Q, STM32U535CEU6, STM32U535CEU6Q, STM32U535JEY6QTR, STM32U535NCY6QTR, STM32U535NEY6QTR, STM32U535RBI6, STM32U535RBI6Q, STM32U535RBT6, STM32U535RBT6Q, STM32U535RCI6, STM32U535RCI6Q, STM32U535RCT6, STM32U535RCT6Q, STM32U535REI6, STM32U535REI6Q, STM32U535RET6, STM32U535RET6Q, STM32U535VCI6, STM32U535VCI6Q, STM32U535VCT6, STM32U535VCT6Q, STM32U535VEI6, STM32U535VEI6Q, STM32U535VET6, STM32U535VET6Q, STM32U545CET6, STM32U545CET6Q, STM32U545CEU6, STM32U545CEU6Q, STM32U545JEY6QTR, STM32U545NEY6QTR, STM32U545REI6, STM32U545REI6Q, STM32U545RET6, STM32U545RET6Q, STM32U545VEI6, STM32U545VEI6Q, STM32U545VET6, STM32U545VET6Q, STM32U595AIH6, STM32U595AIH6Q, STM32U595AJH6, STM32U595AJH6Q, STM32U595QII6, STM32U595QII6Q, STM32U595QJI6, STM32U595QJI6Q, STM32U595RIT6, STM32U595RIT6Q, STM32U595RJT6, STM32U595RJT6Q, STM32U595VIT6, STM32U595VIT6Q, STM32U595VJT6, STM32U595VJT6Q, STM32U595ZIT6, STM32U595ZIT6Q, STM32U595ZIY6QTR, STM32U595ZJT6, STM32U595ZJT6Q, STM32U595ZJY6QTR, STM32U599BJY6QTR, STM32U599NIH6Q, STM32U599NJH6Q, STM32U599VIT6Q, STM32U599VJT6, STM32U599VJT6Q, STM32U599ZIT6Q, STM32U599ZIY6QTR, STM32U599ZJT6Q, STM32U599ZJY6QTR, STM32U5A5AJH6, STM32U5A5AJH6Q, STM32U5A5QJI6, STM32U5A5QJI6Q, STM32U5A5RJT6, STM32U5A5RJT6Q, STM32U5A5VJT6, STM32U5A5VJT6Q, STM32U5A5ZJT6, STM32U5A5ZJT6Q, STM32U5A5ZJY6QTR, STM32U5A9BJY6QTR, STM32U5A9J-DK, STM32U5A9NJH6Q, STM32U5A9VJT6Q, STM32U5A9ZJT6Q, STM32U5A9ZJY6QTR, STM32U5F7VIT6, STM32U5F7VIT6Q, STM32U5F7VJT6, STM32U5F7VJT6Q, STM32U5F9BJY6QTR, STM32U5F9NJH6Q, STM32U5F9VIT6Q, STM32U5F9VJT6Q, STM32U5F9ZIJ6QTR, STM32U5F9ZIT6Q, STM32U5F9ZJJ6QTR, STM32U5F9ZJT6Q, STM32U5G7VJT6, STM32U5G7VJT6Q, STM32U5G9BJY6QTR, STM32U5G9J-DK1, STM32U5G9J-DK2, STM32U5G9NJH6Q, STM32U5G9VJT6Q, STM32U5G9ZJJ6QTR, STM32U5G9ZJT6Q, STM32WB1MMCH6, STM32WBA50KEU6, STM32WBA50KEU6TR, STM32WBA50KGU6, STM32WBA50KGU6TR, STM32WBA52CEU6, STM32WBA52CEU6TR, STM32WBA52CEU7, STM32WBA52CEU7TR, STM32WBA52CGU6, STM32WBA52CGU6TR, STM32WBA52CGU6U, STM32WBA52CGU7, STM32WBA52CGU7TR, STM32WBA52KEU6, STM32WBA52KEU6TR, STM32WBA52KGU6, STM32WBA52KGU6TR, STM32WBA54CEU6, STM32WBA54CEU6TR, STM32WBA54CEU7, STM32WBA54CEU7TR, STM32WBA54CGU6, STM32WBA54CGU6TR, STM32WBA54CGU7, STM32WBA54CGU7TR, STM32WBA54KEU6, STM32WBA54KEU6TR, STM32WBA54KEU7, STM32WBA54KEU7TR, STM32WBA54KGU6, STM32WBA54KGU6TR, STM32WBA54KGU7, STM32WBA54KGU7TR, STM32WBA55CEU6, STM32WBA55CEU6TR, STM32WBA55CEU7, STM32WBA55CEU7TR, STM32WBA55CGU6, STM32WBA55CGU6TR, STM32WBA55CGU6U, STM32WBA55CGU7, STM32WBA55CGU7TR, STM32WBA55G-DK1, STM32WBA55HEF6, STM32WBA55HEF7, STM32WBA55HGF6, STM32WBA55HGF7, STM32WBA55UEI6, STM32WBA55UEI6TR, STM32WBA55UEI7, STM32WBA55UEI7TR, STM32WBA55UGI6, STM32WBA55UGI6TR, STM32WBA55UGI7, STM32WBA55UGI7TR, STM32WL5MOCH6, STM32WL5MOCH6TR]
2023-12-06 17:32:09,826 [INFO] DbMcus:218 - Found 3930 MCUs, 3930 are supported
2023-12-06 17:32:09,827 [INFO] ApiDb:423 - Load user favorites file C:\Users\5164580/.stm32cubeide/favorites.mcus.txt: 1 item(s)
2023-12-06 17:32:09,827 [INFO] ApiDb:427 - User favorites MCUs=[STM32F407VGT6]
2023-12-06 17:32:09,827 [INFO] DbMcus:224 - Set 1 / 1 favorites MCUs
2023-12-06 17:32:10,096 [INFO] MicroXplorer:468 - Change Database Path : 
2023-12-06 17:32:10,096 [INFO] MicroXplorer:498 - Change Database Version : DB.6.0.100
2023-12-06 17:32:10,097 [WARN] ThirdParty:833 - waiting for thirdparty lock release [change project]
2023-12-06 17:32:10,097 [INFO] ThirdParty:835 - entering critical section [change project]
2023-12-06 17:32:10,097 [INFO] ThirdParty:1030 - CMSIS Pack Vendor :STMicroelectronics X-CUBE-ISPU 1.1.0
2023-12-06 17:32:10,097 [INFO] ThirdParty:1030 - CMSIS Pack Vendor :STMicroelectronics USBPD 4.1
2023-12-06 17:32:10,097 [INFO] ThirdParty:1030 - CMSIS Pack Vendor :STMicroelectronics X-CUBE-DISPLAY 3.0.0
2023-12-06 17:32:10,097 [INFO] ThirdParty:1030 - CMSIS Pack Vendor :STMicroelectronics X-CUBE-GNSS1 6.0.0
2023-12-06 17:32:10,097 [INFO] ThirdParty:1030 - CMSIS Pack Vendor :STMicroelectronics USB_HOST 2.0.0
2023-12-06 17:32:10,097 [INFO] ThirdParty:1030 - CMSIS Pack Vendor :STMicroelectronics LIBJPEG 8.0.0
2023-12-06 17:32:10,097 [INFO] ThirdParty:1030 - CMSIS Pack Vendor :STMicroelectronics X-CUBE-BLE1 7.0.0
2023-12-06 17:32:10,097 [INFO] ThirdParty:1030 - CMSIS Pack Vendor :STMicroelectronics FP-ATR-SIGFOX1 3.2.0
2023-12-06 17:32:10,097 [INFO] ThirdParty:1030 - CMSIS Pack Vendor :STMicroelectronics X-CUBE-SMBUS 2.1.0
2023-12-06 17:32:10,098 [INFO] ThirdParty:1030 - CMSIS Pack Vendor :STMicroelectronics USB_DEVICE 3.0.0
2023-12-06 17:32:10,098 [INFO] ThirdParty:1030 - CMSIS Pack Vendor :STMicroelectronics HAL Drivers 0.0.0
2023-12-06 17:32:10,098 [INFO] ThirdParty:1030 - CMSIS Pack Vendor :STMicroelectronics MBEDTLS 2.16.2
2023-12-06 17:32:10,098 [INFO] ThirdParty:1030 - CMSIS Pack Vendor :STMicroelectronics X-CUBE-MEMS1 10.0.0
2023-12-06 17:32:10,098 [INFO] ThirdParty:1030 - CMSIS Pack Vendor :STMicroelectronics X-CUBE-FREERTOS 1.1.0
2023-12-06 17:32:10,098 [INFO] ThirdParty:1030 - CMSIS Pack Vendor :STMicroelectronics X-CUBE-NFC7 1.0.1
2023-12-06 17:32:10,098 [INFO] ThirdParty:1030 - CMSIS Pack Vendor :STMicroelectronics MBEDTLS 2.14.1
2023-12-06 17:32:10,098 [INFO] ThirdParty:1030 - CMSIS Pack Vendor :STMicroelectronics X-CUBE-NFC6 3.0.0
2023-12-06 17:32:10,098 [INFO] ThirdParty:1030 - CMSIS Pack Vendor :STMicroelectronics X-CUBE-ALS 1.0.1
2023-12-06 17:32:10,098 [INFO] ThirdParty:1030 - CMSIS Pack Vendor :STMicroelectronics USB_DEVICE 2.0.0
2023-12-06 17:32:10,098 [INFO] ThirdParty:1030 - CMSIS Pack Vendor :STMicroelectronics X-CUBE-EEPRMA1 4.2.0
2023-12-06 17:32:10,098 [INFO] ThirdParty:1030 - CMSIS Pack Vendor :STMicroelectronics ThreadX 1.0.0
2023-12-06 17:32:10,098 [INFO] ThirdParty:1030 - CMSIS Pack Vendor :STMicroelectronics FP-SNS-SMARTAG2 1.2.0
2023-12-06 17:32:10,098 [INFO] ThirdParty:1030 - CMSIS Pack Vendor :STMicroelectronics FP-SNS-MOTENV1 4.3.2
2023-12-06 17:32:10,098 [INFO] ThirdParty:1030 - CMSIS Pack Vendor :STMicroelectronics FreeRTOS 0.0.1
2023-12-06 17:32:10,098 [INFO] ThirdParty:1030 - CMSIS Pack Vendor :STMicroelectronics USB_DEVICE 1.0.0
2023-12-06 17:32:10,098 [INFO] ThirdParty:1030 - CMSIS Pack Vendor :STMicroelectronics X-CUBE-AI 8.1.0
2023-12-06 17:32:10,098 [INFO] ThirdParty:1030 - CMSIS Pack Vendor :STMicroelectronics X-CUBE-NFC4 3.0.0
2023-12-06 17:32:10,098 [INFO] ThirdParty:1030 - CMSIS Pack Vendor :STMicroelectronics X-CUBE-SUBG2 5.0.0
2023-12-06 17:32:10,098 [INFO] ThirdParty:1030 - CMSIS Pack Vendor :STMicroelectronics STM32_WPAN 1.0.0
2023-12-06 17:32:10,098 [INFO] ThirdParty:1030 - CMSIS Pack Vendor :STMicroelectronics ThreadX 0.0.2
2023-12-06 17:32:10,098 [INFO] ThirdParty:1030 - CMSIS Pack Vendor :STMicroelectronics FP-ATR-ASTRA1 2.0.0
2023-12-06 17:32:10,099 [INFO] ThirdParty:1030 - CMSIS Pack Vendor :STMicroelectronics lwIP 2.0.3
2023-12-06 17:32:10,099 [INFO] ThirdParty:1030 - CMSIS Pack Vendor :STMicroelectronics lwIP 2.1.2
2023-12-06 17:32:10,099 [INFO] ThirdParty:1030 - CMSIS Pack Vendor :STMicroelectronics X-CUBE-SFXS2LP1 4.0.0
2023-12-06 17:32:10,099 [INFO] ThirdParty:1030 - CMSIS Pack Vendor :STMicroelectronics FP-SNS-FLIGHT1 5.0.2
2023-12-06 17:32:10,099 [INFO] ThirdParty:1030 - CMSIS Pack Vendor :STMicroelectronics X-CUBE-BLE2 3.3.0
2023-12-06 17:32:10,099 [INFO] ThirdParty:1030 - CMSIS Pack Vendor :STMicroelectronics USB_HOST 1.0.0
2023-12-06 17:32:10,099 [INFO] ThirdParty:1030 - CMSIS Pack Vendor :STMicroelectronics PDM2PCM 3.1.0
2023-12-06 17:32:10,099 [INFO] ThirdParty:1030 - CMSIS Pack Vendor :STMicroelectronics PDM2PCM 3.2.0
2023-12-06 17:32:10,099 [INFO] ThirdParty:1030 - CMSIS Pack Vendor :STMicroelectronics X-CUBE-BLEMGR 3.0.0
2023-12-06 17:32:10,099 [INFO] ThirdParty:1030 - CMSIS Pack Vendor :STMicroelectronics PDM2PCM 3.3.0
2023-12-06 17:32:10,099 [INFO] ThirdParty:841 - exiting critical section [change project]
2023-12-06 17:32:10,472 [INFO] PinOutPanel:1499 - setPackage(No Configuration,No Configuration)
2023-12-06 17:32:10,473 [INFO] PinOutPanel:1499 - setPackage(STM32F407VGTx,LQFP100)
2023-12-06 17:32:10,842 [INFO] UtilMem:75 - Before build in PCC Used Memory: 557793824 Bytes (963641344)
2023-12-06 17:32:11,644 [INFO] UtilMem:75 - After build in PCC Used Memory: 750061144 Bytes (985661440)
2023-12-06 17:32:11,663 [INFO] IPUIPlugin:80 - create IPUIPlugin
2023-12-06 17:32:11,663 [INFO] IPUIPlugin:80 - create IPUIPlugin
2023-12-06 17:32:11,663 [INFO] IPUIPlugin:80 - create IPUIPlugin
2023-12-06 17:32:11,663 [INFO] IPUIPlugin:80 - create IPUIPlugin
2023-12-06 17:32:11,664 [INFO] IPUIPlugin:80 - create IPUIPlugin
2023-12-06 17:32:11,664 [INFO] IPUIPlugin:80 - create IPUIPlugin
2023-12-06 17:32:11,664 [INFO] IPUIPlugin:80 - create IPUIPlugin
2023-12-06 17:32:11,664 [INFO] IPUIPlugin:80 - create IPUIPlugin
2023-12-06 17:32:11,664 [INFO] IPUIPlugin:80 - create IPUIPlugin
2023-12-06 17:32:11,664 [INFO] IPUIPlugin:80 - create IPUIPlugin
2023-12-06 17:32:11,664 [INFO] IPUIPlugin:80 - create IPUIPlugin
2023-12-06 17:32:11,665 [INFO] IPUIPlugin:80 - create IPUIPlugin
2023-12-06 17:32:11,665 [INFO] IPUIPlugin:80 - create IPUIPlugin
2023-12-06 17:32:11,665 [INFO] IPUIPlugin:80 - create IPUIPlugin
2023-12-06 17:32:11,665 [INFO] IPUIPlugin:80 - create IPUIPlugin
2023-12-06 17:32:11,665 [INFO] IPUIPlugin:80 - create IPUIPlugin
2023-12-06 17:32:11,665 [INFO] IPUIPlugin:80 - create IPUIPlugin
2023-12-06 17:32:11,666 [INFO] IPUIPlugin:80 - create IPUIPlugin
2023-12-06 17:32:11,666 [INFO] IPUIPlugin:80 - create IPUIPlugin
2023-12-06 17:32:11,666 [INFO] IPUIPlugin:80 - create IPUIPlugin
2023-12-06 17:32:11,666 [INFO] IPUIPlugin:80 - create IPUIPlugin
2023-12-06 17:32:11,666 [INFO] IPUIPlugin:80 - create IPUIPlugin
2023-12-06 17:32:11,667 [INFO] IPUIPlugin:80 - create IPUIPlugin
2023-12-06 17:32:11,667 [INFO] IPUIPlugin:80 - create IPUIPlugin
2023-12-06 17:32:11,667 [INFO] IPUIPlugin:80 - create IPUIPlugin
2023-12-06 17:32:11,667 [INFO] IPUIPlugin:80 - create IPUIPlugin
2023-12-06 17:32:11,668 [INFO] IPUIPlugin:80 - create IPUIPlugin
2023-12-06 17:32:11,668 [INFO] IPUIPlugin:80 - create IPUIPlugin
2023-12-06 17:32:11,668 [INFO] IPUIPlugin:80 - create IPUIPlugin
2023-12-06 17:32:11,668 [INFO] IPUIPlugin:80 - create IPUIPlugin
2023-12-06 17:32:11,669 [INFO] IPUIPlugin:80 - create IPUIPlugin
2023-12-06 17:32:11,669 [INFO] IPUIPlugin:80 - create IPUIPlugin
2023-12-06 17:32:11,669 [INFO] IPUIPlugin:80 - create IPUIPlugin
2023-12-06 17:32:11,669 [INFO] IPUIPlugin:80 - create IPUIPlugin
2023-12-06 17:32:11,669 [INFO] IPUIPlugin:80 - create IPUIPlugin
2023-12-06 17:32:11,670 [INFO] IPUIPlugin:80 - create IPUIPlugin
2023-12-06 17:32:11,670 [INFO] IPUIPlugin:80 - create IPUIPlugin
2023-12-06 17:32:11,670 [INFO] IPUIPlugin:80 - create IPUIPlugin
2023-12-06 17:32:11,671 [INFO] IPUIPlugin:80 - create IPUIPlugin
2023-12-06 17:32:11,671 [INFO] IPUIPlugin:80 - create IPUIPlugin
2023-12-06 17:32:11,671 [INFO] IPUIPlugin:80 - create IPUIPlugin
2023-12-06 17:32:11,671 [INFO] IPUIPlugin:80 - create IPUIPlugin
2023-12-06 17:32:11,672 [INFO] IPUIPlugin:80 - create IPUIPlugin
2023-12-06 17:32:11,672 [INFO] IPUIPlugin:80 - create IPUIPlugin
2023-12-06 17:32:11,672 [INFO] IPUIPlugin:80 - create IPUIPlugin
2023-12-06 17:32:11,673 [INFO] IPUIPlugin:80 - create IPUIPlugin
2023-12-06 17:32:11,673 [INFO] IPUIPlugin:80 - create IPUIPlugin
2023-12-06 17:32:11,673 [INFO] IPUIPlugin:80 - create IPUIPlugin
2023-12-06 17:32:11,674 [INFO] IPUIPlugin:80 - create IPUIPlugin
2023-12-06 17:32:11,674 [INFO] IPUIPlugin:80 - create IPUIPlugin
2023-12-06 17:32:11,674 [INFO] IPUIPlugin:80 - create IPUIPlugin
2023-12-06 17:32:11,675 [INFO] IPUIPlugin:80 - create IPUIPlugin
2023-12-06 17:32:11,675 [INFO] IPUIPlugin:80 - create IPUIPlugin
2023-12-06 17:32:11,675 [INFO] IPUIPlugin:80 - create IPUIPlugin
2023-12-06 17:32:11,676 [INFO] IPUIPlugin:80 - create IPUIPlugin
2023-12-06 17:32:11,677 [INFO] IPUIPlugin:80 - create IPUIPlugin
2023-12-06 17:32:11,677 [INFO] IPUIPlugin:80 - create IPUIPlugin
2023-12-06 17:32:11,677 [INFO] IPUIPlugin:80 - create IPUIPlugin
2023-12-06 17:32:11,745 [INFO] ApiDbMcu:508 - Load IP Config File for PDM2PCM
2023-12-06 17:32:11,913 [INFO] CADModel:165 - CPN selected for project levelSTM32F407VGT6
2023-12-06 17:32:11,913 [INFO] CADModel:114 - Register for checkConnection events
2023-12-06 17:32:11,960 [INFO] OpenFileManager:343 - Restore cursor
2023-12-06 17:32:20,974 [INFO] McuFinderGlobals:63 - Set McuFinder mode to 2 (CubeIDE integrated)
2023-12-06 17:32:20,974 [INFO] UserAuth:180 - activating auth plugin
2023-12-06 17:32:20,977 [INFO] UserAuth:404 - Internet connection configuration mode: 1
2023-12-06 17:37:10,279 [INFO] WebApp:612 - userauth.ini deleted or not created
2023-12-06 21:33:15,312 [INFO] UtilMem:75 - End SaveConfig() Used Memory: 359522432 Bytes (576716800)
2023-12-06 21:33:22,825 [ERROR] LogOutputStream:75 - [STDERR_REDIRECT] 
2023-12-06 21:33:22,825 [ERROR] LogOutputStream:75 - [STDERR_REDIRECT] 
