17:34:25 **** Incremental Build of configuration Debug for project SRC_Manual ****
make -j8 all 
arm-none-eabi-gcc "../Core/Src/main.c" -mcpu=cortex-m4 -std=gnu11 -g3 -DDEBUG -DUSE_HAL_DRIVER -DSTM32F407xx -c -I../Core/Inc -I../Drivers/STM32F4xx_HAL_Driver/Inc -I../Drivers/STM32F4xx_HAL_Driver/Inc/Legacy -I../Drivers/CMSIS/Device/ST/STM32F4xx/Include -I../Drivers/CMSIS/Include -O0 -ffunction-sections -fdata-sections -Wall -fstack-usage -fcyclomatic-complexity -MMD -MP -MF"Core/Src/main.d" -MT"Core/Src/main.o" --specs=nano.specs -mfpu=fpv4-sp-d16 -mfloat-abi=hard -mthumb -o "Core/Src/main.o"
In file included from ../Core/Inc/stm32f4xx_hal_conf.h:407,
                 from ../Drivers/STM32F4xx_HAL_Driver/Inc/stm32f4xx_hal.h:29,
                 from ../Core/Src/../Inc/main.h:30,
                 from ../Core/Src/main.c:20:
../Core/Src/main.c: In function 'HAL_TIM_PeriodElapsedCallback':
../Core/Src/main.c:63:39: error: 'htim5' undeclared (first use in this function); did you mean 'htim'?
   63 |                 __HAL_TIM_CLEAR_FLAG(&htim5,TIM_IT_UPDATE);
      |                                       ^~~~~
../Drivers/STM32F4xx_HAL_Driver/Inc/stm32f4xx_hal_tim.h:1223:61: note: in definition of macro '__HAL_TIM_CLEAR_FLAG'
 1223 | #define __HAL_TIM_CLEAR_FLAG(__HANDLE__, __FLAG__)        ((__HANDLE__)->Instance->SR = ~(__FLAG__))
      |                                                             ^~~~~~~~~~
../Core/Src/main.c:63:39: note: each undeclared identifier is reported only once for each function it appears in
   63 |                 __HAL_TIM_CLEAR_FLAG(&htim5,TIM_IT_UPDATE);
      |                                       ^~~~~
../Drivers/STM32F4xx_HAL_Driver/Inc/stm32f4xx_hal_tim.h:1223:61: note: in definition of macro '__HAL_TIM_CLEAR_FLAG'
 1223 | #define __HAL_TIM_CLEAR_FLAG(__HANDLE__, __FLAG__)        ((__HANDLE__)->Instance->SR = ~(__FLAG__))
      |                                                             ^~~~~~~~~~
../Core/Src/main.c:72:47: error: 'htim3' undeclared (first use in this function); did you mean 'htim'?
   72 |                         __HAL_TIM_CLEAR_FLAG(&htim3,TIM_IT_UPDATE);
      |                                               ^~~~~
../Drivers/STM32F4xx_HAL_Driver/Inc/stm32f4xx_hal_tim.h:1223:61: note: in definition of macro '__HAL_TIM_CLEAR_FLAG'
 1223 | #define __HAL_TIM_CLEAR_FLAG(__HANDLE__, __FLAG__)        ((__HANDLE__)->Instance->SR = ~(__FLAG__))
      |                                                             ^~~~~~~~~~
../Core/Src/main.c:81:47: error: 'htim4' undeclared (first use in this function); did you mean 'htim'?
   81 |                         __HAL_TIM_CLEAR_FLAG(&htim4,TIM_IT_UPDATE);
      |                                               ^~~~~
../Drivers/STM32F4xx_HAL_Driver/Inc/stm32f4xx_hal_tim.h:1223:61: note: in definition of macro '__HAL_TIM_CLEAR_FLAG'
 1223 | #define __HAL_TIM_CLEAR_FLAG(__HANDLE__, __FLAG__)        ((__HANDLE__)->Instance->SR = ~(__FLAG__))
      |                                                             ^~~~~~~~~~
../Core/Src/main.c:90:47: error: 'htim2' undeclared (first use in this function); did you mean 'htim'?
   90 |                         __HAL_TIM_CLEAR_FLAG(&htim2,TIM_IT_UPDATE);
      |                                               ^~~~~
../Drivers/STM32F4xx_HAL_Driver/Inc/stm32f4xx_hal_tim.h:1223:61: note: in definition of macro '__HAL_TIM_CLEAR_FLAG'
 1223 | #define __HAL_TIM_CLEAR_FLAG(__HANDLE__, __FLAG__)        ((__HANDLE__)->Instance->SR = ~(__FLAG__))
      |                                                             ^~~~~~~~~~
../Core/Src/main.c: In function 'main':
../Core/Src/main.c:132:3: warning: implicit declaration of function 'MX_GPIO_Init'; did you mean 'HAL_GPIO_Init'? [-Wimplicit-function-declaration]
  132 |   MX_GPIO_Init();
      |   ^~~~~~~~~~~~
      |   HAL_GPIO_Init
../Core/Src/main.c:133:3: warning: implicit declaration of function 'MX_TIM1_Init' [-Wimplicit-function-declaration]
  133 |   MX_TIM1_Init();
      |   ^~~~~~~~~~~~
../Core/Src/main.c:134:3: warning: implicit declaration of function 'MX_TIM2_Init' [-Wimplicit-function-declaration]
  134 |   MX_TIM2_Init();
      |   ^~~~~~~~~~~~
../Core/Src/main.c:135:3: warning: implicit declaration of function 'MX_TIM3_Init' [-Wimplicit-function-declaration]
  135 |   MX_TIM3_Init();
      |   ^~~~~~~~~~~~
../Core/Src/main.c:136:3: warning: implicit declaration of function 'MX_TIM4_Init' [-Wimplicit-function-declaration]
  136 |   MX_TIM4_Init();
      |   ^~~~~~~~~~~~
../Core/Src/main.c:137:3: warning: implicit declaration of function 'MX_TIM5_Init' [-Wimplicit-function-declaration]
  137 |   MX_TIM5_Init();
      |   ^~~~~~~~~~~~
../Core/Src/main.c:138:3: warning: implicit declaration of function 'MX_TIM8_Init' [-Wimplicit-function-declaration]
  138 |   MX_TIM8_Init();
      |   ^~~~~~~~~~~~
../Core/Src/main.c:139:3: warning: implicit declaration of function 'MX_TIM9_Init' [-Wimplicit-function-declaration]
  139 |   MX_TIM9_Init();
      |   ^~~~~~~~~~~~
../Core/Src/main.c:140:3: warning: implicit declaration of function 'MX_TIM12_Init' [-Wimplicit-function-declaration]
  140 |   MX_TIM12_Init();
      |   ^~~~~~~~~~~~~
../Core/Src/main.c:141:3: warning: implicit declaration of function 'MX_UART4_Init'; did you mean 'HAL_UART_Init'? [-Wimplicit-function-declaration]
  141 |   MX_UART4_Init();
      |   ^~~~~~~~~~~~~
      |   HAL_UART_Init
../Core/Src/main.c:142:3: warning: implicit declaration of function 'MX_UART5_Init'; did you mean 'HAL_UART_Init'? [-Wimplicit-function-declaration]
  142 |   MX_UART5_Init();
      |   ^~~~~~~~~~~~~
      |   HAL_UART_Init
../Core/Src/main.c:143:3: warning: implicit declaration of function 'MX_USART3_UART_Init' [-Wimplicit-function-declaration]
  143 |   MX_USART3_UART_Init();
      |   ^~~~~~~~~~~~~~~~~~~
../Core/Src/main.c:145:26: error: 'htim5' undeclared (first use in this function)
  145 |   HAL_TIM_Encoder_Start(&htim5,TIM_CHANNEL_ALL);
      |                          ^~~~~
../Core/Src/main.c:147:26: error: 'htim3' undeclared (first use in this function)
  147 |   HAL_TIM_Encoder_Start(&htim3,TIM_CHANNEL_ALL);
      |                          ^~~~~
../Core/Src/main.c:149:26: error: 'htim4' undeclared (first use in this function)
  149 |   HAL_TIM_Encoder_Start(&htim4,TIM_CHANNEL_ALL);
      |                          ^~~~~
../Core/Src/main.c:151:26: error: 'htim2' undeclared (first use in this function)
  151 |   HAL_TIM_Encoder_Start(&htim2,TIM_CHANNEL_ALL);
      |                          ^~~~~
../Core/Src/main.c:153:22: error: 'htim1' undeclared (first use in this function)
  153 |   HAL_TIM_PWM_Start(&htim1,TIM_CHANNEL_1);
      |                      ^~~~~
../Core/Src/main.c:157:22: error: 'htim8' undeclared (first use in this function)
  157 |   HAL_TIM_PWM_Start(&htim8,TIM_CHANNEL_1);
      |                      ^~~~~
../Core/Src/main.c:161:22: error: 'htim12' undeclared (first use in this function)
  161 |   HAL_TIM_PWM_Start(&htim12,TIM_CHANNEL_1);
      |                      ^~~~~~
../Core/Src/main.c:163:22: error: 'htim9' undeclared (first use in this function)
  163 |   HAL_TIM_PWM_Start(&htim9,TIM_CHANNEL_1);
      |                      ^~~~~
../Core/Src/main.c:200:30: warning: format '%d' expects argument of type 'int', but argument 3 has type 'uint32_t' {aka 'long unsigned int'} [-Wformat=]
  200 |         sprintf(scnt0,"ENC0:%d ",cnt0);
      |                             ~^   ~~~~
      |                              |   |
      |                              int uint32_t {aka long unsigned int}
      |                             %ld
../Core/Src/main.c:201:30: warning: format '%d' expects argument of type 'int', but argument 3 has type 'uint32_t' {aka 'long unsigned int'} [-Wformat=]
  201 |         sprintf(scnt1,"ENC1:%d ",cnt1);
      |                             ~^   ~~~~
      |                              |   |
      |                              int uint32_t {aka long unsigned int}
      |                             %ld
../Core/Src/main.c:202:30: warning: format '%d' expects argument of type 'int', but argument 3 has type 'uint32_t' {aka 'long unsigned int'} [-Wformat=]
  202 |         sprintf(scnt2,"ENC2:%d ",cnt2);
      |                             ~^   ~~~~
      |                              |   |
      |                              int uint32_t {aka long unsigned int}
      |                             %ld
../Core/Src/main.c:203:30: warning: format '%d' expects argument of type 'int', but argument 3 has type 'uint32_t' {aka 'long unsigned int'} [-Wformat=]
  203 |         sprintf(scnt3,"ENC3:%d\r\n ",cnt3);
      |                             ~^       ~~~~
      |                              |       |
      |                              int     uint32_t {aka long unsigned int}
      |                             %ld
../Core/Src/main.c:204:28: error: 'huart4' undeclared (first use in this function)
  204 |         HAL_UART_Transmit(&huart4, scnt0, strlen(scnt0)+1,0xFFFF);
      |                            ^~~~~~
../Core/Src/main.c:204:36: warning: pointer targets in passing argument 2 of 'HAL_UART_Transmit' differ in signedness [-Wpointer-sign]
  204 |         HAL_UART_Transmit(&huart4, scnt0, strlen(scnt0)+1,0xFFFF);
      |                                    ^~~~~
      |                                    |
      |                                    char *
In file included from ../Core/Inc/stm32f4xx_hal_conf.h:411,
                 from ../Drivers/STM32F4xx_HAL_Driver/Inc/stm32f4xx_hal.h:29,
                 from ../Core/Src/../Inc/main.h:30,
                 from ../Core/Src/main.c:20:
../Drivers/STM32F4xx_HAL_Driver/Inc/stm32f4xx_hal_uart.h:745:79: note: expected 'const uint8_t *' {aka 'const unsigned char *'} but argument is of type 'char *'
  745 | HAL_StatusTypeDef HAL_UART_Transmit(UART_HandleTypeDef *huart, const uint8_t *pData, uint16_t Size, uint32_t Timeout);
      |                                                                ~~~~~~~~~~~~~~~^~~~~
../Core/Src/main.c:205:36: warning: pointer targets in passing argument 2 of 'HAL_UART_Transmit' differ in signedness [-Wpointer-sign]
  205 |         HAL_UART_Transmit(&huart4, scnt1, strlen(scnt1)+1,0xFFFF);
      |                                    ^~~~~
      |                                    |
      |                                    char *
In file included from ../Core/Inc/stm32f4xx_hal_conf.h:411,
                 from ../Drivers/STM32F4xx_HAL_Driver/Inc/stm32f4xx_hal.h:29,
                 from ../Core/Src/../Inc/main.h:30,
                 from ../Core/Src/main.c:20:
../Drivers/STM32F4xx_HAL_Driver/Inc/stm32f4xx_hal_uart.h:745:79: note: expected 'const uint8_t *' {aka 'const unsigned char *'} but argument is of type 'char *'
  745 | HAL_StatusTypeDef HAL_UART_Transmit(UART_HandleTypeDef *huart, const uint8_t *pData, uint16_t Size, uint32_t Timeout);
      |                                                                ~~~~~~~~~~~~~~~^~~~~
../Core/Src/main.c:206:36: warning: pointer targets in passing argument 2 of 'HAL_UART_Transmit' differ in signedness [-Wpointer-sign]
  206 |         HAL_UART_Transmit(&huart4, scnt2, strlen(scnt2)+1,0xFFFF);
      |                                    ^~~~~
      |                                    |
      |                                    char *
In file included from ../Core/Inc/stm32f4xx_hal_conf.h:411,
                 from ../Drivers/STM32F4xx_HAL_Driver/Inc/stm32f4xx_hal.h:29,
                 from ../Core/Src/../Inc/main.h:30,
                 from ../Core/Src/main.c:20:
../Drivers/STM32F4xx_HAL_Driver/Inc/stm32f4xx_hal_uart.h:745:79: note: expected 'const uint8_t *' {aka 'const unsigned char *'} but argument is of type 'char *'
  745 | HAL_StatusTypeDef HAL_UART_Transmit(UART_HandleTypeDef *huart, const uint8_t *pData, uint16_t Size, uint32_t Timeout);
      |                                                                ~~~~~~~~~~~~~~~^~~~~
../Core/Src/main.c:207:36: warning: pointer targets in passing argument 2 of 'HAL_UART_Transmit' differ in signedness [-Wpointer-sign]
  207 |         HAL_UART_Transmit(&huart4, scnt3, strlen(scnt3)+1,0xFFFF);
      |                                    ^~~~~
      |                                    |
      |                                    char *
In file included from ../Core/Inc/stm32f4xx_hal_conf.h:411,
                 from ../Drivers/STM32F4xx_HAL_Driver/Inc/stm32f4xx_hal.h:29,
                 from ../Core/Src/../Inc/main.h:30,
                 from ../Core/Src/main.c:20:
../Drivers/STM32F4xx_HAL_Driver/Inc/stm32f4xx_hal_uart.h:745:79: note: expected 'const uint8_t *' {aka 'const unsigned char *'} but argument is of type 'char *'
  745 | HAL_StatusTypeDef HAL_UART_Transmit(UART_HandleTypeDef *huart, const uint8_t *pData, uint16_t Size, uint32_t Timeout);
      |                                                                ~~~~~~~~~~~~~~~^~~~~
../Core/Src/main.c:221:40: warning: 'sprintf' writing a terminating nul past the end of the destination [-Wformat-overflow=]
  221 |         sprintf(buffer3, "Photo3:%d\r\n", Photo3);
      |                                        ^
../Core/Src/main.c:221:9: note: 'sprintf' output between 11 and 13 bytes into a destination of size 10
  221 |         sprintf(buffer3, "Photo3:%d\r\n", Photo3);
      |         ^~~~~~~~~~~~~~~~~~~~~~~~~~~~~~~~~~~~~~~~~
make: *** [Core/Src/subdir.mk:34: Core/Src/main.o] Error 1
"make -j8 all" terminated with exit code 2. Build might be incomplete.

17:34:25 Build Failed. 14 errors, 21 warnings. (took 449ms)

